2020-7-16  11:44:51 : file not exists !The file path is not right ! 
2020-7-16  11:44:51 : kill all the ros topic ! 
2020-7-16  13:21:59 : file not exists !The file path is not right ! 
2020-7-16  13:21:59 : kill all the ros topic ! 
2020-7-16  13:22:10 : file not exists !The file path is not right ! 
2020-7-16  13:22:10 : kill all the ros topic ! 
2020-7-16  13:49:2 : rosbag_path :/var/www/html/maptoolapi/uploads/file_material/20200716/8007458835f0c04ad6886d8093858589/15948785413b1987a5514ef7e6.bag 
2020-7-16  13:49:2 : rosbag_num :5668695885f0fea4e077313091170450 
2020-7-16  13:49:2 :  file format is right !!! 
2020-7-16  13:49:2 : open file is right !!! 
2020-7-16  13:49:2 : View the connetion ! 
2020-7-16  13:49:2 : View the connetion ! 
2020-7-16  13:49:2 : View the connetion ! 
2020-7-16  13:49:2 : View the connetion ! 
2020-7-16  13:49:2 : View the connetion ! 
2020-7-16  13:49:2 : View the connetion ! 
2020-7-16  13:49:2 : View the connetion ! 
2020-7-16  13:49:2 : View the connetion ! 
2020-7-16  13:49:2 : View the connetion ! 
2020-7-16  13:49:2 : View the connetion ! 
2020-7-16  13:49:2 : All the info in the bag are OK ! 
2020-7-16  13:49:25 : rosbag_path :/var/www/html/maptoolapi/uploads/file_material/20200716/8007458835f0c04ad6886d8093858589/1594878564e73038c962d8164c.bag 
2020-7-16  13:49:25 : rosbag_num :6901977315f0fea64e39fd7078585610 
2020-7-16  13:49:25 :  file format is right !!! 
2020-7-16  13:49:25 : open file is right !!! 
2020-7-16  13:49:25 : View the connetion ! 
2020-7-16  13:49:25 : View the connetion ! 
2020-7-16  13:49:25 : Some topics missed ! failed ! 
2020-7-16  13:50:28 : rosbag_path :/var/www/html/maptoolapi/uploads/file_material/20200716/8007458835f0c04ad6886d8093858589/15948786273b1987a5514ef7e6.bag 
2020-7-16  13:50:28 : rosbag_num :1883156865f0feaa34ab175043805348 
2020-7-16  13:50:28 :  file format is right !!! 
2020-7-16  13:50:28 : open file is right !!! 
2020-7-16  13:50:28 : View the connetion ! 
2020-7-16  13:50:28 : View the connetion ! 
2020-7-16  13:50:28 : View the connetion ! 
2020-7-16  13:50:28 : View the connetion ! 
2020-7-16  13:50:28 : View the connetion ! 
2020-7-16  13:50:28 : View the connetion ! 
2020-7-16  13:50:28 : View the connetion ! 
2020-7-16  13:50:28 : View the connetion ! 
2020-7-16  13:50:28 : View the connetion ! 
2020-7-16  13:50:28 : View the connetion ! 
2020-7-16  13:50:28 : All the info in the bag are OK ! 
2020-7-16  14:38:6 : file not exists !The file path is not right ! 
2020-7-16  14:38:6 : kill all the ros topic ! 
2020-7-16  14:41:41 : rosbag_path :/var/www/html/maptoolapi/uploads/file_material/20200716/8007458835f0c04ad6886d8093858589/15948817015e44b3a2bd72ba84.bag 
2020-7-16  14:41:41 : rosbag_num :6413747445f0ff6a50abb99079944193 
2020-7-16  14:41:41 :  file format is right !!! 
2020-7-16  14:41:41 : open file is right !!! 
2020-7-16  14:41:41 : View the connetion ! 
2020-7-16  14:41:41 : View the connetion ! 
2020-7-16  14:41:41 : Some topics missed ! failed ! 
2020-7-16  14:42:53 : rosbag_path :/var/www/html/maptoolapi/uploads/file_material/20200716/8007458835f0c04ad6886d8093858589/15948817723b1987a5514ef7e6.bag 
2020-7-16  14:42:53 : rosbag_num :5717166115f0ff6ec839090001933431 
2020-7-16  14:42:53 :  file format is right !!! 
2020-7-16  14:42:53 : open file is right !!! 
2020-7-16  14:42:53 : View the connetion ! 
2020-7-16  14:42:53 : View the connetion ! 
2020-7-16  14:42:53 : View the connetion ! 
2020-7-16  14:42:53 : View the connetion ! 
2020-7-16  14:42:53 : View the connetion ! 
2020-7-16  14:42:53 : View the connetion ! 
2020-7-16  14:42:53 : View the connetion ! 
2020-7-16  14:42:53 : View the connetion ! 
2020-7-16  14:42:53 : View the connetion ! 
2020-7-16  14:42:53 : View the connetion ! 
2020-7-16  14:42:53 : All the info in the bag are OK ! 
