[roslaunch][INFO] 2020-07-16 14:43:08,716: Checking log directory for disk usage. This may take awhile.
Press Ctrl-C to interrupt
[roslaunch][INFO] 2020-07-16 14:43:08,719: Done checking log file disk usage. Usage is <1GB.
[roslaunch][INFO] 2020-07-16 14:43:08,719: roslaunch starting with args ['/opt/ros/kinetic/bin/roslaunch', '/var/www/html/maptoolapi/uploads/file_material/20200716/8007458835f0c04ad6886d8093858589/set_arg_and_run_15948817723b1987a5514ef7e6.launch']
[roslaunch][INFO] 2020-07-16 14:43:08,719: roslaunch env is {'HISTTIMEFORMAT': '%F %T www-data ', 'ROS_DISTRO': 'kinetic', 'ROS_LOG_DIR': '/home/mapping_ws_auto/src/mapcheck/logs', 'ROSLISP_PACKAGE_DIRECTORIES': '/home/mapping_ws_auto/devel/share/common-lisp', 'USER': 'www-data', 'PATH': '/opt/ros/kinetic/bin:/usr/local/sbin:/usr/local/bin:/usr/sbin:/usr/bin:/sbin:/bin:/snap/bin', 'HOME': '/var/www', 'CMAKE_PREFIX_PATH': '/home/mapping_ws_auto/devel:/opt/ros/kinetic', 'LD_LIBRARY_PATH': '/home/mapping_ws_auto/devel/lib:/opt/ros/kinetic/lib:/opt/ros/kinetic/lib/x86_64-linux-gnu', 'ROS_LOG_FILENAME': '/home/mapping_ws_auto/src/mapcheck/logs/9c3dab9c-c72f-11ea-9f36-fa163e744ed0/roslaunch-hecs-x-xlarge-2-linux-20200707132053-22897.log', 'SHLVL': '1', 'HISTSIZE': '10000', 'ROS_HOME': '/home/.ros/', 'ROS_ETC_DIR': '/opt/ros/kinetic/etc/ros', 'ROS_PYTHON_VERSION': '2', 'PYTHONPATH': '/home/mapping_ws_auto/devel/lib/python2.7/dist-packages:/opt/ros/kinetic/lib/python2.7/dist-packages', 'ROS_ROOT': '/opt/ros/kinetic/share/ros', 'PKG_CONFIG_PATH': '/home/mapping_ws_auto/devel/lib/pkgconfig:/opt/ros/kinetic/lib/pkgconfig:/opt/ros/kinetic/lib/x86_64-linux-gnu/pkgconfig', 'ROS_PACKAGE_PATH': '/home/mapping_ws_auto/src:/opt/ros/kinetic/share', '_': '/home/mapping_ws_auto/devel/lib/example_cpp/mysql', 'XDG_DATA_DIRS': '/usr/local/share:/usr/share:/var/lib/snapd/desktop', 'PWD': '/var/www/html/maptoolapi', 'ROS_MASTER_URI': 'http://localhost:11311', 'ROS_VERSION': '1'}
[roslaunch][INFO] 2020-07-16 14:43:08,719: starting in server mode
[roslaunch.parent][INFO] 2020-07-16 14:43:08,719: starting roslaunch parent run
[roslaunch][INFO] 2020-07-16 14:43:08,719: loading roscore config file /opt/ros/kinetic/etc/ros/roscore.xml
[roslaunch][INFO] 2020-07-16 14:43:08,954: Added core node of type [rosout/rosout] in namespace [/]
[roslaunch.config][INFO] 2020-07-16 14:43:08,954: loading config file /var/www/html/maptoolapi/uploads/file_material/20200716/8007458835f0c04ad6886d8093858589/set_arg_and_run_15948817723b1987a5514ef7e6.launch
[roslaunch][INFO] 2020-07-16 14:43:08,993: Added node of type [rosbag/play] in namespace [/]
[roslaunch][INFO] 2020-07-16 14:43:08,994: Added node of type [rviz/rviz] in namespace [/]
[roslaunch][INFO] 2020-07-16 14:43:08,995: Added node of type [tf/static_transform_publisher] in namespace [/]
[roslaunch][INFO] 2020-07-16 14:43:08,995: Added node of type [tf/static_transform_publisher] in namespace [/]
[roslaunch][INFO] 2020-07-16 14:43:08,996: Added node of type [lego_loam/imageProjection] in namespace [/]
[roslaunch][INFO] 2020-07-16 14:43:08,996: Added node of type [lego_loam/combineLidars] in namespace [/]
[roslaunch][INFO] 2020-07-16 14:43:08,997: Added node of type [lego_loam/featureAssociation] in namespace [/]
[roslaunch][INFO] 2020-07-16 14:43:08,998: Added node of type [lego_loam/mapOptmization] in namespace [/]
[roslaunch][INFO] 2020-07-16 14:43:08,999: Added node of type [lego_loam/transformFusion] in namespace [/]
[roslaunch][INFO] 2020-07-16 14:43:09,000: Added node of type [rslidar_pointcloud/cloud_node] in namespace [/]
[roslaunch][INFO] 2020-07-16 14:43:09,001: Added node of type [rslidar_pointcloud/cloud_node] in namespace [/]
[roslaunch][INFO] 2020-07-16 14:43:09,002: Added node of type [rslidar_pointcloud/cloud_node] in namespace [/]
[roslaunch][INFO] 2020-07-16 14:43:09,002: ... selected machine [] for node of type [rosbag/play]
[roslaunch][INFO] 2020-07-16 14:43:09,002: ... selected machine [] for node of type [rviz/rviz]
[roslaunch][INFO] 2020-07-16 14:43:09,002: ... selected machine [] for node of type [tf/static_transform_publisher]
[roslaunch][INFO] 2020-07-16 14:43:09,002: ... selected machine [] for node of type [tf/static_transform_publisher]
[roslaunch][INFO] 2020-07-16 14:43:09,002: ... selected machine [] for node of type [lego_loam/imageProjection]
[roslaunch][INFO] 2020-07-16 14:43:09,002: ... selected machine [] for node of type [lego_loam/combineLidars]
[roslaunch][INFO] 2020-07-16 14:43:09,002: ... selected machine [] for node of type [lego_loam/featureAssociation]
[roslaunch][INFO] 2020-07-16 14:43:09,002: ... selected machine [] for node of type [lego_loam/mapOptmization]
[roslaunch][INFO] 2020-07-16 14:43:09,002: ... selected machine [] for node of type [lego_loam/transformFusion]
[roslaunch][INFO] 2020-07-16 14:43:09,002: ... selected machine [] for node of type [rslidar_pointcloud/cloud_node]
[roslaunch][INFO] 2020-07-16 14:43:09,002: ... selected machine [] for node of type [rslidar_pointcloud/cloud_node]
[roslaunch][INFO] 2020-07-16 14:43:09,002: ... selected machine [] for node of type [rslidar_pointcloud/cloud_node]
[roslaunch.pmon][INFO] 2020-07-16 14:43:09,003: start_process_monitor: creating ProcessMonitor
[roslaunch.pmon][INFO] 2020-07-16 14:43:09,003: created process monitor <ProcessMonitor(ProcessMonitor-1, initial daemon)>
[roslaunch.pmon][INFO] 2020-07-16 14:43:09,003: start_process_monitor: ProcessMonitor started
[roslaunch.parent][INFO] 2020-07-16 14:43:09,003: starting parent XML-RPC server
[roslaunch.server][INFO] 2020-07-16 14:43:09,003: starting roslaunch XML-RPC server
[roslaunch.server][INFO] 2020-07-16 14:43:09,003: waiting for roslaunch XML-RPC server to initialize
[xmlrpc][INFO] 2020-07-16 14:43:09,003: XML-RPC server binding to 0.0.0.0:0
[xmlrpc][INFO] 2020-07-16 14:43:09,004: Started XML-RPC server [http://hecs-x-xlarge-2-linux-20200707132053:36100/]
[xmlrpc][INFO] 2020-07-16 14:43:09,004: xml rpc node: starting XML-RPC server
[roslaunch][INFO] 2020-07-16 14:43:09,015: started roslaunch server http://hecs-x-xlarge-2-linux-20200707132053:36100/
[roslaunch.parent][INFO] 2020-07-16 14:43:09,015: ... parent XML-RPC server started
[roslaunch][INFO] 2020-07-16 14:43:09,016: master.is_running[http://localhost:11311]
[roslaunch][INFO] 2020-07-16 14:43:09,016: auto-starting new master
[roslaunch][INFO] 2020-07-16 14:43:09,016: create_master_process: rosmaster, /opt/ros/kinetic/share/ros, 11311, 3, None
[roslaunch][INFO] 2020-07-16 14:43:09,016: process[master]: launching with args [['rosmaster', '--core', '-p', '11311', '-w', '3']]
[roslaunch.pmon][INFO] 2020-07-16 14:43:09,016: ProcessMonitor.register[master]
[roslaunch.pmon][INFO] 2020-07-16 14:43:09,017: ProcessMonitor.register[master] complete
[roslaunch][INFO] 2020-07-16 14:43:09,017: process[master]: starting os process
[roslaunch][INFO] 2020-07-16 14:43:09,017: process[master]: start w/ args [['rosmaster', '--core', '-p', '11311', '-w', '3', '__log:=/home/mapping_ws_auto/src/mapcheck/logs/9c3dab9c-c72f-11ea-9f36-fa163e744ed0/master.log']]
[roslaunch][INFO] 2020-07-16 14:43:09,017: process[master]: cwd will be [/home/.ros/]
[roslaunch][INFO] 2020-07-16 14:43:09,019: process[master]: started with pid [22917]
[roslaunch][INFO] 2020-07-16 14:43:09,019: master.is_running[http://localhost:11311]
[roslaunch][INFO] 2020-07-16 14:43:09,120: master.is_running[http://localhost:11311]
[roslaunch][INFO] 2020-07-16 14:43:09,122: master.is_running[http://localhost:11311]
[roslaunch][INFO] 2020-07-16 14:43:09,123: ROS_MASTER_URI=http://localhost:11311
[roslaunch][INFO] 2020-07-16 14:43:09,124: setting /run_id to 9c3dab9c-c72f-11ea-9f36-fa163e744ed0
[roslaunch][INFO] 2020-07-16 14:43:09,125: setting /roslaunch/uris/host_hecs_x_xlarge_2_linux_20200707132053__36100' to http://hecs-x-xlarge-2-linux-20200707132053:36100/
[roslaunch][INFO] 2020-07-16 14:43:09,127: ... preparing to launch node of type [rosout/rosout]
[roslaunch][INFO] 2020-07-16 14:43:09,127: create_node_process: package[rosout] type[rosout] machine[Machine(name[] env_loader[None] address[localhost] ssh_port[22] user[None] assignable[True] timeout[10.0])] master_uri[http://localhost:11311]
[roslaunch][INFO] 2020-07-16 14:43:09,127: process[rosout-1]: env[{'HISTTIMEFORMAT': '%F %T www-data ', 'ROS_DISTRO': 'kinetic', 'ROS_LOG_DIR': '/home/mapping_ws_auto/src/mapcheck/logs', 'ROSLISP_PACKAGE_DIRECTORIES': '/home/mapping_ws_auto/devel/share/common-lisp', 'LD_LIBRARY_PATH': '/home/mapping_ws_auto/devel/lib:/opt/ros/kinetic/lib:/opt/ros/kinetic/lib/x86_64-linux-gnu', 'USER': 'www-data', 'PATH': '/opt/ros/kinetic/bin:/usr/local/sbin:/usr/local/bin:/usr/sbin:/usr/bin:/sbin:/bin:/snap/bin', 'HOME': '/var/www', 'CMAKE_PREFIX_PATH': '/home/mapping_ws_auto/devel:/opt/ros/kinetic', 'ROS_LOG_FILENAME': '/home/mapping_ws_auto/src/mapcheck/logs/9c3dab9c-c72f-11ea-9f36-fa163e744ed0/roslaunch-hecs-x-xlarge-2-linux-20200707132053-22897.log', 'SHLVL': '1', 'HISTSIZE': '10000', 'ROS_HOME': '/home/.ros/', 'ROS_MASTER_URI': 'http://localhost:11311', 'ROS_PYTHON_VERSION': '2', 'PYTHONPATH': '/home/mapping_ws_auto/devel/lib/python2.7/dist-packages:/opt/ros/kinetic/lib/python2.7/dist-packages', 'ROS_ROOT': '/opt/ros/kinetic/share/ros', 'PKG_CONFIG_PATH': '/home/mapping_ws_auto/devel/lib/pkgconfig:/opt/ros/kinetic/lib/pkgconfig:/opt/ros/kinetic/lib/x86_64-linux-gnu/pkgconfig', 'ROS_PACKAGE_PATH': '/home/mapping_ws_auto/src:/opt/ros/kinetic/share', '_': '/home/mapping_ws_auto/devel/lib/example_cpp/mysql', 'XDG_DATA_DIRS': '/usr/local/share:/usr/share:/var/lib/snapd/desktop', 'PWD': '/var/www/html/maptoolapi', 'ROS_ETC_DIR': '/opt/ros/kinetic/etc/ros', 'ROS_VERSION': '1'}]
[roslaunch][INFO] 2020-07-16 14:43:09,163: process[rosout-1]: args[[u'/opt/ros/kinetic/lib/rosout/rosout', u'__name:=rosout']]
[roslaunch][INFO] 2020-07-16 14:43:09,163: ... created process [rosout-1]
[roslaunch.pmon][INFO] 2020-07-16 14:43:09,163: ProcessMonitor.register[rosout-1]
[roslaunch.pmon][INFO] 2020-07-16 14:43:09,163: ProcessMonitor.register[rosout-1] complete
[roslaunch][INFO] 2020-07-16 14:43:09,163: ... registered process [rosout-1]
[roslaunch][INFO] 2020-07-16 14:43:09,163: process[rosout-1]: starting os process
[roslaunch][INFO] 2020-07-16 14:43:09,163: process[rosout-1]: start w/ args [[u'/opt/ros/kinetic/lib/rosout/rosout', u'__name:=rosout', u'__log:=/home/mapping_ws_auto/src/mapcheck/logs/9c3dab9c-c72f-11ea-9f36-fa163e744ed0/rosout-1.log']]
[roslaunch][INFO] 2020-07-16 14:43:09,163: process[rosout-1]: cwd will be [/home/.ros/]
[roslaunch][INFO] 2020-07-16 14:43:09,166: process[rosout-1]: started with pid [22930]
[roslaunch][INFO] 2020-07-16 14:43:09,166: ... successfully launched [rosout-1]
[roslaunch][INFO] 2020-07-16 14:43:09,166: load_parameters starting ...
[roslaunch][INFO] 2020-07-16 14:43:09,185: ... load_parameters complete
[roslaunch][INFO] 2020-07-16 14:43:09,185: launch_nodes: launching local nodes ...
[roslaunch][INFO] 2020-07-16 14:43:09,186: ... preparing to launch node of type [rosbag/play]
[roslaunch][INFO] 2020-07-16 14:43:09,186: create_node_process: package[rosbag] type[play] machine[Machine(name[] env_loader[None] address[localhost] ssh_port[22] user[None] assignable[True] timeout[10.0])] master_uri[http://localhost:11311]
[roslaunch][INFO] 2020-07-16 14:43:09,186: process[player-2]: env[{'HISTTIMEFORMAT': '%F %T www-data ', 'ROS_DISTRO': 'kinetic', 'ROS_LOG_DIR': '/home/mapping_ws_auto/src/mapcheck/logs', 'ROSLISP_PACKAGE_DIRECTORIES': '/home/mapping_ws_auto/devel/share/common-lisp', 'LD_LIBRARY_PATH': '/home/mapping_ws_auto/devel/lib:/opt/ros/kinetic/lib:/opt/ros/kinetic/lib/x86_64-linux-gnu', 'USER': 'www-data', 'PATH': '/opt/ros/kinetic/bin:/usr/local/sbin:/usr/local/bin:/usr/sbin:/usr/bin:/sbin:/bin:/snap/bin', 'HOME': '/var/www', 'CMAKE_PREFIX_PATH': '/home/mapping_ws_auto/devel:/opt/ros/kinetic', 'ROS_LOG_FILENAME': '/home/mapping_ws_auto/src/mapcheck/logs/9c3dab9c-c72f-11ea-9f36-fa163e744ed0/roslaunch-hecs-x-xlarge-2-linux-20200707132053-22897.log', 'SHLVL': '1', 'HISTSIZE': '10000', 'ROS_HOME': '/home/.ros/', 'ROS_MASTER_URI': 'http://localhost:11311', 'ROS_PYTHON_VERSION': '2', 'PYTHONPATH': '/home/mapping_ws_auto/devel/lib/python2.7/dist-packages:/opt/ros/kinetic/lib/python2.7/dist-packages', 'ROS_ROOT': '/opt/ros/kinetic/share/ros', 'PKG_CONFIG_PATH': '/home/mapping_ws_auto/devel/lib/pkgconfig:/opt/ros/kinetic/lib/pkgconfig:/opt/ros/kinetic/lib/x86_64-linux-gnu/pkgconfig', 'ROS_PACKAGE_PATH': '/home/mapping_ws_auto/src:/opt/ros/kinetic/share', '_': '/home/mapping_ws_auto/devel/lib/example_cpp/mysql', 'XDG_DATA_DIRS': '/usr/local/share:/usr/share:/var/lib/snapd/desktop', 'PWD': '/var/www/html/maptoolapi', 'ROS_ETC_DIR': '/opt/ros/kinetic/etc/ros', 'ROS_VERSION': '1'}]
[roslaunch][INFO] 2020-07-16 14:43:09,187: process[player-2]: args[[u'/opt/ros/kinetic/lib/rosbag/play', '--clock', '-k', '/var/www/html/maptoolapi/uploads/file_material/20200716/8007458835f0c04ad6886d8093858589/15948817723b1987a5514ef7e6.bag', u'__name:=player']]
[roslaunch][INFO] 2020-07-16 14:43:09,187: ... created process [player-2]
[roslaunch.pmon][INFO] 2020-07-16 14:43:09,187: ProcessMonitor.register[player-2]
[roslaunch.pmon][INFO] 2020-07-16 14:43:09,187: ProcessMonitor.register[player-2] complete
[roslaunch][INFO] 2020-07-16 14:43:09,187: ... registered process [player-2]
[roslaunch][INFO] 2020-07-16 14:43:09,187: process[player-2]: starting os process
[roslaunch][INFO] 2020-07-16 14:43:09,187: process[player-2]: start w/ args [[u'/opt/ros/kinetic/lib/rosbag/play', '--clock', '-k', '/var/www/html/maptoolapi/uploads/file_material/20200716/8007458835f0c04ad6886d8093858589/15948817723b1987a5514ef7e6.bag', u'__name:=player', u'__log:=/home/mapping_ws_auto/src/mapcheck/logs/9c3dab9c-c72f-11ea-9f36-fa163e744ed0/player-2.log']]
[roslaunch][INFO] 2020-07-16 14:43:09,187: process[player-2]: cwd will be [/home/.ros/]
[roslaunch][INFO] 2020-07-16 14:43:09,189: process[player-2]: started with pid [22954]
[roslaunch][INFO] 2020-07-16 14:43:09,189: ... successfully launched [player-2]
[roslaunch][INFO] 2020-07-16 14:43:09,190: ... preparing to launch node of type [rviz/rviz]
[roslaunch][INFO] 2020-07-16 14:43:09,190: create_node_process: package[rviz] type[rviz] machine[Machine(name[] env_loader[None] address[localhost] ssh_port[22] user[None] assignable[True] timeout[10.0])] master_uri[http://localhost:11311]
[roslaunch][INFO] 2020-07-16 14:43:09,190: process[rviz-3]: env[{'HISTTIMEFORMAT': '%F %T www-data ', 'ROS_DISTRO': 'kinetic', 'ROS_LOG_DIR': '/home/mapping_ws_auto/src/mapcheck/logs', 'ROSLISP_PACKAGE_DIRECTORIES': '/home/mapping_ws_auto/devel/share/common-lisp', 'LD_LIBRARY_PATH': '/home/mapping_ws_auto/devel/lib:/opt/ros/kinetic/lib:/opt/ros/kinetic/lib/x86_64-linux-gnu', 'USER': 'www-data', 'PATH': '/opt/ros/kinetic/bin:/usr/local/sbin:/usr/local/bin:/usr/sbin:/usr/bin:/sbin:/bin:/snap/bin', 'HOME': '/var/www', 'CMAKE_PREFIX_PATH': '/home/mapping_ws_auto/devel:/opt/ros/kinetic', 'ROS_LOG_FILENAME': '/home/mapping_ws_auto/src/mapcheck/logs/9c3dab9c-c72f-11ea-9f36-fa163e744ed0/roslaunch-hecs-x-xlarge-2-linux-20200707132053-22897.log', 'SHLVL': '1', 'HISTSIZE': '10000', 'ROS_HOME': '/home/.ros/', 'ROS_MASTER_URI': 'http://localhost:11311', 'ROS_PYTHON_VERSION': '2', 'PYTHONPATH': '/home/mapping_ws_auto/devel/lib/python2.7/dist-packages:/opt/ros/kinetic/lib/python2.7/dist-packages', 'ROS_ROOT': '/opt/ros/kinetic/share/ros', 'PKG_CONFIG_PATH': '/home/mapping_ws_auto/devel/lib/pkgconfig:/opt/ros/kinetic/lib/pkgconfig:/opt/ros/kinetic/lib/x86_64-linux-gnu/pkgconfig', 'ROS_PACKAGE_PATH': '/home/mapping_ws_auto/src:/opt/ros/kinetic/share', '_': '/home/mapping_ws_auto/devel/lib/example_cpp/mysql', 'XDG_DATA_DIRS': '/usr/local/share:/usr/share:/var/lib/snapd/desktop', 'PWD': '/var/www/html/maptoolapi', 'ROS_ETC_DIR': '/opt/ros/kinetic/etc/ros', 'ROS_VERSION': '1'}]
[roslaunch][INFO] 2020-07-16 14:43:09,192: process[rviz-3]: args[[u'/opt/ros/kinetic/lib/rviz/rviz', '-d', '/home/mapping_ws_auto/src/av-3dmapping-auto/LeGO-LOAM/launch/test.rviz', u'__name:=rviz']]
[roslaunch][INFO] 2020-07-16 14:43:09,192: ... created process [rviz-3]
[roslaunch.pmon][INFO] 2020-07-16 14:43:09,192: ProcessMonitor.register[rviz-3]
[roslaunch.pmon][INFO] 2020-07-16 14:43:09,192: ProcessMonitor.register[rviz-3] complete
[roslaunch][INFO] 2020-07-16 14:43:09,192: ... registered process [rviz-3]
[roslaunch][INFO] 2020-07-16 14:43:09,192: process[rviz-3]: starting os process
[roslaunch][INFO] 2020-07-16 14:43:09,192: process[rviz-3]: start w/ args [[u'/opt/ros/kinetic/lib/rviz/rviz', '-d', '/home/mapping_ws_auto/src/av-3dmapping-auto/LeGO-LOAM/launch/test.rviz', u'__name:=rviz', u'__log:=/home/mapping_ws_auto/src/mapcheck/logs/9c3dab9c-c72f-11ea-9f36-fa163e744ed0/rviz-3.log']]
[roslaunch][INFO] 2020-07-16 14:43:09,192: process[rviz-3]: cwd will be [/home/.ros/]
[roslaunch][INFO] 2020-07-16 14:43:09,195: process[rviz-3]: started with pid [22955]
[roslaunch][INFO] 2020-07-16 14:43:09,195: ... successfully launched [rviz-3]
[roslaunch][INFO] 2020-07-16 14:43:09,195: ... preparing to launch node of type [tf/static_transform_publisher]
[roslaunch][INFO] 2020-07-16 14:43:09,195: create_node_process: package[tf] type[static_transform_publisher] machine[Machine(name[] env_loader[None] address[localhost] ssh_port[22] user[None] assignable[True] timeout[10.0])] master_uri[http://localhost:11311]
[roslaunch][INFO] 2020-07-16 14:43:09,195: process[camera_init_to_map-4]: env[{'HISTTIMEFORMAT': '%F %T www-data ', 'ROS_DISTRO': 'kinetic', 'ROS_LOG_DIR': '/home/mapping_ws_auto/src/mapcheck/logs', 'ROSLISP_PACKAGE_DIRECTORIES': '/home/mapping_ws_auto/devel/share/common-lisp', 'LD_LIBRARY_PATH': '/home/mapping_ws_auto/devel/lib:/opt/ros/kinetic/lib:/opt/ros/kinetic/lib/x86_64-linux-gnu', 'USER': 'www-data', 'PATH': '/opt/ros/kinetic/bin:/usr/local/sbin:/usr/local/bin:/usr/sbin:/usr/bin:/sbin:/bin:/snap/bin', 'HOME': '/var/www', 'CMAKE_PREFIX_PATH': '/home/mapping_ws_auto/devel:/opt/ros/kinetic', 'ROS_LOG_FILENAME': '/home/mapping_ws_auto/src/mapcheck/logs/9c3dab9c-c72f-11ea-9f36-fa163e744ed0/roslaunch-hecs-x-xlarge-2-linux-20200707132053-22897.log', 'SHLVL': '1', 'HISTSIZE': '10000', 'ROS_HOME': '/home/.ros/', 'ROS_MASTER_URI': 'http://localhost:11311', 'ROS_PYTHON_VERSION': '2', 'PYTHONPATH': '/home/mapping_ws_auto/devel/lib/python2.7/dist-packages:/opt/ros/kinetic/lib/python2.7/dist-packages', 'ROS_ROOT': '/opt/ros/kinetic/share/ros', 'PKG_CONFIG_PATH': '/home/mapping_ws_auto/devel/lib/pkgconfig:/opt/ros/kinetic/lib/pkgconfig:/opt/ros/kinetic/lib/x86_64-linux-gnu/pkgconfig', 'ROS_PACKAGE_PATH': '/home/mapping_ws_auto/src:/opt/ros/kinetic/share', '_': '/home/mapping_ws_auto/devel/lib/example_cpp/mysql', 'XDG_DATA_DIRS': '/usr/local/share:/usr/share:/var/lib/snapd/desktop', 'PWD': '/var/www/html/maptoolapi', 'ROS_ETC_DIR': '/opt/ros/kinetic/etc/ros', 'ROS_VERSION': '1'}]
[roslaunch][INFO] 2020-07-16 14:43:09,196: process[camera_init_to_map-4]: args[[u'/opt/ros/kinetic/lib/tf/static_transform_publisher', '0', '0', '0', '1.570795', '0', '1.570795', '/map', '/camera_init', '10', u'__name:=camera_init_to_map']]
[roslaunch][INFO] 2020-07-16 14:43:09,196: ... created process [camera_init_to_map-4]
[roslaunch.pmon][INFO] 2020-07-16 14:43:09,196: ProcessMonitor.register[camera_init_to_map-4]
[roslaunch.pmon][INFO] 2020-07-16 14:43:09,196: ProcessMonitor.register[camera_init_to_map-4] complete
[roslaunch][INFO] 2020-07-16 14:43:09,196: ... registered process [camera_init_to_map-4]
[roslaunch][INFO] 2020-07-16 14:43:09,196: process[camera_init_to_map-4]: starting os process
[roslaunch][INFO] 2020-07-16 14:43:09,196: process[camera_init_to_map-4]: start w/ args [[u'/opt/ros/kinetic/lib/tf/static_transform_publisher', '0', '0', '0', '1.570795', '0', '1.570795', '/map', '/camera_init', '10', u'__name:=camera_init_to_map', u'__log:=/home/mapping_ws_auto/src/mapcheck/logs/9c3dab9c-c72f-11ea-9f36-fa163e744ed0/camera_init_to_map-4.log']]
[roslaunch][INFO] 2020-07-16 14:43:09,196: process[camera_init_to_map-4]: cwd will be [/home/.ros/]
[roslaunch][INFO] 2020-07-16 14:43:09,198: process[camera_init_to_map-4]: started with pid [22957]
[roslaunch][INFO] 2020-07-16 14:43:09,198: ... successfully launched [camera_init_to_map-4]
[roslaunch][INFO] 2020-07-16 14:43:09,198: ... preparing to launch node of type [tf/static_transform_publisher]
[roslaunch][INFO] 2020-07-16 14:43:09,198: create_node_process: package[tf] type[static_transform_publisher] machine[Machine(name[] env_loader[None] address[localhost] ssh_port[22] user[None] assignable[True] timeout[10.0])] master_uri[http://localhost:11311]
[roslaunch][INFO] 2020-07-16 14:43:09,199: process[base_link_to_camera-5]: env[{'HISTTIMEFORMAT': '%F %T www-data ', 'ROS_DISTRO': 'kinetic', 'ROS_LOG_DIR': '/home/mapping_ws_auto/src/mapcheck/logs', 'ROSLISP_PACKAGE_DIRECTORIES': '/home/mapping_ws_auto/devel/share/common-lisp', 'LD_LIBRARY_PATH': '/home/mapping_ws_auto/devel/lib:/opt/ros/kinetic/lib:/opt/ros/kinetic/lib/x86_64-linux-gnu', 'USER': 'www-data', 'PATH': '/opt/ros/kinetic/bin:/usr/local/sbin:/usr/local/bin:/usr/sbin:/usr/bin:/sbin:/bin:/snap/bin', 'HOME': '/var/www', 'CMAKE_PREFIX_PATH': '/home/mapping_ws_auto/devel:/opt/ros/kinetic', 'ROS_LOG_FILENAME': '/home/mapping_ws_auto/src/mapcheck/logs/9c3dab9c-c72f-11ea-9f36-fa163e744ed0/roslaunch-hecs-x-xlarge-2-linux-20200707132053-22897.log', 'SHLVL': '1', 'HISTSIZE': '10000', 'ROS_HOME': '/home/.ros/', 'ROS_MASTER_URI': 'http://localhost:11311', 'ROS_PYTHON_VERSION': '2', 'PYTHONPATH': '/home/mapping_ws_auto/devel/lib/python2.7/dist-packages:/opt/ros/kinetic/lib/python2.7/dist-packages', 'ROS_ROOT': '/opt/ros/kinetic/share/ros', 'PKG_CONFIG_PATH': '/home/mapping_ws_auto/devel/lib/pkgconfig:/opt/ros/kinetic/lib/pkgconfig:/opt/ros/kinetic/lib/x86_64-linux-gnu/pkgconfig', 'ROS_PACKAGE_PATH': '/home/mapping_ws_auto/src:/opt/ros/kinetic/share', '_': '/home/mapping_ws_auto/devel/lib/example_cpp/mysql', 'XDG_DATA_DIRS': '/usr/local/share:/usr/share:/var/lib/snapd/desktop', 'PWD': '/var/www/html/maptoolapi', 'ROS_ETC_DIR': '/opt/ros/kinetic/etc/ros', 'ROS_VERSION': '1'}]
[roslaunch][INFO] 2020-07-16 14:43:09,199: process[base_link_to_camera-5]: args[[u'/opt/ros/kinetic/lib/tf/static_transform_publisher', '0', '0', '0', '-1.570795', '-1.570795', '0', '/camera', '/base_link', '10', u'__name:=base_link_to_camera']]
[roslaunch][INFO] 2020-07-16 14:43:09,200: ... created process [base_link_to_camera-5]
[roslaunch.pmon][INFO] 2020-07-16 14:43:09,200: ProcessMonitor.register[base_link_to_camera-5]
[roslaunch.pmon][INFO] 2020-07-16 14:43:09,200: ProcessMonitor.register[base_link_to_camera-5] complete
[roslaunch][INFO] 2020-07-16 14:43:09,200: ... registered process [base_link_to_camera-5]
[roslaunch][INFO] 2020-07-16 14:43:09,200: process[base_link_to_camera-5]: starting os process
[roslaunch][INFO] 2020-07-16 14:43:09,200: process[base_link_to_camera-5]: start w/ args [[u'/opt/ros/kinetic/lib/tf/static_transform_publisher', '0', '0', '0', '-1.570795', '-1.570795', '0', '/camera', '/base_link', '10', u'__name:=base_link_to_camera', u'__log:=/home/mapping_ws_auto/src/mapcheck/logs/9c3dab9c-c72f-11ea-9f36-fa163e744ed0/base_link_to_camera-5.log']]
[roslaunch][INFO] 2020-07-16 14:43:09,200: process[base_link_to_camera-5]: cwd will be [/home/.ros/]
[roslaunch][INFO] 2020-07-16 14:43:09,203: process[base_link_to_camera-5]: started with pid [22963]
[roslaunch][INFO] 2020-07-16 14:43:09,203: ... successfully launched [base_link_to_camera-5]
[roslaunch][INFO] 2020-07-16 14:43:09,203: ... preparing to launch node of type [lego_loam/imageProjection]
[roslaunch][INFO] 2020-07-16 14:43:09,203: create_node_process: package[lego_loam] type[imageProjection] machine[Machine(name[] env_loader[None] address[localhost] ssh_port[22] user[None] assignable[True] timeout[10.0])] master_uri[http://localhost:11311]
[roslaunch][INFO] 2020-07-16 14:43:09,203: process[imageProjection-6]: env[{'HISTTIMEFORMAT': '%F %T www-data ', 'ROS_DISTRO': 'kinetic', 'ROS_LOG_DIR': '/home/mapping_ws_auto/src/mapcheck/logs', 'ROSLISP_PACKAGE_DIRECTORIES': '/home/mapping_ws_auto/devel/share/common-lisp', 'LD_LIBRARY_PATH': '/home/mapping_ws_auto/devel/lib:/opt/ros/kinetic/lib:/opt/ros/kinetic/lib/x86_64-linux-gnu', 'USER': 'www-data', 'PATH': '/opt/ros/kinetic/bin:/usr/local/sbin:/usr/local/bin:/usr/sbin:/usr/bin:/sbin:/bin:/snap/bin', 'HOME': '/var/www', 'CMAKE_PREFIX_PATH': '/home/mapping_ws_auto/devel:/opt/ros/kinetic', 'ROS_LOG_FILENAME': '/home/mapping_ws_auto/src/mapcheck/logs/9c3dab9c-c72f-11ea-9f36-fa163e744ed0/roslaunch-hecs-x-xlarge-2-linux-20200707132053-22897.log', 'SHLVL': '1', 'HISTSIZE': '10000', 'ROS_HOME': '/home/.ros/', 'ROS_MASTER_URI': 'http://localhost:11311', 'ROS_PYTHON_VERSION': '2', 'PYTHONPATH': '/home/mapping_ws_auto/devel/lib/python2.7/dist-packages:/opt/ros/kinetic/lib/python2.7/dist-packages', 'ROS_ROOT': '/opt/ros/kinetic/share/ros', 'PKG_CONFIG_PATH': '/home/mapping_ws_auto/devel/lib/pkgconfig:/opt/ros/kinetic/lib/pkgconfig:/opt/ros/kinetic/lib/x86_64-linux-gnu/pkgconfig', 'ROS_PACKAGE_PATH': '/home/mapping_ws_auto/src:/opt/ros/kinetic/share', '_': '/home/mapping_ws_auto/devel/lib/example_cpp/mysql', 'XDG_DATA_DIRS': '/usr/local/share:/usr/share:/var/lib/snapd/desktop', 'PWD': '/var/www/html/maptoolapi', 'ROS_ETC_DIR': '/opt/ros/kinetic/etc/ros', 'ROS_VERSION': '1'}]
[roslaunch][INFO] 2020-07-16 14:43:09,204: process[imageProjection-6]: args[[u'/home/mapping_ws_auto/devel/lib/lego_loam/imageProjection', u'velodyne_points:=all_obstacles', u'__name:=imageProjection']]
[roslaunch][INFO] 2020-07-16 14:43:09,204: ... created process [imageProjection-6]
[roslaunch.pmon][INFO] 2020-07-16 14:43:09,204: ProcessMonitor.register[imageProjection-6]
[roslaunch.pmon][INFO] 2020-07-16 14:43:09,204: ProcessMonitor.register[imageProjection-6] complete
[roslaunch][INFO] 2020-07-16 14:43:09,205: ... registered process [imageProjection-6]
[roslaunch][INFO] 2020-07-16 14:43:09,205: process[imageProjection-6]: starting os process
[roslaunch][INFO] 2020-07-16 14:43:09,205: process[imageProjection-6]: start w/ args [[u'/home/mapping_ws_auto/devel/lib/lego_loam/imageProjection', u'velodyne_points:=all_obstacles', u'__name:=imageProjection', u'__log:=/home/mapping_ws_auto/src/mapcheck/logs/9c3dab9c-c72f-11ea-9f36-fa163e744ed0/imageProjection-6.log']]
[roslaunch][INFO] 2020-07-16 14:43:09,205: process[imageProjection-6]: cwd will be [/home/.ros/]
[roslaunch][INFO] 2020-07-16 14:43:09,207: process[imageProjection-6]: started with pid [22966]
[roslaunch][INFO] 2020-07-16 14:43:09,207: ... successfully launched [imageProjection-6]
[roslaunch][INFO] 2020-07-16 14:43:09,207: ... preparing to launch node of type [lego_loam/combineLidars]
[roslaunch][INFO] 2020-07-16 14:43:09,207: create_node_process: package[lego_loam] type[combineLidars] machine[Machine(name[] env_loader[None] address[localhost] ssh_port[22] user[None] assignable[True] timeout[10.0])] master_uri[http://localhost:11311]
[roslaunch][INFO] 2020-07-16 14:43:09,207: process[combineLidars-7]: env[{'HISTTIMEFORMAT': '%F %T www-data ', 'ROS_DISTRO': 'kinetic', 'ROS_LOG_DIR': '/home/mapping_ws_auto/src/mapcheck/logs', 'ROSLISP_PACKAGE_DIRECTORIES': '/home/mapping_ws_auto/devel/share/common-lisp', 'LD_LIBRARY_PATH': '/home/mapping_ws_auto/devel/lib:/opt/ros/kinetic/lib:/opt/ros/kinetic/lib/x86_64-linux-gnu', 'USER': 'www-data', 'PATH': '/opt/ros/kinetic/bin:/usr/local/sbin:/usr/local/bin:/usr/sbin:/usr/bin:/sbin:/bin:/snap/bin', 'HOME': '/var/www', 'CMAKE_PREFIX_PATH': '/home/mapping_ws_auto/devel:/opt/ros/kinetic', 'ROS_LOG_FILENAME': '/home/mapping_ws_auto/src/mapcheck/logs/9c3dab9c-c72f-11ea-9f36-fa163e744ed0/roslaunch-hecs-x-xlarge-2-linux-20200707132053-22897.log', 'SHLVL': '1', 'HISTSIZE': '10000', 'ROS_HOME': '/home/.ros/', 'ROS_MASTER_URI': 'http://localhost:11311', 'ROS_PYTHON_VERSION': '2', 'PYTHONPATH': '/home/mapping_ws_auto/devel/lib/python2.7/dist-packages:/opt/ros/kinetic/lib/python2.7/dist-packages', 'ROS_ROOT': '/opt/ros/kinetic/share/ros', 'PKG_CONFIG_PATH': '/home/mapping_ws_auto/devel/lib/pkgconfig:/opt/ros/kinetic/lib/pkgconfig:/opt/ros/kinetic/lib/x86_64-linux-gnu/pkgconfig', 'ROS_PACKAGE_PATH': '/home/mapping_ws_auto/src:/opt/ros/kinetic/share', '_': '/home/mapping_ws_auto/devel/lib/example_cpp/mysql', 'XDG_DATA_DIRS': '/usr/local/share:/usr/share:/var/lib/snapd/desktop', 'PWD': '/var/www/html/maptoolapi', 'ROS_ETC_DIR': '/opt/ros/kinetic/etc/ros', 'ROS_VERSION': '1'}]
[roslaunch][INFO] 2020-07-16 14:43:09,208: process[combineLidars-7]: args[[u'/home/mapping_ws_auto/devel/lib/lego_loam/combineLidars', u'__name:=combineLidars']]
[roslaunch][INFO] 2020-07-16 14:43:09,208: ... created process [combineLidars-7]
[roslaunch.pmon][INFO] 2020-07-16 14:43:09,208: ProcessMonitor.register[combineLidars-7]
[roslaunch.pmon][INFO] 2020-07-16 14:43:09,208: ProcessMonitor.register[combineLidars-7] complete
[roslaunch][INFO] 2020-07-16 14:43:09,208: ... registered process [combineLidars-7]
[roslaunch][INFO] 2020-07-16 14:43:09,209: process[combineLidars-7]: starting os process
[roslaunch][INFO] 2020-07-16 14:43:09,209: process[combineLidars-7]: start w/ args [[u'/home/mapping_ws_auto/devel/lib/lego_loam/combineLidars', u'__name:=combineLidars', u'__log:=/home/mapping_ws_auto/src/mapcheck/logs/9c3dab9c-c72f-11ea-9f36-fa163e744ed0/combineLidars-7.log']]
[roslaunch][INFO] 2020-07-16 14:43:09,209: process[combineLidars-7]: cwd will be [/home/.ros/]
[roslaunch][INFO] 2020-07-16 14:43:09,210: process[combineLidars-7]: started with pid [22968]
[roslaunch][INFO] 2020-07-16 14:43:09,211: ... successfully launched [combineLidars-7]
[roslaunch][INFO] 2020-07-16 14:43:09,211: ... preparing to launch node of type [lego_loam/featureAssociation]
[roslaunch][INFO] 2020-07-16 14:43:09,211: create_node_process: package[lego_loam] type[featureAssociation] machine[Machine(name[] env_loader[None] address[localhost] ssh_port[22] user[None] assignable[True] timeout[10.0])] master_uri[http://localhost:11311]
[roslaunch][INFO] 2020-07-16 14:43:09,211: process[featureAssociation-8]: env[{'HISTTIMEFORMAT': '%F %T www-data ', 'ROS_DISTRO': 'kinetic', 'ROS_LOG_DIR': '/home/mapping_ws_auto/src/mapcheck/logs', 'ROSLISP_PACKAGE_DIRECTORIES': '/home/mapping_ws_auto/devel/share/common-lisp', 'LD_LIBRARY_PATH': '/home/mapping_ws_auto/devel/lib:/opt/ros/kinetic/lib:/opt/ros/kinetic/lib/x86_64-linux-gnu', 'USER': 'www-data', 'PATH': '/opt/ros/kinetic/bin:/usr/local/sbin:/usr/local/bin:/usr/sbin:/usr/bin:/sbin:/bin:/snap/bin', 'HOME': '/var/www', 'CMAKE_PREFIX_PATH': '/home/mapping_ws_auto/devel:/opt/ros/kinetic', 'ROS_LOG_FILENAME': '/home/mapping_ws_auto/src/mapcheck/logs/9c3dab9c-c72f-11ea-9f36-fa163e744ed0/roslaunch-hecs-x-xlarge-2-linux-20200707132053-22897.log', 'SHLVL': '1', 'HISTSIZE': '10000', 'ROS_HOME': '/home/.ros/', 'ROS_MASTER_URI': 'http://localhost:11311', 'ROS_PYTHON_VERSION': '2', 'PYTHONPATH': '/home/mapping_ws_auto/devel/lib/python2.7/dist-packages:/opt/ros/kinetic/lib/python2.7/dist-packages', 'ROS_ROOT': '/opt/ros/kinetic/share/ros', 'PKG_CONFIG_PATH': '/home/mapping_ws_auto/devel/lib/pkgconfig:/opt/ros/kinetic/lib/pkgconfig:/opt/ros/kinetic/lib/x86_64-linux-gnu/pkgconfig', 'ROS_PACKAGE_PATH': '/home/mapping_ws_auto/src:/opt/ros/kinetic/share', '_': '/home/mapping_ws_auto/devel/lib/example_cpp/mysql', 'XDG_DATA_DIRS': '/usr/local/share:/usr/share:/var/lib/snapd/desktop', 'PWD': '/var/www/html/maptoolapi', 'ROS_ETC_DIR': '/opt/ros/kinetic/etc/ros', 'ROS_VERSION': '1'}]
[roslaunch][INFO] 2020-07-16 14:43:09,212: process[featureAssociation-8]: args[[u'/home/mapping_ws_auto/devel/lib/lego_loam/featureAssociation', u'imu/data:=/golfcart/imu/data', u'__name:=featureAssociation']]
[roslaunch][INFO] 2020-07-16 14:43:09,212: ... created process [featureAssociation-8]
[roslaunch.pmon][INFO] 2020-07-16 14:43:09,212: ProcessMonitor.register[featureAssociation-8]
[roslaunch.pmon][INFO] 2020-07-16 14:43:09,212: ProcessMonitor.register[featureAssociation-8] complete
[roslaunch][INFO] 2020-07-16 14:43:09,212: ... registered process [featureAssociation-8]
[roslaunch][INFO] 2020-07-16 14:43:09,212: process[featureAssociation-8]: starting os process
[roslaunch][INFO] 2020-07-16 14:43:09,212: process[featureAssociation-8]: start w/ args [[u'/home/mapping_ws_auto/devel/lib/lego_loam/featureAssociation', u'imu/data:=/golfcart/imu/data', u'__name:=featureAssociation', u'__log:=/home/mapping_ws_auto/src/mapcheck/logs/9c3dab9c-c72f-11ea-9f36-fa163e744ed0/featureAssociation-8.log']]
[roslaunch][INFO] 2020-07-16 14:43:09,212: process[featureAssociation-8]: cwd will be [/home/.ros/]
[roslaunch][INFO] 2020-07-16 14:43:09,214: process[featureAssociation-8]: started with pid [22977]
[roslaunch][INFO] 2020-07-16 14:43:09,215: ... successfully launched [featureAssociation-8]
[roslaunch][INFO] 2020-07-16 14:43:09,215: ... preparing to launch node of type [lego_loam/mapOptmization]
[roslaunch][INFO] 2020-07-16 14:43:09,215: create_node_process: package[lego_loam] type[mapOptmization] machine[Machine(name[] env_loader[None] address[localhost] ssh_port[22] user[None] assignable[True] timeout[10.0])] master_uri[http://localhost:11311]
[roslaunch][INFO] 2020-07-16 14:43:09,215: process[mapOptmization-9]: env[{'HISTTIMEFORMAT': '%F %T www-data ', 'ROS_DISTRO': 'kinetic', 'ROS_LOG_DIR': '/home/mapping_ws_auto/src/mapcheck/logs', 'ROSLISP_PACKAGE_DIRECTORIES': '/home/mapping_ws_auto/devel/share/common-lisp', 'LD_LIBRARY_PATH': '/home/mapping_ws_auto/devel/lib:/opt/ros/kinetic/lib:/opt/ros/kinetic/lib/x86_64-linux-gnu', 'USER': 'www-data', 'PATH': '/opt/ros/kinetic/bin:/usr/local/sbin:/usr/local/bin:/usr/sbin:/usr/bin:/sbin:/bin:/snap/bin', 'HOME': '/var/www', 'CMAKE_PREFIX_PATH': '/home/mapping_ws_auto/devel:/opt/ros/kinetic', 'ROS_LOG_FILENAME': '/home/mapping_ws_auto/src/mapcheck/logs/9c3dab9c-c72f-11ea-9f36-fa163e744ed0/roslaunch-hecs-x-xlarge-2-linux-20200707132053-22897.log', 'SHLVL': '1', 'HISTSIZE': '10000', 'ROS_HOME': '/home/.ros/', 'ROS_MASTER_URI': 'http://localhost:11311', 'ROS_PYTHON_VERSION': '2', 'PYTHONPATH': '/home/mapping_ws_auto/devel/lib/python2.7/dist-packages:/opt/ros/kinetic/lib/python2.7/dist-packages', 'ROS_ROOT': '/opt/ros/kinetic/share/ros', 'PKG_CONFIG_PATH': '/home/mapping_ws_auto/devel/lib/pkgconfig:/opt/ros/kinetic/lib/pkgconfig:/opt/ros/kinetic/lib/x86_64-linux-gnu/pkgconfig', 'ROS_PACKAGE_PATH': '/home/mapping_ws_auto/src:/opt/ros/kinetic/share', '_': '/home/mapping_ws_auto/devel/lib/example_cpp/mysql', 'XDG_DATA_DIRS': '/usr/local/share:/usr/share:/var/lib/snapd/desktop', 'PWD': '/var/www/html/maptoolapi', 'ROS_ETC_DIR': '/opt/ros/kinetic/etc/ros', 'ROS_VERSION': '1'}]
[roslaunch][INFO] 2020-07-16 14:43:09,216: process[mapOptmization-9]: args[[u'/home/mapping_ws_auto/devel/lib/lego_loam/mapOptmization', u'imu/data:=/golfcart/imu/data', u'gps:=gps', u'__name:=mapOptmization']]
[roslaunch][INFO] 2020-07-16 14:43:09,216: ... created process [mapOptmization-9]
[roslaunch.pmon][INFO] 2020-07-16 14:43:09,216: ProcessMonitor.register[mapOptmization-9]
[roslaunch.pmon][INFO] 2020-07-16 14:43:09,216: ProcessMonitor.register[mapOptmization-9] complete
[roslaunch][INFO] 2020-07-16 14:43:09,216: ... registered process [mapOptmization-9]
[roslaunch][INFO] 2020-07-16 14:43:09,216: process[mapOptmization-9]: starting os process
[roslaunch][INFO] 2020-07-16 14:43:09,216: process[mapOptmization-9]: start w/ args [[u'/home/mapping_ws_auto/devel/lib/lego_loam/mapOptmization', u'imu/data:=/golfcart/imu/data', u'gps:=gps', u'__name:=mapOptmization', u'__log:=/home/mapping_ws_auto/src/mapcheck/logs/9c3dab9c-c72f-11ea-9f36-fa163e744ed0/mapOptmization-9.log']]
[roslaunch][INFO] 2020-07-16 14:43:09,216: process[mapOptmization-9]: cwd will be [/home/.ros/]
[roslaunch][INFO] 2020-07-16 14:43:09,227: process[mapOptmization-9]: started with pid [22979]
[roslaunch][INFO] 2020-07-16 14:43:09,227: ... successfully launched [mapOptmization-9]
[roslaunch][INFO] 2020-07-16 14:43:09,227: ... preparing to launch node of type [lego_loam/transformFusion]
[roslaunch][INFO] 2020-07-16 14:43:09,227: create_node_process: package[lego_loam] type[transformFusion] machine[Machine(name[] env_loader[None] address[localhost] ssh_port[22] user[None] assignable[True] timeout[10.0])] master_uri[http://localhost:11311]
[roslaunch][INFO] 2020-07-16 14:43:09,227: process[transformFusion-10]: env[{'HISTTIMEFORMAT': '%F %T www-data ', 'ROS_DISTRO': 'kinetic', 'ROS_LOG_DIR': '/home/mapping_ws_auto/src/mapcheck/logs', 'ROSLISP_PACKAGE_DIRECTORIES': '/home/mapping_ws_auto/devel/share/common-lisp', 'LD_LIBRARY_PATH': '/home/mapping_ws_auto/devel/lib:/opt/ros/kinetic/lib:/opt/ros/kinetic/lib/x86_64-linux-gnu', 'USER': 'www-data', 'PATH': '/opt/ros/kinetic/bin:/usr/local/sbin:/usr/local/bin:/usr/sbin:/usr/bin:/sbin:/bin:/snap/bin', 'HOME': '/var/www', 'CMAKE_PREFIX_PATH': '/home/mapping_ws_auto/devel:/opt/ros/kinetic', 'ROS_LOG_FILENAME': '/home/mapping_ws_auto/src/mapcheck/logs/9c3dab9c-c72f-11ea-9f36-fa163e744ed0/roslaunch-hecs-x-xlarge-2-linux-20200707132053-22897.log', 'SHLVL': '1', 'HISTSIZE': '10000', 'ROS_HOME': '/home/.ros/', 'ROS_MASTER_URI': 'http://localhost:11311', 'ROS_PYTHON_VERSION': '2', 'PYTHONPATH': '/home/mapping_ws_auto/devel/lib/python2.7/dist-packages:/opt/ros/kinetic/lib/python2.7/dist-packages', 'ROS_ROOT': '/opt/ros/kinetic/share/ros', 'PKG_CONFIG_PATH': '/home/mapping_ws_auto/devel/lib/pkgconfig:/opt/ros/kinetic/lib/pkgconfig:/opt/ros/kinetic/lib/x86_64-linux-gnu/pkgconfig', 'ROS_PACKAGE_PATH': '/home/mapping_ws_auto/src:/opt/ros/kinetic/share', '_': '/home/mapping_ws_auto/devel/lib/example_cpp/mysql', 'XDG_DATA_DIRS': '/usr/local/share:/usr/share:/var/lib/snapd/desktop', 'PWD': '/var/www/html/maptoolapi', 'ROS_ETC_DIR': '/opt/ros/kinetic/etc/ros', 'ROS_VERSION': '1'}]
[roslaunch][INFO] 2020-07-16 14:43:09,228: process[transformFusion-10]: args[[u'/home/mapping_ws_auto/devel/lib/lego_loam/transformFusion', u'__name:=transformFusion']]
[roslaunch][INFO] 2020-07-16 14:43:09,229: ... created process [transformFusion-10]
[roslaunch.pmon][INFO] 2020-07-16 14:43:09,229: ProcessMonitor.register[transformFusion-10]
[roslaunch.pmon][INFO] 2020-07-16 14:43:09,229: ProcessMonitor.register[transformFusion-10] complete
[roslaunch][INFO] 2020-07-16 14:43:09,229: ... registered process [transformFusion-10]
[roslaunch][INFO] 2020-07-16 14:43:09,229: process[transformFusion-10]: starting os process
[roslaunch][INFO] 2020-07-16 14:43:09,229: process[transformFusion-10]: start w/ args [[u'/home/mapping_ws_auto/devel/lib/lego_loam/transformFusion', u'__name:=transformFusion', u'__log:=/home/mapping_ws_auto/src/mapcheck/logs/9c3dab9c-c72f-11ea-9f36-fa163e744ed0/transformFusion-10.log']]
[roslaunch][INFO] 2020-07-16 14:43:09,229: process[transformFusion-10]: cwd will be [/home/.ros/]
[roslaunch][INFO] 2020-07-16 14:43:09,239: process[transformFusion-10]: started with pid [22981]
[roslaunch][INFO] 2020-07-16 14:43:09,239: ... successfully launched [transformFusion-10]
[roslaunch][INFO] 2020-07-16 14:43:09,239: ... preparing to launch node of type [rslidar_pointcloud/cloud_node]
[roslaunch][INFO] 2020-07-16 14:43:09,239: create_node_process: package[rslidar_pointcloud] type[cloud_node] machine[Machine(name[] env_loader[None] address[localhost] ssh_port[22] user[None] assignable[True] timeout[10.0])] master_uri[http://localhost:11311]
[roslaunch][INFO] 2020-07-16 14:43:09,239: process[cloud_node-11]: env[{'HISTTIMEFORMAT': '%F %T www-data ', 'ROS_DISTRO': 'kinetic', 'ROS_LOG_DIR': '/home/mapping_ws_auto/src/mapcheck/logs', 'ROSLISP_PACKAGE_DIRECTORIES': '/home/mapping_ws_auto/devel/share/common-lisp', 'LD_LIBRARY_PATH': '/home/mapping_ws_auto/devel/lib:/opt/ros/kinetic/lib:/opt/ros/kinetic/lib/x86_64-linux-gnu', 'USER': 'www-data', 'PATH': '/opt/ros/kinetic/bin:/usr/local/sbin:/usr/local/bin:/usr/sbin:/usr/bin:/sbin:/bin:/snap/bin', 'HOME': '/var/www', 'CMAKE_PREFIX_PATH': '/home/mapping_ws_auto/devel:/opt/ros/kinetic', 'ROS_LOG_FILENAME': '/home/mapping_ws_auto/src/mapcheck/logs/9c3dab9c-c72f-11ea-9f36-fa163e744ed0/roslaunch-hecs-x-xlarge-2-linux-20200707132053-22897.log', 'SHLVL': '1', 'HISTSIZE': '10000', 'ROS_HOME': '/home/.ros/', 'ROS_MASTER_URI': 'http://localhost:11311', 'ROS_PYTHON_VERSION': '2', 'PYTHONPATH': '/home/mapping_ws_auto/devel/lib/python2.7/dist-packages:/opt/ros/kinetic/lib/python2.7/dist-packages', 'ROS_ROOT': '/opt/ros/kinetic/share/ros', 'PKG_CONFIG_PATH': '/home/mapping_ws_auto/devel/lib/pkgconfig:/opt/ros/kinetic/lib/pkgconfig:/opt/ros/kinetic/lib/x86_64-linux-gnu/pkgconfig', 'ROS_PACKAGE_PATH': '/home/mapping_ws_auto/src:/opt/ros/kinetic/share', '_': '/home/mapping_ws_auto/devel/lib/example_cpp/mysql', 'XDG_DATA_DIRS': '/usr/local/share:/usr/share:/var/lib/snapd/desktop', 'PWD': '/var/www/html/maptoolapi', 'ROS_ETC_DIR': '/opt/ros/kinetic/etc/ros', 'ROS_VERSION': '1'}]
[roslaunch][INFO] 2020-07-16 14:43:09,240: process[cloud_node-11]: args[[u'/home/mapping_ws_auto/devel/lib/rslidar_pointcloud/cloud_node', u'rslidar_packets:=/golfcart/rs_bp_left/rslidar_packets', u'rslidar_points:=cc0', u'rslidar_packets_difop:=/golfcart/rs_bp_left/rslidar_packets_difop', u'__name:=cloud_node']]
[roslaunch][INFO] 2020-07-16 14:43:09,240: ... created process [cloud_node-11]
[roslaunch.pmon][INFO] 2020-07-16 14:43:09,240: ProcessMonitor.register[cloud_node-11]
[roslaunch.pmon][INFO] 2020-07-16 14:43:09,240: ProcessMonitor.register[cloud_node-11] complete
[roslaunch][INFO] 2020-07-16 14:43:09,240: ... registered process [cloud_node-11]
[roslaunch][INFO] 2020-07-16 14:43:09,240: process[cloud_node-11]: starting os process
[roslaunch][INFO] 2020-07-16 14:43:09,240: process[cloud_node-11]: start w/ args [[u'/home/mapping_ws_auto/devel/lib/rslidar_pointcloud/cloud_node', u'rslidar_packets:=/golfcart/rs_bp_left/rslidar_packets', u'rslidar_points:=cc0', u'rslidar_packets_difop:=/golfcart/rs_bp_left/rslidar_packets_difop', u'__name:=cloud_node', u'__log:=/home/mapping_ws_auto/src/mapcheck/logs/9c3dab9c-c72f-11ea-9f36-fa163e744ed0/cloud_node-11.log']]
[roslaunch][INFO] 2020-07-16 14:43:09,240: process[cloud_node-11]: cwd will be [/home/.ros/]
[roslaunch][INFO] 2020-07-16 14:43:09,243: process[cloud_node-11]: started with pid [22983]
[roslaunch][INFO] 2020-07-16 14:43:09,243: ... successfully launched [cloud_node-11]
[roslaunch][INFO] 2020-07-16 14:43:09,243: ... preparing to launch node of type [rslidar_pointcloud/cloud_node]
[roslaunch][INFO] 2020-07-16 14:43:09,243: create_node_process: package[rslidar_pointcloud] type[cloud_node] machine[Machine(name[] env_loader[None] address[localhost] ssh_port[22] user[None] assignable[True] timeout[10.0])] master_uri[http://localhost:11311]
[roslaunch][INFO] 2020-07-16 14:43:09,244: process[cloud_node1-12]: env[{'HISTTIMEFORMAT': '%F %T www-data ', 'ROS_DISTRO': 'kinetic', 'ROS_LOG_DIR': '/home/mapping_ws_auto/src/mapcheck/logs', 'ROSLISP_PACKAGE_DIRECTORIES': '/home/mapping_ws_auto/devel/share/common-lisp', 'LD_LIBRARY_PATH': '/home/mapping_ws_auto/devel/lib:/opt/ros/kinetic/lib:/opt/ros/kinetic/lib/x86_64-linux-gnu', 'USER': 'www-data', 'PATH': '/opt/ros/kinetic/bin:/usr/local/sbin:/usr/local/bin:/usr/sbin:/usr/bin:/sbin:/bin:/snap/bin', 'HOME': '/var/www', 'CMAKE_PREFIX_PATH': '/home/mapping_ws_auto/devel:/opt/ros/kinetic', 'ROS_LOG_FILENAME': '/home/mapping_ws_auto/src/mapcheck/logs/9c3dab9c-c72f-11ea-9f36-fa163e744ed0/roslaunch-hecs-x-xlarge-2-linux-20200707132053-22897.log', 'SHLVL': '1', 'HISTSIZE': '10000', 'ROS_HOME': '/home/.ros/', 'ROS_MASTER_URI': 'http://localhost:11311', 'ROS_PYTHON_VERSION': '2', 'PYTHONPATH': '/home/mapping_ws_auto/devel/lib/python2.7/dist-packages:/opt/ros/kinetic/lib/python2.7/dist-packages', 'ROS_ROOT': '/opt/ros/kinetic/share/ros', 'PKG_CONFIG_PATH': '/home/mapping_ws_auto/devel/lib/pkgconfig:/opt/ros/kinetic/lib/pkgconfig:/opt/ros/kinetic/lib/x86_64-linux-gnu/pkgconfig', 'ROS_PACKAGE_PATH': '/home/mapping_ws_auto/src:/opt/ros/kinetic/share', '_': '/home/mapping_ws_auto/devel/lib/example_cpp/mysql', 'XDG_DATA_DIRS': '/usr/local/share:/usr/share:/var/lib/snapd/desktop', 'PWD': '/var/www/html/maptoolapi', 'ROS_ETC_DIR': '/opt/ros/kinetic/etc/ros', 'ROS_VERSION': '1'}]
[roslaunch][INFO] 2020-07-16 14:43:09,245: process[cloud_node1-12]: args[[u'/home/mapping_ws_auto/devel/lib/rslidar_pointcloud/cloud_node', u'rslidar_packets:=aa1', u'rslidar_points:=cc1', u'rslidar_packets_difop:=bb1', u'__name:=cloud_node1']]
[roslaunch][INFO] 2020-07-16 14:43:09,245: ... created process [cloud_node1-12]
[roslaunch.pmon][INFO] 2020-07-16 14:43:09,245: ProcessMonitor.register[cloud_node1-12]
[roslaunch.pmon][INFO] 2020-07-16 14:43:09,245: ProcessMonitor.register[cloud_node1-12] complete
[roslaunch][INFO] 2020-07-16 14:43:09,245: ... registered process [cloud_node1-12]
[roslaunch][INFO] 2020-07-16 14:43:09,245: process[cloud_node1-12]: starting os process
[roslaunch][INFO] 2020-07-16 14:43:09,245: process[cloud_node1-12]: start w/ args [[u'/home/mapping_ws_auto/devel/lib/rslidar_pointcloud/cloud_node', u'rslidar_packets:=aa1', u'rslidar_points:=cc1', u'rslidar_packets_difop:=bb1', u'__name:=cloud_node1', u'__log:=/home/mapping_ws_auto/src/mapcheck/logs/9c3dab9c-c72f-11ea-9f36-fa163e744ed0/cloud_node1-12.log']]
[roslaunch][INFO] 2020-07-16 14:43:09,246: process[cloud_node1-12]: cwd will be [/home/.ros/]
[roslaunch][INFO] 2020-07-16 14:43:09,250: process[cloud_node1-12]: started with pid [22986]
[roslaunch][INFO] 2020-07-16 14:43:09,250: ... successfully launched [cloud_node1-12]
[roslaunch][INFO] 2020-07-16 14:43:09,250: ... preparing to launch node of type [rslidar_pointcloud/cloud_node]
[roslaunch][INFO] 2020-07-16 14:43:09,250: create_node_process: package[rslidar_pointcloud] type[cloud_node] machine[Machine(name[] env_loader[None] address[localhost] ssh_port[22] user[None] assignable[True] timeout[10.0])] master_uri[http://localhost:11311]
[roslaunch][INFO] 2020-07-16 14:43:09,251: process[cloud_node2-13]: env[{'HISTTIMEFORMAT': '%F %T www-data ', 'ROS_DISTRO': 'kinetic', 'ROS_LOG_DIR': '/home/mapping_ws_auto/src/mapcheck/logs', 'ROSLISP_PACKAGE_DIRECTORIES': '/home/mapping_ws_auto/devel/share/common-lisp', 'LD_LIBRARY_PATH': '/home/mapping_ws_auto/devel/lib:/opt/ros/kinetic/lib:/opt/ros/kinetic/lib/x86_64-linux-gnu', 'USER': 'www-data', 'PATH': '/opt/ros/kinetic/bin:/usr/local/sbin:/usr/local/bin:/usr/sbin:/usr/bin:/sbin:/bin:/snap/bin', 'HOME': '/var/www', 'CMAKE_PREFIX_PATH': '/home/mapping_ws_auto/devel:/opt/ros/kinetic', 'ROS_LOG_FILENAME': '/home/mapping_ws_auto/src/mapcheck/logs/9c3dab9c-c72f-11ea-9f36-fa163e744ed0/roslaunch-hecs-x-xlarge-2-linux-20200707132053-22897.log', 'SHLVL': '1', 'HISTSIZE': '10000', 'ROS_HOME': '/home/.ros/', 'ROS_MASTER_URI': 'http://localhost:11311', 'ROS_PYTHON_VERSION': '2', 'PYTHONPATH': '/home/mapping_ws_auto/devel/lib/python2.7/dist-packages:/opt/ros/kinetic/lib/python2.7/dist-packages', 'ROS_ROOT': '/opt/ros/kinetic/share/ros', 'PKG_CONFIG_PATH': '/home/mapping_ws_auto/devel/lib/pkgconfig:/opt/ros/kinetic/lib/pkgconfig:/opt/ros/kinetic/lib/x86_64-linux-gnu/pkgconfig', 'ROS_PACKAGE_PATH': '/home/mapping_ws_auto/src:/opt/ros/kinetic/share', '_': '/home/mapping_ws_auto/devel/lib/example_cpp/mysql', 'XDG_DATA_DIRS': '/usr/local/share:/usr/share:/var/lib/snapd/desktop', 'PWD': '/var/www/html/maptoolapi', 'ROS_ETC_DIR': '/opt/ros/kinetic/etc/ros', 'ROS_VERSION': '1'}]
[roslaunch][INFO] 2020-07-16 14:43:09,252: process[cloud_node2-13]: args[[u'/home/mapping_ws_auto/devel/lib/rslidar_pointcloud/cloud_node', u'rslidar_packets:=aa2', u'rslidar_points:=cc2', u'rslidar_packets_difop:=bb2', u'__name:=cloud_node2']]
[roslaunch][INFO] 2020-07-16 14:43:09,252: ... created process [cloud_node2-13]
[roslaunch.pmon][INFO] 2020-07-16 14:43:09,252: ProcessMonitor.register[cloud_node2-13]
[roslaunch.pmon][INFO] 2020-07-16 14:43:09,252: ProcessMonitor.register[cloud_node2-13] complete
[roslaunch][INFO] 2020-07-16 14:43:09,252: ... registered process [cloud_node2-13]
[roslaunch][INFO] 2020-07-16 14:43:09,252: process[cloud_node2-13]: starting os process
[roslaunch][INFO] 2020-07-16 14:43:09,253: process[cloud_node2-13]: start w/ args [[u'/home/mapping_ws_auto/devel/lib/rslidar_pointcloud/cloud_node', u'rslidar_packets:=aa2', u'rslidar_points:=cc2', u'rslidar_packets_difop:=bb2', u'__name:=cloud_node2', u'__log:=/home/mapping_ws_auto/src/mapcheck/logs/9c3dab9c-c72f-11ea-9f36-fa163e744ed0/cloud_node2-13.log']]
[roslaunch][INFO] 2020-07-16 14:43:09,253: process[cloud_node2-13]: cwd will be [/home/.ros/]
[roslaunch][INFO] 2020-07-16 14:43:09,255: process[cloud_node2-13]: started with pid [22989]
[roslaunch][INFO] 2020-07-16 14:43:09,256: ... successfully launched [cloud_node2-13]
[roslaunch][INFO] 2020-07-16 14:43:09,256: ... launch_nodes complete
[roslaunch.pmon][INFO] 2020-07-16 14:43:09,256: registrations completed <ProcessMonitor(ProcessMonitor-1, started daemon 139767066081024)>
[roslaunch.parent][INFO] 2020-07-16 14:43:09,256: ... roslaunch parent running, waiting for process exit
[roslaunch][INFO] 2020-07-16 14:43:09,256: spin
[roslaunch][ERROR] 2020-07-16 14:43:09,404: [rviz-3] process has died [pid 22955, exit code -6, cmd /opt/ros/kinetic/lib/rviz/rviz -d /home/mapping_ws_auto/src/av-3dmapping-auto/LeGO-LOAM/launch/test.rviz __name:=rviz __log:=/home/mapping_ws_auto/src/mapcheck/logs/9c3dab9c-c72f-11ea-9f36-fa163e744ed0/rviz-3.log].
log file: /home/mapping_ws_auto/src/mapcheck/logs/9c3dab9c-c72f-11ea-9f36-fa163e744ed0/rviz-3*.log
[roslaunch.pmon][INFO] 2020-07-16 14:43:09,404: ProcessMonitor.unregister[rviz-3] starting
[roslaunch.pmon][INFO] 2020-07-16 14:43:09,404: ProcessMonitor.unregister[rviz-3] complete
[roslaunch][ERROR] 2020-07-16 14:43:35,257: ================================================================================REQUIRED process [mapOptmization-9] has died!
process has finished cleanly
log file: /home/mapping_ws_auto/src/mapcheck/logs/9c3dab9c-c72f-11ea-9f36-fa163e744ed0/mapOptmization-9*.log
Initiating shutdown!
================================================================================
[roslaunch.pmon][INFO] 2020-07-16 14:43:35,357: ProcessMonitor._post_run <ProcessMonitor(ProcessMonitor-1, started daemon 139767066081024)>
[roslaunch.pmon][INFO] 2020-07-16 14:43:35,358: ProcessMonitor._post_run <ProcessMonitor(ProcessMonitor-1, started daemon 139767066081024)>: remaining procs are [<roslaunch.nodeprocess.LocalProcess object at 0x7f1e0e74f410>, <roslaunch.nodeprocess.LocalProcess object at 0x7f1e0e74f850>, <roslaunch.nodeprocess.LocalProcess object at 0x7f1e0ccbf410>, <roslaunch.nodeprocess.LocalProcess object at 0x7f1e0ccbf350>, <roslaunch.nodeprocess.LocalProcess object at 0x7f1e0ccbf5d0>, <roslaunch.nodeprocess.LocalProcess object at 0x7f1e0ccbf250>, <roslaunch.nodeprocess.LocalProcess object at 0x7f1e0ccbf610>, <roslaunch.nodeprocess.LocalProcess object at 0x7f1e0ccbf750>, <roslaunch.nodeprocess.LocalProcess object at 0x7f1e0ccbf510>, <roslaunch.nodeprocess.LocalProcess object at 0x7f1e0ccbf710>, <roslaunch.nodeprocess.LocalProcess object at 0x7f1e0ccbf850>, <roslaunch.nodeprocess.LocalProcess object at 0x7f1e0ccbfa10>, <roslaunch.nodeprocess.LocalProcess object at 0x7f1e0ccbfa50>]
[roslaunch.pmon][INFO] 2020-07-16 14:43:35,358: ProcessMonitor exit: killing cloud_node2-13
[roslaunch][INFO] 2020-07-16 14:43:35,358: [cloud_node2-13] killing on exit
[roslaunch.pmon][INFO] 2020-07-16 14:43:35,359: ProcessMonitor exit: killing cloud_node1-12
[roslaunch][INFO] 2020-07-16 14:43:35,359: process[cloud_node2-13]: killing os process with pid[22989] pgid[22989]
[roslaunch][INFO] 2020-07-16 14:43:35,359: [cloud_node1-12] killing on exit
[roslaunch][INFO] 2020-07-16 14:43:35,360: process[cloud_node1-12]: killing os process with pid[22986] pgid[22986]
[roslaunch][INFO] 2020-07-16 14:43:35,359: [cloud_node2-13] sending SIGINT to pgid [22989]
[roslaunch.pmon][INFO] 2020-07-16 14:43:35,360: ProcessMonitor exit: killing transformFusion-10
[roslaunch][INFO] 2020-07-16 14:43:35,360: [cloud_node1-12] sending SIGINT to pgid [22986]
[roslaunch.pmon][INFO] 2020-07-16 14:43:35,359: ProcessMonitor exit: killing cloud_node-11
[roslaunch.pmon][INFO] 2020-07-16 14:43:35,360: ProcessMonitor exit: killing featureAssociation-8
[roslaunch][INFO] 2020-07-16 14:43:35,361: [featureAssociation-8] killing on exit
[roslaunch][INFO] 2020-07-16 14:43:35,360: [cloud_node2-13] sent SIGINT to pgid [22989]
[roslaunch][INFO] 2020-07-16 14:43:35,360: [transformFusion-10] killing on exit
[roslaunch][INFO] 2020-07-16 14:43:35,361: [cloud_node1-12] sent SIGINT to pgid [22986]
[roslaunch.pmon][INFO] 2020-07-16 14:43:35,361: ProcessMonitor exit: killing combineLidars-7
[roslaunch.pmon][INFO] 2020-07-16 14:43:35,361: ProcessMonitor exit: killing imageProjection-6
[roslaunch][INFO] 2020-07-16 14:43:35,361: [cloud_node-11] killing on exit
[roslaunch.pmon][INFO] 2020-07-16 14:43:35,361: ProcessMonitor exit: killing base_link_to_camera-5
[roslaunch.pmon][INFO] 2020-07-16 14:43:35,360: ProcessMonitor exit: killing mapOptmization-9
[roslaunch.pmon][INFO] 2020-07-16 14:43:35,361: ProcessMonitor exit: killing camera_init_to_map-4
[roslaunch][INFO] 2020-07-16 14:43:35,362: process[featureAssociation-8]: killing os process with pid[22977] pgid[22977]
[roslaunch][INFO] 2020-07-16 14:43:35,362: process[transformFusion-10]: killing os process with pid[22981] pgid[22981]
[roslaunch][INFO] 2020-07-16 14:43:35,362: [combineLidars-7] killing on exit
[roslaunch][INFO] 2020-07-16 14:43:35,362: [imageProjection-6] killing on exit
[roslaunch][INFO] 2020-07-16 14:43:35,362: process[cloud_node-11]: killing os process with pid[22983] pgid[22983]
[roslaunch][INFO] 2020-07-16 14:43:35,362: [base_link_to_camera-5] killing on exit
[roslaunch][INFO] 2020-07-16 14:43:35,362: [mapOptmization-9] killing on exit
[roslaunch][INFO] 2020-07-16 14:43:35,363: [camera_init_to_map-4] killing on exit
[roslaunch][INFO] 2020-07-16 14:43:35,363: [featureAssociation-8] sending SIGINT to pgid [22977]
[roslaunch][INFO] 2020-07-16 14:43:35,363: [transformFusion-10] sending SIGINT to pgid [22981]
[roslaunch][INFO] 2020-07-16 14:43:35,363: process[combineLidars-7]: killing os process with pid[22968] pgid[22968]
[roslaunch][INFO] 2020-07-16 14:43:35,363: process[imageProjection-6]: killing os process with pid[22966] pgid[22966]
[roslaunch][INFO] 2020-07-16 14:43:35,363: [cloud_node-11] sending SIGINT to pgid [22983]
[roslaunch][INFO] 2020-07-16 14:43:35,363: process[base_link_to_camera-5]: killing os process with pid[22963] pgid[22963]
[roslaunch.pmon][INFO] 2020-07-16 14:43:35,363: ProcessMonitor exit: killing player-2
[roslaunch][INFO] 2020-07-16 14:43:35,364: process[camera_init_to_map-4]: killing os process with pid[22957] pgid[22957]
[roslaunch][INFO] 2020-07-16 14:43:35,364: [featureAssociation-8] sent SIGINT to pgid [22977]
[roslaunch][INFO] 2020-07-16 14:43:35,364: [transformFusion-10] sent SIGINT to pgid [22981]
[roslaunch][INFO] 2020-07-16 14:43:35,364: [combineLidars-7] sending SIGINT to pgid [22968]
[roslaunch][INFO] 2020-07-16 14:43:35,364: [imageProjection-6] sending SIGINT to pgid [22966]
[roslaunch][INFO] 2020-07-16 14:43:35,364: [cloud_node-11] sent SIGINT to pgid [22983]
[roslaunch][INFO] 2020-07-16 14:43:35,364: [base_link_to_camera-5] sending SIGINT to pgid [22963]
[roslaunch][INFO] 2020-07-16 14:43:35,364: [player-2] killing on exit
[roslaunch][INFO] 2020-07-16 14:43:35,364: [camera_init_to_map-4] sending SIGINT to pgid [22957]
[roslaunch][INFO] 2020-07-16 14:43:35,365: [combineLidars-7] sent SIGINT to pgid [22968]
[roslaunch][INFO] 2020-07-16 14:43:35,365: [imageProjection-6] sent SIGINT to pgid [22966]
[roslaunch][INFO] 2020-07-16 14:43:35,365: [base_link_to_camera-5] sent SIGINT to pgid [22963]
[roslaunch][INFO] 2020-07-16 14:43:35,365: process[player-2]: killing os process with pid[22954] pgid[22954]
[roslaunch][INFO] 2020-07-16 14:43:35,365: [camera_init_to_map-4] sent SIGINT to pgid [22957]
[roslaunch][INFO] 2020-07-16 14:43:35,365: [player-2] sending SIGINT to pgid [22954]
[roslaunch][INFO] 2020-07-16 14:43:35,366: [player-2] sent SIGINT to pgid [22954]
[roslaunch][INFO] 2020-07-16 14:43:35,969: process[player-2]: SIGINT killed with return value 0
[roslaunch][INFO] 2020-07-16 14:43:35,971: process[base_link_to_camera-5]: SIGINT killed with return value 0
[roslaunch][INFO] 2020-07-16 14:43:35,988: process[camera_init_to_map-4]: SIGINT killed with return value 0
[roslaunch][INFO] 2020-07-16 14:43:36,065: process[transformFusion-10]: SIGINT killed with return value 0
[roslaunch][INFO] 2020-07-16 14:43:36,163: process[cloud_node2-13]: SIGINT killed with return value 0
[roslaunch][INFO] 2020-07-16 14:43:36,163: process[cloud_node1-12]: SIGINT killed with return value 0
[roslaunch][INFO] 2020-07-16 14:43:36,166: process[cloud_node-11]: SIGINT killed with return value 0
[roslaunch][INFO] 2020-07-16 14:43:36,269: process[imageProjection-6]: SIGINT killed with return value 0
[roslaunch][INFO] 2020-07-16 14:43:36,270: process[featureAssociation-8]: SIGINT killed with return value 0
[roslaunch][INFO] 2020-07-16 14:43:36,271: process[combineLidars-7]: SIGINT killed with return value 0
[roslaunch.pmon][INFO] 2020-07-16 14:43:36,271: ProcessMonitor exit: killing rosout-1
[roslaunch][INFO] 2020-07-16 14:43:36,271: [rosout-1] killing on exit
[roslaunch][INFO] 2020-07-16 14:43:36,271: process[rosout-1]: killing os process with pid[22930] pgid[22930]
[roslaunch][INFO] 2020-07-16 14:43:36,271: [rosout-1] sending SIGINT to pgid [22930]
[roslaunch][INFO] 2020-07-16 14:43:36,271: [rosout-1] sent SIGINT to pgid [22930]
[roslaunch][INFO] 2020-07-16 14:43:36,472: process[rosout-1]: SIGINT killed with return value 0
[roslaunch.pmon][INFO] 2020-07-16 14:43:36,472: ProcessMonitor exit: killing master
[roslaunch][INFO] 2020-07-16 14:43:36,472: [master] killing on exit
[roslaunch][INFO] 2020-07-16 14:43:36,472: process[master]: killing os process with pid[22917] pgid[22917]
[roslaunch][INFO] 2020-07-16 14:43:36,472: [master] sending SIGINT to pgid [22917]
[roslaunch][INFO] 2020-07-16 14:43:36,472: [master] sent SIGINT to pgid [22917]
[roslaunch][INFO] 2020-07-16 14:43:36,673: process[master]: SIGINT killed with return value 0
[roslaunch.pmon][INFO] 2020-07-16 14:43:36,673: ProcessMonitor exit: cleaning up data structures and signals
[roslaunch.pmon][INFO] 2020-07-16 14:43:36,673: ProcessMonitor exit: pmon has shutdown
[roslaunch][INFO] 2020-07-16 14:43:36,692: process monitor is done spinning, initiating full shutdown
[roslaunch][INFO] 2020-07-16 14:43:36,692: runner.stop()
[roslaunch][INFO] 2020-07-16 14:43:36,692: shutting down processing monitor...
[roslaunch][INFO] 2020-07-16 14:43:36,692: shutting down processing monitor <ProcessMonitor(ProcessMonitor-1, stopped daemon 139767066081024)>
[roslaunch.pmon][INFO] 2020-07-16 14:43:36,692: ProcessMonitor.shutdown <ProcessMonitor(ProcessMonitor-1, stopped daemon 139767066081024)>
[roslaunch][INFO] 2020-07-16 14:43:36,692: ... shutting down processing monitor complete
[roslaunch][INFO] 2020-07-16 14:43:36,692: done
[roslaunch.pmon][INFO] 2020-07-16 14:43:36,692: ProcessMonitor.shutdown <ProcessMonitor(ProcessMonitor-1, stopped daemon 139767066081024)>
[rospy.core][INFO] 2020-07-16 14:43:36,693: signal_shutdown [atexit]
