[roslaunch][INFO] 2020-07-16 15:00:37,564: Checking log directory for disk usage. This may take awhile.
Press Ctrl-C to interrupt
[roslaunch][INFO] 2020-07-16 15:00:37,566: Done checking log file disk usage. Usage is <1GB.
[roslaunch][INFO] 2020-07-16 15:00:37,567: roslaunch starting with args ['/opt/ros/kinetic/bin/roslaunch', '/var/www/html/maptoolapi/uploads/file_material/20200716/8007458835f0c04ad6886d8093858589/set_arg_and_run_15948817723b1987a5514ef7e6.launch']
[roslaunch][INFO] 2020-07-16 15:00:37,567: roslaunch env is {'HISTTIMEFORMAT': '%F %T www-data ', 'ROS_DISTRO': 'kinetic', 'ROS_LOG_DIR': '/home/mapping_ws_auto/src/mapcheck/logs', 'ROSLISP_PACKAGE_DIRECTORIES': '/home/mapping_ws_auto/devel/share/common-lisp', 'USER': 'www-data', 'PATH': '/opt/ros/kinetic/bin:/usr/local/sbin:/usr/local/bin:/usr/sbin:/usr/bin:/sbin:/bin:/snap/bin', 'HOME': '/var/www', 'CMAKE_PREFIX_PATH': '/home/mapping_ws_auto/devel:/opt/ros/kinetic', 'LD_LIBRARY_PATH': '/home/mapping_ws_auto/devel/lib:/opt/ros/kinetic/lib:/opt/ros/kinetic/lib/x86_64-linux-gnu', 'ROS_LOG_FILENAME': '/home/mapping_ws_auto/src/mapcheck/logs/0d674150-c732-11ea-9f36-fa163e744ed0/roslaunch-hecs-x-xlarge-2-linux-20200707132053-25904.log', 'SHLVL': '1', 'HISTSIZE': '10000', 'ROS_HOME': '/home/.ros/', 'ROS_ETC_DIR': '/opt/ros/kinetic/etc/ros', 'ROS_PYTHON_VERSION': '2', 'PYTHONPATH': '/home/mapping_ws_auto/devel/lib/python2.7/dist-packages:/opt/ros/kinetic/lib/python2.7/dist-packages', 'ROS_ROOT': '/opt/ros/kinetic/share/ros', 'PKG_CONFIG_PATH': '/home/mapping_ws_auto/devel/lib/pkgconfig:/opt/ros/kinetic/lib/pkgconfig:/opt/ros/kinetic/lib/x86_64-linux-gnu/pkgconfig', 'ROS_PACKAGE_PATH': '/home/mapping_ws_auto/src:/opt/ros/kinetic/share', '_': '/home/mapping_ws_auto/devel/lib/mapcheck/mapgencheck', 'XDG_DATA_DIRS': '/usr/local/share:/usr/share:/var/lib/snapd/desktop', 'PWD': '/var/www/html/maptoolapi', 'ROS_MASTER_URI': 'http://localhost:11311', 'ROS_VERSION': '1'}
[roslaunch][INFO] 2020-07-16 15:00:37,567: starting in server mode
[roslaunch.parent][INFO] 2020-07-16 15:00:37,567: starting roslaunch parent run
[roslaunch][INFO] 2020-07-16 15:00:37,567: loading roscore config file /opt/ros/kinetic/etc/ros/roscore.xml
[roslaunch][INFO] 2020-07-16 15:00:37,802: Added core node of type [rosout/rosout] in namespace [/]
[roslaunch.config][INFO] 2020-07-16 15:00:37,802: loading config file /var/www/html/maptoolapi/uploads/file_material/20200716/8007458835f0c04ad6886d8093858589/set_arg_and_run_15948817723b1987a5514ef7e6.launch
[roslaunch][INFO] 2020-07-16 15:00:37,841: Added node of type [rosbag/play] in namespace [/]
[roslaunch][INFO] 2020-07-16 15:00:37,842: Added node of type [rviz/rviz] in namespace [/]
[roslaunch][INFO] 2020-07-16 15:00:37,843: Added node of type [tf/static_transform_publisher] in namespace [/]
[roslaunch][INFO] 2020-07-16 15:00:37,843: Added node of type [tf/static_transform_publisher] in namespace [/]
[roslaunch][INFO] 2020-07-16 15:00:37,844: Added node of type [lego_loam/imageProjection] in namespace [/]
[roslaunch][INFO] 2020-07-16 15:00:37,844: Added node of type [lego_loam/combineLidars] in namespace [/]
[roslaunch][INFO] 2020-07-16 15:00:37,845: Added node of type [lego_loam/featureAssociation] in namespace [/]
[roslaunch][INFO] 2020-07-16 15:00:37,846: Added node of type [lego_loam/mapOptmization] in namespace [/]
[roslaunch][INFO] 2020-07-16 15:00:37,847: Added node of type [lego_loam/transformFusion] in namespace [/]
[roslaunch][INFO] 2020-07-16 15:00:37,848: Added node of type [rslidar_pointcloud/cloud_node] in namespace [/]
[roslaunch][INFO] 2020-07-16 15:00:37,849: Added node of type [rslidar_pointcloud/cloud_node] in namespace [/]
[roslaunch][INFO] 2020-07-16 15:00:37,850: Added node of type [rslidar_pointcloud/cloud_node] in namespace [/]
[roslaunch][INFO] 2020-07-16 15:00:37,850: ... selected machine [] for node of type [rosbag/play]
[roslaunch][INFO] 2020-07-16 15:00:37,850: ... selected machine [] for node of type [rviz/rviz]
[roslaunch][INFO] 2020-07-16 15:00:37,850: ... selected machine [] for node of type [tf/static_transform_publisher]
[roslaunch][INFO] 2020-07-16 15:00:37,850: ... selected machine [] for node of type [tf/static_transform_publisher]
[roslaunch][INFO] 2020-07-16 15:00:37,850: ... selected machine [] for node of type [lego_loam/imageProjection]
[roslaunch][INFO] 2020-07-16 15:00:37,850: ... selected machine [] for node of type [lego_loam/combineLidars]
[roslaunch][INFO] 2020-07-16 15:00:37,850: ... selected machine [] for node of type [lego_loam/featureAssociation]
[roslaunch][INFO] 2020-07-16 15:00:37,850: ... selected machine [] for node of type [lego_loam/mapOptmization]
[roslaunch][INFO] 2020-07-16 15:00:37,850: ... selected machine [] for node of type [lego_loam/transformFusion]
[roslaunch][INFO] 2020-07-16 15:00:37,850: ... selected machine [] for node of type [rslidar_pointcloud/cloud_node]
[roslaunch][INFO] 2020-07-16 15:00:37,850: ... selected machine [] for node of type [rslidar_pointcloud/cloud_node]
[roslaunch][INFO] 2020-07-16 15:00:37,850: ... selected machine [] for node of type [rslidar_pointcloud/cloud_node]
[roslaunch.pmon][INFO] 2020-07-16 15:00:37,851: start_process_monitor: creating ProcessMonitor
[roslaunch.pmon][INFO] 2020-07-16 15:00:37,851: created process monitor <ProcessMonitor(ProcessMonitor-1, initial daemon)>
[roslaunch.pmon][INFO] 2020-07-16 15:00:37,851: start_process_monitor: ProcessMonitor started
[roslaunch.parent][INFO] 2020-07-16 15:00:37,851: starting parent XML-RPC server
[roslaunch.server][INFO] 2020-07-16 15:00:37,851: starting roslaunch XML-RPC server
[roslaunch.server][INFO] 2020-07-16 15:00:37,851: waiting for roslaunch XML-RPC server to initialize
[xmlrpc][INFO] 2020-07-16 15:00:37,851: XML-RPC server binding to 0.0.0.0:0
[xmlrpc][INFO] 2020-07-16 15:00:37,852: Started XML-RPC server [http://hecs-x-xlarge-2-linux-20200707132053:43507/]
[xmlrpc][INFO] 2020-07-16 15:00:37,852: xml rpc node: starting XML-RPC server
[roslaunch][INFO] 2020-07-16 15:00:37,863: started roslaunch server http://hecs-x-xlarge-2-linux-20200707132053:43507/
[roslaunch.parent][INFO] 2020-07-16 15:00:37,863: ... parent XML-RPC server started
[roslaunch][INFO] 2020-07-16 15:00:37,864: master.is_running[http://localhost:11311]
[roslaunch][INFO] 2020-07-16 15:00:37,864: auto-starting new master
[roslaunch][INFO] 2020-07-16 15:00:37,864: create_master_process: rosmaster, /opt/ros/kinetic/share/ros, 11311, 3, None
[roslaunch][INFO] 2020-07-16 15:00:37,864: process[master]: launching with args [['rosmaster', '--core', '-p', '11311', '-w', '3']]
[roslaunch.pmon][INFO] 2020-07-16 15:00:37,864: ProcessMonitor.register[master]
[roslaunch.pmon][INFO] 2020-07-16 15:00:37,865: ProcessMonitor.register[master] complete
[roslaunch][INFO] 2020-07-16 15:00:37,865: process[master]: starting os process
[roslaunch][INFO] 2020-07-16 15:00:37,865: process[master]: start w/ args [['rosmaster', '--core', '-p', '11311', '-w', '3', '__log:=/home/mapping_ws_auto/src/mapcheck/logs/0d674150-c732-11ea-9f36-fa163e744ed0/master.log']]
[roslaunch][INFO] 2020-07-16 15:00:37,865: process[master]: cwd will be [/home/.ros/]
[roslaunch][INFO] 2020-07-16 15:00:37,867: process[master]: started with pid [25914]
[roslaunch][INFO] 2020-07-16 15:00:37,867: master.is_running[http://localhost:11311]
[roslaunch][INFO] 2020-07-16 15:00:37,968: master.is_running[http://localhost:11311]
[roslaunch][INFO] 2020-07-16 15:00:38,068: master.is_running[http://localhost:11311]
[roslaunch][INFO] 2020-07-16 15:00:38,072: master.is_running[http://localhost:11311]
[roslaunch][INFO] 2020-07-16 15:00:38,073: ROS_MASTER_URI=http://localhost:11311
[roslaunch][INFO] 2020-07-16 15:00:38,074: setting /run_id to 0d674150-c732-11ea-9f36-fa163e744ed0
[roslaunch][INFO] 2020-07-16 15:00:38,075: setting /roslaunch/uris/host_hecs_x_xlarge_2_linux_20200707132053__43507' to http://hecs-x-xlarge-2-linux-20200707132053:43507/
[roslaunch][INFO] 2020-07-16 15:00:38,077: ... preparing to launch node of type [rosout/rosout]
[roslaunch][INFO] 2020-07-16 15:00:38,077: create_node_process: package[rosout] type[rosout] machine[Machine(name[] env_loader[None] address[localhost] ssh_port[22] user[None] assignable[True] timeout[10.0])] master_uri[http://localhost:11311]
[roslaunch][INFO] 2020-07-16 15:00:38,077: process[rosout-1]: env[{'HISTTIMEFORMAT': '%F %T www-data ', 'ROS_DISTRO': 'kinetic', 'ROS_LOG_DIR': '/home/mapping_ws_auto/src/mapcheck/logs', 'ROSLISP_PACKAGE_DIRECTORIES': '/home/mapping_ws_auto/devel/share/common-lisp', 'LD_LIBRARY_PATH': '/home/mapping_ws_auto/devel/lib:/opt/ros/kinetic/lib:/opt/ros/kinetic/lib/x86_64-linux-gnu', 'USER': 'www-data', 'PATH': '/opt/ros/kinetic/bin:/usr/local/sbin:/usr/local/bin:/usr/sbin:/usr/bin:/sbin:/bin:/snap/bin', 'HOME': '/var/www', 'CMAKE_PREFIX_PATH': '/home/mapping_ws_auto/devel:/opt/ros/kinetic', 'ROS_LOG_FILENAME': '/home/mapping_ws_auto/src/mapcheck/logs/0d674150-c732-11ea-9f36-fa163e744ed0/roslaunch-hecs-x-xlarge-2-linux-20200707132053-25904.log', 'SHLVL': '1', 'HISTSIZE': '10000', 'ROS_HOME': '/home/.ros/', 'ROS_MASTER_URI': 'http://localhost:11311', 'ROS_PYTHON_VERSION': '2', 'PYTHONPATH': '/home/mapping_ws_auto/devel/lib/python2.7/dist-packages:/opt/ros/kinetic/lib/python2.7/dist-packages', 'ROS_ROOT': '/opt/ros/kinetic/share/ros', 'PKG_CONFIG_PATH': '/home/mapping_ws_auto/devel/lib/pkgconfig:/opt/ros/kinetic/lib/pkgconfig:/opt/ros/kinetic/lib/x86_64-linux-gnu/pkgconfig', 'ROS_PACKAGE_PATH': '/home/mapping_ws_auto/src:/opt/ros/kinetic/share', '_': '/home/mapping_ws_auto/devel/lib/mapcheck/mapgencheck', 'XDG_DATA_DIRS': '/usr/local/share:/usr/share:/var/lib/snapd/desktop', 'PWD': '/var/www/html/maptoolapi', 'ROS_ETC_DIR': '/opt/ros/kinetic/etc/ros', 'ROS_VERSION': '1'}]
[roslaunch][INFO] 2020-07-16 15:00:38,113: process[rosout-1]: args[[u'/opt/ros/kinetic/lib/rosout/rosout', u'__name:=rosout']]
[roslaunch][INFO] 2020-07-16 15:00:38,113: ... created process [rosout-1]
[roslaunch.pmon][INFO] 2020-07-16 15:00:38,113: ProcessMonitor.register[rosout-1]
[roslaunch.pmon][INFO] 2020-07-16 15:00:38,114: ProcessMonitor.register[rosout-1] complete
[roslaunch][INFO] 2020-07-16 15:00:38,114: ... registered process [rosout-1]
[roslaunch][INFO] 2020-07-16 15:00:38,114: process[rosout-1]: starting os process
[roslaunch][INFO] 2020-07-16 15:00:38,114: process[rosout-1]: start w/ args [[u'/opt/ros/kinetic/lib/rosout/rosout', u'__name:=rosout', u'__log:=/home/mapping_ws_auto/src/mapcheck/logs/0d674150-c732-11ea-9f36-fa163e744ed0/rosout-1.log']]
[roslaunch][INFO] 2020-07-16 15:00:38,114: process[rosout-1]: cwd will be [/home/.ros/]
[roslaunch][INFO] 2020-07-16 15:00:38,116: process[rosout-1]: started with pid [25927]
[roslaunch][INFO] 2020-07-16 15:00:38,116: ... successfully launched [rosout-1]
[roslaunch][INFO] 2020-07-16 15:00:38,117: load_parameters starting ...
[roslaunch][INFO] 2020-07-16 15:00:38,133: ... load_parameters complete
[roslaunch][INFO] 2020-07-16 15:00:38,133: launch_nodes: launching local nodes ...
[roslaunch][INFO] 2020-07-16 15:00:38,134: ... preparing to launch node of type [rosbag/play]
[roslaunch][INFO] 2020-07-16 15:00:38,134: create_node_process: package[rosbag] type[play] machine[Machine(name[] env_loader[None] address[localhost] ssh_port[22] user[None] assignable[True] timeout[10.0])] master_uri[http://localhost:11311]
[roslaunch][INFO] 2020-07-16 15:00:38,134: process[player-2]: env[{'HISTTIMEFORMAT': '%F %T www-data ', 'ROS_DISTRO': 'kinetic', 'ROS_LOG_DIR': '/home/mapping_ws_auto/src/mapcheck/logs', 'ROSLISP_PACKAGE_DIRECTORIES': '/home/mapping_ws_auto/devel/share/common-lisp', 'LD_LIBRARY_PATH': '/home/mapping_ws_auto/devel/lib:/opt/ros/kinetic/lib:/opt/ros/kinetic/lib/x86_64-linux-gnu', 'USER': 'www-data', 'PATH': '/opt/ros/kinetic/bin:/usr/local/sbin:/usr/local/bin:/usr/sbin:/usr/bin:/sbin:/bin:/snap/bin', 'HOME': '/var/www', 'CMAKE_PREFIX_PATH': '/home/mapping_ws_auto/devel:/opt/ros/kinetic', 'ROS_LOG_FILENAME': '/home/mapping_ws_auto/src/mapcheck/logs/0d674150-c732-11ea-9f36-fa163e744ed0/roslaunch-hecs-x-xlarge-2-linux-20200707132053-25904.log', 'SHLVL': '1', 'HISTSIZE': '10000', 'ROS_HOME': '/home/.ros/', 'ROS_MASTER_URI': 'http://localhost:11311', 'ROS_PYTHON_VERSION': '2', 'PYTHONPATH': '/home/mapping_ws_auto/devel/lib/python2.7/dist-packages:/opt/ros/kinetic/lib/python2.7/dist-packages', 'ROS_ROOT': '/opt/ros/kinetic/share/ros', 'PKG_CONFIG_PATH': '/home/mapping_ws_auto/devel/lib/pkgconfig:/opt/ros/kinetic/lib/pkgconfig:/opt/ros/kinetic/lib/x86_64-linux-gnu/pkgconfig', 'ROS_PACKAGE_PATH': '/home/mapping_ws_auto/src:/opt/ros/kinetic/share', '_': '/home/mapping_ws_auto/devel/lib/mapcheck/mapgencheck', 'XDG_DATA_DIRS': '/usr/local/share:/usr/share:/var/lib/snapd/desktop', 'PWD': '/var/www/html/maptoolapi', 'ROS_ETC_DIR': '/opt/ros/kinetic/etc/ros', 'ROS_VERSION': '1'}]
[roslaunch][INFO] 2020-07-16 15:00:38,135: process[player-2]: args[[u'/opt/ros/kinetic/lib/rosbag/play', '--clock', '-k', '/var/www/html/maptoolapi/uploads/file_material/20200716/8007458835f0c04ad6886d8093858589/15948817723b1987a5514ef7e6.bag', u'__name:=player']]
[roslaunch][INFO] 2020-07-16 15:00:38,135: ... created process [player-2]
[roslaunch.pmon][INFO] 2020-07-16 15:00:38,135: ProcessMonitor.register[player-2]
[roslaunch.pmon][INFO] 2020-07-16 15:00:38,135: ProcessMonitor.register[player-2] complete
[roslaunch][INFO] 2020-07-16 15:00:38,135: ... registered process [player-2]
[roslaunch][INFO] 2020-07-16 15:00:38,135: process[player-2]: starting os process
[roslaunch][INFO] 2020-07-16 15:00:38,135: process[player-2]: start w/ args [[u'/opt/ros/kinetic/lib/rosbag/play', '--clock', '-k', '/var/www/html/maptoolapi/uploads/file_material/20200716/8007458835f0c04ad6886d8093858589/15948817723b1987a5514ef7e6.bag', u'__name:=player', u'__log:=/home/mapping_ws_auto/src/mapcheck/logs/0d674150-c732-11ea-9f36-fa163e744ed0/player-2.log']]
[roslaunch][INFO] 2020-07-16 15:00:38,135: process[player-2]: cwd will be [/home/.ros/]
[roslaunch][INFO] 2020-07-16 15:00:38,137: process[player-2]: started with pid [25951]
[roslaunch][INFO] 2020-07-16 15:00:38,137: ... successfully launched [player-2]
[roslaunch][INFO] 2020-07-16 15:00:38,138: ... preparing to launch node of type [rviz/rviz]
[roslaunch][INFO] 2020-07-16 15:00:38,138: create_node_process: package[rviz] type[rviz] machine[Machine(name[] env_loader[None] address[localhost] ssh_port[22] user[None] assignable[True] timeout[10.0])] master_uri[http://localhost:11311]
[roslaunch][INFO] 2020-07-16 15:00:38,138: process[rviz-3]: env[{'HISTTIMEFORMAT': '%F %T www-data ', 'ROS_DISTRO': 'kinetic', 'ROS_LOG_DIR': '/home/mapping_ws_auto/src/mapcheck/logs', 'ROSLISP_PACKAGE_DIRECTORIES': '/home/mapping_ws_auto/devel/share/common-lisp', 'LD_LIBRARY_PATH': '/home/mapping_ws_auto/devel/lib:/opt/ros/kinetic/lib:/opt/ros/kinetic/lib/x86_64-linux-gnu', 'USER': 'www-data', 'PATH': '/opt/ros/kinetic/bin:/usr/local/sbin:/usr/local/bin:/usr/sbin:/usr/bin:/sbin:/bin:/snap/bin', 'HOME': '/var/www', 'CMAKE_PREFIX_PATH': '/home/mapping_ws_auto/devel:/opt/ros/kinetic', 'ROS_LOG_FILENAME': '/home/mapping_ws_auto/src/mapcheck/logs/0d674150-c732-11ea-9f36-fa163e744ed0/roslaunch-hecs-x-xlarge-2-linux-20200707132053-25904.log', 'SHLVL': '1', 'HISTSIZE': '10000', 'ROS_HOME': '/home/.ros/', 'ROS_MASTER_URI': 'http://localhost:11311', 'ROS_PYTHON_VERSION': '2', 'PYTHONPATH': '/home/mapping_ws_auto/devel/lib/python2.7/dist-packages:/opt/ros/kinetic/lib/python2.7/dist-packages', 'ROS_ROOT': '/opt/ros/kinetic/share/ros', 'PKG_CONFIG_PATH': '/home/mapping_ws_auto/devel/lib/pkgconfig:/opt/ros/kinetic/lib/pkgconfig:/opt/ros/kinetic/lib/x86_64-linux-gnu/pkgconfig', 'ROS_PACKAGE_PATH': '/home/mapping_ws_auto/src:/opt/ros/kinetic/share', '_': '/home/mapping_ws_auto/devel/lib/mapcheck/mapgencheck', 'XDG_DATA_DIRS': '/usr/local/share:/usr/share:/var/lib/snapd/desktop', 'PWD': '/var/www/html/maptoolapi', 'ROS_ETC_DIR': '/opt/ros/kinetic/etc/ros', 'ROS_VERSION': '1'}]
[roslaunch][INFO] 2020-07-16 15:00:38,140: process[rviz-3]: args[[u'/opt/ros/kinetic/lib/rviz/rviz', '-d', '/home/mapping_ws_auto/src/av-3dmapping-auto/LeGO-LOAM/launch/test.rviz', u'__name:=rviz']]
[roslaunch][INFO] 2020-07-16 15:00:38,140: ... created process [rviz-3]
[roslaunch.pmon][INFO] 2020-07-16 15:00:38,140: ProcessMonitor.register[rviz-3]
[roslaunch.pmon][INFO] 2020-07-16 15:00:38,140: ProcessMonitor.register[rviz-3] complete
[roslaunch][INFO] 2020-07-16 15:00:38,140: ... registered process [rviz-3]
[roslaunch][INFO] 2020-07-16 15:00:38,140: process[rviz-3]: starting os process
[roslaunch][INFO] 2020-07-16 15:00:38,140: process[rviz-3]: start w/ args [[u'/opt/ros/kinetic/lib/rviz/rviz', '-d', '/home/mapping_ws_auto/src/av-3dmapping-auto/LeGO-LOAM/launch/test.rviz', u'__name:=rviz', u'__log:=/home/mapping_ws_auto/src/mapcheck/logs/0d674150-c732-11ea-9f36-fa163e744ed0/rviz-3.log']]
[roslaunch][INFO] 2020-07-16 15:00:38,140: process[rviz-3]: cwd will be [/home/.ros/]
[roslaunch][INFO] 2020-07-16 15:00:38,142: process[rviz-3]: started with pid [25952]
[roslaunch][INFO] 2020-07-16 15:00:38,143: ... successfully launched [rviz-3]
[roslaunch][INFO] 2020-07-16 15:00:38,143: ... preparing to launch node of type [tf/static_transform_publisher]
[roslaunch][INFO] 2020-07-16 15:00:38,143: create_node_process: package[tf] type[static_transform_publisher] machine[Machine(name[] env_loader[None] address[localhost] ssh_port[22] user[None] assignable[True] timeout[10.0])] master_uri[http://localhost:11311]
[roslaunch][INFO] 2020-07-16 15:00:38,143: process[camera_init_to_map-4]: env[{'HISTTIMEFORMAT': '%F %T www-data ', 'ROS_DISTRO': 'kinetic', 'ROS_LOG_DIR': '/home/mapping_ws_auto/src/mapcheck/logs', 'ROSLISP_PACKAGE_DIRECTORIES': '/home/mapping_ws_auto/devel/share/common-lisp', 'LD_LIBRARY_PATH': '/home/mapping_ws_auto/devel/lib:/opt/ros/kinetic/lib:/opt/ros/kinetic/lib/x86_64-linux-gnu', 'USER': 'www-data', 'PATH': '/opt/ros/kinetic/bin:/usr/local/sbin:/usr/local/bin:/usr/sbin:/usr/bin:/sbin:/bin:/snap/bin', 'HOME': '/var/www', 'CMAKE_PREFIX_PATH': '/home/mapping_ws_auto/devel:/opt/ros/kinetic', 'ROS_LOG_FILENAME': '/home/mapping_ws_auto/src/mapcheck/logs/0d674150-c732-11ea-9f36-fa163e744ed0/roslaunch-hecs-x-xlarge-2-linux-20200707132053-25904.log', 'SHLVL': '1', 'HISTSIZE': '10000', 'ROS_HOME': '/home/.ros/', 'ROS_MASTER_URI': 'http://localhost:11311', 'ROS_PYTHON_VERSION': '2', 'PYTHONPATH': '/home/mapping_ws_auto/devel/lib/python2.7/dist-packages:/opt/ros/kinetic/lib/python2.7/dist-packages', 'ROS_ROOT': '/opt/ros/kinetic/share/ros', 'PKG_CONFIG_PATH': '/home/mapping_ws_auto/devel/lib/pkgconfig:/opt/ros/kinetic/lib/pkgconfig:/opt/ros/kinetic/lib/x86_64-linux-gnu/pkgconfig', 'ROS_PACKAGE_PATH': '/home/mapping_ws_auto/src:/opt/ros/kinetic/share', '_': '/home/mapping_ws_auto/devel/lib/mapcheck/mapgencheck', 'XDG_DATA_DIRS': '/usr/local/share:/usr/share:/var/lib/snapd/desktop', 'PWD': '/var/www/html/maptoolapi', 'ROS_ETC_DIR': '/opt/ros/kinetic/etc/ros', 'ROS_VERSION': '1'}]
[roslaunch][INFO] 2020-07-16 15:00:38,144: process[camera_init_to_map-4]: args[[u'/opt/ros/kinetic/lib/tf/static_transform_publisher', '0', '0', '0', '1.570795', '0', '1.570795', '/map', '/camera_init', '10', u'__name:=camera_init_to_map']]
[roslaunch][INFO] 2020-07-16 15:00:38,144: ... created process [camera_init_to_map-4]
[roslaunch.pmon][INFO] 2020-07-16 15:00:38,144: ProcessMonitor.register[camera_init_to_map-4]
[roslaunch.pmon][INFO] 2020-07-16 15:00:38,144: ProcessMonitor.register[camera_init_to_map-4] complete
[roslaunch][INFO] 2020-07-16 15:00:38,144: ... registered process [camera_init_to_map-4]
[roslaunch][INFO] 2020-07-16 15:00:38,144: process[camera_init_to_map-4]: starting os process
[roslaunch][INFO] 2020-07-16 15:00:38,144: process[camera_init_to_map-4]: start w/ args [[u'/opt/ros/kinetic/lib/tf/static_transform_publisher', '0', '0', '0', '1.570795', '0', '1.570795', '/map', '/camera_init', '10', u'__name:=camera_init_to_map', u'__log:=/home/mapping_ws_auto/src/mapcheck/logs/0d674150-c732-11ea-9f36-fa163e744ed0/camera_init_to_map-4.log']]
[roslaunch][INFO] 2020-07-16 15:00:38,144: process[camera_init_to_map-4]: cwd will be [/home/.ros/]
[roslaunch][INFO] 2020-07-16 15:00:38,146: process[camera_init_to_map-4]: started with pid [25957]
[roslaunch][INFO] 2020-07-16 15:00:38,146: ... successfully launched [camera_init_to_map-4]
[roslaunch][INFO] 2020-07-16 15:00:38,146: ... preparing to launch node of type [tf/static_transform_publisher]
[roslaunch][INFO] 2020-07-16 15:00:38,146: create_node_process: package[tf] type[static_transform_publisher] machine[Machine(name[] env_loader[None] address[localhost] ssh_port[22] user[None] assignable[True] timeout[10.0])] master_uri[http://localhost:11311]
[roslaunch][INFO] 2020-07-16 15:00:38,147: process[base_link_to_camera-5]: env[{'HISTTIMEFORMAT': '%F %T www-data ', 'ROS_DISTRO': 'kinetic', 'ROS_LOG_DIR': '/home/mapping_ws_auto/src/mapcheck/logs', 'ROSLISP_PACKAGE_DIRECTORIES': '/home/mapping_ws_auto/devel/share/common-lisp', 'LD_LIBRARY_PATH': '/home/mapping_ws_auto/devel/lib:/opt/ros/kinetic/lib:/opt/ros/kinetic/lib/x86_64-linux-gnu', 'USER': 'www-data', 'PATH': '/opt/ros/kinetic/bin:/usr/local/sbin:/usr/local/bin:/usr/sbin:/usr/bin:/sbin:/bin:/snap/bin', 'HOME': '/var/www', 'CMAKE_PREFIX_PATH': '/home/mapping_ws_auto/devel:/opt/ros/kinetic', 'ROS_LOG_FILENAME': '/home/mapping_ws_auto/src/mapcheck/logs/0d674150-c732-11ea-9f36-fa163e744ed0/roslaunch-hecs-x-xlarge-2-linux-20200707132053-25904.log', 'SHLVL': '1', 'HISTSIZE': '10000', 'ROS_HOME': '/home/.ros/', 'ROS_MASTER_URI': 'http://localhost:11311', 'ROS_PYTHON_VERSION': '2', 'PYTHONPATH': '/home/mapping_ws_auto/devel/lib/python2.7/dist-packages:/opt/ros/kinetic/lib/python2.7/dist-packages', 'ROS_ROOT': '/opt/ros/kinetic/share/ros', 'PKG_CONFIG_PATH': '/home/mapping_ws_auto/devel/lib/pkgconfig:/opt/ros/kinetic/lib/pkgconfig:/opt/ros/kinetic/lib/x86_64-linux-gnu/pkgconfig', 'ROS_PACKAGE_PATH': '/home/mapping_ws_auto/src:/opt/ros/kinetic/share', '_': '/home/mapping_ws_auto/devel/lib/mapcheck/mapgencheck', 'XDG_DATA_DIRS': '/usr/local/share:/usr/share:/var/lib/snapd/desktop', 'PWD': '/var/www/html/maptoolapi', 'ROS_ETC_DIR': '/opt/ros/kinetic/etc/ros', 'ROS_VERSION': '1'}]
[roslaunch][INFO] 2020-07-16 15:00:38,148: process[base_link_to_camera-5]: args[[u'/opt/ros/kinetic/lib/tf/static_transform_publisher', '0', '0', '0', '-1.570795', '-1.570795', '0', '/camera', '/base_link', '10', u'__name:=base_link_to_camera']]
[roslaunch][INFO] 2020-07-16 15:00:38,148: ... created process [base_link_to_camera-5]
[roslaunch.pmon][INFO] 2020-07-16 15:00:38,148: ProcessMonitor.register[base_link_to_camera-5]
[roslaunch.pmon][INFO] 2020-07-16 15:00:38,148: ProcessMonitor.register[base_link_to_camera-5] complete
[roslaunch][INFO] 2020-07-16 15:00:38,148: ... registered process [base_link_to_camera-5]
[roslaunch][INFO] 2020-07-16 15:00:38,148: process[base_link_to_camera-5]: starting os process
[roslaunch][INFO] 2020-07-16 15:00:38,148: process[base_link_to_camera-5]: start w/ args [[u'/opt/ros/kinetic/lib/tf/static_transform_publisher', '0', '0', '0', '-1.570795', '-1.570795', '0', '/camera', '/base_link', '10', u'__name:=base_link_to_camera', u'__log:=/home/mapping_ws_auto/src/mapcheck/logs/0d674150-c732-11ea-9f36-fa163e744ed0/base_link_to_camera-5.log']]
[roslaunch][INFO] 2020-07-16 15:00:38,149: process[base_link_to_camera-5]: cwd will be [/home/.ros/]
[roslaunch][INFO] 2020-07-16 15:00:38,151: process[base_link_to_camera-5]: started with pid [25968]
[roslaunch][INFO] 2020-07-16 15:00:38,151: ... successfully launched [base_link_to_camera-5]
[roslaunch][INFO] 2020-07-16 15:00:38,151: ... preparing to launch node of type [lego_loam/imageProjection]
[roslaunch][INFO] 2020-07-16 15:00:38,151: create_node_process: package[lego_loam] type[imageProjection] machine[Machine(name[] env_loader[None] address[localhost] ssh_port[22] user[None] assignable[True] timeout[10.0])] master_uri[http://localhost:11311]
[roslaunch][INFO] 2020-07-16 15:00:38,151: process[imageProjection-6]: env[{'HISTTIMEFORMAT': '%F %T www-data ', 'ROS_DISTRO': 'kinetic', 'ROS_LOG_DIR': '/home/mapping_ws_auto/src/mapcheck/logs', 'ROSLISP_PACKAGE_DIRECTORIES': '/home/mapping_ws_auto/devel/share/common-lisp', 'LD_LIBRARY_PATH': '/home/mapping_ws_auto/devel/lib:/opt/ros/kinetic/lib:/opt/ros/kinetic/lib/x86_64-linux-gnu', 'USER': 'www-data', 'PATH': '/opt/ros/kinetic/bin:/usr/local/sbin:/usr/local/bin:/usr/sbin:/usr/bin:/sbin:/bin:/snap/bin', 'HOME': '/var/www', 'CMAKE_PREFIX_PATH': '/home/mapping_ws_auto/devel:/opt/ros/kinetic', 'ROS_LOG_FILENAME': '/home/mapping_ws_auto/src/mapcheck/logs/0d674150-c732-11ea-9f36-fa163e744ed0/roslaunch-hecs-x-xlarge-2-linux-20200707132053-25904.log', 'SHLVL': '1', 'HISTSIZE': '10000', 'ROS_HOME': '/home/.ros/', 'ROS_MASTER_URI': 'http://localhost:11311', 'ROS_PYTHON_VERSION': '2', 'PYTHONPATH': '/home/mapping_ws_auto/devel/lib/python2.7/dist-packages:/opt/ros/kinetic/lib/python2.7/dist-packages', 'ROS_ROOT': '/opt/ros/kinetic/share/ros', 'PKG_CONFIG_PATH': '/home/mapping_ws_auto/devel/lib/pkgconfig:/opt/ros/kinetic/lib/pkgconfig:/opt/ros/kinetic/lib/x86_64-linux-gnu/pkgconfig', 'ROS_PACKAGE_PATH': '/home/mapping_ws_auto/src:/opt/ros/kinetic/share', '_': '/home/mapping_ws_auto/devel/lib/mapcheck/mapgencheck', 'XDG_DATA_DIRS': '/usr/local/share:/usr/share:/var/lib/snapd/desktop', 'PWD': '/var/www/html/maptoolapi', 'ROS_ETC_DIR': '/opt/ros/kinetic/etc/ros', 'ROS_VERSION': '1'}]
[roslaunch][INFO] 2020-07-16 15:00:38,152: process[imageProjection-6]: args[[u'/home/mapping_ws_auto/devel/lib/lego_loam/imageProjection', u'velodyne_points:=all_obstacles', u'__name:=imageProjection']]
[roslaunch][INFO] 2020-07-16 15:00:38,152: ... created process [imageProjection-6]
[roslaunch.pmon][INFO] 2020-07-16 15:00:38,152: ProcessMonitor.register[imageProjection-6]
[roslaunch.pmon][INFO] 2020-07-16 15:00:38,152: ProcessMonitor.register[imageProjection-6] complete
[roslaunch][INFO] 2020-07-16 15:00:38,152: ... registered process [imageProjection-6]
[roslaunch][INFO] 2020-07-16 15:00:38,152: process[imageProjection-6]: starting os process
[roslaunch][INFO] 2020-07-16 15:00:38,152: process[imageProjection-6]: start w/ args [[u'/home/mapping_ws_auto/devel/lib/lego_loam/imageProjection', u'velodyne_points:=all_obstacles', u'__name:=imageProjection', u'__log:=/home/mapping_ws_auto/src/mapcheck/logs/0d674150-c732-11ea-9f36-fa163e744ed0/imageProjection-6.log']]
[roslaunch][INFO] 2020-07-16 15:00:38,152: process[imageProjection-6]: cwd will be [/home/.ros/]
[roslaunch][INFO] 2020-07-16 15:00:38,154: process[imageProjection-6]: started with pid [25973]
[roslaunch][INFO] 2020-07-16 15:00:38,155: ... successfully launched [imageProjection-6]
[roslaunch][INFO] 2020-07-16 15:00:38,155: ... preparing to launch node of type [lego_loam/combineLidars]
[roslaunch][INFO] 2020-07-16 15:00:38,155: create_node_process: package[lego_loam] type[combineLidars] machine[Machine(name[] env_loader[None] address[localhost] ssh_port[22] user[None] assignable[True] timeout[10.0])] master_uri[http://localhost:11311]
[roslaunch][INFO] 2020-07-16 15:00:38,155: process[combineLidars-7]: env[{'HISTTIMEFORMAT': '%F %T www-data ', 'ROS_DISTRO': 'kinetic', 'ROS_LOG_DIR': '/home/mapping_ws_auto/src/mapcheck/logs', 'ROSLISP_PACKAGE_DIRECTORIES': '/home/mapping_ws_auto/devel/share/common-lisp', 'LD_LIBRARY_PATH': '/home/mapping_ws_auto/devel/lib:/opt/ros/kinetic/lib:/opt/ros/kinetic/lib/x86_64-linux-gnu', 'USER': 'www-data', 'PATH': '/opt/ros/kinetic/bin:/usr/local/sbin:/usr/local/bin:/usr/sbin:/usr/bin:/sbin:/bin:/snap/bin', 'HOME': '/var/www', 'CMAKE_PREFIX_PATH': '/home/mapping_ws_auto/devel:/opt/ros/kinetic', 'ROS_LOG_FILENAME': '/home/mapping_ws_auto/src/mapcheck/logs/0d674150-c732-11ea-9f36-fa163e744ed0/roslaunch-hecs-x-xlarge-2-linux-20200707132053-25904.log', 'SHLVL': '1', 'HISTSIZE': '10000', 'ROS_HOME': '/home/.ros/', 'ROS_MASTER_URI': 'http://localhost:11311', 'ROS_PYTHON_VERSION': '2', 'PYTHONPATH': '/home/mapping_ws_auto/devel/lib/python2.7/dist-packages:/opt/ros/kinetic/lib/python2.7/dist-packages', 'ROS_ROOT': '/opt/ros/kinetic/share/ros', 'PKG_CONFIG_PATH': '/home/mapping_ws_auto/devel/lib/pkgconfig:/opt/ros/kinetic/lib/pkgconfig:/opt/ros/kinetic/lib/x86_64-linux-gnu/pkgconfig', 'ROS_PACKAGE_PATH': '/home/mapping_ws_auto/src:/opt/ros/kinetic/share', '_': '/home/mapping_ws_auto/devel/lib/mapcheck/mapgencheck', 'XDG_DATA_DIRS': '/usr/local/share:/usr/share:/var/lib/snapd/desktop', 'PWD': '/var/www/html/maptoolapi', 'ROS_ETC_DIR': '/opt/ros/kinetic/etc/ros', 'ROS_VERSION': '1'}]
[roslaunch][INFO] 2020-07-16 15:00:38,156: process[combineLidars-7]: args[[u'/home/mapping_ws_auto/devel/lib/lego_loam/combineLidars', u'__name:=combineLidars']]
[roslaunch][INFO] 2020-07-16 15:00:38,156: ... created process [combineLidars-7]
[roslaunch.pmon][INFO] 2020-07-16 15:00:38,156: ProcessMonitor.register[combineLidars-7]
[roslaunch.pmon][INFO] 2020-07-16 15:00:38,156: ProcessMonitor.register[combineLidars-7] complete
[roslaunch][INFO] 2020-07-16 15:00:38,156: ... registered process [combineLidars-7]
[roslaunch][INFO] 2020-07-16 15:00:38,156: process[combineLidars-7]: starting os process
[roslaunch][INFO] 2020-07-16 15:00:38,156: process[combineLidars-7]: start w/ args [[u'/home/mapping_ws_auto/devel/lib/lego_loam/combineLidars', u'__name:=combineLidars', u'__log:=/home/mapping_ws_auto/src/mapcheck/logs/0d674150-c732-11ea-9f36-fa163e744ed0/combineLidars-7.log']]
[roslaunch][INFO] 2020-07-16 15:00:38,156: process[combineLidars-7]: cwd will be [/home/.ros/]
[roslaunch][INFO] 2020-07-16 15:00:38,158: process[combineLidars-7]: started with pid [25978]
[roslaunch][INFO] 2020-07-16 15:00:38,158: ... successfully launched [combineLidars-7]
[roslaunch][INFO] 2020-07-16 15:00:38,159: ... preparing to launch node of type [lego_loam/featureAssociation]
[roslaunch][INFO] 2020-07-16 15:00:38,159: create_node_process: package[lego_loam] type[featureAssociation] machine[Machine(name[] env_loader[None] address[localhost] ssh_port[22] user[None] assignable[True] timeout[10.0])] master_uri[http://localhost:11311]
[roslaunch][INFO] 2020-07-16 15:00:38,159: process[featureAssociation-8]: env[{'HISTTIMEFORMAT': '%F %T www-data ', 'ROS_DISTRO': 'kinetic', 'ROS_LOG_DIR': '/home/mapping_ws_auto/src/mapcheck/logs', 'ROSLISP_PACKAGE_DIRECTORIES': '/home/mapping_ws_auto/devel/share/common-lisp', 'LD_LIBRARY_PATH': '/home/mapping_ws_auto/devel/lib:/opt/ros/kinetic/lib:/opt/ros/kinetic/lib/x86_64-linux-gnu', 'USER': 'www-data', 'PATH': '/opt/ros/kinetic/bin:/usr/local/sbin:/usr/local/bin:/usr/sbin:/usr/bin:/sbin:/bin:/snap/bin', 'HOME': '/var/www', 'CMAKE_PREFIX_PATH': '/home/mapping_ws_auto/devel:/opt/ros/kinetic', 'ROS_LOG_FILENAME': '/home/mapping_ws_auto/src/mapcheck/logs/0d674150-c732-11ea-9f36-fa163e744ed0/roslaunch-hecs-x-xlarge-2-linux-20200707132053-25904.log', 'SHLVL': '1', 'HISTSIZE': '10000', 'ROS_HOME': '/home/.ros/', 'ROS_MASTER_URI': 'http://localhost:11311', 'ROS_PYTHON_VERSION': '2', 'PYTHONPATH': '/home/mapping_ws_auto/devel/lib/python2.7/dist-packages:/opt/ros/kinetic/lib/python2.7/dist-packages', 'ROS_ROOT': '/opt/ros/kinetic/share/ros', 'PKG_CONFIG_PATH': '/home/mapping_ws_auto/devel/lib/pkgconfig:/opt/ros/kinetic/lib/pkgconfig:/opt/ros/kinetic/lib/x86_64-linux-gnu/pkgconfig', 'ROS_PACKAGE_PATH': '/home/mapping_ws_auto/src:/opt/ros/kinetic/share', '_': '/home/mapping_ws_auto/devel/lib/mapcheck/mapgencheck', 'XDG_DATA_DIRS': '/usr/local/share:/usr/share:/var/lib/snapd/desktop', 'PWD': '/var/www/html/maptoolapi', 'ROS_ETC_DIR': '/opt/ros/kinetic/etc/ros', 'ROS_VERSION': '1'}]
[roslaunch][INFO] 2020-07-16 15:00:38,160: process[featureAssociation-8]: args[[u'/home/mapping_ws_auto/devel/lib/lego_loam/featureAssociation', u'imu/data:=/golfcart/imu/data', u'__name:=featureAssociation']]
[roslaunch][INFO] 2020-07-16 15:00:38,160: ... created process [featureAssociation-8]
[roslaunch.pmon][INFO] 2020-07-16 15:00:38,160: ProcessMonitor.register[featureAssociation-8]
[roslaunch.pmon][INFO] 2020-07-16 15:00:38,160: ProcessMonitor.register[featureAssociation-8] complete
[roslaunch][INFO] 2020-07-16 15:00:38,160: ... registered process [featureAssociation-8]
[roslaunch][INFO] 2020-07-16 15:00:38,160: process[featureAssociation-8]: starting os process
[roslaunch][INFO] 2020-07-16 15:00:38,160: process[featureAssociation-8]: start w/ args [[u'/home/mapping_ws_auto/devel/lib/lego_loam/featureAssociation', u'imu/data:=/golfcart/imu/data', u'__name:=featureAssociation', u'__log:=/home/mapping_ws_auto/src/mapcheck/logs/0d674150-c732-11ea-9f36-fa163e744ed0/featureAssociation-8.log']]
[roslaunch][INFO] 2020-07-16 15:00:38,160: process[featureAssociation-8]: cwd will be [/home/.ros/]
[roslaunch][INFO] 2020-07-16 15:00:38,170: process[featureAssociation-8]: started with pid [25980]
[roslaunch][INFO] 2020-07-16 15:00:38,171: ... successfully launched [featureAssociation-8]
[roslaunch][INFO] 2020-07-16 15:00:38,171: ... preparing to launch node of type [lego_loam/mapOptmization]
[roslaunch][INFO] 2020-07-16 15:00:38,171: create_node_process: package[lego_loam] type[mapOptmization] machine[Machine(name[] env_loader[None] address[localhost] ssh_port[22] user[None] assignable[True] timeout[10.0])] master_uri[http://localhost:11311]
[roslaunch][INFO] 2020-07-16 15:00:38,171: process[mapOptmization-9]: env[{'HISTTIMEFORMAT': '%F %T www-data ', 'ROS_DISTRO': 'kinetic', 'ROS_LOG_DIR': '/home/mapping_ws_auto/src/mapcheck/logs', 'ROSLISP_PACKAGE_DIRECTORIES': '/home/mapping_ws_auto/devel/share/common-lisp', 'LD_LIBRARY_PATH': '/home/mapping_ws_auto/devel/lib:/opt/ros/kinetic/lib:/opt/ros/kinetic/lib/x86_64-linux-gnu', 'USER': 'www-data', 'PATH': '/opt/ros/kinetic/bin:/usr/local/sbin:/usr/local/bin:/usr/sbin:/usr/bin:/sbin:/bin:/snap/bin', 'HOME': '/var/www', 'CMAKE_PREFIX_PATH': '/home/mapping_ws_auto/devel:/opt/ros/kinetic', 'ROS_LOG_FILENAME': '/home/mapping_ws_auto/src/mapcheck/logs/0d674150-c732-11ea-9f36-fa163e744ed0/roslaunch-hecs-x-xlarge-2-linux-20200707132053-25904.log', 'SHLVL': '1', 'HISTSIZE': '10000', 'ROS_HOME': '/home/.ros/', 'ROS_MASTER_URI': 'http://localhost:11311', 'ROS_PYTHON_VERSION': '2', 'PYTHONPATH': '/home/mapping_ws_auto/devel/lib/python2.7/dist-packages:/opt/ros/kinetic/lib/python2.7/dist-packages', 'ROS_ROOT': '/opt/ros/kinetic/share/ros', 'PKG_CONFIG_PATH': '/home/mapping_ws_auto/devel/lib/pkgconfig:/opt/ros/kinetic/lib/pkgconfig:/opt/ros/kinetic/lib/x86_64-linux-gnu/pkgconfig', 'ROS_PACKAGE_PATH': '/home/mapping_ws_auto/src:/opt/ros/kinetic/share', '_': '/home/mapping_ws_auto/devel/lib/mapcheck/mapgencheck', 'XDG_DATA_DIRS': '/usr/local/share:/usr/share:/var/lib/snapd/desktop', 'PWD': '/var/www/html/maptoolapi', 'ROS_ETC_DIR': '/opt/ros/kinetic/etc/ros', 'ROS_VERSION': '1'}]
[roslaunch][INFO] 2020-07-16 15:00:38,172: process[mapOptmization-9]: args[[u'/home/mapping_ws_auto/devel/lib/lego_loam/mapOptmization', u'imu/data:=/golfcart/imu/data', u'gps:=gps', u'__name:=mapOptmization']]
[roslaunch][INFO] 2020-07-16 15:00:38,172: ... created process [mapOptmization-9]
[roslaunch.pmon][INFO] 2020-07-16 15:00:38,172: ProcessMonitor.register[mapOptmization-9]
[roslaunch.pmon][INFO] 2020-07-16 15:00:38,172: ProcessMonitor.register[mapOptmization-9] complete
[roslaunch][INFO] 2020-07-16 15:00:38,172: ... registered process [mapOptmization-9]
[roslaunch][INFO] 2020-07-16 15:00:38,172: process[mapOptmization-9]: starting os process
[roslaunch][INFO] 2020-07-16 15:00:38,172: process[mapOptmization-9]: start w/ args [[u'/home/mapping_ws_auto/devel/lib/lego_loam/mapOptmization', u'imu/data:=/golfcart/imu/data', u'gps:=gps', u'__name:=mapOptmization', u'__log:=/home/mapping_ws_auto/src/mapcheck/logs/0d674150-c732-11ea-9f36-fa163e744ed0/mapOptmization-9.log']]
[roslaunch][INFO] 2020-07-16 15:00:38,172: process[mapOptmization-9]: cwd will be [/home/.ros/]
[roslaunch][INFO] 2020-07-16 15:00:38,179: process[mapOptmization-9]: started with pid [25986]
[roslaunch][INFO] 2020-07-16 15:00:38,180: ... successfully launched [mapOptmization-9]
[roslaunch][INFO] 2020-07-16 15:00:38,180: ... preparing to launch node of type [lego_loam/transformFusion]
[roslaunch][INFO] 2020-07-16 15:00:38,180: create_node_process: package[lego_loam] type[transformFusion] machine[Machine(name[] env_loader[None] address[localhost] ssh_port[22] user[None] assignable[True] timeout[10.0])] master_uri[http://localhost:11311]
[roslaunch][INFO] 2020-07-16 15:00:38,180: process[transformFusion-10]: env[{'HISTTIMEFORMAT': '%F %T www-data ', 'ROS_DISTRO': 'kinetic', 'ROS_LOG_DIR': '/home/mapping_ws_auto/src/mapcheck/logs', 'ROSLISP_PACKAGE_DIRECTORIES': '/home/mapping_ws_auto/devel/share/common-lisp', 'LD_LIBRARY_PATH': '/home/mapping_ws_auto/devel/lib:/opt/ros/kinetic/lib:/opt/ros/kinetic/lib/x86_64-linux-gnu', 'USER': 'www-data', 'PATH': '/opt/ros/kinetic/bin:/usr/local/sbin:/usr/local/bin:/usr/sbin:/usr/bin:/sbin:/bin:/snap/bin', 'HOME': '/var/www', 'CMAKE_PREFIX_PATH': '/home/mapping_ws_auto/devel:/opt/ros/kinetic', 'ROS_LOG_FILENAME': '/home/mapping_ws_auto/src/mapcheck/logs/0d674150-c732-11ea-9f36-fa163e744ed0/roslaunch-hecs-x-xlarge-2-linux-20200707132053-25904.log', 'SHLVL': '1', 'HISTSIZE': '10000', 'ROS_HOME': '/home/.ros/', 'ROS_MASTER_URI': 'http://localhost:11311', 'ROS_PYTHON_VERSION': '2', 'PYTHONPATH': '/home/mapping_ws_auto/devel/lib/python2.7/dist-packages:/opt/ros/kinetic/lib/python2.7/dist-packages', 'ROS_ROOT': '/opt/ros/kinetic/share/ros', 'PKG_CONFIG_PATH': '/home/mapping_ws_auto/devel/lib/pkgconfig:/opt/ros/kinetic/lib/pkgconfig:/opt/ros/kinetic/lib/x86_64-linux-gnu/pkgconfig', 'ROS_PACKAGE_PATH': '/home/mapping_ws_auto/src:/opt/ros/kinetic/share', '_': '/home/mapping_ws_auto/devel/lib/mapcheck/mapgencheck', 'XDG_DATA_DIRS': '/usr/local/share:/usr/share:/var/lib/snapd/desktop', 'PWD': '/var/www/html/maptoolapi', 'ROS_ETC_DIR': '/opt/ros/kinetic/etc/ros', 'ROS_VERSION': '1'}]
[roslaunch][INFO] 2020-07-16 15:00:38,181: process[transformFusion-10]: args[[u'/home/mapping_ws_auto/devel/lib/lego_loam/transformFusion', u'__name:=transformFusion']]
[roslaunch][INFO] 2020-07-16 15:00:38,181: ... created process [transformFusion-10]
[roslaunch.pmon][INFO] 2020-07-16 15:00:38,181: ProcessMonitor.register[transformFusion-10]
[roslaunch.pmon][INFO] 2020-07-16 15:00:38,181: ProcessMonitor.register[transformFusion-10] complete
[roslaunch][INFO] 2020-07-16 15:00:38,181: ... registered process [transformFusion-10]
[roslaunch][INFO] 2020-07-16 15:00:38,181: process[transformFusion-10]: starting os process
[roslaunch][INFO] 2020-07-16 15:00:38,181: process[transformFusion-10]: start w/ args [[u'/home/mapping_ws_auto/devel/lib/lego_loam/transformFusion', u'__name:=transformFusion', u'__log:=/home/mapping_ws_auto/src/mapcheck/logs/0d674150-c732-11ea-9f36-fa163e744ed0/transformFusion-10.log']]
[roslaunch][INFO] 2020-07-16 15:00:38,182: process[transformFusion-10]: cwd will be [/home/.ros/]
[roslaunch][INFO] 2020-07-16 15:00:38,191: process[transformFusion-10]: started with pid [25990]
[roslaunch][INFO] 2020-07-16 15:00:38,191: ... successfully launched [transformFusion-10]
[roslaunch][INFO] 2020-07-16 15:00:38,191: ... preparing to launch node of type [rslidar_pointcloud/cloud_node]
[roslaunch][INFO] 2020-07-16 15:00:38,191: create_node_process: package[rslidar_pointcloud] type[cloud_node] machine[Machine(name[] env_loader[None] address[localhost] ssh_port[22] user[None] assignable[True] timeout[10.0])] master_uri[http://localhost:11311]
[roslaunch][INFO] 2020-07-16 15:00:38,191: process[cloud_node-11]: env[{'HISTTIMEFORMAT': '%F %T www-data ', 'ROS_DISTRO': 'kinetic', 'ROS_LOG_DIR': '/home/mapping_ws_auto/src/mapcheck/logs', 'ROSLISP_PACKAGE_DIRECTORIES': '/home/mapping_ws_auto/devel/share/common-lisp', 'LD_LIBRARY_PATH': '/home/mapping_ws_auto/devel/lib:/opt/ros/kinetic/lib:/opt/ros/kinetic/lib/x86_64-linux-gnu', 'USER': 'www-data', 'PATH': '/opt/ros/kinetic/bin:/usr/local/sbin:/usr/local/bin:/usr/sbin:/usr/bin:/sbin:/bin:/snap/bin', 'HOME': '/var/www', 'CMAKE_PREFIX_PATH': '/home/mapping_ws_auto/devel:/opt/ros/kinetic', 'ROS_LOG_FILENAME': '/home/mapping_ws_auto/src/mapcheck/logs/0d674150-c732-11ea-9f36-fa163e744ed0/roslaunch-hecs-x-xlarge-2-linux-20200707132053-25904.log', 'SHLVL': '1', 'HISTSIZE': '10000', 'ROS_HOME': '/home/.ros/', 'ROS_MASTER_URI': 'http://localhost:11311', 'ROS_PYTHON_VERSION': '2', 'PYTHONPATH': '/home/mapping_ws_auto/devel/lib/python2.7/dist-packages:/opt/ros/kinetic/lib/python2.7/dist-packages', 'ROS_ROOT': '/opt/ros/kinetic/share/ros', 'PKG_CONFIG_PATH': '/home/mapping_ws_auto/devel/lib/pkgconfig:/opt/ros/kinetic/lib/pkgconfig:/opt/ros/kinetic/lib/x86_64-linux-gnu/pkgconfig', 'ROS_PACKAGE_PATH': '/home/mapping_ws_auto/src:/opt/ros/kinetic/share', '_': '/home/mapping_ws_auto/devel/lib/mapcheck/mapgencheck', 'XDG_DATA_DIRS': '/usr/local/share:/usr/share:/var/lib/snapd/desktop', 'PWD': '/var/www/html/maptoolapi', 'ROS_ETC_DIR': '/opt/ros/kinetic/etc/ros', 'ROS_VERSION': '1'}]
[roslaunch][INFO] 2020-07-16 15:00:38,192: process[cloud_node-11]: args[[u'/home/mapping_ws_auto/devel/lib/rslidar_pointcloud/cloud_node', u'rslidar_packets:=/golfcart/top_rs/rslidar_packets', u'rslidar_points:=cc0', u'rslidar_packets_difop:=/golfcart/top_rs/rslidar_packets_difop', u'__name:=cloud_node']]
[roslaunch][INFO] 2020-07-16 15:00:38,192: ... created process [cloud_node-11]
[roslaunch.pmon][INFO] 2020-07-16 15:00:38,192: ProcessMonitor.register[cloud_node-11]
[roslaunch.pmon][INFO] 2020-07-16 15:00:38,193: ProcessMonitor.register[cloud_node-11] complete
[roslaunch][INFO] 2020-07-16 15:00:38,193: ... registered process [cloud_node-11]
[roslaunch][INFO] 2020-07-16 15:00:38,193: process[cloud_node-11]: starting os process
[roslaunch][INFO] 2020-07-16 15:00:38,193: process[cloud_node-11]: start w/ args [[u'/home/mapping_ws_auto/devel/lib/rslidar_pointcloud/cloud_node', u'rslidar_packets:=/golfcart/top_rs/rslidar_packets', u'rslidar_points:=cc0', u'rslidar_packets_difop:=/golfcart/top_rs/rslidar_packets_difop', u'__name:=cloud_node', u'__log:=/home/mapping_ws_auto/src/mapcheck/logs/0d674150-c732-11ea-9f36-fa163e744ed0/cloud_node-11.log']]
[roslaunch][INFO] 2020-07-16 15:00:38,193: process[cloud_node-11]: cwd will be [/home/.ros/]
[roslaunch][INFO] 2020-07-16 15:00:38,204: process[cloud_node-11]: started with pid [25993]
[roslaunch][INFO] 2020-07-16 15:00:38,204: ... successfully launched [cloud_node-11]
[roslaunch][INFO] 2020-07-16 15:00:38,204: ... preparing to launch node of type [rslidar_pointcloud/cloud_node]
[roslaunch][INFO] 2020-07-16 15:00:38,204: create_node_process: package[rslidar_pointcloud] type[cloud_node] machine[Machine(name[] env_loader[None] address[localhost] ssh_port[22] user[None] assignable[True] timeout[10.0])] master_uri[http://localhost:11311]
[roslaunch][INFO] 2020-07-16 15:00:38,204: process[cloud_node1-12]: env[{'HISTTIMEFORMAT': '%F %T www-data ', 'ROS_DISTRO': 'kinetic', 'ROS_LOG_DIR': '/home/mapping_ws_auto/src/mapcheck/logs', 'ROSLISP_PACKAGE_DIRECTORIES': '/home/mapping_ws_auto/devel/share/common-lisp', 'LD_LIBRARY_PATH': '/home/mapping_ws_auto/devel/lib:/opt/ros/kinetic/lib:/opt/ros/kinetic/lib/x86_64-linux-gnu', 'USER': 'www-data', 'PATH': '/opt/ros/kinetic/bin:/usr/local/sbin:/usr/local/bin:/usr/sbin:/usr/bin:/sbin:/bin:/snap/bin', 'HOME': '/var/www', 'CMAKE_PREFIX_PATH': '/home/mapping_ws_auto/devel:/opt/ros/kinetic', 'ROS_LOG_FILENAME': '/home/mapping_ws_auto/src/mapcheck/logs/0d674150-c732-11ea-9f36-fa163e744ed0/roslaunch-hecs-x-xlarge-2-linux-20200707132053-25904.log', 'SHLVL': '1', 'HISTSIZE': '10000', 'ROS_HOME': '/home/.ros/', 'ROS_MASTER_URI': 'http://localhost:11311', 'ROS_PYTHON_VERSION': '2', 'PYTHONPATH': '/home/mapping_ws_auto/devel/lib/python2.7/dist-packages:/opt/ros/kinetic/lib/python2.7/dist-packages', 'ROS_ROOT': '/opt/ros/kinetic/share/ros', 'PKG_CONFIG_PATH': '/home/mapping_ws_auto/devel/lib/pkgconfig:/opt/ros/kinetic/lib/pkgconfig:/opt/ros/kinetic/lib/x86_64-linux-gnu/pkgconfig', 'ROS_PACKAGE_PATH': '/home/mapping_ws_auto/src:/opt/ros/kinetic/share', '_': '/home/mapping_ws_auto/devel/lib/mapcheck/mapgencheck', 'XDG_DATA_DIRS': '/usr/local/share:/usr/share:/var/lib/snapd/desktop', 'PWD': '/var/www/html/maptoolapi', 'ROS_ETC_DIR': '/opt/ros/kinetic/etc/ros', 'ROS_VERSION': '1'}]
[roslaunch][INFO] 2020-07-16 15:00:38,205: process[cloud_node1-12]: args[[u'/home/mapping_ws_auto/devel/lib/rslidar_pointcloud/cloud_node', u'rslidar_packets:=/golfcart/rs_bp_left/rslidar_packets', u'rslidar_points:=cc1', u'rslidar_packets_difop:=/golfcart/rs_bp_left/rslidar_packets_difop', u'__name:=cloud_node1']]
[roslaunch][INFO] 2020-07-16 15:00:38,205: ... created process [cloud_node1-12]
[roslaunch.pmon][INFO] 2020-07-16 15:00:38,205: ProcessMonitor.register[cloud_node1-12]
[roslaunch.pmon][INFO] 2020-07-16 15:00:38,206: ProcessMonitor.register[cloud_node1-12] complete
[roslaunch][INFO] 2020-07-16 15:00:38,206: ... registered process [cloud_node1-12]
[roslaunch][INFO] 2020-07-16 15:00:38,206: process[cloud_node1-12]: starting os process
[roslaunch][INFO] 2020-07-16 15:00:38,206: process[cloud_node1-12]: start w/ args [[u'/home/mapping_ws_auto/devel/lib/rslidar_pointcloud/cloud_node', u'rslidar_packets:=/golfcart/rs_bp_left/rslidar_packets', u'rslidar_points:=cc1', u'rslidar_packets_difop:=/golfcart/rs_bp_left/rslidar_packets_difop', u'__name:=cloud_node1', u'__log:=/home/mapping_ws_auto/src/mapcheck/logs/0d674150-c732-11ea-9f36-fa163e744ed0/cloud_node1-12.log']]
[roslaunch][INFO] 2020-07-16 15:00:38,206: process[cloud_node1-12]: cwd will be [/home/.ros/]
[roslaunch][INFO] 2020-07-16 15:00:38,208: process[cloud_node1-12]: started with pid [25995]
[roslaunch][INFO] 2020-07-16 15:00:38,208: ... successfully launched [cloud_node1-12]
[roslaunch][INFO] 2020-07-16 15:00:38,208: ... preparing to launch node of type [rslidar_pointcloud/cloud_node]
[roslaunch][INFO] 2020-07-16 15:00:38,208: create_node_process: package[rslidar_pointcloud] type[cloud_node] machine[Machine(name[] env_loader[None] address[localhost] ssh_port[22] user[None] assignable[True] timeout[10.0])] master_uri[http://localhost:11311]
[roslaunch][INFO] 2020-07-16 15:00:38,208: process[cloud_node2-13]: env[{'HISTTIMEFORMAT': '%F %T www-data ', 'ROS_DISTRO': 'kinetic', 'ROS_LOG_DIR': '/home/mapping_ws_auto/src/mapcheck/logs', 'ROSLISP_PACKAGE_DIRECTORIES': '/home/mapping_ws_auto/devel/share/common-lisp', 'LD_LIBRARY_PATH': '/home/mapping_ws_auto/devel/lib:/opt/ros/kinetic/lib:/opt/ros/kinetic/lib/x86_64-linux-gnu', 'USER': 'www-data', 'PATH': '/opt/ros/kinetic/bin:/usr/local/sbin:/usr/local/bin:/usr/sbin:/usr/bin:/sbin:/bin:/snap/bin', 'HOME': '/var/www', 'CMAKE_PREFIX_PATH': '/home/mapping_ws_auto/devel:/opt/ros/kinetic', 'ROS_LOG_FILENAME': '/home/mapping_ws_auto/src/mapcheck/logs/0d674150-c732-11ea-9f36-fa163e744ed0/roslaunch-hecs-x-xlarge-2-linux-20200707132053-25904.log', 'SHLVL': '1', 'HISTSIZE': '10000', 'ROS_HOME': '/home/.ros/', 'ROS_MASTER_URI': 'http://localhost:11311', 'ROS_PYTHON_VERSION': '2', 'PYTHONPATH': '/home/mapping_ws_auto/devel/lib/python2.7/dist-packages:/opt/ros/kinetic/lib/python2.7/dist-packages', 'ROS_ROOT': '/opt/ros/kinetic/share/ros', 'PKG_CONFIG_PATH': '/home/mapping_ws_auto/devel/lib/pkgconfig:/opt/ros/kinetic/lib/pkgconfig:/opt/ros/kinetic/lib/x86_64-linux-gnu/pkgconfig', 'ROS_PACKAGE_PATH': '/home/mapping_ws_auto/src:/opt/ros/kinetic/share', '_': '/home/mapping_ws_auto/devel/lib/mapcheck/mapgencheck', 'XDG_DATA_DIRS': '/usr/local/share:/usr/share:/var/lib/snapd/desktop', 'PWD': '/var/www/html/maptoolapi', 'ROS_ETC_DIR': '/opt/ros/kinetic/etc/ros', 'ROS_VERSION': '1'}]
[roslaunch][INFO] 2020-07-16 15:00:38,209: process[cloud_node2-13]: args[[u'/home/mapping_ws_auto/devel/lib/rslidar_pointcloud/cloud_node', u'rslidar_packets:=aa2', u'rslidar_points:=cc2', u'rslidar_packets_difop:=bb2', u'__name:=cloud_node2']]
[roslaunch][INFO] 2020-07-16 15:00:38,209: ... created process [cloud_node2-13]
[roslaunch.pmon][INFO] 2020-07-16 15:00:38,209: ProcessMonitor.register[cloud_node2-13]
[roslaunch.pmon][INFO] 2020-07-16 15:00:38,209: ProcessMonitor.register[cloud_node2-13] complete
[roslaunch][INFO] 2020-07-16 15:00:38,209: ... registered process [cloud_node2-13]
[roslaunch][INFO] 2020-07-16 15:00:38,210: process[cloud_node2-13]: starting os process
[roslaunch][INFO] 2020-07-16 15:00:38,210: process[cloud_node2-13]: start w/ args [[u'/home/mapping_ws_auto/devel/lib/rslidar_pointcloud/cloud_node', u'rslidar_packets:=aa2', u'rslidar_points:=cc2', u'rslidar_packets_difop:=bb2', u'__name:=cloud_node2', u'__log:=/home/mapping_ws_auto/src/mapcheck/logs/0d674150-c732-11ea-9f36-fa163e744ed0/cloud_node2-13.log']]
[roslaunch][INFO] 2020-07-16 15:00:38,210: process[cloud_node2-13]: cwd will be [/home/.ros/]
[roslaunch][INFO] 2020-07-16 15:00:38,212: process[cloud_node2-13]: started with pid [25996]
[roslaunch][INFO] 2020-07-16 15:00:38,212: ... successfully launched [cloud_node2-13]
[roslaunch][INFO] 2020-07-16 15:00:38,212: ... launch_nodes complete
[roslaunch.pmon][INFO] 2020-07-16 15:00:38,213: registrations completed <ProcessMonitor(ProcessMonitor-1, started daemon 140355081275136)>
[roslaunch.parent][INFO] 2020-07-16 15:00:38,213: ... roslaunch parent running, waiting for process exit
[roslaunch][INFO] 2020-07-16 15:00:38,213: spin
[roslaunch][ERROR] 2020-07-16 15:00:38,352: [rviz-3] process has died [pid 25952, exit code -6, cmd /opt/ros/kinetic/lib/rviz/rviz -d /home/mapping_ws_auto/src/av-3dmapping-auto/LeGO-LOAM/launch/test.rviz __name:=rviz __log:=/home/mapping_ws_auto/src/mapcheck/logs/0d674150-c732-11ea-9f36-fa163e744ed0/rviz-3.log].
log file: /home/mapping_ws_auto/src/mapcheck/logs/0d674150-c732-11ea-9f36-fa163e744ed0/rviz-3*.log
[roslaunch.pmon][INFO] 2020-07-16 15:00:38,352: ProcessMonitor.unregister[rviz-3] starting
[roslaunch.pmon][INFO] 2020-07-16 15:00:38,352: ProcessMonitor.unregister[rviz-3] complete
[roslaunch][ERROR] 2020-07-16 15:01:07,311: ================================================================================REQUIRED process [mapOptmization-9] has died!
process has finished cleanly
log file: /home/mapping_ws_auto/src/mapcheck/logs/0d674150-c732-11ea-9f36-fa163e744ed0/mapOptmization-9*.log
Initiating shutdown!
================================================================================
[roslaunch.pmon][INFO] 2020-07-16 15:01:07,412: ProcessMonitor._post_run <ProcessMonitor(ProcessMonitor-1, started daemon 140355081275136)>
[roslaunch.pmon][INFO] 2020-07-16 15:01:07,412: ProcessMonitor._post_run <ProcessMonitor(ProcessMonitor-1, started daemon 140355081275136)>: remaining procs are [<roslaunch.nodeprocess.LocalProcess object at 0x7fa6f6e4c450>, <roslaunch.nodeprocess.LocalProcess object at 0x7fa6f6e4c850>, <roslaunch.nodeprocess.LocalProcess object at 0x7fa6f53bb410>, <roslaunch.nodeprocess.LocalProcess object at 0x7fa6f53bb350>, <roslaunch.nodeprocess.LocalProcess object at 0x7fa6f53bb5d0>, <roslaunch.nodeprocess.LocalProcess object at 0x7fa6f53bb250>, <roslaunch.nodeprocess.LocalProcess object at 0x7fa6f53bb610>, <roslaunch.nodeprocess.LocalProcess object at 0x7fa6f53bb750>, <roslaunch.nodeprocess.LocalProcess object at 0x7fa6f53bb510>, <roslaunch.nodeprocess.LocalProcess object at 0x7fa6f53bb710>, <roslaunch.nodeprocess.LocalProcess object at 0x7fa6f53bb850>, <roslaunch.nodeprocess.LocalProcess object at 0x7fa6f53bba10>, <roslaunch.nodeprocess.LocalProcess object at 0x7fa6f53bbb50>]
[roslaunch.pmon][INFO] 2020-07-16 15:01:07,412: ProcessMonitor exit: killing cloud_node2-13
[roslaunch][INFO] 2020-07-16 15:01:07,413: [cloud_node2-13] killing on exit
[roslaunch.pmon][INFO] 2020-07-16 15:01:07,413: ProcessMonitor exit: killing cloud_node1-12
[roslaunch.pmon][INFO] 2020-07-16 15:01:07,413: ProcessMonitor exit: killing cloud_node-11
[roslaunch][INFO] 2020-07-16 15:01:07,413: [cloud_node1-12] killing on exit
[roslaunch][INFO] 2020-07-16 15:01:07,413: process[cloud_node2-13]: killing os process with pid[25996] pgid[25996]
[roslaunch][INFO] 2020-07-16 15:01:07,414: [cloud_node-11] killing on exit
[roslaunch][INFO] 2020-07-16 15:01:07,414: process[cloud_node-11]: killing os process with pid[25993] pgid[25993]
[roslaunch.pmon][INFO] 2020-07-16 15:01:07,414: ProcessMonitor exit: killing transformFusion-10
[roslaunch][INFO] 2020-07-16 15:01:07,414: [cloud_node2-13] sending SIGINT to pgid [25996]
[roslaunch][INFO] 2020-07-16 15:01:07,414: [cloud_node-11] sending SIGINT to pgid [25993]
[roslaunch][INFO] 2020-07-16 15:01:07,415: [cloud_node-11] sent SIGINT to pgid [25993]
[roslaunch][INFO] 2020-07-16 15:01:07,415: [transformFusion-10] killing on exit
[roslaunch.pmon][INFO] 2020-07-16 15:01:07,415: ProcessMonitor exit: killing mapOptmization-9
[roslaunch][INFO] 2020-07-16 15:01:07,415: [cloud_node2-13] sent SIGINT to pgid [25996]
[roslaunch][INFO] 2020-07-16 15:01:07,414: process[cloud_node1-12]: killing os process with pid[25995] pgid[25995]
[roslaunch.pmon][INFO] 2020-07-16 15:01:07,415: ProcessMonitor exit: killing featureAssociation-8
[roslaunch.pmon][INFO] 2020-07-16 15:01:07,415: ProcessMonitor exit: killing combineLidars-7
[roslaunch][INFO] 2020-07-16 15:01:07,416: process[transformFusion-10]: killing os process with pid[25990] pgid[25990]
[roslaunch.pmon][INFO] 2020-07-16 15:01:07,416: ProcessMonitor exit: killing imageProjection-6
[roslaunch.pmon][INFO] 2020-07-16 15:01:07,416: ProcessMonitor exit: killing base_link_to_camera-5
[roslaunch][INFO] 2020-07-16 15:01:07,416: [mapOptmization-9] killing on exit
[roslaunch.pmon][INFO] 2020-07-16 15:01:07,416: ProcessMonitor exit: killing camera_init_to_map-4
[roslaunch][INFO] 2020-07-16 15:01:07,417: [cloud_node1-12] sending SIGINT to pgid [25995]
[roslaunch][INFO] 2020-07-16 15:01:07,417: [featureAssociation-8] killing on exit
[roslaunch][INFO] 2020-07-16 15:01:07,417: [combineLidars-7] killing on exit
[roslaunch][INFO] 2020-07-16 15:01:07,417: [transformFusion-10] sending SIGINT to pgid [25990]
[roslaunch][INFO] 2020-07-16 15:01:07,417: [imageProjection-6] killing on exit
[roslaunch][INFO] 2020-07-16 15:01:07,417: [base_link_to_camera-5] killing on exit
[roslaunch][INFO] 2020-07-16 15:01:07,417: [camera_init_to_map-4] killing on exit
[roslaunch.pmon][INFO] 2020-07-16 15:01:07,417: ProcessMonitor exit: killing player-2
[roslaunch][INFO] 2020-07-16 15:01:07,417: [cloud_node1-12] sent SIGINT to pgid [25995]
[roslaunch][INFO] 2020-07-16 15:01:07,418: process[featureAssociation-8]: killing os process with pid[25980] pgid[25980]
[roslaunch][INFO] 2020-07-16 15:01:07,418: process[combineLidars-7]: killing os process with pid[25978] pgid[25978]
[roslaunch][INFO] 2020-07-16 15:01:07,418: [transformFusion-10] sent SIGINT to pgid [25990]
[roslaunch][INFO] 2020-07-16 15:01:07,418: process[imageProjection-6]: killing os process with pid[25973] pgid[25973]
[roslaunch][INFO] 2020-07-16 15:01:07,418: process[base_link_to_camera-5]: killing os process with pid[25968] pgid[25968]
[roslaunch][INFO] 2020-07-16 15:01:07,418: process[camera_init_to_map-4]: killing os process with pid[25957] pgid[25957]
[roslaunch][INFO] 2020-07-16 15:01:07,418: [player-2] killing on exit
[roslaunch][INFO] 2020-07-16 15:01:07,418: [featureAssociation-8] sending SIGINT to pgid [25980]
[roslaunch][INFO] 2020-07-16 15:01:07,419: [combineLidars-7] sending SIGINT to pgid [25978]
[roslaunch][INFO] 2020-07-16 15:01:07,419: [imageProjection-6] sending SIGINT to pgid [25973]
[roslaunch][INFO] 2020-07-16 15:01:07,419: [base_link_to_camera-5] sending SIGINT to pgid [25968]
[roslaunch][INFO] 2020-07-16 15:01:07,419: [camera_init_to_map-4] sending SIGINT to pgid [25957]
[roslaunch][INFO] 2020-07-16 15:01:07,419: process[player-2]: killing os process with pid[25951] pgid[25951]
[roslaunch][INFO] 2020-07-16 15:01:07,419: [featureAssociation-8] sent SIGINT to pgid [25980]
[roslaunch][INFO] 2020-07-16 15:01:07,419: [combineLidars-7] sent SIGINT to pgid [25978]
[roslaunch][INFO] 2020-07-16 15:01:07,419: [imageProjection-6] sent SIGINT to pgid [25973]
[roslaunch][INFO] 2020-07-16 15:01:07,419: [base_link_to_camera-5] sent SIGINT to pgid [25968]
[roslaunch][INFO] 2020-07-16 15:01:07,419: [camera_init_to_map-4] sent SIGINT to pgid [25957]
[roslaunch][INFO] 2020-07-16 15:01:07,420: [player-2] sending SIGINT to pgid [25951]
[roslaunch][INFO] 2020-07-16 15:01:07,420: [player-2] sent SIGINT to pgid [25951]
[roslaunch][INFO] 2020-07-16 15:01:08,025: process[camera_init_to_map-4]: SIGINT killed with return value 0
[roslaunch][INFO] 2020-07-16 15:01:08,129: process[base_link_to_camera-5]: SIGINT killed with return value 0
[roslaunch][INFO] 2020-07-16 15:01:08,129: process[player-2]: SIGINT killed with return value 0
[roslaunch][INFO] 2020-07-16 15:01:08,220: process[cloud_node1-12]: SIGINT killed with return value 0
[roslaunch][INFO] 2020-07-16 15:01:08,220: process[cloud_node-11]: SIGINT killed with return value 0
[roslaunch][INFO] 2020-07-16 15:01:08,220: process[transformFusion-10]: SIGINT killed with return value 0
[roslaunch][INFO] 2020-07-16 15:01:08,226: process[imageProjection-6]: SIGINT killed with return value 0
[roslaunch][INFO] 2020-07-16 15:01:08,229: process[combineLidars-7]: SIGINT killed with return value 0
[roslaunch][INFO] 2020-07-16 15:01:08,321: process[featureAssociation-8]: SIGINT killed with return value 0
[roslaunch][INFO] 2020-07-16 15:01:08,325: process[cloud_node2-13]: SIGINT killed with return value 0
[roslaunch.pmon][INFO] 2020-07-16 15:01:08,326: ProcessMonitor exit: killing rosout-1
[roslaunch][INFO] 2020-07-16 15:01:08,326: [rosout-1] killing on exit
[roslaunch][INFO] 2020-07-16 15:01:08,326: process[rosout-1]: killing os process with pid[25927] pgid[25927]
[roslaunch][INFO] 2020-07-16 15:01:08,326: [rosout-1] sending SIGINT to pgid [25927]
[roslaunch][INFO] 2020-07-16 15:01:08,326: [rosout-1] sent SIGINT to pgid [25927]
[roslaunch][INFO] 2020-07-16 15:01:08,527: process[rosout-1]: SIGINT killed with return value 0
[roslaunch.pmon][INFO] 2020-07-16 15:01:08,527: ProcessMonitor exit: killing master
[roslaunch][INFO] 2020-07-16 15:01:08,527: [master] killing on exit
[roslaunch][INFO] 2020-07-16 15:01:08,527: process[master]: killing os process with pid[25914] pgid[25914]
[roslaunch][INFO] 2020-07-16 15:01:08,527: [master] sending SIGINT to pgid [25914]
[roslaunch][INFO] 2020-07-16 15:01:08,527: [master] sent SIGINT to pgid [25914]
[roslaunch][INFO] 2020-07-16 15:01:08,728: process[master]: SIGINT killed with return value 0
[roslaunch.pmon][INFO] 2020-07-16 15:01:08,728: ProcessMonitor exit: cleaning up data structures and signals
[roslaunch.pmon][INFO] 2020-07-16 15:01:08,728: ProcessMonitor exit: pmon has shutdown
[roslaunch][INFO] 2020-07-16 15:01:08,753: process monitor is done spinning, initiating full shutdown
[roslaunch][INFO] 2020-07-16 15:01:08,753: runner.stop()
[roslaunch][INFO] 2020-07-16 15:01:08,753: shutting down processing monitor...
[roslaunch][INFO] 2020-07-16 15:01:08,753: shutting down processing monitor <ProcessMonitor(ProcessMonitor-1, stopped daemon 140355081275136)>
[roslaunch.pmon][INFO] 2020-07-16 15:01:08,753: ProcessMonitor.shutdown <ProcessMonitor(ProcessMonitor-1, stopped daemon 140355081275136)>
[roslaunch][INFO] 2020-07-16 15:01:08,753: ... shutting down processing monitor complete
[roslaunch][INFO] 2020-07-16 15:01:08,753: done
[roslaunch.pmon][INFO] 2020-07-16 15:01:08,753: ProcessMonitor.shutdown <ProcessMonitor(ProcessMonitor-1, stopped daemon 140355081275136)>
[rospy.core][INFO] 2020-07-16 15:01:08,753: signal_shutdown [atexit]
