[roslaunch][INFO] 2020-07-16 14:55:02,989: Checking log directory for disk usage. This may take awhile.
Press Ctrl-C to interrupt
[roslaunch][INFO] 2020-07-16 14:55:02,992: Done checking log file disk usage. Usage is <1GB.
[roslaunch][INFO] 2020-07-16 14:55:02,992: roslaunch starting with args ['/opt/ros/kinetic/bin/roslaunch', '/var/www/html/maptoolapi/uploads/file_material/20200716/8007458835f0c04ad6886d8093858589/set_arg_and_run_15948817723b1987a5514ef7e6.launch']
[roslaunch][INFO] 2020-07-16 14:55:02,992: roslaunch env is {'HISTTIMEFORMAT': '%F %T www-data ', 'ROS_DISTRO': 'kinetic', 'ROS_LOG_DIR': '/home/mapping_ws_auto/src/mapcheck/logs', 'ROSLISP_PACKAGE_DIRECTORIES': '/home/mapping_ws_auto/devel/share/common-lisp', 'USER': 'www-data', 'PATH': '/opt/ros/kinetic/bin:/usr/local/sbin:/usr/local/bin:/usr/sbin:/usr/bin:/sbin:/bin:/snap/bin', 'HOME': '/var/www', 'CMAKE_PREFIX_PATH': '/home/mapping_ws_auto/devel:/opt/ros/kinetic', 'LD_LIBRARY_PATH': '/home/mapping_ws_auto/devel/lib:/opt/ros/kinetic/lib:/opt/ros/kinetic/lib/x86_64-linux-gnu', 'ROS_LOG_FILENAME': '/home/mapping_ws_auto/src/mapcheck/logs/45fb4918-c731-11ea-9f36-fa163e744ed0/roslaunch-hecs-x-xlarge-2-linux-20200707132053-24980.log', 'SHLVL': '1', 'HISTSIZE': '10000', 'ROS_HOME': '/home/.ros/', 'ROS_ETC_DIR': '/opt/ros/kinetic/etc/ros', 'ROS_PYTHON_VERSION': '2', 'PYTHONPATH': '/home/mapping_ws_auto/devel/lib/python2.7/dist-packages:/opt/ros/kinetic/lib/python2.7/dist-packages', 'ROS_ROOT': '/opt/ros/kinetic/share/ros', 'PKG_CONFIG_PATH': '/home/mapping_ws_auto/devel/lib/pkgconfig:/opt/ros/kinetic/lib/pkgconfig:/opt/ros/kinetic/lib/x86_64-linux-gnu/pkgconfig', 'ROS_PACKAGE_PATH': '/home/mapping_ws_auto/src:/opt/ros/kinetic/share', '_': '/home/mapping_ws_auto/devel/lib/mapcheck/mapgencheck', 'XDG_DATA_DIRS': '/usr/local/share:/usr/share:/var/lib/snapd/desktop', 'PWD': '/var/www/html/maptoolapi', 'ROS_MASTER_URI': 'http://localhost:11311', 'ROS_VERSION': '1'}
[roslaunch][INFO] 2020-07-16 14:55:02,992: starting in server mode
[roslaunch.parent][INFO] 2020-07-16 14:55:02,992: starting roslaunch parent run
[roslaunch][INFO] 2020-07-16 14:55:02,992: loading roscore config file /opt/ros/kinetic/etc/ros/roscore.xml
[roslaunch][INFO] 2020-07-16 14:55:03,230: Added core node of type [rosout/rosout] in namespace [/]
[roslaunch.config][INFO] 2020-07-16 14:55:03,231: loading config file /var/www/html/maptoolapi/uploads/file_material/20200716/8007458835f0c04ad6886d8093858589/set_arg_and_run_15948817723b1987a5514ef7e6.launch
[roslaunch][INFO] 2020-07-16 14:55:03,268: Added node of type [rosbag/play] in namespace [/]
[roslaunch][INFO] 2020-07-16 14:55:03,269: Added node of type [rviz/rviz] in namespace [/]
[roslaunch][INFO] 2020-07-16 14:55:03,270: Added node of type [tf/static_transform_publisher] in namespace [/]
[roslaunch][INFO] 2020-07-16 14:55:03,270: Added node of type [tf/static_transform_publisher] in namespace [/]
[roslaunch][INFO] 2020-07-16 14:55:03,271: Added node of type [lego_loam/imageProjection] in namespace [/]
[roslaunch][INFO] 2020-07-16 14:55:03,271: Added node of type [lego_loam/combineLidars] in namespace [/]
[roslaunch][INFO] 2020-07-16 14:55:03,272: Added node of type [lego_loam/featureAssociation] in namespace [/]
[roslaunch][INFO] 2020-07-16 14:55:03,273: Added node of type [lego_loam/mapOptmization] in namespace [/]
[roslaunch][INFO] 2020-07-16 14:55:03,274: Added node of type [lego_loam/transformFusion] in namespace [/]
[roslaunch][INFO] 2020-07-16 14:55:03,275: Added node of type [rslidar_pointcloud/cloud_node] in namespace [/]
[roslaunch][INFO] 2020-07-16 14:55:03,276: Added node of type [rslidar_pointcloud/cloud_node] in namespace [/]
[roslaunch][INFO] 2020-07-16 14:55:03,277: Added node of type [rslidar_pointcloud/cloud_node] in namespace [/]
[roslaunch][INFO] 2020-07-16 14:55:03,277: ... selected machine [] for node of type [rosbag/play]
[roslaunch][INFO] 2020-07-16 14:55:03,277: ... selected machine [] for node of type [rviz/rviz]
[roslaunch][INFO] 2020-07-16 14:55:03,277: ... selected machine [] for node of type [tf/static_transform_publisher]
[roslaunch][INFO] 2020-07-16 14:55:03,277: ... selected machine [] for node of type [tf/static_transform_publisher]
[roslaunch][INFO] 2020-07-16 14:55:03,277: ... selected machine [] for node of type [lego_loam/imageProjection]
[roslaunch][INFO] 2020-07-16 14:55:03,277: ... selected machine [] for node of type [lego_loam/combineLidars]
[roslaunch][INFO] 2020-07-16 14:55:03,277: ... selected machine [] for node of type [lego_loam/featureAssociation]
[roslaunch][INFO] 2020-07-16 14:55:03,277: ... selected machine [] for node of type [lego_loam/mapOptmization]
[roslaunch][INFO] 2020-07-16 14:55:03,277: ... selected machine [] for node of type [lego_loam/transformFusion]
[roslaunch][INFO] 2020-07-16 14:55:03,277: ... selected machine [] for node of type [rslidar_pointcloud/cloud_node]
[roslaunch][INFO] 2020-07-16 14:55:03,277: ... selected machine [] for node of type [rslidar_pointcloud/cloud_node]
[roslaunch][INFO] 2020-07-16 14:55:03,277: ... selected machine [] for node of type [rslidar_pointcloud/cloud_node]
[roslaunch.pmon][INFO] 2020-07-16 14:55:03,278: start_process_monitor: creating ProcessMonitor
[roslaunch.pmon][INFO] 2020-07-16 14:55:03,278: created process monitor <ProcessMonitor(ProcessMonitor-1, initial daemon)>
[roslaunch.pmon][INFO] 2020-07-16 14:55:03,278: start_process_monitor: ProcessMonitor started
[roslaunch.parent][INFO] 2020-07-16 14:55:03,278: starting parent XML-RPC server
[roslaunch.server][INFO] 2020-07-16 14:55:03,278: starting roslaunch XML-RPC server
[roslaunch.server][INFO] 2020-07-16 14:55:03,278: waiting for roslaunch XML-RPC server to initialize
[xmlrpc][INFO] 2020-07-16 14:55:03,279: XML-RPC server binding to 0.0.0.0:0
[xmlrpc][INFO] 2020-07-16 14:55:03,279: Started XML-RPC server [http://hecs-x-xlarge-2-linux-20200707132053:34511/]
[xmlrpc][INFO] 2020-07-16 14:55:03,279: xml rpc node: starting XML-RPC server
[roslaunch][INFO] 2020-07-16 14:55:03,290: started roslaunch server http://hecs-x-xlarge-2-linux-20200707132053:34511/
[roslaunch.parent][INFO] 2020-07-16 14:55:03,290: ... parent XML-RPC server started
[roslaunch][INFO] 2020-07-16 14:55:03,291: master.is_running[http://localhost:11311]
[roslaunch][INFO] 2020-07-16 14:55:03,291: auto-starting new master
[roslaunch][INFO] 2020-07-16 14:55:03,292: create_master_process: rosmaster, /opt/ros/kinetic/share/ros, 11311, 3, None
[roslaunch][INFO] 2020-07-16 14:55:03,292: process[master]: launching with args [['rosmaster', '--core', '-p', '11311', '-w', '3']]
[roslaunch.pmon][INFO] 2020-07-16 14:55:03,292: ProcessMonitor.register[master]
[roslaunch.pmon][INFO] 2020-07-16 14:55:03,292: ProcessMonitor.register[master] complete
[roslaunch][INFO] 2020-07-16 14:55:03,292: process[master]: starting os process
[roslaunch][INFO] 2020-07-16 14:55:03,292: process[master]: start w/ args [['rosmaster', '--core', '-p', '11311', '-w', '3', '__log:=/home/mapping_ws_auto/src/mapcheck/logs/45fb4918-c731-11ea-9f36-fa163e744ed0/master.log']]
[roslaunch][INFO] 2020-07-16 14:55:03,292: process[master]: cwd will be [/home/.ros/]
[roslaunch][INFO] 2020-07-16 14:55:03,294: process[master]: started with pid [24990]
[roslaunch][INFO] 2020-07-16 14:55:03,294: master.is_running[http://localhost:11311]
[roslaunch][INFO] 2020-07-16 14:55:03,395: master.is_running[http://localhost:11311]
[roslaunch][INFO] 2020-07-16 14:55:03,398: master.is_running[http://localhost:11311]
[roslaunch][INFO] 2020-07-16 14:55:03,399: ROS_MASTER_URI=http://localhost:11311
[roslaunch][INFO] 2020-07-16 14:55:03,400: setting /run_id to 45fb4918-c731-11ea-9f36-fa163e744ed0
[roslaunch][INFO] 2020-07-16 14:55:03,401: setting /roslaunch/uris/host_hecs_x_xlarge_2_linux_20200707132053__34511' to http://hecs-x-xlarge-2-linux-20200707132053:34511/
[roslaunch][INFO] 2020-07-16 14:55:03,403: ... preparing to launch node of type [rosout/rosout]
[roslaunch][INFO] 2020-07-16 14:55:03,403: create_node_process: package[rosout] type[rosout] machine[Machine(name[] env_loader[None] address[localhost] ssh_port[22] user[None] assignable[True] timeout[10.0])] master_uri[http://localhost:11311]
[roslaunch][INFO] 2020-07-16 14:55:03,403: process[rosout-1]: env[{'HISTTIMEFORMAT': '%F %T www-data ', 'ROS_DISTRO': 'kinetic', 'ROS_LOG_DIR': '/home/mapping_ws_auto/src/mapcheck/logs', 'ROSLISP_PACKAGE_DIRECTORIES': '/home/mapping_ws_auto/devel/share/common-lisp', 'LD_LIBRARY_PATH': '/home/mapping_ws_auto/devel/lib:/opt/ros/kinetic/lib:/opt/ros/kinetic/lib/x86_64-linux-gnu', 'USER': 'www-data', 'PATH': '/opt/ros/kinetic/bin:/usr/local/sbin:/usr/local/bin:/usr/sbin:/usr/bin:/sbin:/bin:/snap/bin', 'HOME': '/var/www', 'CMAKE_PREFIX_PATH': '/home/mapping_ws_auto/devel:/opt/ros/kinetic', 'ROS_LOG_FILENAME': '/home/mapping_ws_auto/src/mapcheck/logs/45fb4918-c731-11ea-9f36-fa163e744ed0/roslaunch-hecs-x-xlarge-2-linux-20200707132053-24980.log', 'SHLVL': '1', 'HISTSIZE': '10000', 'ROS_HOME': '/home/.ros/', 'ROS_MASTER_URI': 'http://localhost:11311', 'ROS_PYTHON_VERSION': '2', 'PYTHONPATH': '/home/mapping_ws_auto/devel/lib/python2.7/dist-packages:/opt/ros/kinetic/lib/python2.7/dist-packages', 'ROS_ROOT': '/opt/ros/kinetic/share/ros', 'PKG_CONFIG_PATH': '/home/mapping_ws_auto/devel/lib/pkgconfig:/opt/ros/kinetic/lib/pkgconfig:/opt/ros/kinetic/lib/x86_64-linux-gnu/pkgconfig', 'ROS_PACKAGE_PATH': '/home/mapping_ws_auto/src:/opt/ros/kinetic/share', '_': '/home/mapping_ws_auto/devel/lib/mapcheck/mapgencheck', 'XDG_DATA_DIRS': '/usr/local/share:/usr/share:/var/lib/snapd/desktop', 'PWD': '/var/www/html/maptoolapi', 'ROS_ETC_DIR': '/opt/ros/kinetic/etc/ros', 'ROS_VERSION': '1'}]
[roslaunch][INFO] 2020-07-16 14:55:03,437: process[rosout-1]: args[[u'/opt/ros/kinetic/lib/rosout/rosout', u'__name:=rosout']]
[roslaunch][INFO] 2020-07-16 14:55:03,437: ... created process [rosout-1]
[roslaunch.pmon][INFO] 2020-07-16 14:55:03,438: ProcessMonitor.register[rosout-1]
[roslaunch.pmon][INFO] 2020-07-16 14:55:03,438: ProcessMonitor.register[rosout-1] complete
[roslaunch][INFO] 2020-07-16 14:55:03,438: ... registered process [rosout-1]
[roslaunch][INFO] 2020-07-16 14:55:03,438: process[rosout-1]: starting os process
[roslaunch][INFO] 2020-07-16 14:55:03,438: process[rosout-1]: start w/ args [[u'/opt/ros/kinetic/lib/rosout/rosout', u'__name:=rosout', u'__log:=/home/mapping_ws_auto/src/mapcheck/logs/45fb4918-c731-11ea-9f36-fa163e744ed0/rosout-1.log']]
[roslaunch][INFO] 2020-07-16 14:55:03,438: process[rosout-1]: cwd will be [/home/.ros/]
[roslaunch][INFO] 2020-07-16 14:55:03,440: process[rosout-1]: started with pid [25003]
[roslaunch][INFO] 2020-07-16 14:55:03,440: ... successfully launched [rosout-1]
[roslaunch][INFO] 2020-07-16 14:55:03,440: load_parameters starting ...
[roslaunch][INFO] 2020-07-16 14:55:03,459: ... load_parameters complete
[roslaunch][INFO] 2020-07-16 14:55:03,459: launch_nodes: launching local nodes ...
[roslaunch][INFO] 2020-07-16 14:55:03,460: ... preparing to launch node of type [rosbag/play]
[roslaunch][INFO] 2020-07-16 14:55:03,460: create_node_process: package[rosbag] type[play] machine[Machine(name[] env_loader[None] address[localhost] ssh_port[22] user[None] assignable[True] timeout[10.0])] master_uri[http://localhost:11311]
[roslaunch][INFO] 2020-07-16 14:55:03,460: process[player-2]: env[{'HISTTIMEFORMAT': '%F %T www-data ', 'ROS_DISTRO': 'kinetic', 'ROS_LOG_DIR': '/home/mapping_ws_auto/src/mapcheck/logs', 'ROSLISP_PACKAGE_DIRECTORIES': '/home/mapping_ws_auto/devel/share/common-lisp', 'LD_LIBRARY_PATH': '/home/mapping_ws_auto/devel/lib:/opt/ros/kinetic/lib:/opt/ros/kinetic/lib/x86_64-linux-gnu', 'USER': 'www-data', 'PATH': '/opt/ros/kinetic/bin:/usr/local/sbin:/usr/local/bin:/usr/sbin:/usr/bin:/sbin:/bin:/snap/bin', 'HOME': '/var/www', 'CMAKE_PREFIX_PATH': '/home/mapping_ws_auto/devel:/opt/ros/kinetic', 'ROS_LOG_FILENAME': '/home/mapping_ws_auto/src/mapcheck/logs/45fb4918-c731-11ea-9f36-fa163e744ed0/roslaunch-hecs-x-xlarge-2-linux-20200707132053-24980.log', 'SHLVL': '1', 'HISTSIZE': '10000', 'ROS_HOME': '/home/.ros/', 'ROS_MASTER_URI': 'http://localhost:11311', 'ROS_PYTHON_VERSION': '2', 'PYTHONPATH': '/home/mapping_ws_auto/devel/lib/python2.7/dist-packages:/opt/ros/kinetic/lib/python2.7/dist-packages', 'ROS_ROOT': '/opt/ros/kinetic/share/ros', 'PKG_CONFIG_PATH': '/home/mapping_ws_auto/devel/lib/pkgconfig:/opt/ros/kinetic/lib/pkgconfig:/opt/ros/kinetic/lib/x86_64-linux-gnu/pkgconfig', 'ROS_PACKAGE_PATH': '/home/mapping_ws_auto/src:/opt/ros/kinetic/share', '_': '/home/mapping_ws_auto/devel/lib/mapcheck/mapgencheck', 'XDG_DATA_DIRS': '/usr/local/share:/usr/share:/var/lib/snapd/desktop', 'PWD': '/var/www/html/maptoolapi', 'ROS_ETC_DIR': '/opt/ros/kinetic/etc/ros', 'ROS_VERSION': '1'}]
[roslaunch][INFO] 2020-07-16 14:55:03,461: process[player-2]: args[[u'/opt/ros/kinetic/lib/rosbag/play', '--clock', '-k', '/var/www/html/maptoolapi/uploads/file_material/20200716/8007458835f0c04ad6886d8093858589/15948817723b1987a5514ef7e6.bag', u'__name:=player']]
[roslaunch][INFO] 2020-07-16 14:55:03,461: ... created process [player-2]
[roslaunch.pmon][INFO] 2020-07-16 14:55:03,461: ProcessMonitor.register[player-2]
[roslaunch.pmon][INFO] 2020-07-16 14:55:03,461: ProcessMonitor.register[player-2] complete
[roslaunch][INFO] 2020-07-16 14:55:03,461: ... registered process [player-2]
[roslaunch][INFO] 2020-07-16 14:55:03,461: process[player-2]: starting os process
[roslaunch][INFO] 2020-07-16 14:55:03,461: process[player-2]: start w/ args [[u'/opt/ros/kinetic/lib/rosbag/play', '--clock', '-k', '/var/www/html/maptoolapi/uploads/file_material/20200716/8007458835f0c04ad6886d8093858589/15948817723b1987a5514ef7e6.bag', u'__name:=player', u'__log:=/home/mapping_ws_auto/src/mapcheck/logs/45fb4918-c731-11ea-9f36-fa163e744ed0/player-2.log']]
[roslaunch][INFO] 2020-07-16 14:55:03,461: process[player-2]: cwd will be [/home/.ros/]
[roslaunch][INFO] 2020-07-16 14:55:03,464: process[player-2]: started with pid [25027]
[roslaunch][INFO] 2020-07-16 14:55:03,464: ... successfully launched [player-2]
[roslaunch][INFO] 2020-07-16 14:55:03,464: ... preparing to launch node of type [rviz/rviz]
[roslaunch][INFO] 2020-07-16 14:55:03,464: create_node_process: package[rviz] type[rviz] machine[Machine(name[] env_loader[None] address[localhost] ssh_port[22] user[None] assignable[True] timeout[10.0])] master_uri[http://localhost:11311]
[roslaunch][INFO] 2020-07-16 14:55:03,465: process[rviz-3]: env[{'HISTTIMEFORMAT': '%F %T www-data ', 'ROS_DISTRO': 'kinetic', 'ROS_LOG_DIR': '/home/mapping_ws_auto/src/mapcheck/logs', 'ROSLISP_PACKAGE_DIRECTORIES': '/home/mapping_ws_auto/devel/share/common-lisp', 'LD_LIBRARY_PATH': '/home/mapping_ws_auto/devel/lib:/opt/ros/kinetic/lib:/opt/ros/kinetic/lib/x86_64-linux-gnu', 'USER': 'www-data', 'PATH': '/opt/ros/kinetic/bin:/usr/local/sbin:/usr/local/bin:/usr/sbin:/usr/bin:/sbin:/bin:/snap/bin', 'HOME': '/var/www', 'CMAKE_PREFIX_PATH': '/home/mapping_ws_auto/devel:/opt/ros/kinetic', 'ROS_LOG_FILENAME': '/home/mapping_ws_auto/src/mapcheck/logs/45fb4918-c731-11ea-9f36-fa163e744ed0/roslaunch-hecs-x-xlarge-2-linux-20200707132053-24980.log', 'SHLVL': '1', 'HISTSIZE': '10000', 'ROS_HOME': '/home/.ros/', 'ROS_MASTER_URI': 'http://localhost:11311', 'ROS_PYTHON_VERSION': '2', 'PYTHONPATH': '/home/mapping_ws_auto/devel/lib/python2.7/dist-packages:/opt/ros/kinetic/lib/python2.7/dist-packages', 'ROS_ROOT': '/opt/ros/kinetic/share/ros', 'PKG_CONFIG_PATH': '/home/mapping_ws_auto/devel/lib/pkgconfig:/opt/ros/kinetic/lib/pkgconfig:/opt/ros/kinetic/lib/x86_64-linux-gnu/pkgconfig', 'ROS_PACKAGE_PATH': '/home/mapping_ws_auto/src:/opt/ros/kinetic/share', '_': '/home/mapping_ws_auto/devel/lib/mapcheck/mapgencheck', 'XDG_DATA_DIRS': '/usr/local/share:/usr/share:/var/lib/snapd/desktop', 'PWD': '/var/www/html/maptoolapi', 'ROS_ETC_DIR': '/opt/ros/kinetic/etc/ros', 'ROS_VERSION': '1'}]
[roslaunch][INFO] 2020-07-16 14:55:03,467: process[rviz-3]: args[[u'/opt/ros/kinetic/lib/rviz/rviz', '-d', '/home/mapping_ws_auto/src/av-3dmapping-auto/LeGO-LOAM/launch/test.rviz', u'__name:=rviz']]
[roslaunch][INFO] 2020-07-16 14:55:03,467: ... created process [rviz-3]
[roslaunch.pmon][INFO] 2020-07-16 14:55:03,467: ProcessMonitor.register[rviz-3]
[roslaunch.pmon][INFO] 2020-07-16 14:55:03,467: ProcessMonitor.register[rviz-3] complete
[roslaunch][INFO] 2020-07-16 14:55:03,467: ... registered process [rviz-3]
[roslaunch][INFO] 2020-07-16 14:55:03,467: process[rviz-3]: starting os process
[roslaunch][INFO] 2020-07-16 14:55:03,467: process[rviz-3]: start w/ args [[u'/opt/ros/kinetic/lib/rviz/rviz', '-d', '/home/mapping_ws_auto/src/av-3dmapping-auto/LeGO-LOAM/launch/test.rviz', u'__name:=rviz', u'__log:=/home/mapping_ws_auto/src/mapcheck/logs/45fb4918-c731-11ea-9f36-fa163e744ed0/rviz-3.log']]
[roslaunch][INFO] 2020-07-16 14:55:03,468: process[rviz-3]: cwd will be [/home/.ros/]
[roslaunch][INFO] 2020-07-16 14:55:03,470: process[rviz-3]: started with pid [25028]
[roslaunch][INFO] 2020-07-16 14:55:03,470: ... successfully launched [rviz-3]
[roslaunch][INFO] 2020-07-16 14:55:03,470: ... preparing to launch node of type [tf/static_transform_publisher]
[roslaunch][INFO] 2020-07-16 14:55:03,470: create_node_process: package[tf] type[static_transform_publisher] machine[Machine(name[] env_loader[None] address[localhost] ssh_port[22] user[None] assignable[True] timeout[10.0])] master_uri[http://localhost:11311]
[roslaunch][INFO] 2020-07-16 14:55:03,470: process[camera_init_to_map-4]: env[{'HISTTIMEFORMAT': '%F %T www-data ', 'ROS_DISTRO': 'kinetic', 'ROS_LOG_DIR': '/home/mapping_ws_auto/src/mapcheck/logs', 'ROSLISP_PACKAGE_DIRECTORIES': '/home/mapping_ws_auto/devel/share/common-lisp', 'LD_LIBRARY_PATH': '/home/mapping_ws_auto/devel/lib:/opt/ros/kinetic/lib:/opt/ros/kinetic/lib/x86_64-linux-gnu', 'USER': 'www-data', 'PATH': '/opt/ros/kinetic/bin:/usr/local/sbin:/usr/local/bin:/usr/sbin:/usr/bin:/sbin:/bin:/snap/bin', 'HOME': '/var/www', 'CMAKE_PREFIX_PATH': '/home/mapping_ws_auto/devel:/opt/ros/kinetic', 'ROS_LOG_FILENAME': '/home/mapping_ws_auto/src/mapcheck/logs/45fb4918-c731-11ea-9f36-fa163e744ed0/roslaunch-hecs-x-xlarge-2-linux-20200707132053-24980.log', 'SHLVL': '1', 'HISTSIZE': '10000', 'ROS_HOME': '/home/.ros/', 'ROS_MASTER_URI': 'http://localhost:11311', 'ROS_PYTHON_VERSION': '2', 'PYTHONPATH': '/home/mapping_ws_auto/devel/lib/python2.7/dist-packages:/opt/ros/kinetic/lib/python2.7/dist-packages', 'ROS_ROOT': '/opt/ros/kinetic/share/ros', 'PKG_CONFIG_PATH': '/home/mapping_ws_auto/devel/lib/pkgconfig:/opt/ros/kinetic/lib/pkgconfig:/opt/ros/kinetic/lib/x86_64-linux-gnu/pkgconfig', 'ROS_PACKAGE_PATH': '/home/mapping_ws_auto/src:/opt/ros/kinetic/share', '_': '/home/mapping_ws_auto/devel/lib/mapcheck/mapgencheck', 'XDG_DATA_DIRS': '/usr/local/share:/usr/share:/var/lib/snapd/desktop', 'PWD': '/var/www/html/maptoolapi', 'ROS_ETC_DIR': '/opt/ros/kinetic/etc/ros', 'ROS_VERSION': '1'}]
[roslaunch][INFO] 2020-07-16 14:55:03,471: process[camera_init_to_map-4]: args[[u'/opt/ros/kinetic/lib/tf/static_transform_publisher', '0', '0', '0', '1.570795', '0', '1.570795', '/map', '/camera_init', '10', u'__name:=camera_init_to_map']]
[roslaunch][INFO] 2020-07-16 14:55:03,471: ... created process [camera_init_to_map-4]
[roslaunch.pmon][INFO] 2020-07-16 14:55:03,471: ProcessMonitor.register[camera_init_to_map-4]
[roslaunch.pmon][INFO] 2020-07-16 14:55:03,471: ProcessMonitor.register[camera_init_to_map-4] complete
[roslaunch][INFO] 2020-07-16 14:55:03,471: ... registered process [camera_init_to_map-4]
[roslaunch][INFO] 2020-07-16 14:55:03,471: process[camera_init_to_map-4]: starting os process
[roslaunch][INFO] 2020-07-16 14:55:03,471: process[camera_init_to_map-4]: start w/ args [[u'/opt/ros/kinetic/lib/tf/static_transform_publisher', '0', '0', '0', '1.570795', '0', '1.570795', '/map', '/camera_init', '10', u'__name:=camera_init_to_map', u'__log:=/home/mapping_ws_auto/src/mapcheck/logs/45fb4918-c731-11ea-9f36-fa163e744ed0/camera_init_to_map-4.log']]
[roslaunch][INFO] 2020-07-16 14:55:03,471: process[camera_init_to_map-4]: cwd will be [/home/.ros/]
[roslaunch][INFO] 2020-07-16 14:55:03,473: process[camera_init_to_map-4]: started with pid [25034]
[roslaunch][INFO] 2020-07-16 14:55:03,474: ... successfully launched [camera_init_to_map-4]
[roslaunch][INFO] 2020-07-16 14:55:03,474: ... preparing to launch node of type [tf/static_transform_publisher]
[roslaunch][INFO] 2020-07-16 14:55:03,474: create_node_process: package[tf] type[static_transform_publisher] machine[Machine(name[] env_loader[None] address[localhost] ssh_port[22] user[None] assignable[True] timeout[10.0])] master_uri[http://localhost:11311]
[roslaunch][INFO] 2020-07-16 14:55:03,474: process[base_link_to_camera-5]: env[{'HISTTIMEFORMAT': '%F %T www-data ', 'ROS_DISTRO': 'kinetic', 'ROS_LOG_DIR': '/home/mapping_ws_auto/src/mapcheck/logs', 'ROSLISP_PACKAGE_DIRECTORIES': '/home/mapping_ws_auto/devel/share/common-lisp', 'LD_LIBRARY_PATH': '/home/mapping_ws_auto/devel/lib:/opt/ros/kinetic/lib:/opt/ros/kinetic/lib/x86_64-linux-gnu', 'USER': 'www-data', 'PATH': '/opt/ros/kinetic/bin:/usr/local/sbin:/usr/local/bin:/usr/sbin:/usr/bin:/sbin:/bin:/snap/bin', 'HOME': '/var/www', 'CMAKE_PREFIX_PATH': '/home/mapping_ws_auto/devel:/opt/ros/kinetic', 'ROS_LOG_FILENAME': '/home/mapping_ws_auto/src/mapcheck/logs/45fb4918-c731-11ea-9f36-fa163e744ed0/roslaunch-hecs-x-xlarge-2-linux-20200707132053-24980.log', 'SHLVL': '1', 'HISTSIZE': '10000', 'ROS_HOME': '/home/.ros/', 'ROS_MASTER_URI': 'http://localhost:11311', 'ROS_PYTHON_VERSION': '2', 'PYTHONPATH': '/home/mapping_ws_auto/devel/lib/python2.7/dist-packages:/opt/ros/kinetic/lib/python2.7/dist-packages', 'ROS_ROOT': '/opt/ros/kinetic/share/ros', 'PKG_CONFIG_PATH': '/home/mapping_ws_auto/devel/lib/pkgconfig:/opt/ros/kinetic/lib/pkgconfig:/opt/ros/kinetic/lib/x86_64-linux-gnu/pkgconfig', 'ROS_PACKAGE_PATH': '/home/mapping_ws_auto/src:/opt/ros/kinetic/share', '_': '/home/mapping_ws_auto/devel/lib/mapcheck/mapgencheck', 'XDG_DATA_DIRS': '/usr/local/share:/usr/share:/var/lib/snapd/desktop', 'PWD': '/var/www/html/maptoolapi', 'ROS_ETC_DIR': '/opt/ros/kinetic/etc/ros', 'ROS_VERSION': '1'}]
[roslaunch][INFO] 2020-07-16 14:55:03,475: process[base_link_to_camera-5]: args[[u'/opt/ros/kinetic/lib/tf/static_transform_publisher', '0', '0', '0', '-1.570795', '-1.570795', '0', '/camera', '/base_link', '10', u'__name:=base_link_to_camera']]
[roslaunch][INFO] 2020-07-16 14:55:03,475: ... created process [base_link_to_camera-5]
[roslaunch.pmon][INFO] 2020-07-16 14:55:03,475: ProcessMonitor.register[base_link_to_camera-5]
[roslaunch.pmon][INFO] 2020-07-16 14:55:03,475: ProcessMonitor.register[base_link_to_camera-5] complete
[roslaunch][INFO] 2020-07-16 14:55:03,475: ... registered process [base_link_to_camera-5]
[roslaunch][INFO] 2020-07-16 14:55:03,475: process[base_link_to_camera-5]: starting os process
[roslaunch][INFO] 2020-07-16 14:55:03,475: process[base_link_to_camera-5]: start w/ args [[u'/opt/ros/kinetic/lib/tf/static_transform_publisher', '0', '0', '0', '-1.570795', '-1.570795', '0', '/camera', '/base_link', '10', u'__name:=base_link_to_camera', u'__log:=/home/mapping_ws_auto/src/mapcheck/logs/45fb4918-c731-11ea-9f36-fa163e744ed0/base_link_to_camera-5.log']]
[roslaunch][INFO] 2020-07-16 14:55:03,475: process[base_link_to_camera-5]: cwd will be [/home/.ros/]
[roslaunch][INFO] 2020-07-16 14:55:03,477: process[base_link_to_camera-5]: started with pid [25037]
[roslaunch][INFO] 2020-07-16 14:55:03,477: ... successfully launched [base_link_to_camera-5]
[roslaunch][INFO] 2020-07-16 14:55:03,477: ... preparing to launch node of type [lego_loam/imageProjection]
[roslaunch][INFO] 2020-07-16 14:55:03,477: create_node_process: package[lego_loam] type[imageProjection] machine[Machine(name[] env_loader[None] address[localhost] ssh_port[22] user[None] assignable[True] timeout[10.0])] master_uri[http://localhost:11311]
[roslaunch][INFO] 2020-07-16 14:55:03,477: process[imageProjection-6]: env[{'HISTTIMEFORMAT': '%F %T www-data ', 'ROS_DISTRO': 'kinetic', 'ROS_LOG_DIR': '/home/mapping_ws_auto/src/mapcheck/logs', 'ROSLISP_PACKAGE_DIRECTORIES': '/home/mapping_ws_auto/devel/share/common-lisp', 'LD_LIBRARY_PATH': '/home/mapping_ws_auto/devel/lib:/opt/ros/kinetic/lib:/opt/ros/kinetic/lib/x86_64-linux-gnu', 'USER': 'www-data', 'PATH': '/opt/ros/kinetic/bin:/usr/local/sbin:/usr/local/bin:/usr/sbin:/usr/bin:/sbin:/bin:/snap/bin', 'HOME': '/var/www', 'CMAKE_PREFIX_PATH': '/home/mapping_ws_auto/devel:/opt/ros/kinetic', 'ROS_LOG_FILENAME': '/home/mapping_ws_auto/src/mapcheck/logs/45fb4918-c731-11ea-9f36-fa163e744ed0/roslaunch-hecs-x-xlarge-2-linux-20200707132053-24980.log', 'SHLVL': '1', 'HISTSIZE': '10000', 'ROS_HOME': '/home/.ros/', 'ROS_MASTER_URI': 'http://localhost:11311', 'ROS_PYTHON_VERSION': '2', 'PYTHONPATH': '/home/mapping_ws_auto/devel/lib/python2.7/dist-packages:/opt/ros/kinetic/lib/python2.7/dist-packages', 'ROS_ROOT': '/opt/ros/kinetic/share/ros', 'PKG_CONFIG_PATH': '/home/mapping_ws_auto/devel/lib/pkgconfig:/opt/ros/kinetic/lib/pkgconfig:/opt/ros/kinetic/lib/x86_64-linux-gnu/pkgconfig', 'ROS_PACKAGE_PATH': '/home/mapping_ws_auto/src:/opt/ros/kinetic/share', '_': '/home/mapping_ws_auto/devel/lib/mapcheck/mapgencheck', 'XDG_DATA_DIRS': '/usr/local/share:/usr/share:/var/lib/snapd/desktop', 'PWD': '/var/www/html/maptoolapi', 'ROS_ETC_DIR': '/opt/ros/kinetic/etc/ros', 'ROS_VERSION': '1'}]
[roslaunch][INFO] 2020-07-16 14:55:03,478: process[imageProjection-6]: args[[u'/home/mapping_ws_auto/devel/lib/lego_loam/imageProjection', u'velodyne_points:=all_obstacles', u'__name:=imageProjection']]
[roslaunch][INFO] 2020-07-16 14:55:03,479: ... created process [imageProjection-6]
[roslaunch.pmon][INFO] 2020-07-16 14:55:03,479: ProcessMonitor.register[imageProjection-6]
[roslaunch.pmon][INFO] 2020-07-16 14:55:03,479: ProcessMonitor.register[imageProjection-6] complete
[roslaunch][INFO] 2020-07-16 14:55:03,479: ... registered process [imageProjection-6]
[roslaunch][INFO] 2020-07-16 14:55:03,479: process[imageProjection-6]: starting os process
[roslaunch][INFO] 2020-07-16 14:55:03,479: process[imageProjection-6]: start w/ args [[u'/home/mapping_ws_auto/devel/lib/lego_loam/imageProjection', u'velodyne_points:=all_obstacles', u'__name:=imageProjection', u'__log:=/home/mapping_ws_auto/src/mapcheck/logs/45fb4918-c731-11ea-9f36-fa163e744ed0/imageProjection-6.log']]
[roslaunch][INFO] 2020-07-16 14:55:03,479: process[imageProjection-6]: cwd will be [/home/.ros/]
[roslaunch][INFO] 2020-07-16 14:55:03,482: process[imageProjection-6]: started with pid [25040]
[roslaunch][INFO] 2020-07-16 14:55:03,482: ... successfully launched [imageProjection-6]
[roslaunch][INFO] 2020-07-16 14:55:03,482: ... preparing to launch node of type [lego_loam/combineLidars]
[roslaunch][INFO] 2020-07-16 14:55:03,482: create_node_process: package[lego_loam] type[combineLidars] machine[Machine(name[] env_loader[None] address[localhost] ssh_port[22] user[None] assignable[True] timeout[10.0])] master_uri[http://localhost:11311]
[roslaunch][INFO] 2020-07-16 14:55:03,482: process[combineLidars-7]: env[{'HISTTIMEFORMAT': '%F %T www-data ', 'ROS_DISTRO': 'kinetic', 'ROS_LOG_DIR': '/home/mapping_ws_auto/src/mapcheck/logs', 'ROSLISP_PACKAGE_DIRECTORIES': '/home/mapping_ws_auto/devel/share/common-lisp', 'LD_LIBRARY_PATH': '/home/mapping_ws_auto/devel/lib:/opt/ros/kinetic/lib:/opt/ros/kinetic/lib/x86_64-linux-gnu', 'USER': 'www-data', 'PATH': '/opt/ros/kinetic/bin:/usr/local/sbin:/usr/local/bin:/usr/sbin:/usr/bin:/sbin:/bin:/snap/bin', 'HOME': '/var/www', 'CMAKE_PREFIX_PATH': '/home/mapping_ws_auto/devel:/opt/ros/kinetic', 'ROS_LOG_FILENAME': '/home/mapping_ws_auto/src/mapcheck/logs/45fb4918-c731-11ea-9f36-fa163e744ed0/roslaunch-hecs-x-xlarge-2-linux-20200707132053-24980.log', 'SHLVL': '1', 'HISTSIZE': '10000', 'ROS_HOME': '/home/.ros/', 'ROS_MASTER_URI': 'http://localhost:11311', 'ROS_PYTHON_VERSION': '2', 'PYTHONPATH': '/home/mapping_ws_auto/devel/lib/python2.7/dist-packages:/opt/ros/kinetic/lib/python2.7/dist-packages', 'ROS_ROOT': '/opt/ros/kinetic/share/ros', 'PKG_CONFIG_PATH': '/home/mapping_ws_auto/devel/lib/pkgconfig:/opt/ros/kinetic/lib/pkgconfig:/opt/ros/kinetic/lib/x86_64-linux-gnu/pkgconfig', 'ROS_PACKAGE_PATH': '/home/mapping_ws_auto/src:/opt/ros/kinetic/share', '_': '/home/mapping_ws_auto/devel/lib/mapcheck/mapgencheck', 'XDG_DATA_DIRS': '/usr/local/share:/usr/share:/var/lib/snapd/desktop', 'PWD': '/var/www/html/maptoolapi', 'ROS_ETC_DIR': '/opt/ros/kinetic/etc/ros', 'ROS_VERSION': '1'}]
[roslaunch][INFO] 2020-07-16 14:55:03,483: process[combineLidars-7]: args[[u'/home/mapping_ws_auto/devel/lib/lego_loam/combineLidars', u'__name:=combineLidars']]
[roslaunch][INFO] 2020-07-16 14:55:03,484: ... created process [combineLidars-7]
[roslaunch.pmon][INFO] 2020-07-16 14:55:03,484: ProcessMonitor.register[combineLidars-7]
[roslaunch.pmon][INFO] 2020-07-16 14:55:03,484: ProcessMonitor.register[combineLidars-7] complete
[roslaunch][INFO] 2020-07-16 14:55:03,484: ... registered process [combineLidars-7]
[roslaunch][INFO] 2020-07-16 14:55:03,484: process[combineLidars-7]: starting os process
[roslaunch][INFO] 2020-07-16 14:55:03,484: process[combineLidars-7]: start w/ args [[u'/home/mapping_ws_auto/devel/lib/lego_loam/combineLidars', u'__name:=combineLidars', u'__log:=/home/mapping_ws_auto/src/mapcheck/logs/45fb4918-c731-11ea-9f36-fa163e744ed0/combineLidars-7.log']]
[roslaunch][INFO] 2020-07-16 14:55:03,485: process[combineLidars-7]: cwd will be [/home/.ros/]
[roslaunch][INFO] 2020-07-16 14:55:03,487: process[combineLidars-7]: started with pid [25052]
[roslaunch][INFO] 2020-07-16 14:55:03,487: ... successfully launched [combineLidars-7]
[roslaunch][INFO] 2020-07-16 14:55:03,487: ... preparing to launch node of type [lego_loam/featureAssociation]
[roslaunch][INFO] 2020-07-16 14:55:03,487: create_node_process: package[lego_loam] type[featureAssociation] machine[Machine(name[] env_loader[None] address[localhost] ssh_port[22] user[None] assignable[True] timeout[10.0])] master_uri[http://localhost:11311]
[roslaunch][INFO] 2020-07-16 14:55:03,487: process[featureAssociation-8]: env[{'HISTTIMEFORMAT': '%F %T www-data ', 'ROS_DISTRO': 'kinetic', 'ROS_LOG_DIR': '/home/mapping_ws_auto/src/mapcheck/logs', 'ROSLISP_PACKAGE_DIRECTORIES': '/home/mapping_ws_auto/devel/share/common-lisp', 'LD_LIBRARY_PATH': '/home/mapping_ws_auto/devel/lib:/opt/ros/kinetic/lib:/opt/ros/kinetic/lib/x86_64-linux-gnu', 'USER': 'www-data', 'PATH': '/opt/ros/kinetic/bin:/usr/local/sbin:/usr/local/bin:/usr/sbin:/usr/bin:/sbin:/bin:/snap/bin', 'HOME': '/var/www', 'CMAKE_PREFIX_PATH': '/home/mapping_ws_auto/devel:/opt/ros/kinetic', 'ROS_LOG_FILENAME': '/home/mapping_ws_auto/src/mapcheck/logs/45fb4918-c731-11ea-9f36-fa163e744ed0/roslaunch-hecs-x-xlarge-2-linux-20200707132053-24980.log', 'SHLVL': '1', 'HISTSIZE': '10000', 'ROS_HOME': '/home/.ros/', 'ROS_MASTER_URI': 'http://localhost:11311', 'ROS_PYTHON_VERSION': '2', 'PYTHONPATH': '/home/mapping_ws_auto/devel/lib/python2.7/dist-packages:/opt/ros/kinetic/lib/python2.7/dist-packages', 'ROS_ROOT': '/opt/ros/kinetic/share/ros', 'PKG_CONFIG_PATH': '/home/mapping_ws_auto/devel/lib/pkgconfig:/opt/ros/kinetic/lib/pkgconfig:/opt/ros/kinetic/lib/x86_64-linux-gnu/pkgconfig', 'ROS_PACKAGE_PATH': '/home/mapping_ws_auto/src:/opt/ros/kinetic/share', '_': '/home/mapping_ws_auto/devel/lib/mapcheck/mapgencheck', 'XDG_DATA_DIRS': '/usr/local/share:/usr/share:/var/lib/snapd/desktop', 'PWD': '/var/www/html/maptoolapi', 'ROS_ETC_DIR': '/opt/ros/kinetic/etc/ros', 'ROS_VERSION': '1'}]
[roslaunch][INFO] 2020-07-16 14:55:03,488: process[featureAssociation-8]: args[[u'/home/mapping_ws_auto/devel/lib/lego_loam/featureAssociation', u'imu/data:=/golfcart/imu/data', u'__name:=featureAssociation']]
[roslaunch][INFO] 2020-07-16 14:55:03,488: ... created process [featureAssociation-8]
[roslaunch.pmon][INFO] 2020-07-16 14:55:03,488: ProcessMonitor.register[featureAssociation-8]
[roslaunch.pmon][INFO] 2020-07-16 14:55:03,488: ProcessMonitor.register[featureAssociation-8] complete
[roslaunch][INFO] 2020-07-16 14:55:03,488: ... registered process [featureAssociation-8]
[roslaunch][INFO] 2020-07-16 14:55:03,488: process[featureAssociation-8]: starting os process
[roslaunch][INFO] 2020-07-16 14:55:03,489: process[featureAssociation-8]: start w/ args [[u'/home/mapping_ws_auto/devel/lib/lego_loam/featureAssociation', u'imu/data:=/golfcart/imu/data', u'__name:=featureAssociation', u'__log:=/home/mapping_ws_auto/src/mapcheck/logs/45fb4918-c731-11ea-9f36-fa163e744ed0/featureAssociation-8.log']]
[roslaunch][INFO] 2020-07-16 14:55:03,489: process[featureAssociation-8]: cwd will be [/home/.ros/]
[roslaunch][INFO] 2020-07-16 14:55:03,494: process[featureAssociation-8]: started with pid [25054]
[roslaunch][INFO] 2020-07-16 14:55:03,494: ... successfully launched [featureAssociation-8]
[roslaunch][INFO] 2020-07-16 14:55:03,494: ... preparing to launch node of type [lego_loam/mapOptmization]
[roslaunch][INFO] 2020-07-16 14:55:03,494: create_node_process: package[lego_loam] type[mapOptmization] machine[Machine(name[] env_loader[None] address[localhost] ssh_port[22] user[None] assignable[True] timeout[10.0])] master_uri[http://localhost:11311]
[roslaunch][INFO] 2020-07-16 14:55:03,495: process[mapOptmization-9]: env[{'HISTTIMEFORMAT': '%F %T www-data ', 'ROS_DISTRO': 'kinetic', 'ROS_LOG_DIR': '/home/mapping_ws_auto/src/mapcheck/logs', 'ROSLISP_PACKAGE_DIRECTORIES': '/home/mapping_ws_auto/devel/share/common-lisp', 'LD_LIBRARY_PATH': '/home/mapping_ws_auto/devel/lib:/opt/ros/kinetic/lib:/opt/ros/kinetic/lib/x86_64-linux-gnu', 'USER': 'www-data', 'PATH': '/opt/ros/kinetic/bin:/usr/local/sbin:/usr/local/bin:/usr/sbin:/usr/bin:/sbin:/bin:/snap/bin', 'HOME': '/var/www', 'CMAKE_PREFIX_PATH': '/home/mapping_ws_auto/devel:/opt/ros/kinetic', 'ROS_LOG_FILENAME': '/home/mapping_ws_auto/src/mapcheck/logs/45fb4918-c731-11ea-9f36-fa163e744ed0/roslaunch-hecs-x-xlarge-2-linux-20200707132053-24980.log', 'SHLVL': '1', 'HISTSIZE': '10000', 'ROS_HOME': '/home/.ros/', 'ROS_MASTER_URI': 'http://localhost:11311', 'ROS_PYTHON_VERSION': '2', 'PYTHONPATH': '/home/mapping_ws_auto/devel/lib/python2.7/dist-packages:/opt/ros/kinetic/lib/python2.7/dist-packages', 'ROS_ROOT': '/opt/ros/kinetic/share/ros', 'PKG_CONFIG_PATH': '/home/mapping_ws_auto/devel/lib/pkgconfig:/opt/ros/kinetic/lib/pkgconfig:/opt/ros/kinetic/lib/x86_64-linux-gnu/pkgconfig', 'ROS_PACKAGE_PATH': '/home/mapping_ws_auto/src:/opt/ros/kinetic/share', '_': '/home/mapping_ws_auto/devel/lib/mapcheck/mapgencheck', 'XDG_DATA_DIRS': '/usr/local/share:/usr/share:/var/lib/snapd/desktop', 'PWD': '/var/www/html/maptoolapi', 'ROS_ETC_DIR': '/opt/ros/kinetic/etc/ros', 'ROS_VERSION': '1'}]
[roslaunch][INFO] 2020-07-16 14:55:03,496: process[mapOptmization-9]: args[[u'/home/mapping_ws_auto/devel/lib/lego_loam/mapOptmization', u'imu/data:=/golfcart/imu/data', u'gps:=gps', u'__name:=mapOptmization']]
[roslaunch][INFO] 2020-07-16 14:55:03,496: ... created process [mapOptmization-9]
[roslaunch.pmon][INFO] 2020-07-16 14:55:03,496: ProcessMonitor.register[mapOptmization-9]
[roslaunch.pmon][INFO] 2020-07-16 14:55:03,496: ProcessMonitor.register[mapOptmization-9] complete
[roslaunch][INFO] 2020-07-16 14:55:03,496: ... registered process [mapOptmization-9]
[roslaunch][INFO] 2020-07-16 14:55:03,496: process[mapOptmization-9]: starting os process
[roslaunch][INFO] 2020-07-16 14:55:03,496: process[mapOptmization-9]: start w/ args [[u'/home/mapping_ws_auto/devel/lib/lego_loam/mapOptmization', u'imu/data:=/golfcart/imu/data', u'gps:=gps', u'__name:=mapOptmization', u'__log:=/home/mapping_ws_auto/src/mapcheck/logs/45fb4918-c731-11ea-9f36-fa163e744ed0/mapOptmization-9.log']]
[roslaunch][INFO] 2020-07-16 14:55:03,496: process[mapOptmization-9]: cwd will be [/home/.ros/]
[roslaunch][INFO] 2020-07-16 14:55:03,502: process[mapOptmization-9]: started with pid [25055]
[roslaunch][INFO] 2020-07-16 14:55:03,502: ... successfully launched [mapOptmization-9]
[roslaunch][INFO] 2020-07-16 14:55:03,502: ... preparing to launch node of type [lego_loam/transformFusion]
[roslaunch][INFO] 2020-07-16 14:55:03,502: create_node_process: package[lego_loam] type[transformFusion] machine[Machine(name[] env_loader[None] address[localhost] ssh_port[22] user[None] assignable[True] timeout[10.0])] master_uri[http://localhost:11311]
[roslaunch][INFO] 2020-07-16 14:55:03,503: process[transformFusion-10]: env[{'HISTTIMEFORMAT': '%F %T www-data ', 'ROS_DISTRO': 'kinetic', 'ROS_LOG_DIR': '/home/mapping_ws_auto/src/mapcheck/logs', 'ROSLISP_PACKAGE_DIRECTORIES': '/home/mapping_ws_auto/devel/share/common-lisp', 'LD_LIBRARY_PATH': '/home/mapping_ws_auto/devel/lib:/opt/ros/kinetic/lib:/opt/ros/kinetic/lib/x86_64-linux-gnu', 'USER': 'www-data', 'PATH': '/opt/ros/kinetic/bin:/usr/local/sbin:/usr/local/bin:/usr/sbin:/usr/bin:/sbin:/bin:/snap/bin', 'HOME': '/var/www', 'CMAKE_PREFIX_PATH': '/home/mapping_ws_auto/devel:/opt/ros/kinetic', 'ROS_LOG_FILENAME': '/home/mapping_ws_auto/src/mapcheck/logs/45fb4918-c731-11ea-9f36-fa163e744ed0/roslaunch-hecs-x-xlarge-2-linux-20200707132053-24980.log', 'SHLVL': '1', 'HISTSIZE': '10000', 'ROS_HOME': '/home/.ros/', 'ROS_MASTER_URI': 'http://localhost:11311', 'ROS_PYTHON_VERSION': '2', 'PYTHONPATH': '/home/mapping_ws_auto/devel/lib/python2.7/dist-packages:/opt/ros/kinetic/lib/python2.7/dist-packages', 'ROS_ROOT': '/opt/ros/kinetic/share/ros', 'PKG_CONFIG_PATH': '/home/mapping_ws_auto/devel/lib/pkgconfig:/opt/ros/kinetic/lib/pkgconfig:/opt/ros/kinetic/lib/x86_64-linux-gnu/pkgconfig', 'ROS_PACKAGE_PATH': '/home/mapping_ws_auto/src:/opt/ros/kinetic/share', '_': '/home/mapping_ws_auto/devel/lib/mapcheck/mapgencheck', 'XDG_DATA_DIRS': '/usr/local/share:/usr/share:/var/lib/snapd/desktop', 'PWD': '/var/www/html/maptoolapi', 'ROS_ETC_DIR': '/opt/ros/kinetic/etc/ros', 'ROS_VERSION': '1'}]
[roslaunch][INFO] 2020-07-16 14:55:03,504: process[transformFusion-10]: args[[u'/home/mapping_ws_auto/devel/lib/lego_loam/transformFusion', u'__name:=transformFusion']]
[roslaunch][INFO] 2020-07-16 14:55:03,504: ... created process [transformFusion-10]
[roslaunch.pmon][INFO] 2020-07-16 14:55:03,504: ProcessMonitor.register[transformFusion-10]
[roslaunch.pmon][INFO] 2020-07-16 14:55:03,504: ProcessMonitor.register[transformFusion-10] complete
[roslaunch][INFO] 2020-07-16 14:55:03,504: ... registered process [transformFusion-10]
[roslaunch][INFO] 2020-07-16 14:55:03,504: process[transformFusion-10]: starting os process
[roslaunch][INFO] 2020-07-16 14:55:03,504: process[transformFusion-10]: start w/ args [[u'/home/mapping_ws_auto/devel/lib/lego_loam/transformFusion', u'__name:=transformFusion', u'__log:=/home/mapping_ws_auto/src/mapcheck/logs/45fb4918-c731-11ea-9f36-fa163e744ed0/transformFusion-10.log']]
[roslaunch][INFO] 2020-07-16 14:55:03,504: process[transformFusion-10]: cwd will be [/home/.ros/]
[roslaunch][INFO] 2020-07-16 14:55:03,514: process[transformFusion-10]: started with pid [25057]
[roslaunch][INFO] 2020-07-16 14:55:03,515: ... successfully launched [transformFusion-10]
[roslaunch][INFO] 2020-07-16 14:55:03,515: ... preparing to launch node of type [rslidar_pointcloud/cloud_node]
[roslaunch][INFO] 2020-07-16 14:55:03,515: create_node_process: package[rslidar_pointcloud] type[cloud_node] machine[Machine(name[] env_loader[None] address[localhost] ssh_port[22] user[None] assignable[True] timeout[10.0])] master_uri[http://localhost:11311]
[roslaunch][INFO] 2020-07-16 14:55:03,515: process[cloud_node-11]: env[{'HISTTIMEFORMAT': '%F %T www-data ', 'ROS_DISTRO': 'kinetic', 'ROS_LOG_DIR': '/home/mapping_ws_auto/src/mapcheck/logs', 'ROSLISP_PACKAGE_DIRECTORIES': '/home/mapping_ws_auto/devel/share/common-lisp', 'LD_LIBRARY_PATH': '/home/mapping_ws_auto/devel/lib:/opt/ros/kinetic/lib:/opt/ros/kinetic/lib/x86_64-linux-gnu', 'USER': 'www-data', 'PATH': '/opt/ros/kinetic/bin:/usr/local/sbin:/usr/local/bin:/usr/sbin:/usr/bin:/sbin:/bin:/snap/bin', 'HOME': '/var/www', 'CMAKE_PREFIX_PATH': '/home/mapping_ws_auto/devel:/opt/ros/kinetic', 'ROS_LOG_FILENAME': '/home/mapping_ws_auto/src/mapcheck/logs/45fb4918-c731-11ea-9f36-fa163e744ed0/roslaunch-hecs-x-xlarge-2-linux-20200707132053-24980.log', 'SHLVL': '1', 'HISTSIZE': '10000', 'ROS_HOME': '/home/.ros/', 'ROS_MASTER_URI': 'http://localhost:11311', 'ROS_PYTHON_VERSION': '2', 'PYTHONPATH': '/home/mapping_ws_auto/devel/lib/python2.7/dist-packages:/opt/ros/kinetic/lib/python2.7/dist-packages', 'ROS_ROOT': '/opt/ros/kinetic/share/ros', 'PKG_CONFIG_PATH': '/home/mapping_ws_auto/devel/lib/pkgconfig:/opt/ros/kinetic/lib/pkgconfig:/opt/ros/kinetic/lib/x86_64-linux-gnu/pkgconfig', 'ROS_PACKAGE_PATH': '/home/mapping_ws_auto/src:/opt/ros/kinetic/share', '_': '/home/mapping_ws_auto/devel/lib/mapcheck/mapgencheck', 'XDG_DATA_DIRS': '/usr/local/share:/usr/share:/var/lib/snapd/desktop', 'PWD': '/var/www/html/maptoolapi', 'ROS_ETC_DIR': '/opt/ros/kinetic/etc/ros', 'ROS_VERSION': '1'}]
[roslaunch][INFO] 2020-07-16 14:55:03,516: process[cloud_node-11]: args[[u'/home/mapping_ws_auto/devel/lib/rslidar_pointcloud/cloud_node', u'rslidar_packets:=/golfcart/top_rs/rslidar_packets', u'rslidar_points:=cc0', u'rslidar_packets_difop:=/golfcart/top_rs/rslidar_packets_difop', u'__name:=cloud_node']]
[roslaunch][INFO] 2020-07-16 14:55:03,516: ... created process [cloud_node-11]
[roslaunch.pmon][INFO] 2020-07-16 14:55:03,516: ProcessMonitor.register[cloud_node-11]
[roslaunch.pmon][INFO] 2020-07-16 14:55:03,516: ProcessMonitor.register[cloud_node-11] complete
[roslaunch][INFO] 2020-07-16 14:55:03,516: ... registered process [cloud_node-11]
[roslaunch][INFO] 2020-07-16 14:55:03,516: process[cloud_node-11]: starting os process
[roslaunch][INFO] 2020-07-16 14:55:03,516: process[cloud_node-11]: start w/ args [[u'/home/mapping_ws_auto/devel/lib/rslidar_pointcloud/cloud_node', u'rslidar_packets:=/golfcart/top_rs/rslidar_packets', u'rslidar_points:=cc0', u'rslidar_packets_difop:=/golfcart/top_rs/rslidar_packets_difop', u'__name:=cloud_node', u'__log:=/home/mapping_ws_auto/src/mapcheck/logs/45fb4918-c731-11ea-9f36-fa163e744ed0/cloud_node-11.log']]
[roslaunch][INFO] 2020-07-16 14:55:03,516: process[cloud_node-11]: cwd will be [/home/.ros/]
[roslaunch][INFO] 2020-07-16 14:55:03,522: process[cloud_node-11]: started with pid [25060]
[roslaunch][INFO] 2020-07-16 14:55:03,522: ... successfully launched [cloud_node-11]
[roslaunch][INFO] 2020-07-16 14:55:03,522: ... preparing to launch node of type [rslidar_pointcloud/cloud_node]
[roslaunch][INFO] 2020-07-16 14:55:03,522: create_node_process: package[rslidar_pointcloud] type[cloud_node] machine[Machine(name[] env_loader[None] address[localhost] ssh_port[22] user[None] assignable[True] timeout[10.0])] master_uri[http://localhost:11311]
[roslaunch][INFO] 2020-07-16 14:55:03,522: process[cloud_node1-12]: env[{'HISTTIMEFORMAT': '%F %T www-data ', 'ROS_DISTRO': 'kinetic', 'ROS_LOG_DIR': '/home/mapping_ws_auto/src/mapcheck/logs', 'ROSLISP_PACKAGE_DIRECTORIES': '/home/mapping_ws_auto/devel/share/common-lisp', 'LD_LIBRARY_PATH': '/home/mapping_ws_auto/devel/lib:/opt/ros/kinetic/lib:/opt/ros/kinetic/lib/x86_64-linux-gnu', 'USER': 'www-data', 'PATH': '/opt/ros/kinetic/bin:/usr/local/sbin:/usr/local/bin:/usr/sbin:/usr/bin:/sbin:/bin:/snap/bin', 'HOME': '/var/www', 'CMAKE_PREFIX_PATH': '/home/mapping_ws_auto/devel:/opt/ros/kinetic', 'ROS_LOG_FILENAME': '/home/mapping_ws_auto/src/mapcheck/logs/45fb4918-c731-11ea-9f36-fa163e744ed0/roslaunch-hecs-x-xlarge-2-linux-20200707132053-24980.log', 'SHLVL': '1', 'HISTSIZE': '10000', 'ROS_HOME': '/home/.ros/', 'ROS_MASTER_URI': 'http://localhost:11311', 'ROS_PYTHON_VERSION': '2', 'PYTHONPATH': '/home/mapping_ws_auto/devel/lib/python2.7/dist-packages:/opt/ros/kinetic/lib/python2.7/dist-packages', 'ROS_ROOT': '/opt/ros/kinetic/share/ros', 'PKG_CONFIG_PATH': '/home/mapping_ws_auto/devel/lib/pkgconfig:/opt/ros/kinetic/lib/pkgconfig:/opt/ros/kinetic/lib/x86_64-linux-gnu/pkgconfig', 'ROS_PACKAGE_PATH': '/home/mapping_ws_auto/src:/opt/ros/kinetic/share', '_': '/home/mapping_ws_auto/devel/lib/mapcheck/mapgencheck', 'XDG_DATA_DIRS': '/usr/local/share:/usr/share:/var/lib/snapd/desktop', 'PWD': '/var/www/html/maptoolapi', 'ROS_ETC_DIR': '/opt/ros/kinetic/etc/ros', 'ROS_VERSION': '1'}]
[roslaunch][INFO] 2020-07-16 14:55:03,523: process[cloud_node1-12]: args[[u'/home/mapping_ws_auto/devel/lib/rslidar_pointcloud/cloud_node', u'rslidar_packets:=aa1', u'rslidar_points:=cc1', u'rslidar_packets_difop:=bb1', u'__name:=cloud_node1']]
[roslaunch][INFO] 2020-07-16 14:55:03,523: ... created process [cloud_node1-12]
[roslaunch.pmon][INFO] 2020-07-16 14:55:03,524: ProcessMonitor.register[cloud_node1-12]
[roslaunch.pmon][INFO] 2020-07-16 14:55:03,524: ProcessMonitor.register[cloud_node1-12] complete
[roslaunch][INFO] 2020-07-16 14:55:03,524: ... registered process [cloud_node1-12]
[roslaunch][INFO] 2020-07-16 14:55:03,524: process[cloud_node1-12]: starting os process
[roslaunch][INFO] 2020-07-16 14:55:03,524: process[cloud_node1-12]: start w/ args [[u'/home/mapping_ws_auto/devel/lib/rslidar_pointcloud/cloud_node', u'rslidar_packets:=aa1', u'rslidar_points:=cc1', u'rslidar_packets_difop:=bb1', u'__name:=cloud_node1', u'__log:=/home/mapping_ws_auto/src/mapcheck/logs/45fb4918-c731-11ea-9f36-fa163e744ed0/cloud_node1-12.log']]
[roslaunch][INFO] 2020-07-16 14:55:03,524: process[cloud_node1-12]: cwd will be [/home/.ros/]
[roslaunch][INFO] 2020-07-16 14:55:03,530: process[cloud_node1-12]: started with pid [25062]
[roslaunch][INFO] 2020-07-16 14:55:03,530: ... successfully launched [cloud_node1-12]
[roslaunch][INFO] 2020-07-16 14:55:03,530: ... preparing to launch node of type [rslidar_pointcloud/cloud_node]
[roslaunch][INFO] 2020-07-16 14:55:03,530: create_node_process: package[rslidar_pointcloud] type[cloud_node] machine[Machine(name[] env_loader[None] address[localhost] ssh_port[22] user[None] assignable[True] timeout[10.0])] master_uri[http://localhost:11311]
[roslaunch][INFO] 2020-07-16 14:55:03,530: process[cloud_node2-13]: env[{'HISTTIMEFORMAT': '%F %T www-data ', 'ROS_DISTRO': 'kinetic', 'ROS_LOG_DIR': '/home/mapping_ws_auto/src/mapcheck/logs', 'ROSLISP_PACKAGE_DIRECTORIES': '/home/mapping_ws_auto/devel/share/common-lisp', 'LD_LIBRARY_PATH': '/home/mapping_ws_auto/devel/lib:/opt/ros/kinetic/lib:/opt/ros/kinetic/lib/x86_64-linux-gnu', 'USER': 'www-data', 'PATH': '/opt/ros/kinetic/bin:/usr/local/sbin:/usr/local/bin:/usr/sbin:/usr/bin:/sbin:/bin:/snap/bin', 'HOME': '/var/www', 'CMAKE_PREFIX_PATH': '/home/mapping_ws_auto/devel:/opt/ros/kinetic', 'ROS_LOG_FILENAME': '/home/mapping_ws_auto/src/mapcheck/logs/45fb4918-c731-11ea-9f36-fa163e744ed0/roslaunch-hecs-x-xlarge-2-linux-20200707132053-24980.log', 'SHLVL': '1', 'HISTSIZE': '10000', 'ROS_HOME': '/home/.ros/', 'ROS_MASTER_URI': 'http://localhost:11311', 'ROS_PYTHON_VERSION': '2', 'PYTHONPATH': '/home/mapping_ws_auto/devel/lib/python2.7/dist-packages:/opt/ros/kinetic/lib/python2.7/dist-packages', 'ROS_ROOT': '/opt/ros/kinetic/share/ros', 'PKG_CONFIG_PATH': '/home/mapping_ws_auto/devel/lib/pkgconfig:/opt/ros/kinetic/lib/pkgconfig:/opt/ros/kinetic/lib/x86_64-linux-gnu/pkgconfig', 'ROS_PACKAGE_PATH': '/home/mapping_ws_auto/src:/opt/ros/kinetic/share', '_': '/home/mapping_ws_auto/devel/lib/mapcheck/mapgencheck', 'XDG_DATA_DIRS': '/usr/local/share:/usr/share:/var/lib/snapd/desktop', 'PWD': '/var/www/html/maptoolapi', 'ROS_ETC_DIR': '/opt/ros/kinetic/etc/ros', 'ROS_VERSION': '1'}]
[roslaunch][INFO] 2020-07-16 14:55:03,531: process[cloud_node2-13]: args[[u'/home/mapping_ws_auto/devel/lib/rslidar_pointcloud/cloud_node', u'rslidar_packets:=aa2', u'rslidar_points:=cc2', u'rslidar_packets_difop:=bb2', u'__name:=cloud_node2']]
[roslaunch][INFO] 2020-07-16 14:55:03,531: ... created process [cloud_node2-13]
[roslaunch.pmon][INFO] 2020-07-16 14:55:03,531: ProcessMonitor.register[cloud_node2-13]
[roslaunch.pmon][INFO] 2020-07-16 14:55:03,531: ProcessMonitor.register[cloud_node2-13] complete
[roslaunch][INFO] 2020-07-16 14:55:03,531: ... registered process [cloud_node2-13]
[roslaunch][INFO] 2020-07-16 14:55:03,531: process[cloud_node2-13]: starting os process
[roslaunch][INFO] 2020-07-16 14:55:03,531: process[cloud_node2-13]: start w/ args [[u'/home/mapping_ws_auto/devel/lib/rslidar_pointcloud/cloud_node', u'rslidar_packets:=aa2', u'rslidar_points:=cc2', u'rslidar_packets_difop:=bb2', u'__name:=cloud_node2', u'__log:=/home/mapping_ws_auto/src/mapcheck/logs/45fb4918-c731-11ea-9f36-fa163e744ed0/cloud_node2-13.log']]
[roslaunch][INFO] 2020-07-16 14:55:03,531: process[cloud_node2-13]: cwd will be [/home/.ros/]
[roslaunch][INFO] 2020-07-16 14:55:03,534: process[cloud_node2-13]: started with pid [25068]
[roslaunch][INFO] 2020-07-16 14:55:03,534: ... successfully launched [cloud_node2-13]
[roslaunch][INFO] 2020-07-16 14:55:03,534: ... launch_nodes complete
[roslaunch.pmon][INFO] 2020-07-16 14:55:03,534: registrations completed <ProcessMonitor(ProcessMonitor-1, started daemon 139930635282176)>
[roslaunch.parent][INFO] 2020-07-16 14:55:03,534: ... roslaunch parent running, waiting for process exit
[roslaunch][INFO] 2020-07-16 14:55:03,534: spin
[roslaunch][ERROR] 2020-07-16 14:55:03,679: [rviz-3] process has died [pid 25028, exit code -6, cmd /opt/ros/kinetic/lib/rviz/rviz -d /home/mapping_ws_auto/src/av-3dmapping-auto/LeGO-LOAM/launch/test.rviz __name:=rviz __log:=/home/mapping_ws_auto/src/mapcheck/logs/45fb4918-c731-11ea-9f36-fa163e744ed0/rviz-3.log].
log file: /home/mapping_ws_auto/src/mapcheck/logs/45fb4918-c731-11ea-9f36-fa163e744ed0/rviz-3*.log
[roslaunch.pmon][INFO] 2020-07-16 14:55:03,679: ProcessMonitor.unregister[rviz-3] starting
[roslaunch.pmon][INFO] 2020-07-16 14:55:03,679: ProcessMonitor.unregister[rviz-3] complete
[roslaunch][ERROR] 2020-07-16 14:55:27,428: ================================================================================REQUIRED process [mapOptmization-9] has died!
process has finished cleanly
log file: /home/mapping_ws_auto/src/mapcheck/logs/45fb4918-c731-11ea-9f36-fa163e744ed0/mapOptmization-9*.log
Initiating shutdown!
================================================================================
[roslaunch.pmon][INFO] 2020-07-16 14:55:27,528: ProcessMonitor._post_run <ProcessMonitor(ProcessMonitor-1, started daemon 139930635282176)>
[roslaunch.pmon][INFO] 2020-07-16 14:55:27,528: ProcessMonitor._post_run <ProcessMonitor(ProcessMonitor-1, started daemon 139930635282176)>: remaining procs are [<roslaunch.nodeprocess.LocalProcess object at 0x7f4423f133d0>, <roslaunch.nodeprocess.LocalProcess object at 0x7f4423f13850>, <roslaunch.nodeprocess.LocalProcess object at 0x7f442247b410>, <roslaunch.nodeprocess.LocalProcess object at 0x7f442247b350>, <roslaunch.nodeprocess.LocalProcess object at 0x7f442247b5d0>, <roslaunch.nodeprocess.LocalProcess object at 0x7f442247b250>, <roslaunch.nodeprocess.LocalProcess object at 0x7f442247b610>, <roslaunch.nodeprocess.LocalProcess object at 0x7f442247b750>, <roslaunch.nodeprocess.LocalProcess object at 0x7f442247b510>, <roslaunch.nodeprocess.LocalProcess object at 0x7f442247b710>, <roslaunch.nodeprocess.LocalProcess object at 0x7f442247b850>, <roslaunch.nodeprocess.LocalProcess object at 0x7f442247ba10>, <roslaunch.nodeprocess.LocalProcess object at 0x7f442247ba50>]
[roslaunch.pmon][INFO] 2020-07-16 14:55:27,528: ProcessMonitor exit: killing cloud_node2-13
[roslaunch][INFO] 2020-07-16 14:55:27,529: [cloud_node2-13] killing on exit
[roslaunch.pmon][INFO] 2020-07-16 14:55:27,529: ProcessMonitor exit: killing cloud_node1-12
[roslaunch][INFO] 2020-07-16 14:55:27,529: process[cloud_node2-13]: killing os process with pid[25068] pgid[25068]
[roslaunch.pmon][INFO] 2020-07-16 14:55:27,530: ProcessMonitor exit: killing cloud_node-11
[roslaunch][INFO] 2020-07-16 14:55:27,529: [cloud_node1-12] killing on exit
[roslaunch][INFO] 2020-07-16 14:55:27,530: [cloud_node2-13] sending SIGINT to pgid [25068]
[roslaunch][INFO] 2020-07-16 14:55:27,530: [cloud_node-11] killing on exit
[roslaunch.pmon][INFO] 2020-07-16 14:55:27,530: ProcessMonitor exit: killing transformFusion-10
[roslaunch][INFO] 2020-07-16 14:55:27,531: [transformFusion-10] killing on exit
[roslaunch.pmon][INFO] 2020-07-16 14:55:27,530: ProcessMonitor exit: killing mapOptmization-9
[roslaunch][INFO] 2020-07-16 14:55:27,531: [cloud_node2-13] sent SIGINT to pgid [25068]
[roslaunch.pmon][INFO] 2020-07-16 14:55:27,531: ProcessMonitor exit: killing featureAssociation-8
[roslaunch][INFO] 2020-07-16 14:55:27,531: process[transformFusion-10]: killing os process with pid[25057] pgid[25057]
[roslaunch][INFO] 2020-07-16 14:55:27,532: [transformFusion-10] sending SIGINT to pgid [25057]
[roslaunch][INFO] 2020-07-16 14:55:27,531: [mapOptmization-9] killing on exit
[roslaunch.pmon][INFO] 2020-07-16 14:55:27,531: ProcessMonitor exit: killing combineLidars-7
[roslaunch][INFO] 2020-07-16 14:55:27,532: process[cloud_node-11]: killing os process with pid[25060] pgid[25060]
[roslaunch][INFO] 2020-07-16 14:55:27,532: [featureAssociation-8] killing on exit
[roslaunch][INFO] 2020-07-16 14:55:27,532: [transformFusion-10] sent SIGINT to pgid [25057]
[roslaunch][INFO] 2020-07-16 14:55:27,530: process[cloud_node1-12]: killing os process with pid[25062] pgid[25062]
[roslaunch.pmon][INFO] 2020-07-16 14:55:27,532: ProcessMonitor exit: killing imageProjection-6
[roslaunch.pmon][INFO] 2020-07-16 14:55:27,532: ProcessMonitor exit: killing base_link_to_camera-5
[roslaunch][INFO] 2020-07-16 14:55:27,532: [combineLidars-7] killing on exit
[roslaunch.pmon][INFO] 2020-07-16 14:55:27,533: ProcessMonitor exit: killing camera_init_to_map-4
[roslaunch.pmon][INFO] 2020-07-16 14:55:27,533: ProcessMonitor exit: killing player-2
[roslaunch][INFO] 2020-07-16 14:55:27,533: [cloud_node-11] sending SIGINT to pgid [25060]
[roslaunch][INFO] 2020-07-16 14:55:27,533: process[featureAssociation-8]: killing os process with pid[25054] pgid[25054]
[roslaunch][INFO] 2020-07-16 14:55:27,533: [cloud_node1-12] sending SIGINT to pgid [25062]
[roslaunch][INFO] 2020-07-16 14:55:27,533: [imageProjection-6] killing on exit
[roslaunch][INFO] 2020-07-16 14:55:27,533: [base_link_to_camera-5] killing on exit
[roslaunch][INFO] 2020-07-16 14:55:27,534: process[combineLidars-7]: killing os process with pid[25052] pgid[25052]
[roslaunch][INFO] 2020-07-16 14:55:27,534: [camera_init_to_map-4] killing on exit
[roslaunch][INFO] 2020-07-16 14:55:27,534: [player-2] killing on exit
[roslaunch][INFO] 2020-07-16 14:55:27,534: [cloud_node-11] sent SIGINT to pgid [25060]
[roslaunch][INFO] 2020-07-16 14:55:27,534: [featureAssociation-8] sending SIGINT to pgid [25054]
[roslaunch][INFO] 2020-07-16 14:55:27,534: [cloud_node1-12] sent SIGINT to pgid [25062]
[roslaunch][INFO] 2020-07-16 14:55:27,534: process[imageProjection-6]: killing os process with pid[25040] pgid[25040]
[roslaunch][INFO] 2020-07-16 14:55:27,534: process[base_link_to_camera-5]: killing os process with pid[25037] pgid[25037]
[roslaunch][INFO] 2020-07-16 14:55:27,534: [combineLidars-7] sending SIGINT to pgid [25052]
[roslaunch][INFO] 2020-07-16 14:55:27,534: process[camera_init_to_map-4]: killing os process with pid[25034] pgid[25034]
[roslaunch][INFO] 2020-07-16 14:55:27,535: process[player-2]: killing os process with pid[25027] pgid[25027]
[roslaunch][INFO] 2020-07-16 14:55:27,535: [featureAssociation-8] sent SIGINT to pgid [25054]
[roslaunch][INFO] 2020-07-16 14:55:27,535: [imageProjection-6] sending SIGINT to pgid [25040]
[roslaunch][INFO] 2020-07-16 14:55:27,535: [base_link_to_camera-5] sending SIGINT to pgid [25037]
[roslaunch][INFO] 2020-07-16 14:55:27,535: [combineLidars-7] sent SIGINT to pgid [25052]
[roslaunch][INFO] 2020-07-16 14:55:27,535: [camera_init_to_map-4] sending SIGINT to pgid [25034]
[roslaunch][INFO] 2020-07-16 14:55:27,535: [player-2] sending SIGINT to pgid [25027]
[roslaunch][INFO] 2020-07-16 14:55:27,535: [imageProjection-6] sent SIGINT to pgid [25040]
[roslaunch][INFO] 2020-07-16 14:55:27,535: [base_link_to_camera-5] sent SIGINT to pgid [25037]
[roslaunch][INFO] 2020-07-16 14:55:27,536: [camera_init_to_map-4] sent SIGINT to pgid [25034]
[roslaunch][INFO] 2020-07-16 14:55:27,536: [player-2] sent SIGINT to pgid [25027]
[roslaunch][INFO] 2020-07-16 14:55:27,733: process[cloud_node2-13]: SIGINT killed with return value 0
[roslaunch][INFO] 2020-07-16 14:55:28,036: process[combineLidars-7]: SIGINT killed with return value 0
[roslaunch][INFO] 2020-07-16 14:55:28,136: process[cloud_node-11]: SIGINT killed with return value 0
[roslaunch][INFO] 2020-07-16 14:55:28,136: process[featureAssociation-8]: SIGINT killed with return value 0
[roslaunch][INFO] 2020-07-16 14:55:28,137: process[transformFusion-10]: SIGINT killed with return value 0
[roslaunch][INFO] 2020-07-16 14:55:28,137: process[imageProjection-6]: SIGINT killed with return value 0
[roslaunch][INFO] 2020-07-16 14:55:28,137: process[cloud_node1-12]: SIGINT killed with return value 0
[roslaunch][INFO] 2020-07-16 14:55:28,137: process[base_link_to_camera-5]: SIGINT killed with return value 0
[roslaunch][INFO] 2020-07-16 14:55:28,137: process[camera_init_to_map-4]: SIGINT killed with return value 0
[roslaunch][INFO] 2020-07-16 14:55:28,145: process[player-2]: SIGINT killed with return value 0
[roslaunch.pmon][INFO] 2020-07-16 14:55:28,146: ProcessMonitor exit: killing rosout-1
[roslaunch][INFO] 2020-07-16 14:55:28,146: [rosout-1] killing on exit
[roslaunch][INFO] 2020-07-16 14:55:28,146: process[rosout-1]: killing os process with pid[25003] pgid[25003]
[roslaunch][INFO] 2020-07-16 14:55:28,146: [rosout-1] sending SIGINT to pgid [25003]
[roslaunch][INFO] 2020-07-16 14:55:28,146: [rosout-1] sent SIGINT to pgid [25003]
[roslaunch][INFO] 2020-07-16 14:55:28,346: process[rosout-1]: SIGINT killed with return value 0
[roslaunch.pmon][INFO] 2020-07-16 14:55:28,347: ProcessMonitor exit: killing master
[roslaunch][INFO] 2020-07-16 14:55:28,347: [master] killing on exit
[roslaunch][INFO] 2020-07-16 14:55:28,347: process[master]: killing os process with pid[24990] pgid[24990]
[roslaunch][INFO] 2020-07-16 14:55:28,347: [master] sending SIGINT to pgid [24990]
[roslaunch][INFO] 2020-07-16 14:55:28,347: [master] sent SIGINT to pgid [24990]
[roslaunch][INFO] 2020-07-16 14:55:28,547: process[master]: SIGINT killed with return value 0
[roslaunch.pmon][INFO] 2020-07-16 14:55:28,547: ProcessMonitor exit: cleaning up data structures and signals
[roslaunch.pmon][INFO] 2020-07-16 14:55:28,548: ProcessMonitor exit: pmon has shutdown
[roslaunch][INFO] 2020-07-16 14:55:28,568: process monitor is done spinning, initiating full shutdown
[roslaunch][INFO] 2020-07-16 14:55:28,568: runner.stop()
[roslaunch][INFO] 2020-07-16 14:55:28,568: shutting down processing monitor...
[roslaunch][INFO] 2020-07-16 14:55:28,568: shutting down processing monitor <ProcessMonitor(ProcessMonitor-1, stopped daemon 139930635282176)>
[roslaunch.pmon][INFO] 2020-07-16 14:55:28,568: ProcessMonitor.shutdown <ProcessMonitor(ProcessMonitor-1, stopped daemon 139930635282176)>
[roslaunch][INFO] 2020-07-16 14:55:28,568: ... shutting down processing monitor complete
[roslaunch][INFO] 2020-07-16 14:55:28,568: done
[roslaunch.pmon][INFO] 2020-07-16 14:55:28,568: ProcessMonitor.shutdown <ProcessMonitor(ProcessMonitor-1, stopped daemon 139930635282176)>
[rospy.core][INFO] 2020-07-16 14:55:28,568: signal_shutdown [atexit]
