[roslaunch][INFO] 2020-07-16 14:33:20,494: Checking log directory for disk usage. This may take awhile.
Press Ctrl-C to interrupt
[roslaunch][INFO] 2020-07-16 14:33:20,496: Done checking log file disk usage. Usage is <1GB.
[roslaunch][INFO] 2020-07-16 14:33:20,497: roslaunch starting with args ['/opt/ros/kinetic/bin/roslaunch', '/var/www/html/maptoolapi/uploads/file_material/20200716/8007458835f0c04ad6886d8093858589/set_arg_and_run_15948786273b1987a5514ef7e6.launch']
[roslaunch][INFO] 2020-07-16 14:33:20,497: roslaunch env is {'HISTTIMEFORMAT': '%F %T www-data ', 'ROS_DISTRO': 'kinetic', 'ROS_LOG_DIR': '/home/mapping_ws_auto/src/mapcheck/logs', 'ROSLISP_PACKAGE_DIRECTORIES': '/home/mapping_ws_auto/devel/share/common-lisp', 'USER': 'www-data', 'PATH': '/opt/ros/kinetic/bin:/usr/local/sbin:/usr/local/bin:/usr/sbin:/usr/bin:/sbin:/bin:/snap/bin', 'HOME': '/var/www', 'CMAKE_PREFIX_PATH': '/home/mapping_ws_auto/devel:/opt/ros/kinetic', 'LD_LIBRARY_PATH': '/home/mapping_ws_auto/devel/lib:/opt/ros/kinetic/lib:/opt/ros/kinetic/lib/x86_64-linux-gnu', 'ROS_LOG_FILENAME': '/home/mapping_ws_auto/src/mapcheck/logs/3da24aa8-c72e-11ea-9f36-fa163e744ed0/roslaunch-hecs-x-xlarge-2-linux-20200707132053-20391.log', 'SHLVL': '1', 'HISTSIZE': '10000', 'ROS_HOME': '/home/.ros/', 'ROS_ETC_DIR': '/opt/ros/kinetic/etc/ros', 'ROS_PYTHON_VERSION': '2', 'PYTHONPATH': '/home/mapping_ws_auto/devel/lib/python2.7/dist-packages:/opt/ros/kinetic/lib/python2.7/dist-packages', 'ROS_ROOT': '/opt/ros/kinetic/share/ros', 'PKG_CONFIG_PATH': '/home/mapping_ws_auto/devel/lib/pkgconfig:/opt/ros/kinetic/lib/pkgconfig:/opt/ros/kinetic/lib/x86_64-linux-gnu/pkgconfig', 'ROS_PACKAGE_PATH': '/home/mapping_ws_auto/src:/opt/ros/kinetic/share', '_': '/home/mapping_ws_auto/devel/lib/example_cpp/mysql', 'XDG_DATA_DIRS': '/usr/local/share:/usr/share:/var/lib/snapd/desktop', 'PWD': '/var/www/html/maptoolapi', 'ROS_MASTER_URI': 'http://localhost:11311', 'ROS_VERSION': '1'}
[roslaunch][INFO] 2020-07-16 14:33:20,497: starting in server mode
[roslaunch.parent][INFO] 2020-07-16 14:33:20,497: starting roslaunch parent run
[roslaunch][INFO] 2020-07-16 14:33:20,497: loading roscore config file /opt/ros/kinetic/etc/ros/roscore.xml
[roslaunch][INFO] 2020-07-16 14:33:20,723: Added core node of type [rosout/rosout] in namespace [/]
[roslaunch.config][INFO] 2020-07-16 14:33:20,723: loading config file /var/www/html/maptoolapi/uploads/file_material/20200716/8007458835f0c04ad6886d8093858589/set_arg_and_run_15948786273b1987a5514ef7e6.launch
[roslaunch][INFO] 2020-07-16 14:33:20,763: Added node of type [rosbag/play] in namespace [/]
[roslaunch][INFO] 2020-07-16 14:33:20,764: Added node of type [rviz/rviz] in namespace [/]
[roslaunch][INFO] 2020-07-16 14:33:20,764: Added node of type [tf/static_transform_publisher] in namespace [/]
[roslaunch][INFO] 2020-07-16 14:33:20,765: Added node of type [tf/static_transform_publisher] in namespace [/]
[roslaunch][INFO] 2020-07-16 14:33:20,765: Added node of type [lego_loam/imageProjection] in namespace [/]
[roslaunch][INFO] 2020-07-16 14:33:20,766: Added node of type [lego_loam/combineLidars] in namespace [/]
[roslaunch][INFO] 2020-07-16 14:33:20,767: Added node of type [lego_loam/featureAssociation] in namespace [/]
[roslaunch][INFO] 2020-07-16 14:33:20,768: Added node of type [lego_loam/mapOptmization] in namespace [/]
[roslaunch][INFO] 2020-07-16 14:33:20,768: Added node of type [lego_loam/transformFusion] in namespace [/]
[roslaunch][INFO] 2020-07-16 14:33:20,769: Added node of type [rslidar_pointcloud/cloud_node] in namespace [/]
[roslaunch][INFO] 2020-07-16 14:33:20,770: Added node of type [rslidar_pointcloud/cloud_node] in namespace [/]
[roslaunch][INFO] 2020-07-16 14:33:20,771: Added node of type [rslidar_pointcloud/cloud_node] in namespace [/]
[roslaunch][INFO] 2020-07-16 14:33:20,771: ... selected machine [] for node of type [rosbag/play]
[roslaunch][INFO] 2020-07-16 14:33:20,772: ... selected machine [] for node of type [rviz/rviz]
[roslaunch][INFO] 2020-07-16 14:33:20,772: ... selected machine [] for node of type [tf/static_transform_publisher]
[roslaunch][INFO] 2020-07-16 14:33:20,772: ... selected machine [] for node of type [tf/static_transform_publisher]
[roslaunch][INFO] 2020-07-16 14:33:20,772: ... selected machine [] for node of type [lego_loam/imageProjection]
[roslaunch][INFO] 2020-07-16 14:33:20,772: ... selected machine [] for node of type [lego_loam/combineLidars]
[roslaunch][INFO] 2020-07-16 14:33:20,772: ... selected machine [] for node of type [lego_loam/featureAssociation]
[roslaunch][INFO] 2020-07-16 14:33:20,772: ... selected machine [] for node of type [lego_loam/mapOptmization]
[roslaunch][INFO] 2020-07-16 14:33:20,772: ... selected machine [] for node of type [lego_loam/transformFusion]
[roslaunch][INFO] 2020-07-16 14:33:20,772: ... selected machine [] for node of type [rslidar_pointcloud/cloud_node]
[roslaunch][INFO] 2020-07-16 14:33:20,772: ... selected machine [] for node of type [rslidar_pointcloud/cloud_node]
[roslaunch][INFO] 2020-07-16 14:33:20,772: ... selected machine [] for node of type [rslidar_pointcloud/cloud_node]
[roslaunch.pmon][INFO] 2020-07-16 14:33:20,773: start_process_monitor: creating ProcessMonitor
[roslaunch.pmon][INFO] 2020-07-16 14:33:20,773: created process monitor <ProcessMonitor(ProcessMonitor-1, initial daemon)>
[roslaunch.pmon][INFO] 2020-07-16 14:33:20,773: start_process_monitor: ProcessMonitor started
[roslaunch.parent][INFO] 2020-07-16 14:33:20,773: starting parent XML-RPC server
[roslaunch.server][INFO] 2020-07-16 14:33:20,773: starting roslaunch XML-RPC server
[roslaunch.server][INFO] 2020-07-16 14:33:20,773: waiting for roslaunch XML-RPC server to initialize
[xmlrpc][INFO] 2020-07-16 14:33:20,773: XML-RPC server binding to 0.0.0.0:0
[xmlrpc][INFO] 2020-07-16 14:33:20,774: Started XML-RPC server [http://hecs-x-xlarge-2-linux-20200707132053:40252/]
[xmlrpc][INFO] 2020-07-16 14:33:20,774: xml rpc node: starting XML-RPC server
[roslaunch][INFO] 2020-07-16 14:33:20,785: started roslaunch server http://hecs-x-xlarge-2-linux-20200707132053:40252/
[roslaunch.parent][INFO] 2020-07-16 14:33:20,785: ... parent XML-RPC server started
[roslaunch][INFO] 2020-07-16 14:33:20,786: master.is_running[http://localhost:11311]
[roslaunch][INFO] 2020-07-16 14:33:20,786: auto-starting new master
[roslaunch][INFO] 2020-07-16 14:33:20,786: create_master_process: rosmaster, /opt/ros/kinetic/share/ros, 11311, 3, None
[roslaunch][INFO] 2020-07-16 14:33:20,786: process[master]: launching with args [['rosmaster', '--core', '-p', '11311', '-w', '3']]
[roslaunch.pmon][INFO] 2020-07-16 14:33:20,786: ProcessMonitor.register[master]
[roslaunch.pmon][INFO] 2020-07-16 14:33:20,786: ProcessMonitor.register[master] complete
[roslaunch][INFO] 2020-07-16 14:33:20,786: process[master]: starting os process
[roslaunch][INFO] 2020-07-16 14:33:20,786: process[master]: start w/ args [['rosmaster', '--core', '-p', '11311', '-w', '3', '__log:=/home/mapping_ws_auto/src/mapcheck/logs/3da24aa8-c72e-11ea-9f36-fa163e744ed0/master.log']]
[roslaunch][INFO] 2020-07-16 14:33:20,786: process[master]: cwd will be [/home/.ros/]
[roslaunch][INFO] 2020-07-16 14:33:20,789: process[master]: started with pid [20401]
[roslaunch][INFO] 2020-07-16 14:33:20,789: master.is_running[http://localhost:11311]
[roslaunch][INFO] 2020-07-16 14:33:20,889: master.is_running[http://localhost:11311]
[roslaunch][INFO] 2020-07-16 14:33:20,892: master.is_running[http://localhost:11311]
[roslaunch][INFO] 2020-07-16 14:33:20,893: ROS_MASTER_URI=http://localhost:11311
[roslaunch][INFO] 2020-07-16 14:33:20,894: setting /run_id to 3da24aa8-c72e-11ea-9f36-fa163e744ed0
[roslaunch][INFO] 2020-07-16 14:33:20,895: setting /roslaunch/uris/host_hecs_x_xlarge_2_linux_20200707132053__40252' to http://hecs-x-xlarge-2-linux-20200707132053:40252/
[roslaunch][INFO] 2020-07-16 14:33:20,897: ... preparing to launch node of type [rosout/rosout]
[roslaunch][INFO] 2020-07-16 14:33:20,897: create_node_process: package[rosout] type[rosout] machine[Machine(name[] env_loader[None] address[localhost] ssh_port[22] user[None] assignable[True] timeout[10.0])] master_uri[http://localhost:11311]
[roslaunch][INFO] 2020-07-16 14:33:20,897: process[rosout-1]: env[{'HISTTIMEFORMAT': '%F %T www-data ', 'ROS_DISTRO': 'kinetic', 'ROS_LOG_DIR': '/home/mapping_ws_auto/src/mapcheck/logs', 'ROSLISP_PACKAGE_DIRECTORIES': '/home/mapping_ws_auto/devel/share/common-lisp', 'LD_LIBRARY_PATH': '/home/mapping_ws_auto/devel/lib:/opt/ros/kinetic/lib:/opt/ros/kinetic/lib/x86_64-linux-gnu', 'USER': 'www-data', 'PATH': '/opt/ros/kinetic/bin:/usr/local/sbin:/usr/local/bin:/usr/sbin:/usr/bin:/sbin:/bin:/snap/bin', 'HOME': '/var/www', 'CMAKE_PREFIX_PATH': '/home/mapping_ws_auto/devel:/opt/ros/kinetic', 'ROS_LOG_FILENAME': '/home/mapping_ws_auto/src/mapcheck/logs/3da24aa8-c72e-11ea-9f36-fa163e744ed0/roslaunch-hecs-x-xlarge-2-linux-20200707132053-20391.log', 'SHLVL': '1', 'HISTSIZE': '10000', 'ROS_HOME': '/home/.ros/', 'ROS_MASTER_URI': 'http://localhost:11311', 'ROS_PYTHON_VERSION': '2', 'PYTHONPATH': '/home/mapping_ws_auto/devel/lib/python2.7/dist-packages:/opt/ros/kinetic/lib/python2.7/dist-packages', 'ROS_ROOT': '/opt/ros/kinetic/share/ros', 'PKG_CONFIG_PATH': '/home/mapping_ws_auto/devel/lib/pkgconfig:/opt/ros/kinetic/lib/pkgconfig:/opt/ros/kinetic/lib/x86_64-linux-gnu/pkgconfig', 'ROS_PACKAGE_PATH': '/home/mapping_ws_auto/src:/opt/ros/kinetic/share', '_': '/home/mapping_ws_auto/devel/lib/example_cpp/mysql', 'XDG_DATA_DIRS': '/usr/local/share:/usr/share:/var/lib/snapd/desktop', 'PWD': '/var/www/html/maptoolapi', 'ROS_ETC_DIR': '/opt/ros/kinetic/etc/ros', 'ROS_VERSION': '1'}]
[roslaunch][INFO] 2020-07-16 14:33:20,930: process[rosout-1]: args[[u'/opt/ros/kinetic/lib/rosout/rosout', u'__name:=rosout']]
[roslaunch][INFO] 2020-07-16 14:33:20,930: ... created process [rosout-1]
[roslaunch.pmon][INFO] 2020-07-16 14:33:20,930: ProcessMonitor.register[rosout-1]
[roslaunch.pmon][INFO] 2020-07-16 14:33:20,930: ProcessMonitor.register[rosout-1] complete
[roslaunch][INFO] 2020-07-16 14:33:20,930: ... registered process [rosout-1]
[roslaunch][INFO] 2020-07-16 14:33:20,930: process[rosout-1]: starting os process
[roslaunch][INFO] 2020-07-16 14:33:20,930: process[rosout-1]: start w/ args [[u'/opt/ros/kinetic/lib/rosout/rosout', u'__name:=rosout', u'__log:=/home/mapping_ws_auto/src/mapcheck/logs/3da24aa8-c72e-11ea-9f36-fa163e744ed0/rosout-1.log']]
[roslaunch][INFO] 2020-07-16 14:33:20,930: process[rosout-1]: cwd will be [/home/.ros/]
[roslaunch][INFO] 2020-07-16 14:33:20,932: process[rosout-1]: started with pid [20414]
[roslaunch][INFO] 2020-07-16 14:33:20,933: ... successfully launched [rosout-1]
[roslaunch][INFO] 2020-07-16 14:33:20,933: load_parameters starting ...
[roslaunch][INFO] 2020-07-16 14:33:20,951: ... load_parameters complete
[roslaunch][INFO] 2020-07-16 14:33:20,951: launch_nodes: launching local nodes ...
[roslaunch][INFO] 2020-07-16 14:33:20,952: ... preparing to launch node of type [rosbag/play]
[roslaunch][INFO] 2020-07-16 14:33:20,952: create_node_process: package[rosbag] type[play] machine[Machine(name[] env_loader[None] address[localhost] ssh_port[22] user[None] assignable[True] timeout[10.0])] master_uri[http://localhost:11311]
[roslaunch][INFO] 2020-07-16 14:33:20,952: process[player-2]: env[{'HISTTIMEFORMAT': '%F %T www-data ', 'ROS_DISTRO': 'kinetic', 'ROS_LOG_DIR': '/home/mapping_ws_auto/src/mapcheck/logs', 'ROSLISP_PACKAGE_DIRECTORIES': '/home/mapping_ws_auto/devel/share/common-lisp', 'LD_LIBRARY_PATH': '/home/mapping_ws_auto/devel/lib:/opt/ros/kinetic/lib:/opt/ros/kinetic/lib/x86_64-linux-gnu', 'USER': 'www-data', 'PATH': '/opt/ros/kinetic/bin:/usr/local/sbin:/usr/local/bin:/usr/sbin:/usr/bin:/sbin:/bin:/snap/bin', 'HOME': '/var/www', 'CMAKE_PREFIX_PATH': '/home/mapping_ws_auto/devel:/opt/ros/kinetic', 'ROS_LOG_FILENAME': '/home/mapping_ws_auto/src/mapcheck/logs/3da24aa8-c72e-11ea-9f36-fa163e744ed0/roslaunch-hecs-x-xlarge-2-linux-20200707132053-20391.log', 'SHLVL': '1', 'HISTSIZE': '10000', 'ROS_HOME': '/home/.ros/', 'ROS_MASTER_URI': 'http://localhost:11311', 'ROS_PYTHON_VERSION': '2', 'PYTHONPATH': '/home/mapping_ws_auto/devel/lib/python2.7/dist-packages:/opt/ros/kinetic/lib/python2.7/dist-packages', 'ROS_ROOT': '/opt/ros/kinetic/share/ros', 'PKG_CONFIG_PATH': '/home/mapping_ws_auto/devel/lib/pkgconfig:/opt/ros/kinetic/lib/pkgconfig:/opt/ros/kinetic/lib/x86_64-linux-gnu/pkgconfig', 'ROS_PACKAGE_PATH': '/home/mapping_ws_auto/src:/opt/ros/kinetic/share', '_': '/home/mapping_ws_auto/devel/lib/example_cpp/mysql', 'XDG_DATA_DIRS': '/usr/local/share:/usr/share:/var/lib/snapd/desktop', 'PWD': '/var/www/html/maptoolapi', 'ROS_ETC_DIR': '/opt/ros/kinetic/etc/ros', 'ROS_VERSION': '1'}]
[roslaunch][INFO] 2020-07-16 14:33:20,953: process[player-2]: args[[u'/opt/ros/kinetic/lib/rosbag/play', '--clock', '-k', '/var/www/html/maptoolapi/uploads/file_material/20200716/8007458835f0c04ad6886d8093858589/15948786273b1987a5514ef7e6.bag', u'__name:=player']]
[roslaunch][INFO] 2020-07-16 14:33:20,953: ... created process [player-2]
[roslaunch.pmon][INFO] 2020-07-16 14:33:20,953: ProcessMonitor.register[player-2]
[roslaunch.pmon][INFO] 2020-07-16 14:33:20,953: ProcessMonitor.register[player-2] complete
[roslaunch][INFO] 2020-07-16 14:33:20,953: ... registered process [player-2]
[roslaunch][INFO] 2020-07-16 14:33:20,953: process[player-2]: starting os process
[roslaunch][INFO] 2020-07-16 14:33:20,953: process[player-2]: start w/ args [[u'/opt/ros/kinetic/lib/rosbag/play', '--clock', '-k', '/var/www/html/maptoolapi/uploads/file_material/20200716/8007458835f0c04ad6886d8093858589/15948786273b1987a5514ef7e6.bag', u'__name:=player', u'__log:=/home/mapping_ws_auto/src/mapcheck/logs/3da24aa8-c72e-11ea-9f36-fa163e744ed0/player-2.log']]
[roslaunch][INFO] 2020-07-16 14:33:20,953: process[player-2]: cwd will be [/home/.ros/]
[roslaunch][INFO] 2020-07-16 14:33:20,955: process[player-2]: started with pid [20438]
[roslaunch][INFO] 2020-07-16 14:33:20,956: ... successfully launched [player-2]
[roslaunch][INFO] 2020-07-16 14:33:20,956: ... preparing to launch node of type [rviz/rviz]
[roslaunch][INFO] 2020-07-16 14:33:20,956: create_node_process: package[rviz] type[rviz] machine[Machine(name[] env_loader[None] address[localhost] ssh_port[22] user[None] assignable[True] timeout[10.0])] master_uri[http://localhost:11311]
[roslaunch][INFO] 2020-07-16 14:33:20,956: process[rviz-3]: env[{'HISTTIMEFORMAT': '%F %T www-data ', 'ROS_DISTRO': 'kinetic', 'ROS_LOG_DIR': '/home/mapping_ws_auto/src/mapcheck/logs', 'ROSLISP_PACKAGE_DIRECTORIES': '/home/mapping_ws_auto/devel/share/common-lisp', 'LD_LIBRARY_PATH': '/home/mapping_ws_auto/devel/lib:/opt/ros/kinetic/lib:/opt/ros/kinetic/lib/x86_64-linux-gnu', 'USER': 'www-data', 'PATH': '/opt/ros/kinetic/bin:/usr/local/sbin:/usr/local/bin:/usr/sbin:/usr/bin:/sbin:/bin:/snap/bin', 'HOME': '/var/www', 'CMAKE_PREFIX_PATH': '/home/mapping_ws_auto/devel:/opt/ros/kinetic', 'ROS_LOG_FILENAME': '/home/mapping_ws_auto/src/mapcheck/logs/3da24aa8-c72e-11ea-9f36-fa163e744ed0/roslaunch-hecs-x-xlarge-2-linux-20200707132053-20391.log', 'SHLVL': '1', 'HISTSIZE': '10000', 'ROS_HOME': '/home/.ros/', 'ROS_MASTER_URI': 'http://localhost:11311', 'ROS_PYTHON_VERSION': '2', 'PYTHONPATH': '/home/mapping_ws_auto/devel/lib/python2.7/dist-packages:/opt/ros/kinetic/lib/python2.7/dist-packages', 'ROS_ROOT': '/opt/ros/kinetic/share/ros', 'PKG_CONFIG_PATH': '/home/mapping_ws_auto/devel/lib/pkgconfig:/opt/ros/kinetic/lib/pkgconfig:/opt/ros/kinetic/lib/x86_64-linux-gnu/pkgconfig', 'ROS_PACKAGE_PATH': '/home/mapping_ws_auto/src:/opt/ros/kinetic/share', '_': '/home/mapping_ws_auto/devel/lib/example_cpp/mysql', 'XDG_DATA_DIRS': '/usr/local/share:/usr/share:/var/lib/snapd/desktop', 'PWD': '/var/www/html/maptoolapi', 'ROS_ETC_DIR': '/opt/ros/kinetic/etc/ros', 'ROS_VERSION': '1'}]
[roslaunch][INFO] 2020-07-16 14:33:20,958: process[rviz-3]: args[[u'/opt/ros/kinetic/lib/rviz/rviz', '-d', '/home/mapping_ws_auto/src/av-3dmapping-auto/LeGO-LOAM/launch/test.rviz', u'__name:=rviz']]
[roslaunch][INFO] 2020-07-16 14:33:20,958: ... created process [rviz-3]
[roslaunch.pmon][INFO] 2020-07-16 14:33:20,958: ProcessMonitor.register[rviz-3]
[roslaunch.pmon][INFO] 2020-07-16 14:33:20,958: ProcessMonitor.register[rviz-3] complete
[roslaunch][INFO] 2020-07-16 14:33:20,958: ... registered process [rviz-3]
[roslaunch][INFO] 2020-07-16 14:33:20,958: process[rviz-3]: starting os process
[roslaunch][INFO] 2020-07-16 14:33:20,958: process[rviz-3]: start w/ args [[u'/opt/ros/kinetic/lib/rviz/rviz', '-d', '/home/mapping_ws_auto/src/av-3dmapping-auto/LeGO-LOAM/launch/test.rviz', u'__name:=rviz', u'__log:=/home/mapping_ws_auto/src/mapcheck/logs/3da24aa8-c72e-11ea-9f36-fa163e744ed0/rviz-3.log']]
[roslaunch][INFO] 2020-07-16 14:33:20,958: process[rviz-3]: cwd will be [/home/.ros/]
[roslaunch][INFO] 2020-07-16 14:33:20,960: process[rviz-3]: started with pid [20439]
[roslaunch][INFO] 2020-07-16 14:33:20,961: ... successfully launched [rviz-3]
[roslaunch][INFO] 2020-07-16 14:33:20,961: ... preparing to launch node of type [tf/static_transform_publisher]
[roslaunch][INFO] 2020-07-16 14:33:20,961: create_node_process: package[tf] type[static_transform_publisher] machine[Machine(name[] env_loader[None] address[localhost] ssh_port[22] user[None] assignable[True] timeout[10.0])] master_uri[http://localhost:11311]
[roslaunch][INFO] 2020-07-16 14:33:20,961: process[camera_init_to_map-4]: env[{'HISTTIMEFORMAT': '%F %T www-data ', 'ROS_DISTRO': 'kinetic', 'ROS_LOG_DIR': '/home/mapping_ws_auto/src/mapcheck/logs', 'ROSLISP_PACKAGE_DIRECTORIES': '/home/mapping_ws_auto/devel/share/common-lisp', 'LD_LIBRARY_PATH': '/home/mapping_ws_auto/devel/lib:/opt/ros/kinetic/lib:/opt/ros/kinetic/lib/x86_64-linux-gnu', 'USER': 'www-data', 'PATH': '/opt/ros/kinetic/bin:/usr/local/sbin:/usr/local/bin:/usr/sbin:/usr/bin:/sbin:/bin:/snap/bin', 'HOME': '/var/www', 'CMAKE_PREFIX_PATH': '/home/mapping_ws_auto/devel:/opt/ros/kinetic', 'ROS_LOG_FILENAME': '/home/mapping_ws_auto/src/mapcheck/logs/3da24aa8-c72e-11ea-9f36-fa163e744ed0/roslaunch-hecs-x-xlarge-2-linux-20200707132053-20391.log', 'SHLVL': '1', 'HISTSIZE': '10000', 'ROS_HOME': '/home/.ros/', 'ROS_MASTER_URI': 'http://localhost:11311', 'ROS_PYTHON_VERSION': '2', 'PYTHONPATH': '/home/mapping_ws_auto/devel/lib/python2.7/dist-packages:/opt/ros/kinetic/lib/python2.7/dist-packages', 'ROS_ROOT': '/opt/ros/kinetic/share/ros', 'PKG_CONFIG_PATH': '/home/mapping_ws_auto/devel/lib/pkgconfig:/opt/ros/kinetic/lib/pkgconfig:/opt/ros/kinetic/lib/x86_64-linux-gnu/pkgconfig', 'ROS_PACKAGE_PATH': '/home/mapping_ws_auto/src:/opt/ros/kinetic/share', '_': '/home/mapping_ws_auto/devel/lib/example_cpp/mysql', 'XDG_DATA_DIRS': '/usr/local/share:/usr/share:/var/lib/snapd/desktop', 'PWD': '/var/www/html/maptoolapi', 'ROS_ETC_DIR': '/opt/ros/kinetic/etc/ros', 'ROS_VERSION': '1'}]
[roslaunch][INFO] 2020-07-16 14:33:20,962: process[camera_init_to_map-4]: args[[u'/opt/ros/kinetic/lib/tf/static_transform_publisher', '0', '0', '0', '1.570795', '0', '1.570795', '/map', '/camera_init', '10', u'__name:=camera_init_to_map']]
[roslaunch][INFO] 2020-07-16 14:33:20,962: ... created process [camera_init_to_map-4]
[roslaunch.pmon][INFO] 2020-07-16 14:33:20,962: ProcessMonitor.register[camera_init_to_map-4]
[roslaunch.pmon][INFO] 2020-07-16 14:33:20,962: ProcessMonitor.register[camera_init_to_map-4] complete
[roslaunch][INFO] 2020-07-16 14:33:20,962: ... registered process [camera_init_to_map-4]
[roslaunch][INFO] 2020-07-16 14:33:20,962: process[camera_init_to_map-4]: starting os process
[roslaunch][INFO] 2020-07-16 14:33:20,962: process[camera_init_to_map-4]: start w/ args [[u'/opt/ros/kinetic/lib/tf/static_transform_publisher', '0', '0', '0', '1.570795', '0', '1.570795', '/map', '/camera_init', '10', u'__name:=camera_init_to_map', u'__log:=/home/mapping_ws_auto/src/mapcheck/logs/3da24aa8-c72e-11ea-9f36-fa163e744ed0/camera_init_to_map-4.log']]
[roslaunch][INFO] 2020-07-16 14:33:20,962: process[camera_init_to_map-4]: cwd will be [/home/.ros/]
[roslaunch][INFO] 2020-07-16 14:33:20,964: process[camera_init_to_map-4]: started with pid [20441]
[roslaunch][INFO] 2020-07-16 14:33:20,964: ... successfully launched [camera_init_to_map-4]
[roslaunch][INFO] 2020-07-16 14:33:20,964: ... preparing to launch node of type [tf/static_transform_publisher]
[roslaunch][INFO] 2020-07-16 14:33:20,964: create_node_process: package[tf] type[static_transform_publisher] machine[Machine(name[] env_loader[None] address[localhost] ssh_port[22] user[None] assignable[True] timeout[10.0])] master_uri[http://localhost:11311]
[roslaunch][INFO] 2020-07-16 14:33:20,965: process[base_link_to_camera-5]: env[{'HISTTIMEFORMAT': '%F %T www-data ', 'ROS_DISTRO': 'kinetic', 'ROS_LOG_DIR': '/home/mapping_ws_auto/src/mapcheck/logs', 'ROSLISP_PACKAGE_DIRECTORIES': '/home/mapping_ws_auto/devel/share/common-lisp', 'LD_LIBRARY_PATH': '/home/mapping_ws_auto/devel/lib:/opt/ros/kinetic/lib:/opt/ros/kinetic/lib/x86_64-linux-gnu', 'USER': 'www-data', 'PATH': '/opt/ros/kinetic/bin:/usr/local/sbin:/usr/local/bin:/usr/sbin:/usr/bin:/sbin:/bin:/snap/bin', 'HOME': '/var/www', 'CMAKE_PREFIX_PATH': '/home/mapping_ws_auto/devel:/opt/ros/kinetic', 'ROS_LOG_FILENAME': '/home/mapping_ws_auto/src/mapcheck/logs/3da24aa8-c72e-11ea-9f36-fa163e744ed0/roslaunch-hecs-x-xlarge-2-linux-20200707132053-20391.log', 'SHLVL': '1', 'HISTSIZE': '10000', 'ROS_HOME': '/home/.ros/', 'ROS_MASTER_URI': 'http://localhost:11311', 'ROS_PYTHON_VERSION': '2', 'PYTHONPATH': '/home/mapping_ws_auto/devel/lib/python2.7/dist-packages:/opt/ros/kinetic/lib/python2.7/dist-packages', 'ROS_ROOT': '/opt/ros/kinetic/share/ros', 'PKG_CONFIG_PATH': '/home/mapping_ws_auto/devel/lib/pkgconfig:/opt/ros/kinetic/lib/pkgconfig:/opt/ros/kinetic/lib/x86_64-linux-gnu/pkgconfig', 'ROS_PACKAGE_PATH': '/home/mapping_ws_auto/src:/opt/ros/kinetic/share', '_': '/home/mapping_ws_auto/devel/lib/example_cpp/mysql', 'XDG_DATA_DIRS': '/usr/local/share:/usr/share:/var/lib/snapd/desktop', 'PWD': '/var/www/html/maptoolapi', 'ROS_ETC_DIR': '/opt/ros/kinetic/etc/ros', 'ROS_VERSION': '1'}]
[roslaunch][INFO] 2020-07-16 14:33:20,965: process[base_link_to_camera-5]: args[[u'/opt/ros/kinetic/lib/tf/static_transform_publisher', '0', '0', '0', '-1.570795', '-1.570795', '0', '/camera', '/base_link', '10', u'__name:=base_link_to_camera']]
[roslaunch][INFO] 2020-07-16 14:33:20,965: ... created process [base_link_to_camera-5]
[roslaunch.pmon][INFO] 2020-07-16 14:33:20,965: ProcessMonitor.register[base_link_to_camera-5]
[roslaunch.pmon][INFO] 2020-07-16 14:33:20,965: ProcessMonitor.register[base_link_to_camera-5] complete
[roslaunch][INFO] 2020-07-16 14:33:20,965: ... registered process [base_link_to_camera-5]
[roslaunch][INFO] 2020-07-16 14:33:20,965: process[base_link_to_camera-5]: starting os process
[roslaunch][INFO] 2020-07-16 14:33:20,966: process[base_link_to_camera-5]: start w/ args [[u'/opt/ros/kinetic/lib/tf/static_transform_publisher', '0', '0', '0', '-1.570795', '-1.570795', '0', '/camera', '/base_link', '10', u'__name:=base_link_to_camera', u'__log:=/home/mapping_ws_auto/src/mapcheck/logs/3da24aa8-c72e-11ea-9f36-fa163e744ed0/base_link_to_camera-5.log']]
[roslaunch][INFO] 2020-07-16 14:33:20,966: process[base_link_to_camera-5]: cwd will be [/home/.ros/]
[roslaunch][INFO] 2020-07-16 14:33:20,968: process[base_link_to_camera-5]: started with pid [20447]
[roslaunch][INFO] 2020-07-16 14:33:20,968: ... successfully launched [base_link_to_camera-5]
[roslaunch][INFO] 2020-07-16 14:33:20,968: ... preparing to launch node of type [lego_loam/imageProjection]
[roslaunch][INFO] 2020-07-16 14:33:20,968: create_node_process: package[lego_loam] type[imageProjection] machine[Machine(name[] env_loader[None] address[localhost] ssh_port[22] user[None] assignable[True] timeout[10.0])] master_uri[http://localhost:11311]
[roslaunch][INFO] 2020-07-16 14:33:20,968: process[imageProjection-6]: env[{'HISTTIMEFORMAT': '%F %T www-data ', 'ROS_DISTRO': 'kinetic', 'ROS_LOG_DIR': '/home/mapping_ws_auto/src/mapcheck/logs', 'ROSLISP_PACKAGE_DIRECTORIES': '/home/mapping_ws_auto/devel/share/common-lisp', 'LD_LIBRARY_PATH': '/home/mapping_ws_auto/devel/lib:/opt/ros/kinetic/lib:/opt/ros/kinetic/lib/x86_64-linux-gnu', 'USER': 'www-data', 'PATH': '/opt/ros/kinetic/bin:/usr/local/sbin:/usr/local/bin:/usr/sbin:/usr/bin:/sbin:/bin:/snap/bin', 'HOME': '/var/www', 'CMAKE_PREFIX_PATH': '/home/mapping_ws_auto/devel:/opt/ros/kinetic', 'ROS_LOG_FILENAME': '/home/mapping_ws_auto/src/mapcheck/logs/3da24aa8-c72e-11ea-9f36-fa163e744ed0/roslaunch-hecs-x-xlarge-2-linux-20200707132053-20391.log', 'SHLVL': '1', 'HISTSIZE': '10000', 'ROS_HOME': '/home/.ros/', 'ROS_MASTER_URI': 'http://localhost:11311', 'ROS_PYTHON_VERSION': '2', 'PYTHONPATH': '/home/mapping_ws_auto/devel/lib/python2.7/dist-packages:/opt/ros/kinetic/lib/python2.7/dist-packages', 'ROS_ROOT': '/opt/ros/kinetic/share/ros', 'PKG_CONFIG_PATH': '/home/mapping_ws_auto/devel/lib/pkgconfig:/opt/ros/kinetic/lib/pkgconfig:/opt/ros/kinetic/lib/x86_64-linux-gnu/pkgconfig', 'ROS_PACKAGE_PATH': '/home/mapping_ws_auto/src:/opt/ros/kinetic/share', '_': '/home/mapping_ws_auto/devel/lib/example_cpp/mysql', 'XDG_DATA_DIRS': '/usr/local/share:/usr/share:/var/lib/snapd/desktop', 'PWD': '/var/www/html/maptoolapi', 'ROS_ETC_DIR': '/opt/ros/kinetic/etc/ros', 'ROS_VERSION': '1'}]
[roslaunch][INFO] 2020-07-16 14:33:20,969: process[imageProjection-6]: args[[u'/home/mapping_ws_auto/devel/lib/lego_loam/imageProjection', u'velodyne_points:=all_obstacles', u'__name:=imageProjection']]
[roslaunch][INFO] 2020-07-16 14:33:20,969: ... created process [imageProjection-6]
[roslaunch.pmon][INFO] 2020-07-16 14:33:20,970: ProcessMonitor.register[imageProjection-6]
[roslaunch.pmon][INFO] 2020-07-16 14:33:20,970: ProcessMonitor.register[imageProjection-6] complete
[roslaunch][INFO] 2020-07-16 14:33:20,970: ... registered process [imageProjection-6]
[roslaunch][INFO] 2020-07-16 14:33:20,970: process[imageProjection-6]: starting os process
[roslaunch][INFO] 2020-07-16 14:33:20,970: process[imageProjection-6]: start w/ args [[u'/home/mapping_ws_auto/devel/lib/lego_loam/imageProjection', u'velodyne_points:=all_obstacles', u'__name:=imageProjection', u'__log:=/home/mapping_ws_auto/src/mapcheck/logs/3da24aa8-c72e-11ea-9f36-fa163e744ed0/imageProjection-6.log']]
[roslaunch][INFO] 2020-07-16 14:33:20,970: process[imageProjection-6]: cwd will be [/home/.ros/]
[roslaunch][INFO] 2020-07-16 14:33:20,972: process[imageProjection-6]: started with pid [20449]
[roslaunch][INFO] 2020-07-16 14:33:20,972: ... successfully launched [imageProjection-6]
[roslaunch][INFO] 2020-07-16 14:33:20,972: ... preparing to launch node of type [lego_loam/combineLidars]
[roslaunch][INFO] 2020-07-16 14:33:20,972: create_node_process: package[lego_loam] type[combineLidars] machine[Machine(name[] env_loader[None] address[localhost] ssh_port[22] user[None] assignable[True] timeout[10.0])] master_uri[http://localhost:11311]
[roslaunch][INFO] 2020-07-16 14:33:20,973: process[combineLidars-7]: env[{'HISTTIMEFORMAT': '%F %T www-data ', 'ROS_DISTRO': 'kinetic', 'ROS_LOG_DIR': '/home/mapping_ws_auto/src/mapcheck/logs', 'ROSLISP_PACKAGE_DIRECTORIES': '/home/mapping_ws_auto/devel/share/common-lisp', 'LD_LIBRARY_PATH': '/home/mapping_ws_auto/devel/lib:/opt/ros/kinetic/lib:/opt/ros/kinetic/lib/x86_64-linux-gnu', 'USER': 'www-data', 'PATH': '/opt/ros/kinetic/bin:/usr/local/sbin:/usr/local/bin:/usr/sbin:/usr/bin:/sbin:/bin:/snap/bin', 'HOME': '/var/www', 'CMAKE_PREFIX_PATH': '/home/mapping_ws_auto/devel:/opt/ros/kinetic', 'ROS_LOG_FILENAME': '/home/mapping_ws_auto/src/mapcheck/logs/3da24aa8-c72e-11ea-9f36-fa163e744ed0/roslaunch-hecs-x-xlarge-2-linux-20200707132053-20391.log', 'SHLVL': '1', 'HISTSIZE': '10000', 'ROS_HOME': '/home/.ros/', 'ROS_MASTER_URI': 'http://localhost:11311', 'ROS_PYTHON_VERSION': '2', 'PYTHONPATH': '/home/mapping_ws_auto/devel/lib/python2.7/dist-packages:/opt/ros/kinetic/lib/python2.7/dist-packages', 'ROS_ROOT': '/opt/ros/kinetic/share/ros', 'PKG_CONFIG_PATH': '/home/mapping_ws_auto/devel/lib/pkgconfig:/opt/ros/kinetic/lib/pkgconfig:/opt/ros/kinetic/lib/x86_64-linux-gnu/pkgconfig', 'ROS_PACKAGE_PATH': '/home/mapping_ws_auto/src:/opt/ros/kinetic/share', '_': '/home/mapping_ws_auto/devel/lib/example_cpp/mysql', 'XDG_DATA_DIRS': '/usr/local/share:/usr/share:/var/lib/snapd/desktop', 'PWD': '/var/www/html/maptoolapi', 'ROS_ETC_DIR': '/opt/ros/kinetic/etc/ros', 'ROS_VERSION': '1'}]
[roslaunch][INFO] 2020-07-16 14:33:20,974: process[combineLidars-7]: args[[u'/home/mapping_ws_auto/devel/lib/lego_loam/combineLidars', u'__name:=combineLidars']]
[roslaunch][INFO] 2020-07-16 14:33:20,974: ... created process [combineLidars-7]
[roslaunch.pmon][INFO] 2020-07-16 14:33:20,974: ProcessMonitor.register[combineLidars-7]
[roslaunch.pmon][INFO] 2020-07-16 14:33:20,974: ProcessMonitor.register[combineLidars-7] complete
[roslaunch][INFO] 2020-07-16 14:33:20,974: ... registered process [combineLidars-7]
[roslaunch][INFO] 2020-07-16 14:33:20,974: process[combineLidars-7]: starting os process
[roslaunch][INFO] 2020-07-16 14:33:20,974: process[combineLidars-7]: start w/ args [[u'/home/mapping_ws_auto/devel/lib/lego_loam/combineLidars', u'__name:=combineLidars', u'__log:=/home/mapping_ws_auto/src/mapcheck/logs/3da24aa8-c72e-11ea-9f36-fa163e744ed0/combineLidars-7.log']]
[roslaunch][INFO] 2020-07-16 14:33:20,974: process[combineLidars-7]: cwd will be [/home/.ros/]
[roslaunch][INFO] 2020-07-16 14:33:20,976: process[combineLidars-7]: started with pid [20456]
[roslaunch][INFO] 2020-07-16 14:33:20,977: ... successfully launched [combineLidars-7]
[roslaunch][INFO] 2020-07-16 14:33:20,977: ... preparing to launch node of type [lego_loam/featureAssociation]
[roslaunch][INFO] 2020-07-16 14:33:20,977: create_node_process: package[lego_loam] type[featureAssociation] machine[Machine(name[] env_loader[None] address[localhost] ssh_port[22] user[None] assignable[True] timeout[10.0])] master_uri[http://localhost:11311]
[roslaunch][INFO] 2020-07-16 14:33:20,977: process[featureAssociation-8]: env[{'HISTTIMEFORMAT': '%F %T www-data ', 'ROS_DISTRO': 'kinetic', 'ROS_LOG_DIR': '/home/mapping_ws_auto/src/mapcheck/logs', 'ROSLISP_PACKAGE_DIRECTORIES': '/home/mapping_ws_auto/devel/share/common-lisp', 'LD_LIBRARY_PATH': '/home/mapping_ws_auto/devel/lib:/opt/ros/kinetic/lib:/opt/ros/kinetic/lib/x86_64-linux-gnu', 'USER': 'www-data', 'PATH': '/opt/ros/kinetic/bin:/usr/local/sbin:/usr/local/bin:/usr/sbin:/usr/bin:/sbin:/bin:/snap/bin', 'HOME': '/var/www', 'CMAKE_PREFIX_PATH': '/home/mapping_ws_auto/devel:/opt/ros/kinetic', 'ROS_LOG_FILENAME': '/home/mapping_ws_auto/src/mapcheck/logs/3da24aa8-c72e-11ea-9f36-fa163e744ed0/roslaunch-hecs-x-xlarge-2-linux-20200707132053-20391.log', 'SHLVL': '1', 'HISTSIZE': '10000', 'ROS_HOME': '/home/.ros/', 'ROS_MASTER_URI': 'http://localhost:11311', 'ROS_PYTHON_VERSION': '2', 'PYTHONPATH': '/home/mapping_ws_auto/devel/lib/python2.7/dist-packages:/opt/ros/kinetic/lib/python2.7/dist-packages', 'ROS_ROOT': '/opt/ros/kinetic/share/ros', 'PKG_CONFIG_PATH': '/home/mapping_ws_auto/devel/lib/pkgconfig:/opt/ros/kinetic/lib/pkgconfig:/opt/ros/kinetic/lib/x86_64-linux-gnu/pkgconfig', 'ROS_PACKAGE_PATH': '/home/mapping_ws_auto/src:/opt/ros/kinetic/share', '_': '/home/mapping_ws_auto/devel/lib/example_cpp/mysql', 'XDG_DATA_DIRS': '/usr/local/share:/usr/share:/var/lib/snapd/desktop', 'PWD': '/var/www/html/maptoolapi', 'ROS_ETC_DIR': '/opt/ros/kinetic/etc/ros', 'ROS_VERSION': '1'}]
[roslaunch][INFO] 2020-07-16 14:33:20,978: process[featureAssociation-8]: args[[u'/home/mapping_ws_auto/devel/lib/lego_loam/featureAssociation', u'imu/data:=/golfcart/imu/data', u'__name:=featureAssociation']]
[roslaunch][INFO] 2020-07-16 14:33:20,978: ... created process [featureAssociation-8]
[roslaunch.pmon][INFO] 2020-07-16 14:33:20,978: ProcessMonitor.register[featureAssociation-8]
[roslaunch.pmon][INFO] 2020-07-16 14:33:20,978: ProcessMonitor.register[featureAssociation-8] complete
[roslaunch][INFO] 2020-07-16 14:33:20,978: ... registered process [featureAssociation-8]
[roslaunch][INFO] 2020-07-16 14:33:20,978: process[featureAssociation-8]: starting os process
[roslaunch][INFO] 2020-07-16 14:33:20,978: process[featureAssociation-8]: start w/ args [[u'/home/mapping_ws_auto/devel/lib/lego_loam/featureAssociation', u'imu/data:=/golfcart/imu/data', u'__name:=featureAssociation', u'__log:=/home/mapping_ws_auto/src/mapcheck/logs/3da24aa8-c72e-11ea-9f36-fa163e744ed0/featureAssociation-8.log']]
[roslaunch][INFO] 2020-07-16 14:33:20,979: process[featureAssociation-8]: cwd will be [/home/.ros/]
[roslaunch][INFO] 2020-07-16 14:33:20,986: process[featureAssociation-8]: started with pid [20463]
[roslaunch][INFO] 2020-07-16 14:33:20,986: ... successfully launched [featureAssociation-8]
[roslaunch][INFO] 2020-07-16 14:33:20,986: ... preparing to launch node of type [lego_loam/mapOptmization]
[roslaunch][INFO] 2020-07-16 14:33:20,987: create_node_process: package[lego_loam] type[mapOptmization] machine[Machine(name[] env_loader[None] address[localhost] ssh_port[22] user[None] assignable[True] timeout[10.0])] master_uri[http://localhost:11311]
[roslaunch][INFO] 2020-07-16 14:33:20,987: process[mapOptmization-9]: env[{'HISTTIMEFORMAT': '%F %T www-data ', 'ROS_DISTRO': 'kinetic', 'ROS_LOG_DIR': '/home/mapping_ws_auto/src/mapcheck/logs', 'ROSLISP_PACKAGE_DIRECTORIES': '/home/mapping_ws_auto/devel/share/common-lisp', 'LD_LIBRARY_PATH': '/home/mapping_ws_auto/devel/lib:/opt/ros/kinetic/lib:/opt/ros/kinetic/lib/x86_64-linux-gnu', 'USER': 'www-data', 'PATH': '/opt/ros/kinetic/bin:/usr/local/sbin:/usr/local/bin:/usr/sbin:/usr/bin:/sbin:/bin:/snap/bin', 'HOME': '/var/www', 'CMAKE_PREFIX_PATH': '/home/mapping_ws_auto/devel:/opt/ros/kinetic', 'ROS_LOG_FILENAME': '/home/mapping_ws_auto/src/mapcheck/logs/3da24aa8-c72e-11ea-9f36-fa163e744ed0/roslaunch-hecs-x-xlarge-2-linux-20200707132053-20391.log', 'SHLVL': '1', 'HISTSIZE': '10000', 'ROS_HOME': '/home/.ros/', 'ROS_MASTER_URI': 'http://localhost:11311', 'ROS_PYTHON_VERSION': '2', 'PYTHONPATH': '/home/mapping_ws_auto/devel/lib/python2.7/dist-packages:/opt/ros/kinetic/lib/python2.7/dist-packages', 'ROS_ROOT': '/opt/ros/kinetic/share/ros', 'PKG_CONFIG_PATH': '/home/mapping_ws_auto/devel/lib/pkgconfig:/opt/ros/kinetic/lib/pkgconfig:/opt/ros/kinetic/lib/x86_64-linux-gnu/pkgconfig', 'ROS_PACKAGE_PATH': '/home/mapping_ws_auto/src:/opt/ros/kinetic/share', '_': '/home/mapping_ws_auto/devel/lib/example_cpp/mysql', 'XDG_DATA_DIRS': '/usr/local/share:/usr/share:/var/lib/snapd/desktop', 'PWD': '/var/www/html/maptoolapi', 'ROS_ETC_DIR': '/opt/ros/kinetic/etc/ros', 'ROS_VERSION': '1'}]
[roslaunch][INFO] 2020-07-16 14:33:20,988: process[mapOptmization-9]: args[[u'/home/mapping_ws_auto/devel/lib/lego_loam/mapOptmization', u'imu/data:=/golfcart/imu/data', u'gps:=gps', u'__name:=mapOptmization']]
[roslaunch][INFO] 2020-07-16 14:33:20,988: ... created process [mapOptmization-9]
[roslaunch.pmon][INFO] 2020-07-16 14:33:20,988: ProcessMonitor.register[mapOptmization-9]
[roslaunch.pmon][INFO] 2020-07-16 14:33:20,988: ProcessMonitor.register[mapOptmization-9] complete
[roslaunch][INFO] 2020-07-16 14:33:20,988: ... registered process [mapOptmization-9]
[roslaunch][INFO] 2020-07-16 14:33:20,988: process[mapOptmization-9]: starting os process
[roslaunch][INFO] 2020-07-16 14:33:20,988: process[mapOptmization-9]: start w/ args [[u'/home/mapping_ws_auto/devel/lib/lego_loam/mapOptmization', u'imu/data:=/golfcart/imu/data', u'gps:=gps', u'__name:=mapOptmization', u'__log:=/home/mapping_ws_auto/src/mapcheck/logs/3da24aa8-c72e-11ea-9f36-fa163e744ed0/mapOptmization-9.log']]
[roslaunch][INFO] 2020-07-16 14:33:20,988: process[mapOptmization-9]: cwd will be [/home/.ros/]
[roslaunch][INFO] 2020-07-16 14:33:20,998: process[mapOptmization-9]: started with pid [20465]
[roslaunch][INFO] 2020-07-16 14:33:20,998: ... successfully launched [mapOptmization-9]
[roslaunch][INFO] 2020-07-16 14:33:20,998: ... preparing to launch node of type [lego_loam/transformFusion]
[roslaunch][INFO] 2020-07-16 14:33:20,999: create_node_process: package[lego_loam] type[transformFusion] machine[Machine(name[] env_loader[None] address[localhost] ssh_port[22] user[None] assignable[True] timeout[10.0])] master_uri[http://localhost:11311]
[roslaunch][INFO] 2020-07-16 14:33:20,999: process[transformFusion-10]: env[{'HISTTIMEFORMAT': '%F %T www-data ', 'ROS_DISTRO': 'kinetic', 'ROS_LOG_DIR': '/home/mapping_ws_auto/src/mapcheck/logs', 'ROSLISP_PACKAGE_DIRECTORIES': '/home/mapping_ws_auto/devel/share/common-lisp', 'LD_LIBRARY_PATH': '/home/mapping_ws_auto/devel/lib:/opt/ros/kinetic/lib:/opt/ros/kinetic/lib/x86_64-linux-gnu', 'USER': 'www-data', 'PATH': '/opt/ros/kinetic/bin:/usr/local/sbin:/usr/local/bin:/usr/sbin:/usr/bin:/sbin:/bin:/snap/bin', 'HOME': '/var/www', 'CMAKE_PREFIX_PATH': '/home/mapping_ws_auto/devel:/opt/ros/kinetic', 'ROS_LOG_FILENAME': '/home/mapping_ws_auto/src/mapcheck/logs/3da24aa8-c72e-11ea-9f36-fa163e744ed0/roslaunch-hecs-x-xlarge-2-linux-20200707132053-20391.log', 'SHLVL': '1', 'HISTSIZE': '10000', 'ROS_HOME': '/home/.ros/', 'ROS_MASTER_URI': 'http://localhost:11311', 'ROS_PYTHON_VERSION': '2', 'PYTHONPATH': '/home/mapping_ws_auto/devel/lib/python2.7/dist-packages:/opt/ros/kinetic/lib/python2.7/dist-packages', 'ROS_ROOT': '/opt/ros/kinetic/share/ros', 'PKG_CONFIG_PATH': '/home/mapping_ws_auto/devel/lib/pkgconfig:/opt/ros/kinetic/lib/pkgconfig:/opt/ros/kinetic/lib/x86_64-linux-gnu/pkgconfig', 'ROS_PACKAGE_PATH': '/home/mapping_ws_auto/src:/opt/ros/kinetic/share', '_': '/home/mapping_ws_auto/devel/lib/example_cpp/mysql', 'XDG_DATA_DIRS': '/usr/local/share:/usr/share:/var/lib/snapd/desktop', 'PWD': '/var/www/html/maptoolapi', 'ROS_ETC_DIR': '/opt/ros/kinetic/etc/ros', 'ROS_VERSION': '1'}]
[roslaunch][INFO] 2020-07-16 14:33:21,000: process[transformFusion-10]: args[[u'/home/mapping_ws_auto/devel/lib/lego_loam/transformFusion', u'__name:=transformFusion']]
[roslaunch][INFO] 2020-07-16 14:33:21,000: ... created process [transformFusion-10]
[roslaunch.pmon][INFO] 2020-07-16 14:33:21,000: ProcessMonitor.register[transformFusion-10]
[roslaunch.pmon][INFO] 2020-07-16 14:33:21,000: ProcessMonitor.register[transformFusion-10] complete
[roslaunch][INFO] 2020-07-16 14:33:21,000: ... registered process [transformFusion-10]
[roslaunch][INFO] 2020-07-16 14:33:21,000: process[transformFusion-10]: starting os process
[roslaunch][INFO] 2020-07-16 14:33:21,000: process[transformFusion-10]: start w/ args [[u'/home/mapping_ws_auto/devel/lib/lego_loam/transformFusion', u'__name:=transformFusion', u'__log:=/home/mapping_ws_auto/src/mapcheck/logs/3da24aa8-c72e-11ea-9f36-fa163e744ed0/transformFusion-10.log']]
[roslaunch][INFO] 2020-07-16 14:33:21,000: process[transformFusion-10]: cwd will be [/home/.ros/]
[roslaunch][INFO] 2020-07-16 14:33:21,007: process[transformFusion-10]: started with pid [20468]
[roslaunch][INFO] 2020-07-16 14:33:21,007: ... successfully launched [transformFusion-10]
[roslaunch][INFO] 2020-07-16 14:33:21,007: ... preparing to launch node of type [rslidar_pointcloud/cloud_node]
[roslaunch][INFO] 2020-07-16 14:33:21,007: create_node_process: package[rslidar_pointcloud] type[cloud_node] machine[Machine(name[] env_loader[None] address[localhost] ssh_port[22] user[None] assignable[True] timeout[10.0])] master_uri[http://localhost:11311]
[roslaunch][INFO] 2020-07-16 14:33:21,007: process[cloud_node-11]: env[{'HISTTIMEFORMAT': '%F %T www-data ', 'ROS_DISTRO': 'kinetic', 'ROS_LOG_DIR': '/home/mapping_ws_auto/src/mapcheck/logs', 'ROSLISP_PACKAGE_DIRECTORIES': '/home/mapping_ws_auto/devel/share/common-lisp', 'LD_LIBRARY_PATH': '/home/mapping_ws_auto/devel/lib:/opt/ros/kinetic/lib:/opt/ros/kinetic/lib/x86_64-linux-gnu', 'USER': 'www-data', 'PATH': '/opt/ros/kinetic/bin:/usr/local/sbin:/usr/local/bin:/usr/sbin:/usr/bin:/sbin:/bin:/snap/bin', 'HOME': '/var/www', 'CMAKE_PREFIX_PATH': '/home/mapping_ws_auto/devel:/opt/ros/kinetic', 'ROS_LOG_FILENAME': '/home/mapping_ws_auto/src/mapcheck/logs/3da24aa8-c72e-11ea-9f36-fa163e744ed0/roslaunch-hecs-x-xlarge-2-linux-20200707132053-20391.log', 'SHLVL': '1', 'HISTSIZE': '10000', 'ROS_HOME': '/home/.ros/', 'ROS_MASTER_URI': 'http://localhost:11311', 'ROS_PYTHON_VERSION': '2', 'PYTHONPATH': '/home/mapping_ws_auto/devel/lib/python2.7/dist-packages:/opt/ros/kinetic/lib/python2.7/dist-packages', 'ROS_ROOT': '/opt/ros/kinetic/share/ros', 'PKG_CONFIG_PATH': '/home/mapping_ws_auto/devel/lib/pkgconfig:/opt/ros/kinetic/lib/pkgconfig:/opt/ros/kinetic/lib/x86_64-linux-gnu/pkgconfig', 'ROS_PACKAGE_PATH': '/home/mapping_ws_auto/src:/opt/ros/kinetic/share', '_': '/home/mapping_ws_auto/devel/lib/example_cpp/mysql', 'XDG_DATA_DIRS': '/usr/local/share:/usr/share:/var/lib/snapd/desktop', 'PWD': '/var/www/html/maptoolapi', 'ROS_ETC_DIR': '/opt/ros/kinetic/etc/ros', 'ROS_VERSION': '1'}]
[roslaunch][INFO] 2020-07-16 14:33:21,008: process[cloud_node-11]: args[[u'/home/mapping_ws_auto/devel/lib/rslidar_pointcloud/cloud_node', u'rslidar_packets:=/golfcart/rs_bp_left/rslidar_packets', u'rslidar_points:=cc0', u'rslidar_packets_difop:=/golfcart/rs_bp_left/rslidar_packets_difop', u'__name:=cloud_node']]
[roslaunch][INFO] 2020-07-16 14:33:21,008: ... created process [cloud_node-11]
[roslaunch.pmon][INFO] 2020-07-16 14:33:21,008: ProcessMonitor.register[cloud_node-11]
[roslaunch.pmon][INFO] 2020-07-16 14:33:21,008: ProcessMonitor.register[cloud_node-11] complete
[roslaunch][INFO] 2020-07-16 14:33:21,009: ... registered process [cloud_node-11]
[roslaunch][INFO] 2020-07-16 14:33:21,009: process[cloud_node-11]: starting os process
[roslaunch][INFO] 2020-07-16 14:33:21,009: process[cloud_node-11]: start w/ args [[u'/home/mapping_ws_auto/devel/lib/rslidar_pointcloud/cloud_node', u'rslidar_packets:=/golfcart/rs_bp_left/rslidar_packets', u'rslidar_points:=cc0', u'rslidar_packets_difop:=/golfcart/rs_bp_left/rslidar_packets_difop', u'__name:=cloud_node', u'__log:=/home/mapping_ws_auto/src/mapcheck/logs/3da24aa8-c72e-11ea-9f36-fa163e744ed0/cloud_node-11.log']]
[roslaunch][INFO] 2020-07-16 14:33:21,009: process[cloud_node-11]: cwd will be [/home/.ros/]
[roslaunch][INFO] 2020-07-16 14:33:21,014: process[cloud_node-11]: started with pid [20471]
[roslaunch][INFO] 2020-07-16 14:33:21,014: ... successfully launched [cloud_node-11]
[roslaunch][INFO] 2020-07-16 14:33:21,014: ... preparing to launch node of type [rslidar_pointcloud/cloud_node]
[roslaunch][INFO] 2020-07-16 14:33:21,014: create_node_process: package[rslidar_pointcloud] type[cloud_node] machine[Machine(name[] env_loader[None] address[localhost] ssh_port[22] user[None] assignable[True] timeout[10.0])] master_uri[http://localhost:11311]
[roslaunch][INFO] 2020-07-16 14:33:21,014: process[cloud_node1-12]: env[{'HISTTIMEFORMAT': '%F %T www-data ', 'ROS_DISTRO': 'kinetic', 'ROS_LOG_DIR': '/home/mapping_ws_auto/src/mapcheck/logs', 'ROSLISP_PACKAGE_DIRECTORIES': '/home/mapping_ws_auto/devel/share/common-lisp', 'LD_LIBRARY_PATH': '/home/mapping_ws_auto/devel/lib:/opt/ros/kinetic/lib:/opt/ros/kinetic/lib/x86_64-linux-gnu', 'USER': 'www-data', 'PATH': '/opt/ros/kinetic/bin:/usr/local/sbin:/usr/local/bin:/usr/sbin:/usr/bin:/sbin:/bin:/snap/bin', 'HOME': '/var/www', 'CMAKE_PREFIX_PATH': '/home/mapping_ws_auto/devel:/opt/ros/kinetic', 'ROS_LOG_FILENAME': '/home/mapping_ws_auto/src/mapcheck/logs/3da24aa8-c72e-11ea-9f36-fa163e744ed0/roslaunch-hecs-x-xlarge-2-linux-20200707132053-20391.log', 'SHLVL': '1', 'HISTSIZE': '10000', 'ROS_HOME': '/home/.ros/', 'ROS_MASTER_URI': 'http://localhost:11311', 'ROS_PYTHON_VERSION': '2', 'PYTHONPATH': '/home/mapping_ws_auto/devel/lib/python2.7/dist-packages:/opt/ros/kinetic/lib/python2.7/dist-packages', 'ROS_ROOT': '/opt/ros/kinetic/share/ros', 'PKG_CONFIG_PATH': '/home/mapping_ws_auto/devel/lib/pkgconfig:/opt/ros/kinetic/lib/pkgconfig:/opt/ros/kinetic/lib/x86_64-linux-gnu/pkgconfig', 'ROS_PACKAGE_PATH': '/home/mapping_ws_auto/src:/opt/ros/kinetic/share', '_': '/home/mapping_ws_auto/devel/lib/example_cpp/mysql', 'XDG_DATA_DIRS': '/usr/local/share:/usr/share:/var/lib/snapd/desktop', 'PWD': '/var/www/html/maptoolapi', 'ROS_ETC_DIR': '/opt/ros/kinetic/etc/ros', 'ROS_VERSION': '1'}]
[roslaunch][INFO] 2020-07-16 14:33:21,015: process[cloud_node1-12]: args[[u'/home/mapping_ws_auto/devel/lib/rslidar_pointcloud/cloud_node', u'rslidar_packets:=aa1', u'rslidar_points:=cc1', u'rslidar_packets_difop:=bb1', u'__name:=cloud_node1']]
[roslaunch][INFO] 2020-07-16 14:33:21,015: ... created process [cloud_node1-12]
[roslaunch.pmon][INFO] 2020-07-16 14:33:21,015: ProcessMonitor.register[cloud_node1-12]
[roslaunch.pmon][INFO] 2020-07-16 14:33:21,015: ProcessMonitor.register[cloud_node1-12] complete
[roslaunch][INFO] 2020-07-16 14:33:21,015: ... registered process [cloud_node1-12]
[roslaunch][INFO] 2020-07-16 14:33:21,015: process[cloud_node1-12]: starting os process
[roslaunch][INFO] 2020-07-16 14:33:21,016: process[cloud_node1-12]: start w/ args [[u'/home/mapping_ws_auto/devel/lib/rslidar_pointcloud/cloud_node', u'rslidar_packets:=aa1', u'rslidar_points:=cc1', u'rslidar_packets_difop:=bb1', u'__name:=cloud_node1', u'__log:=/home/mapping_ws_auto/src/mapcheck/logs/3da24aa8-c72e-11ea-9f36-fa163e744ed0/cloud_node1-12.log']]
[roslaunch][INFO] 2020-07-16 14:33:21,016: process[cloud_node1-12]: cwd will be [/home/.ros/]
[roslaunch][INFO] 2020-07-16 14:33:21,019: process[cloud_node1-12]: started with pid [20473]
[roslaunch][INFO] 2020-07-16 14:33:21,019: ... successfully launched [cloud_node1-12]
[roslaunch][INFO] 2020-07-16 14:33:21,019: ... preparing to launch node of type [rslidar_pointcloud/cloud_node]
[roslaunch][INFO] 2020-07-16 14:33:21,019: create_node_process: package[rslidar_pointcloud] type[cloud_node] machine[Machine(name[] env_loader[None] address[localhost] ssh_port[22] user[None] assignable[True] timeout[10.0])] master_uri[http://localhost:11311]
[roslaunch][INFO] 2020-07-16 14:33:21,019: process[cloud_node2-13]: env[{'HISTTIMEFORMAT': '%F %T www-data ', 'ROS_DISTRO': 'kinetic', 'ROS_LOG_DIR': '/home/mapping_ws_auto/src/mapcheck/logs', 'ROSLISP_PACKAGE_DIRECTORIES': '/home/mapping_ws_auto/devel/share/common-lisp', 'LD_LIBRARY_PATH': '/home/mapping_ws_auto/devel/lib:/opt/ros/kinetic/lib:/opt/ros/kinetic/lib/x86_64-linux-gnu', 'USER': 'www-data', 'PATH': '/opt/ros/kinetic/bin:/usr/local/sbin:/usr/local/bin:/usr/sbin:/usr/bin:/sbin:/bin:/snap/bin', 'HOME': '/var/www', 'CMAKE_PREFIX_PATH': '/home/mapping_ws_auto/devel:/opt/ros/kinetic', 'ROS_LOG_FILENAME': '/home/mapping_ws_auto/src/mapcheck/logs/3da24aa8-c72e-11ea-9f36-fa163e744ed0/roslaunch-hecs-x-xlarge-2-linux-20200707132053-20391.log', 'SHLVL': '1', 'HISTSIZE': '10000', 'ROS_HOME': '/home/.ros/', 'ROS_MASTER_URI': 'http://localhost:11311', 'ROS_PYTHON_VERSION': '2', 'PYTHONPATH': '/home/mapping_ws_auto/devel/lib/python2.7/dist-packages:/opt/ros/kinetic/lib/python2.7/dist-packages', 'ROS_ROOT': '/opt/ros/kinetic/share/ros', 'PKG_CONFIG_PATH': '/home/mapping_ws_auto/devel/lib/pkgconfig:/opt/ros/kinetic/lib/pkgconfig:/opt/ros/kinetic/lib/x86_64-linux-gnu/pkgconfig', 'ROS_PACKAGE_PATH': '/home/mapping_ws_auto/src:/opt/ros/kinetic/share', '_': '/home/mapping_ws_auto/devel/lib/example_cpp/mysql', 'XDG_DATA_DIRS': '/usr/local/share:/usr/share:/var/lib/snapd/desktop', 'PWD': '/var/www/html/maptoolapi', 'ROS_ETC_DIR': '/opt/ros/kinetic/etc/ros', 'ROS_VERSION': '1'}]
[roslaunch][INFO] 2020-07-16 14:33:21,020: process[cloud_node2-13]: args[[u'/home/mapping_ws_auto/devel/lib/rslidar_pointcloud/cloud_node', u'rslidar_packets:=aa2', u'rslidar_points:=cc2', u'rslidar_packets_difop:=bb2', u'__name:=cloud_node2']]
[roslaunch][INFO] 2020-07-16 14:33:21,020: ... created process [cloud_node2-13]
[roslaunch.pmon][INFO] 2020-07-16 14:33:21,020: ProcessMonitor.register[cloud_node2-13]
[roslaunch.pmon][INFO] 2020-07-16 14:33:21,021: ProcessMonitor.register[cloud_node2-13] complete
[roslaunch][INFO] 2020-07-16 14:33:21,021: ... registered process [cloud_node2-13]
[roslaunch][INFO] 2020-07-16 14:33:21,021: process[cloud_node2-13]: starting os process
[roslaunch][INFO] 2020-07-16 14:33:21,021: process[cloud_node2-13]: start w/ args [[u'/home/mapping_ws_auto/devel/lib/rslidar_pointcloud/cloud_node', u'rslidar_packets:=aa2', u'rslidar_points:=cc2', u'rslidar_packets_difop:=bb2', u'__name:=cloud_node2', u'__log:=/home/mapping_ws_auto/src/mapcheck/logs/3da24aa8-c72e-11ea-9f36-fa163e744ed0/cloud_node2-13.log']]
[roslaunch][INFO] 2020-07-16 14:33:21,021: process[cloud_node2-13]: cwd will be [/home/.ros/]
[roslaunch][INFO] 2020-07-16 14:33:21,023: process[cloud_node2-13]: started with pid [20475]
[roslaunch][INFO] 2020-07-16 14:33:21,023: ... successfully launched [cloud_node2-13]
[roslaunch][INFO] 2020-07-16 14:33:21,023: ... launch_nodes complete
[roslaunch.pmon][INFO] 2020-07-16 14:33:21,023: registrations completed <ProcessMonitor(ProcessMonitor-1, started daemon 140377781745408)>
[roslaunch.parent][INFO] 2020-07-16 14:33:21,023: ... roslaunch parent running, waiting for process exit
[roslaunch][INFO] 2020-07-16 14:33:21,023: spin
[roslaunch][ERROR] 2020-07-16 14:33:21,174: [rviz-3] process has died [pid 20439, exit code -6, cmd /opt/ros/kinetic/lib/rviz/rviz -d /home/mapping_ws_auto/src/av-3dmapping-auto/LeGO-LOAM/launch/test.rviz __name:=rviz __log:=/home/mapping_ws_auto/src/mapcheck/logs/3da24aa8-c72e-11ea-9f36-fa163e744ed0/rviz-3.log].
log file: /home/mapping_ws_auto/src/mapcheck/logs/3da24aa8-c72e-11ea-9f36-fa163e744ed0/rviz-3*.log
[roslaunch.pmon][INFO] 2020-07-16 14:33:21,174: ProcessMonitor.unregister[rviz-3] starting
[roslaunch.pmon][INFO] 2020-07-16 14:33:21,174: ProcessMonitor.unregister[rviz-3] complete
[roslaunch][ERROR] 2020-07-16 14:33:47,027: ================================================================================REQUIRED process [mapOptmization-9] has died!
process has finished cleanly
log file: /home/mapping_ws_auto/src/mapcheck/logs/3da24aa8-c72e-11ea-9f36-fa163e744ed0/mapOptmization-9*.log
Initiating shutdown!
================================================================================
[roslaunch.pmon][INFO] 2020-07-16 14:33:47,127: ProcessMonitor._post_run <ProcessMonitor(ProcessMonitor-1, started daemon 140377781745408)>
[roslaunch.pmon][INFO] 2020-07-16 14:33:47,127: ProcessMonitor._post_run <ProcessMonitor(ProcessMonitor-1, started daemon 140377781745408)>: remaining procs are [<roslaunch.nodeprocess.LocalProcess object at 0x7fac3ff27350>, <roslaunch.nodeprocess.LocalProcess object at 0x7fac3ff27850>, <roslaunch.nodeprocess.LocalProcess object at 0x7fac3e496410>, <roslaunch.nodeprocess.LocalProcess object at 0x7fac3e496350>, <roslaunch.nodeprocess.LocalProcess object at 0x7fac3e4965d0>, <roslaunch.nodeprocess.LocalProcess object at 0x7fac3e496250>, <roslaunch.nodeprocess.LocalProcess object at 0x7fac3e496610>, <roslaunch.nodeprocess.LocalProcess object at 0x7fac3e496750>, <roslaunch.nodeprocess.LocalProcess object at 0x7fac3e4963d0>, <roslaunch.nodeprocess.LocalProcess object at 0x7fac3e496710>, <roslaunch.nodeprocess.LocalProcess object at 0x7fac3e496850>, <roslaunch.nodeprocess.LocalProcess object at 0x7fac3e496a10>, <roslaunch.nodeprocess.LocalProcess object at 0x7fac3e496a50>]
[roslaunch.pmon][INFO] 2020-07-16 14:33:47,128: ProcessMonitor exit: killing cloud_node2-13
[roslaunch][INFO] 2020-07-16 14:33:47,128: [cloud_node2-13] killing on exit
[roslaunch.pmon][INFO] 2020-07-16 14:33:47,128: ProcessMonitor exit: killing cloud_node1-12
[roslaunch][INFO] 2020-07-16 14:33:47,129: process[cloud_node2-13]: killing os process with pid[20475] pgid[20475]
[roslaunch.pmon][INFO] 2020-07-16 14:33:47,129: ProcessMonitor exit: killing cloud_node-11
[roslaunch][INFO] 2020-07-16 14:33:47,129: [cloud_node1-12] killing on exit
[roslaunch.pmon][INFO] 2020-07-16 14:33:47,129: ProcessMonitor exit: killing transformFusion-10
[roslaunch][INFO] 2020-07-16 14:33:47,129: [cloud_node2-13] sending SIGINT to pgid [20475]
[roslaunch.pmon][INFO] 2020-07-16 14:33:47,130: ProcessMonitor exit: killing mapOptmization-9
[roslaunch][INFO] 2020-07-16 14:33:47,130: [cloud_node-11] killing on exit
[roslaunch.pmon][INFO] 2020-07-16 14:33:47,130: ProcessMonitor exit: killing featureAssociation-8
[roslaunch][INFO] 2020-07-16 14:33:47,130: [transformFusion-10] killing on exit
[roslaunch][INFO] 2020-07-16 14:33:47,130: process[cloud_node1-12]: killing os process with pid[20473] pgid[20473]
[roslaunch][INFO] 2020-07-16 14:33:47,130: [cloud_node2-13] sent SIGINT to pgid [20475]
[roslaunch.pmon][INFO] 2020-07-16 14:33:47,130: ProcessMonitor exit: killing combineLidars-7
[roslaunch.pmon][INFO] 2020-07-16 14:33:47,131: ProcessMonitor exit: killing imageProjection-6
[roslaunch.pmon][INFO] 2020-07-16 14:33:47,131: ProcessMonitor exit: killing base_link_to_camera-5
[roslaunch][INFO] 2020-07-16 14:33:47,131: [mapOptmization-9] killing on exit
[roslaunch.pmon][INFO] 2020-07-16 14:33:47,131: ProcessMonitor exit: killing camera_init_to_map-4
[roslaunch][INFO] 2020-07-16 14:33:47,131: process[cloud_node-11]: killing os process with pid[20471] pgid[20471]
[roslaunch][INFO] 2020-07-16 14:33:47,131: [featureAssociation-8] killing on exit
[roslaunch][INFO] 2020-07-16 14:33:47,132: [cloud_node1-12] sending SIGINT to pgid [20473]
[roslaunch][INFO] 2020-07-16 14:33:47,132: process[transformFusion-10]: killing os process with pid[20468] pgid[20468]
[roslaunch][INFO] 2020-07-16 14:33:47,132: [combineLidars-7] killing on exit
[roslaunch][INFO] 2020-07-16 14:33:47,132: [imageProjection-6] killing on exit
[roslaunch][INFO] 2020-07-16 14:33:47,132: [base_link_to_camera-5] killing on exit
[roslaunch.pmon][INFO] 2020-07-16 14:33:47,132: ProcessMonitor exit: killing player-2
[roslaunch][INFO] 2020-07-16 14:33:47,132: [camera_init_to_map-4] killing on exit
[roslaunch][INFO] 2020-07-16 14:33:47,132: [cloud_node-11] sending SIGINT to pgid [20471]
[roslaunch][INFO] 2020-07-16 14:33:47,133: process[featureAssociation-8]: killing os process with pid[20463] pgid[20463]
[roslaunch][INFO] 2020-07-16 14:33:47,133: [cloud_node1-12] sent SIGINT to pgid [20473]
[roslaunch][INFO] 2020-07-16 14:33:47,133: [transformFusion-10] sending SIGINT to pgid [20468]
[roslaunch][INFO] 2020-07-16 14:33:47,133: process[combineLidars-7]: killing os process with pid[20456] pgid[20456]
[roslaunch][INFO] 2020-07-16 14:33:47,133: process[imageProjection-6]: killing os process with pid[20449] pgid[20449]
[roslaunch][INFO] 2020-07-16 14:33:47,133: [player-2] killing on exit
[roslaunch][INFO] 2020-07-16 14:33:47,133: process[base_link_to_camera-5]: killing os process with pid[20447] pgid[20447]
[roslaunch][INFO] 2020-07-16 14:33:47,133: process[camera_init_to_map-4]: killing os process with pid[20441] pgid[20441]
[roslaunch][INFO] 2020-07-16 14:33:47,133: [cloud_node-11] sent SIGINT to pgid [20471]
[roslaunch][INFO] 2020-07-16 14:33:47,134: [featureAssociation-8] sending SIGINT to pgid [20463]
[roslaunch][INFO] 2020-07-16 14:33:47,134: [transformFusion-10] sent SIGINT to pgid [20468]
[roslaunch][INFO] 2020-07-16 14:33:47,134: [combineLidars-7] sending SIGINT to pgid [20456]
[roslaunch][INFO] 2020-07-16 14:33:47,134: [imageProjection-6] sending SIGINT to pgid [20449]
[roslaunch][INFO] 2020-07-16 14:33:47,134: process[player-2]: killing os process with pid[20438] pgid[20438]
[roslaunch][INFO] 2020-07-16 14:33:47,134: [base_link_to_camera-5] sending SIGINT to pgid [20447]
[roslaunch][INFO] 2020-07-16 14:33:47,134: [camera_init_to_map-4] sending SIGINT to pgid [20441]
[roslaunch][INFO] 2020-07-16 14:33:47,135: [featureAssociation-8] sent SIGINT to pgid [20463]
[roslaunch][INFO] 2020-07-16 14:33:47,135: [combineLidars-7] sent SIGINT to pgid [20456]
[roslaunch][INFO] 2020-07-16 14:33:47,135: [player-2] sending SIGINT to pgid [20438]
[roslaunch][INFO] 2020-07-16 14:33:47,135: [imageProjection-6] sent SIGINT to pgid [20449]
[roslaunch][INFO] 2020-07-16 14:33:47,135: [base_link_to_camera-5] sent SIGINT to pgid [20447]
[roslaunch][INFO] 2020-07-16 14:33:47,135: [camera_init_to_map-4] sent SIGINT to pgid [20441]
[roslaunch][INFO] 2020-07-16 14:33:47,135: [player-2] sent SIGINT to pgid [20438]
[roslaunch][INFO] 2020-07-16 14:33:47,532: process[cloud_node2-13]: SIGINT killed with return value 0
[roslaunch][INFO] 2020-07-16 14:33:47,636: process[player-2]: SIGINT killed with return value 0
[roslaunch][INFO] 2020-07-16 14:33:47,769: process[camera_init_to_map-4]: SIGINT killed with return value 0
[roslaunch][INFO] 2020-07-16 14:33:47,841: process[base_link_to_camera-5]: SIGINT killed with return value 0
[roslaunch][INFO] 2020-07-16 14:33:48,036: process[cloud_node-11]: SIGINT killed with return value 0
[roslaunch][INFO] 2020-07-16 14:33:48,036: process[combineLidars-7]: SIGINT killed with return value 0
[roslaunch][INFO] 2020-07-16 14:33:48,042: process[cloud_node1-12]: SIGINT killed with return value 0
[roslaunch][INFO] 2020-07-16 14:33:48,046: process[transformFusion-10]: SIGINT killed with return value 0
[roslaunch][INFO] 2020-07-16 14:33:48,137: process[featureAssociation-8]: SIGINT killed with return value 0
[roslaunch][INFO] 2020-07-16 14:33:48,141: process[imageProjection-6]: SIGINT killed with return value 0
[roslaunch.pmon][INFO] 2020-07-16 14:33:48,141: ProcessMonitor exit: killing rosout-1
[roslaunch][INFO] 2020-07-16 14:33:48,141: [rosout-1] killing on exit
[roslaunch][INFO] 2020-07-16 14:33:48,142: process[rosout-1]: killing os process with pid[20414] pgid[20414]
[roslaunch][INFO] 2020-07-16 14:33:48,142: [rosout-1] sending SIGINT to pgid [20414]
[roslaunch][INFO] 2020-07-16 14:33:48,142: [rosout-1] sent SIGINT to pgid [20414]
[roslaunch][INFO] 2020-07-16 14:33:48,342: process[rosout-1]: SIGINT killed with return value 0
[roslaunch.pmon][INFO] 2020-07-16 14:33:48,342: ProcessMonitor exit: killing master
[roslaunch][INFO] 2020-07-16 14:33:48,342: [master] killing on exit
[roslaunch][INFO] 2020-07-16 14:33:48,342: process[master]: killing os process with pid[20401] pgid[20401]
[roslaunch][INFO] 2020-07-16 14:33:48,342: [master] sending SIGINT to pgid [20401]
[roslaunch][INFO] 2020-07-16 14:33:48,342: [master] sent SIGINT to pgid [20401]
[roslaunch][INFO] 2020-07-16 14:33:48,543: process[master]: SIGINT killed with return value 0
[roslaunch.pmon][INFO] 2020-07-16 14:33:48,543: ProcessMonitor exit: cleaning up data structures and signals
[roslaunch.pmon][INFO] 2020-07-16 14:33:48,543: ProcessMonitor exit: pmon has shutdown
[roslaunch][INFO] 2020-07-16 14:33:48,557: process monitor is done spinning, initiating full shutdown
[roslaunch][INFO] 2020-07-16 14:33:48,557: runner.stop()
[roslaunch][INFO] 2020-07-16 14:33:48,557: shutting down processing monitor...
[roslaunch][INFO] 2020-07-16 14:33:48,558: shutting down processing monitor <ProcessMonitor(ProcessMonitor-1, stopped daemon 140377781745408)>
[roslaunch.pmon][INFO] 2020-07-16 14:33:48,558: ProcessMonitor.shutdown <ProcessMonitor(ProcessMonitor-1, stopped daemon 140377781745408)>
[roslaunch][INFO] 2020-07-16 14:33:48,558: ... shutting down processing monitor complete
[roslaunch][INFO] 2020-07-16 14:33:48,558: done
[roslaunch.pmon][INFO] 2020-07-16 14:33:48,558: ProcessMonitor.shutdown <ProcessMonitor(ProcessMonitor-1, stopped daemon 140377781745408)>
[rospy.core][INFO] 2020-07-16 14:33:48,558: signal_shutdown [atexit]
