[roslaunch][INFO] 2020-07-16 13:51:11,833: Checking log directory for disk usage. This may take awhile.
Press Ctrl-C to interrupt
[roslaunch][INFO] 2020-07-16 13:51:11,835: Done checking log file disk usage. Usage is <1GB.
[roslaunch][INFO] 2020-07-16 13:51:11,835: roslaunch starting with args ['/opt/ros/kinetic/bin/roslaunch', '/var/www/html/maptoolapi/uploads/file_material/20200716/8007458835f0c04ad6886d8093858589/set_arg_and_run_15948786273b1987a5514ef7e6.launch']
[roslaunch][INFO] 2020-07-16 13:51:11,835: roslaunch env is {'HISTTIMEFORMAT': '%F %T www-data ', 'ROS_DISTRO': 'kinetic', 'ROS_LOG_DIR': '/home/mapping_ws_auto/src/mapcheck/logs', 'ROSLISP_PACKAGE_DIRECTORIES': '/home/mapping_ws_auto/devel/share/common-lisp', 'USER': 'www-data', 'PATH': '/opt/ros/kinetic/bin:/usr/local/sbin:/usr/local/bin:/usr/sbin:/usr/bin:/sbin:/bin:/snap/bin', 'HOME': '/var/www', 'CMAKE_PREFIX_PATH': '/home/mapping_ws_auto/devel:/opt/ros/kinetic', 'LD_LIBRARY_PATH': '/home/mapping_ws_auto/devel/lib:/opt/ros/kinetic/lib:/opt/ros/kinetic/lib/x86_64-linux-gnu', 'ROS_LOG_FILENAME': '/home/mapping_ws_auto/src/mapcheck/logs/5a6f0a46-c728-11ea-9f36-fa163e744ed0/roslaunch-hecs-x-xlarge-2-linux-20200707132053-18084.log', 'SHLVL': '1', 'HISTSIZE': '10000', 'ROS_HOME': '/home/.ros/', 'ROS_ETC_DIR': '/opt/ros/kinetic/etc/ros', 'ROS_PYTHON_VERSION': '2', 'PYTHONPATH': '/home/mapping_ws_auto/devel/lib/python2.7/dist-packages:/opt/ros/kinetic/lib/python2.7/dist-packages', 'ROS_ROOT': '/opt/ros/kinetic/share/ros', 'PKG_CONFIG_PATH': '/home/mapping_ws_auto/devel/lib/pkgconfig:/opt/ros/kinetic/lib/pkgconfig:/opt/ros/kinetic/lib/x86_64-linux-gnu/pkgconfig', 'ROS_PACKAGE_PATH': '/home/mapping_ws_auto/src:/opt/ros/kinetic/share', '_': '/home/mapping_ws_auto/devel/lib/example_cpp/mysql', 'XDG_DATA_DIRS': '/usr/local/share:/usr/share:/var/lib/snapd/desktop', 'PWD': '/var/www/html/maptoolapi', 'ROS_MASTER_URI': 'http://localhost:11311', 'ROS_VERSION': '1'}
[roslaunch][INFO] 2020-07-16 13:51:11,835: starting in server mode
[roslaunch.parent][INFO] 2020-07-16 13:51:11,835: starting roslaunch parent run
[roslaunch][INFO] 2020-07-16 13:51:11,836: loading roscore config file /opt/ros/kinetic/etc/ros/roscore.xml
[roslaunch][INFO] 2020-07-16 13:51:12,070: Added core node of type [rosout/rosout] in namespace [/]
[roslaunch.config][INFO] 2020-07-16 13:51:12,070: loading config file /var/www/html/maptoolapi/uploads/file_material/20200716/8007458835f0c04ad6886d8093858589/set_arg_and_run_15948786273b1987a5514ef7e6.launch
[roslaunch][INFO] 2020-07-16 13:51:12,108: Added node of type [rosbag/play] in namespace [/]
[roslaunch][INFO] 2020-07-16 13:51:12,109: Added node of type [rviz/rviz] in namespace [/]
[roslaunch][INFO] 2020-07-16 13:51:12,110: Added node of type [tf/static_transform_publisher] in namespace [/]
[roslaunch][INFO] 2020-07-16 13:51:12,110: Added node of type [tf/static_transform_publisher] in namespace [/]
[roslaunch][INFO] 2020-07-16 13:51:12,111: Added node of type [lego_loam/imageProjection] in namespace [/]
[roslaunch][INFO] 2020-07-16 13:51:12,111: Added node of type [lego_loam/combineLidars] in namespace [/]
[roslaunch][INFO] 2020-07-16 13:51:12,112: Added node of type [lego_loam/featureAssociation] in namespace [/]
[roslaunch][INFO] 2020-07-16 13:51:12,113: Added node of type [lego_loam/mapOptmization] in namespace [/]
[roslaunch][INFO] 2020-07-16 13:51:12,114: Added node of type [lego_loam/transformFusion] in namespace [/]
[roslaunch][INFO] 2020-07-16 13:51:12,115: Added node of type [rslidar_pointcloud/cloud_node] in namespace [/]
[roslaunch][INFO] 2020-07-16 13:51:12,116: Added node of type [rslidar_pointcloud/cloud_node] in namespace [/]
[roslaunch][INFO] 2020-07-16 13:51:12,117: Added node of type [rslidar_pointcloud/cloud_node] in namespace [/]
[roslaunch][INFO] 2020-07-16 13:51:12,117: ... selected machine [] for node of type [rosbag/play]
[roslaunch][INFO] 2020-07-16 13:51:12,117: ... selected machine [] for node of type [rviz/rviz]
[roslaunch][INFO] 2020-07-16 13:51:12,117: ... selected machine [] for node of type [tf/static_transform_publisher]
[roslaunch][INFO] 2020-07-16 13:51:12,117: ... selected machine [] for node of type [tf/static_transform_publisher]
[roslaunch][INFO] 2020-07-16 13:51:12,117: ... selected machine [] for node of type [lego_loam/imageProjection]
[roslaunch][INFO] 2020-07-16 13:51:12,117: ... selected machine [] for node of type [lego_loam/combineLidars]
[roslaunch][INFO] 2020-07-16 13:51:12,117: ... selected machine [] for node of type [lego_loam/featureAssociation]
[roslaunch][INFO] 2020-07-16 13:51:12,117: ... selected machine [] for node of type [lego_loam/mapOptmization]
[roslaunch][INFO] 2020-07-16 13:51:12,117: ... selected machine [] for node of type [lego_loam/transformFusion]
[roslaunch][INFO] 2020-07-16 13:51:12,117: ... selected machine [] for node of type [rslidar_pointcloud/cloud_node]
[roslaunch][INFO] 2020-07-16 13:51:12,117: ... selected machine [] for node of type [rslidar_pointcloud/cloud_node]
[roslaunch][INFO] 2020-07-16 13:51:12,117: ... selected machine [] for node of type [rslidar_pointcloud/cloud_node]
[roslaunch.pmon][INFO] 2020-07-16 13:51:12,118: start_process_monitor: creating ProcessMonitor
[roslaunch.pmon][INFO] 2020-07-16 13:51:12,118: created process monitor <ProcessMonitor(ProcessMonitor-1, initial daemon)>
[roslaunch.pmon][INFO] 2020-07-16 13:51:12,118: start_process_monitor: ProcessMonitor started
[roslaunch.parent][INFO] 2020-07-16 13:51:12,118: starting parent XML-RPC server
[roslaunch.server][INFO] 2020-07-16 13:51:12,119: starting roslaunch XML-RPC server
[roslaunch.server][INFO] 2020-07-16 13:51:12,119: waiting for roslaunch XML-RPC server to initialize
[xmlrpc][INFO] 2020-07-16 13:51:12,119: XML-RPC server binding to 0.0.0.0:0
[xmlrpc][INFO] 2020-07-16 13:51:12,119: Started XML-RPC server [http://hecs-x-xlarge-2-linux-20200707132053:39475/]
[xmlrpc][INFO] 2020-07-16 13:51:12,119: xml rpc node: starting XML-RPC server
[roslaunch][INFO] 2020-07-16 13:51:12,130: started roslaunch server http://hecs-x-xlarge-2-linux-20200707132053:39475/
[roslaunch.parent][INFO] 2020-07-16 13:51:12,131: ... parent XML-RPC server started
[roslaunch][INFO] 2020-07-16 13:51:12,131: master.is_running[http://localhost:11311]
[roslaunch][INFO] 2020-07-16 13:51:12,132: auto-starting new master
[roslaunch][INFO] 2020-07-16 13:51:12,132: create_master_process: rosmaster, /opt/ros/kinetic/share/ros, 11311, 3, None
[roslaunch][INFO] 2020-07-16 13:51:12,132: process[master]: launching with args [['rosmaster', '--core', '-p', '11311', '-w', '3']]
[roslaunch.pmon][INFO] 2020-07-16 13:51:12,132: ProcessMonitor.register[master]
[roslaunch.pmon][INFO] 2020-07-16 13:51:12,132: ProcessMonitor.register[master] complete
[roslaunch][INFO] 2020-07-16 13:51:12,132: process[master]: starting os process
[roslaunch][INFO] 2020-07-16 13:51:12,132: process[master]: start w/ args [['rosmaster', '--core', '-p', '11311', '-w', '3', '__log:=/home/mapping_ws_auto/src/mapcheck/logs/5a6f0a46-c728-11ea-9f36-fa163e744ed0/master.log']]
[roslaunch][INFO] 2020-07-16 13:51:12,132: process[master]: cwd will be [/home/.ros/]
[roslaunch][INFO] 2020-07-16 13:51:12,135: process[master]: started with pid [18104]
[roslaunch][INFO] 2020-07-16 13:51:12,135: master.is_running[http://localhost:11311]
[roslaunch][INFO] 2020-07-16 13:51:12,235: master.is_running[http://localhost:11311]
[roslaunch][INFO] 2020-07-16 13:51:12,336: master.is_running[http://localhost:11311]
[roslaunch][INFO] 2020-07-16 13:51:12,339: master.is_running[http://localhost:11311]
[roslaunch][INFO] 2020-07-16 13:51:12,340: ROS_MASTER_URI=http://localhost:11311
[roslaunch][INFO] 2020-07-16 13:51:12,341: setting /run_id to 5a6f0a46-c728-11ea-9f36-fa163e744ed0
[roslaunch][INFO] 2020-07-16 13:51:12,342: setting /roslaunch/uris/host_hecs_x_xlarge_2_linux_20200707132053__39475' to http://hecs-x-xlarge-2-linux-20200707132053:39475/
[roslaunch][INFO] 2020-07-16 13:51:12,344: ... preparing to launch node of type [rosout/rosout]
[roslaunch][INFO] 2020-07-16 13:51:12,344: create_node_process: package[rosout] type[rosout] machine[Machine(name[] env_loader[None] address[localhost] ssh_port[22] user[None] assignable[True] timeout[10.0])] master_uri[http://localhost:11311]
[roslaunch][INFO] 2020-07-16 13:51:12,344: process[rosout-1]: env[{'HISTTIMEFORMAT': '%F %T www-data ', 'ROS_DISTRO': 'kinetic', 'ROS_LOG_DIR': '/home/mapping_ws_auto/src/mapcheck/logs', 'ROSLISP_PACKAGE_DIRECTORIES': '/home/mapping_ws_auto/devel/share/common-lisp', 'LD_LIBRARY_PATH': '/home/mapping_ws_auto/devel/lib:/opt/ros/kinetic/lib:/opt/ros/kinetic/lib/x86_64-linux-gnu', 'USER': 'www-data', 'PATH': '/opt/ros/kinetic/bin:/usr/local/sbin:/usr/local/bin:/usr/sbin:/usr/bin:/sbin:/bin:/snap/bin', 'HOME': '/var/www', 'CMAKE_PREFIX_PATH': '/home/mapping_ws_auto/devel:/opt/ros/kinetic', 'ROS_LOG_FILENAME': '/home/mapping_ws_auto/src/mapcheck/logs/5a6f0a46-c728-11ea-9f36-fa163e744ed0/roslaunch-hecs-x-xlarge-2-linux-20200707132053-18084.log', 'SHLVL': '1', 'HISTSIZE': '10000', 'ROS_HOME': '/home/.ros/', 'ROS_MASTER_URI': 'http://localhost:11311', 'ROS_PYTHON_VERSION': '2', 'PYTHONPATH': '/home/mapping_ws_auto/devel/lib/python2.7/dist-packages:/opt/ros/kinetic/lib/python2.7/dist-packages', 'ROS_ROOT': '/opt/ros/kinetic/share/ros', 'PKG_CONFIG_PATH': '/home/mapping_ws_auto/devel/lib/pkgconfig:/opt/ros/kinetic/lib/pkgconfig:/opt/ros/kinetic/lib/x86_64-linux-gnu/pkgconfig', 'ROS_PACKAGE_PATH': '/home/mapping_ws_auto/src:/opt/ros/kinetic/share', '_': '/home/mapping_ws_auto/devel/lib/example_cpp/mysql', 'XDG_DATA_DIRS': '/usr/local/share:/usr/share:/var/lib/snapd/desktop', 'PWD': '/var/www/html/maptoolapi', 'ROS_ETC_DIR': '/opt/ros/kinetic/etc/ros', 'ROS_VERSION': '1'}]
[roslaunch][INFO] 2020-07-16 13:51:12,379: process[rosout-1]: args[[u'/opt/ros/kinetic/lib/rosout/rosout', u'__name:=rosout']]
[roslaunch][INFO] 2020-07-16 13:51:12,379: ... created process [rosout-1]
[roslaunch.pmon][INFO] 2020-07-16 13:51:12,380: ProcessMonitor.register[rosout-1]
[roslaunch.pmon][INFO] 2020-07-16 13:51:12,380: ProcessMonitor.register[rosout-1] complete
[roslaunch][INFO] 2020-07-16 13:51:12,380: ... registered process [rosout-1]
[roslaunch][INFO] 2020-07-16 13:51:12,380: process[rosout-1]: starting os process
[roslaunch][INFO] 2020-07-16 13:51:12,380: process[rosout-1]: start w/ args [[u'/opt/ros/kinetic/lib/rosout/rosout', u'__name:=rosout', u'__log:=/home/mapping_ws_auto/src/mapcheck/logs/5a6f0a46-c728-11ea-9f36-fa163e744ed0/rosout-1.log']]
[roslaunch][INFO] 2020-07-16 13:51:12,380: process[rosout-1]: cwd will be [/home/.ros/]
[roslaunch][INFO] 2020-07-16 13:51:12,382: process[rosout-1]: started with pid [18117]
[roslaunch][INFO] 2020-07-16 13:51:12,383: ... successfully launched [rosout-1]
[roslaunch][INFO] 2020-07-16 13:51:12,383: load_parameters starting ...
[roslaunch][INFO] 2020-07-16 13:51:12,396: ... load_parameters complete
[roslaunch][INFO] 2020-07-16 13:51:12,396: launch_nodes: launching local nodes ...
[roslaunch][INFO] 2020-07-16 13:51:12,396: ... preparing to launch node of type [rosbag/play]
[roslaunch][INFO] 2020-07-16 13:51:12,397: create_node_process: package[rosbag] type[play] machine[Machine(name[] env_loader[None] address[localhost] ssh_port[22] user[None] assignable[True] timeout[10.0])] master_uri[http://localhost:11311]
[roslaunch][INFO] 2020-07-16 13:51:12,397: process[player-2]: env[{'HISTTIMEFORMAT': '%F %T www-data ', 'ROS_DISTRO': 'kinetic', 'ROS_LOG_DIR': '/home/mapping_ws_auto/src/mapcheck/logs', 'ROSLISP_PACKAGE_DIRECTORIES': '/home/mapping_ws_auto/devel/share/common-lisp', 'LD_LIBRARY_PATH': '/home/mapping_ws_auto/devel/lib:/opt/ros/kinetic/lib:/opt/ros/kinetic/lib/x86_64-linux-gnu', 'USER': 'www-data', 'PATH': '/opt/ros/kinetic/bin:/usr/local/sbin:/usr/local/bin:/usr/sbin:/usr/bin:/sbin:/bin:/snap/bin', 'HOME': '/var/www', 'CMAKE_PREFIX_PATH': '/home/mapping_ws_auto/devel:/opt/ros/kinetic', 'ROS_LOG_FILENAME': '/home/mapping_ws_auto/src/mapcheck/logs/5a6f0a46-c728-11ea-9f36-fa163e744ed0/roslaunch-hecs-x-xlarge-2-linux-20200707132053-18084.log', 'SHLVL': '1', 'HISTSIZE': '10000', 'ROS_HOME': '/home/.ros/', 'ROS_MASTER_URI': 'http://localhost:11311', 'ROS_PYTHON_VERSION': '2', 'PYTHONPATH': '/home/mapping_ws_auto/devel/lib/python2.7/dist-packages:/opt/ros/kinetic/lib/python2.7/dist-packages', 'ROS_ROOT': '/opt/ros/kinetic/share/ros', 'PKG_CONFIG_PATH': '/home/mapping_ws_auto/devel/lib/pkgconfig:/opt/ros/kinetic/lib/pkgconfig:/opt/ros/kinetic/lib/x86_64-linux-gnu/pkgconfig', 'ROS_PACKAGE_PATH': '/home/mapping_ws_auto/src:/opt/ros/kinetic/share', '_': '/home/mapping_ws_auto/devel/lib/example_cpp/mysql', 'XDG_DATA_DIRS': '/usr/local/share:/usr/share:/var/lib/snapd/desktop', 'PWD': '/var/www/html/maptoolapi', 'ROS_ETC_DIR': '/opt/ros/kinetic/etc/ros', 'ROS_VERSION': '1'}]
[roslaunch][INFO] 2020-07-16 13:51:12,397: process[player-2]: args[[u'/opt/ros/kinetic/lib/rosbag/play', '--clock', '-k', '/var/www/html/maptoolapi/uploads/file_material/20200716/8007458835f0c04ad6886d8093858589/15948786273b1987a5514ef7e6.bag', u'__name:=player']]
[roslaunch][INFO] 2020-07-16 13:51:12,398: ... created process [player-2]
[roslaunch.pmon][INFO] 2020-07-16 13:51:12,398: ProcessMonitor.register[player-2]
[roslaunch.pmon][INFO] 2020-07-16 13:51:12,398: ProcessMonitor.register[player-2] complete
[roslaunch][INFO] 2020-07-16 13:51:12,398: ... registered process [player-2]
[roslaunch][INFO] 2020-07-16 13:51:12,398: process[player-2]: starting os process
[roslaunch][INFO] 2020-07-16 13:51:12,398: process[player-2]: start w/ args [[u'/opt/ros/kinetic/lib/rosbag/play', '--clock', '-k', '/var/www/html/maptoolapi/uploads/file_material/20200716/8007458835f0c04ad6886d8093858589/15948786273b1987a5514ef7e6.bag', u'__name:=player', u'__log:=/home/mapping_ws_auto/src/mapcheck/logs/5a6f0a46-c728-11ea-9f36-fa163e744ed0/player-2.log']]
[roslaunch][INFO] 2020-07-16 13:51:12,398: process[player-2]: cwd will be [/home/.ros/]
[roslaunch][INFO] 2020-07-16 13:51:12,401: process[player-2]: started with pid [18135]
[roslaunch][INFO] 2020-07-16 13:51:12,401: ... successfully launched [player-2]
[roslaunch][INFO] 2020-07-16 13:51:12,401: ... preparing to launch node of type [rviz/rviz]
[roslaunch][INFO] 2020-07-16 13:51:12,401: create_node_process: package[rviz] type[rviz] machine[Machine(name[] env_loader[None] address[localhost] ssh_port[22] user[None] assignable[True] timeout[10.0])] master_uri[http://localhost:11311]
[roslaunch][INFO] 2020-07-16 13:51:12,401: process[rviz-3]: env[{'HISTTIMEFORMAT': '%F %T www-data ', 'ROS_DISTRO': 'kinetic', 'ROS_LOG_DIR': '/home/mapping_ws_auto/src/mapcheck/logs', 'ROSLISP_PACKAGE_DIRECTORIES': '/home/mapping_ws_auto/devel/share/common-lisp', 'LD_LIBRARY_PATH': '/home/mapping_ws_auto/devel/lib:/opt/ros/kinetic/lib:/opt/ros/kinetic/lib/x86_64-linux-gnu', 'USER': 'www-data', 'PATH': '/opt/ros/kinetic/bin:/usr/local/sbin:/usr/local/bin:/usr/sbin:/usr/bin:/sbin:/bin:/snap/bin', 'HOME': '/var/www', 'CMAKE_PREFIX_PATH': '/home/mapping_ws_auto/devel:/opt/ros/kinetic', 'ROS_LOG_FILENAME': '/home/mapping_ws_auto/src/mapcheck/logs/5a6f0a46-c728-11ea-9f36-fa163e744ed0/roslaunch-hecs-x-xlarge-2-linux-20200707132053-18084.log', 'SHLVL': '1', 'HISTSIZE': '10000', 'ROS_HOME': '/home/.ros/', 'ROS_MASTER_URI': 'http://localhost:11311', 'ROS_PYTHON_VERSION': '2', 'PYTHONPATH': '/home/mapping_ws_auto/devel/lib/python2.7/dist-packages:/opt/ros/kinetic/lib/python2.7/dist-packages', 'ROS_ROOT': '/opt/ros/kinetic/share/ros', 'PKG_CONFIG_PATH': '/home/mapping_ws_auto/devel/lib/pkgconfig:/opt/ros/kinetic/lib/pkgconfig:/opt/ros/kinetic/lib/x86_64-linux-gnu/pkgconfig', 'ROS_PACKAGE_PATH': '/home/mapping_ws_auto/src:/opt/ros/kinetic/share', '_': '/home/mapping_ws_auto/devel/lib/example_cpp/mysql', 'XDG_DATA_DIRS': '/usr/local/share:/usr/share:/var/lib/snapd/desktop', 'PWD': '/var/www/html/maptoolapi', 'ROS_ETC_DIR': '/opt/ros/kinetic/etc/ros', 'ROS_VERSION': '1'}]
[roslaunch][INFO] 2020-07-16 13:51:12,403: process[rviz-3]: args[[u'/opt/ros/kinetic/lib/rviz/rviz', '-d', '/home/mapping_ws_auto/src/av-3dmapping-auto/LeGO-LOAM/launch/test.rviz', u'__name:=rviz']]
[roslaunch][INFO] 2020-07-16 13:51:12,403: ... created process [rviz-3]
[roslaunch.pmon][INFO] 2020-07-16 13:51:12,403: ProcessMonitor.register[rviz-3]
[roslaunch.pmon][INFO] 2020-07-16 13:51:12,403: ProcessMonitor.register[rviz-3] complete
[roslaunch][INFO] 2020-07-16 13:51:12,403: ... registered process [rviz-3]
[roslaunch][INFO] 2020-07-16 13:51:12,404: process[rviz-3]: starting os process
[roslaunch][INFO] 2020-07-16 13:51:12,404: process[rviz-3]: start w/ args [[u'/opt/ros/kinetic/lib/rviz/rviz', '-d', '/home/mapping_ws_auto/src/av-3dmapping-auto/LeGO-LOAM/launch/test.rviz', u'__name:=rviz', u'__log:=/home/mapping_ws_auto/src/mapcheck/logs/5a6f0a46-c728-11ea-9f36-fa163e744ed0/rviz-3.log']]
[roslaunch][INFO] 2020-07-16 13:51:12,404: process[rviz-3]: cwd will be [/home/.ros/]
[roslaunch][INFO] 2020-07-16 13:51:12,406: process[rviz-3]: started with pid [18140]
[roslaunch][INFO] 2020-07-16 13:51:12,406: ... successfully launched [rviz-3]
[roslaunch][INFO] 2020-07-16 13:51:12,406: ... preparing to launch node of type [tf/static_transform_publisher]
[roslaunch][INFO] 2020-07-16 13:51:12,406: create_node_process: package[tf] type[static_transform_publisher] machine[Machine(name[] env_loader[None] address[localhost] ssh_port[22] user[None] assignable[True] timeout[10.0])] master_uri[http://localhost:11311]
[roslaunch][INFO] 2020-07-16 13:51:12,406: process[camera_init_to_map-4]: env[{'HISTTIMEFORMAT': '%F %T www-data ', 'ROS_DISTRO': 'kinetic', 'ROS_LOG_DIR': '/home/mapping_ws_auto/src/mapcheck/logs', 'ROSLISP_PACKAGE_DIRECTORIES': '/home/mapping_ws_auto/devel/share/common-lisp', 'LD_LIBRARY_PATH': '/home/mapping_ws_auto/devel/lib:/opt/ros/kinetic/lib:/opt/ros/kinetic/lib/x86_64-linux-gnu', 'USER': 'www-data', 'PATH': '/opt/ros/kinetic/bin:/usr/local/sbin:/usr/local/bin:/usr/sbin:/usr/bin:/sbin:/bin:/snap/bin', 'HOME': '/var/www', 'CMAKE_PREFIX_PATH': '/home/mapping_ws_auto/devel:/opt/ros/kinetic', 'ROS_LOG_FILENAME': '/home/mapping_ws_auto/src/mapcheck/logs/5a6f0a46-c728-11ea-9f36-fa163e744ed0/roslaunch-hecs-x-xlarge-2-linux-20200707132053-18084.log', 'SHLVL': '1', 'HISTSIZE': '10000', 'ROS_HOME': '/home/.ros/', 'ROS_MASTER_URI': 'http://localhost:11311', 'ROS_PYTHON_VERSION': '2', 'PYTHONPATH': '/home/mapping_ws_auto/devel/lib/python2.7/dist-packages:/opt/ros/kinetic/lib/python2.7/dist-packages', 'ROS_ROOT': '/opt/ros/kinetic/share/ros', 'PKG_CONFIG_PATH': '/home/mapping_ws_auto/devel/lib/pkgconfig:/opt/ros/kinetic/lib/pkgconfig:/opt/ros/kinetic/lib/x86_64-linux-gnu/pkgconfig', 'ROS_PACKAGE_PATH': '/home/mapping_ws_auto/src:/opt/ros/kinetic/share', '_': '/home/mapping_ws_auto/devel/lib/example_cpp/mysql', 'XDG_DATA_DIRS': '/usr/local/share:/usr/share:/var/lib/snapd/desktop', 'PWD': '/var/www/html/maptoolapi', 'ROS_ETC_DIR': '/opt/ros/kinetic/etc/ros', 'ROS_VERSION': '1'}]
[roslaunch][INFO] 2020-07-16 13:51:12,407: process[camera_init_to_map-4]: args[[u'/opt/ros/kinetic/lib/tf/static_transform_publisher', '0', '0', '0', '1.570795', '0', '1.570795', '/map', '/camera_init', '10', u'__name:=camera_init_to_map']]
[roslaunch][INFO] 2020-07-16 13:51:12,407: ... created process [camera_init_to_map-4]
[roslaunch.pmon][INFO] 2020-07-16 13:51:12,407: ProcessMonitor.register[camera_init_to_map-4]
[roslaunch.pmon][INFO] 2020-07-16 13:51:12,407: ProcessMonitor.register[camera_init_to_map-4] complete
[roslaunch][INFO] 2020-07-16 13:51:12,407: ... registered process [camera_init_to_map-4]
[roslaunch][INFO] 2020-07-16 13:51:12,407: process[camera_init_to_map-4]: starting os process
[roslaunch][INFO] 2020-07-16 13:51:12,407: process[camera_init_to_map-4]: start w/ args [[u'/opt/ros/kinetic/lib/tf/static_transform_publisher', '0', '0', '0', '1.570795', '0', '1.570795', '/map', '/camera_init', '10', u'__name:=camera_init_to_map', u'__log:=/home/mapping_ws_auto/src/mapcheck/logs/5a6f0a46-c728-11ea-9f36-fa163e744ed0/camera_init_to_map-4.log']]
[roslaunch][INFO] 2020-07-16 13:51:12,407: process[camera_init_to_map-4]: cwd will be [/home/.ros/]
[roslaunch][INFO] 2020-07-16 13:51:12,409: process[camera_init_to_map-4]: started with pid [18143]
[roslaunch][INFO] 2020-07-16 13:51:12,410: ... successfully launched [camera_init_to_map-4]
[roslaunch][INFO] 2020-07-16 13:51:12,410: ... preparing to launch node of type [tf/static_transform_publisher]
[roslaunch][INFO] 2020-07-16 13:51:12,410: create_node_process: package[tf] type[static_transform_publisher] machine[Machine(name[] env_loader[None] address[localhost] ssh_port[22] user[None] assignable[True] timeout[10.0])] master_uri[http://localhost:11311]
[roslaunch][INFO] 2020-07-16 13:51:12,410: process[base_link_to_camera-5]: env[{'HISTTIMEFORMAT': '%F %T www-data ', 'ROS_DISTRO': 'kinetic', 'ROS_LOG_DIR': '/home/mapping_ws_auto/src/mapcheck/logs', 'ROSLISP_PACKAGE_DIRECTORIES': '/home/mapping_ws_auto/devel/share/common-lisp', 'LD_LIBRARY_PATH': '/home/mapping_ws_auto/devel/lib:/opt/ros/kinetic/lib:/opt/ros/kinetic/lib/x86_64-linux-gnu', 'USER': 'www-data', 'PATH': '/opt/ros/kinetic/bin:/usr/local/sbin:/usr/local/bin:/usr/sbin:/usr/bin:/sbin:/bin:/snap/bin', 'HOME': '/var/www', 'CMAKE_PREFIX_PATH': '/home/mapping_ws_auto/devel:/opt/ros/kinetic', 'ROS_LOG_FILENAME': '/home/mapping_ws_auto/src/mapcheck/logs/5a6f0a46-c728-11ea-9f36-fa163e744ed0/roslaunch-hecs-x-xlarge-2-linux-20200707132053-18084.log', 'SHLVL': '1', 'HISTSIZE': '10000', 'ROS_HOME': '/home/.ros/', 'ROS_MASTER_URI': 'http://localhost:11311', 'ROS_PYTHON_VERSION': '2', 'PYTHONPATH': '/home/mapping_ws_auto/devel/lib/python2.7/dist-packages:/opt/ros/kinetic/lib/python2.7/dist-packages', 'ROS_ROOT': '/opt/ros/kinetic/share/ros', 'PKG_CONFIG_PATH': '/home/mapping_ws_auto/devel/lib/pkgconfig:/opt/ros/kinetic/lib/pkgconfig:/opt/ros/kinetic/lib/x86_64-linux-gnu/pkgconfig', 'ROS_PACKAGE_PATH': '/home/mapping_ws_auto/src:/opt/ros/kinetic/share', '_': '/home/mapping_ws_auto/devel/lib/example_cpp/mysql', 'XDG_DATA_DIRS': '/usr/local/share:/usr/share:/var/lib/snapd/desktop', 'PWD': '/var/www/html/maptoolapi', 'ROS_ETC_DIR': '/opt/ros/kinetic/etc/ros', 'ROS_VERSION': '1'}]
[roslaunch][INFO] 2020-07-16 13:51:12,411: process[base_link_to_camera-5]: args[[u'/opt/ros/kinetic/lib/tf/static_transform_publisher', '0', '0', '0', '-1.570795', '-1.570795', '0', '/camera', '/base_link', '10', u'__name:=base_link_to_camera']]
[roslaunch][INFO] 2020-07-16 13:51:12,411: ... created process [base_link_to_camera-5]
[roslaunch.pmon][INFO] 2020-07-16 13:51:12,411: ProcessMonitor.register[base_link_to_camera-5]
[roslaunch.pmon][INFO] 2020-07-16 13:51:12,411: ProcessMonitor.register[base_link_to_camera-5] complete
[roslaunch][INFO] 2020-07-16 13:51:12,411: ... registered process [base_link_to_camera-5]
[roslaunch][INFO] 2020-07-16 13:51:12,411: process[base_link_to_camera-5]: starting os process
[roslaunch][INFO] 2020-07-16 13:51:12,411: process[base_link_to_camera-5]: start w/ args [[u'/opt/ros/kinetic/lib/tf/static_transform_publisher', '0', '0', '0', '-1.570795', '-1.570795', '0', '/camera', '/base_link', '10', u'__name:=base_link_to_camera', u'__log:=/home/mapping_ws_auto/src/mapcheck/logs/5a6f0a46-c728-11ea-9f36-fa163e744ed0/base_link_to_camera-5.log']]
[roslaunch][INFO] 2020-07-16 13:51:12,411: process[base_link_to_camera-5]: cwd will be [/home/.ros/]
[roslaunch][INFO] 2020-07-16 13:51:12,416: process[base_link_to_camera-5]: started with pid [18145]
[roslaunch][INFO] 2020-07-16 13:51:12,416: ... successfully launched [base_link_to_camera-5]
[roslaunch][INFO] 2020-07-16 13:51:12,416: ... preparing to launch node of type [lego_loam/imageProjection]
[roslaunch][INFO] 2020-07-16 13:51:12,416: create_node_process: package[lego_loam] type[imageProjection] machine[Machine(name[] env_loader[None] address[localhost] ssh_port[22] user[None] assignable[True] timeout[10.0])] master_uri[http://localhost:11311]
[roslaunch][INFO] 2020-07-16 13:51:12,416: process[imageProjection-6]: env[{'HISTTIMEFORMAT': '%F %T www-data ', 'ROS_DISTRO': 'kinetic', 'ROS_LOG_DIR': '/home/mapping_ws_auto/src/mapcheck/logs', 'ROSLISP_PACKAGE_DIRECTORIES': '/home/mapping_ws_auto/devel/share/common-lisp', 'LD_LIBRARY_PATH': '/home/mapping_ws_auto/devel/lib:/opt/ros/kinetic/lib:/opt/ros/kinetic/lib/x86_64-linux-gnu', 'USER': 'www-data', 'PATH': '/opt/ros/kinetic/bin:/usr/local/sbin:/usr/local/bin:/usr/sbin:/usr/bin:/sbin:/bin:/snap/bin', 'HOME': '/var/www', 'CMAKE_PREFIX_PATH': '/home/mapping_ws_auto/devel:/opt/ros/kinetic', 'ROS_LOG_FILENAME': '/home/mapping_ws_auto/src/mapcheck/logs/5a6f0a46-c728-11ea-9f36-fa163e744ed0/roslaunch-hecs-x-xlarge-2-linux-20200707132053-18084.log', 'SHLVL': '1', 'HISTSIZE': '10000', 'ROS_HOME': '/home/.ros/', 'ROS_MASTER_URI': 'http://localhost:11311', 'ROS_PYTHON_VERSION': '2', 'PYTHONPATH': '/home/mapping_ws_auto/devel/lib/python2.7/dist-packages:/opt/ros/kinetic/lib/python2.7/dist-packages', 'ROS_ROOT': '/opt/ros/kinetic/share/ros', 'PKG_CONFIG_PATH': '/home/mapping_ws_auto/devel/lib/pkgconfig:/opt/ros/kinetic/lib/pkgconfig:/opt/ros/kinetic/lib/x86_64-linux-gnu/pkgconfig', 'ROS_PACKAGE_PATH': '/home/mapping_ws_auto/src:/opt/ros/kinetic/share', '_': '/home/mapping_ws_auto/devel/lib/example_cpp/mysql', 'XDG_DATA_DIRS': '/usr/local/share:/usr/share:/var/lib/snapd/desktop', 'PWD': '/var/www/html/maptoolapi', 'ROS_ETC_DIR': '/opt/ros/kinetic/etc/ros', 'ROS_VERSION': '1'}]
[roslaunch][INFO] 2020-07-16 13:51:12,418: process[imageProjection-6]: args[[u'/home/mapping_ws_auto/devel/lib/lego_loam/imageProjection', u'velodyne_points:=all_obstacles', u'__name:=imageProjection']]
[roslaunch][INFO] 2020-07-16 13:51:12,418: ... created process [imageProjection-6]
[roslaunch.pmon][INFO] 2020-07-16 13:51:12,418: ProcessMonitor.register[imageProjection-6]
[roslaunch.pmon][INFO] 2020-07-16 13:51:12,418: ProcessMonitor.register[imageProjection-6] complete
[roslaunch][INFO] 2020-07-16 13:51:12,418: ... registered process [imageProjection-6]
[roslaunch][INFO] 2020-07-16 13:51:12,418: process[imageProjection-6]: starting os process
[roslaunch][INFO] 2020-07-16 13:51:12,418: process[imageProjection-6]: start w/ args [[u'/home/mapping_ws_auto/devel/lib/lego_loam/imageProjection', u'velodyne_points:=all_obstacles', u'__name:=imageProjection', u'__log:=/home/mapping_ws_auto/src/mapcheck/logs/5a6f0a46-c728-11ea-9f36-fa163e744ed0/imageProjection-6.log']]
[roslaunch][INFO] 2020-07-16 13:51:12,418: process[imageProjection-6]: cwd will be [/home/.ros/]
[roslaunch][INFO] 2020-07-16 13:51:12,423: process[imageProjection-6]: started with pid [18151]
[roslaunch][INFO] 2020-07-16 13:51:12,423: ... successfully launched [imageProjection-6]
[roslaunch][INFO] 2020-07-16 13:51:12,423: ... preparing to launch node of type [lego_loam/combineLidars]
[roslaunch][INFO] 2020-07-16 13:51:12,423: create_node_process: package[lego_loam] type[combineLidars] machine[Machine(name[] env_loader[None] address[localhost] ssh_port[22] user[None] assignable[True] timeout[10.0])] master_uri[http://localhost:11311]
[roslaunch][INFO] 2020-07-16 13:51:12,424: process[combineLidars-7]: env[{'HISTTIMEFORMAT': '%F %T www-data ', 'ROS_DISTRO': 'kinetic', 'ROS_LOG_DIR': '/home/mapping_ws_auto/src/mapcheck/logs', 'ROSLISP_PACKAGE_DIRECTORIES': '/home/mapping_ws_auto/devel/share/common-lisp', 'LD_LIBRARY_PATH': '/home/mapping_ws_auto/devel/lib:/opt/ros/kinetic/lib:/opt/ros/kinetic/lib/x86_64-linux-gnu', 'USER': 'www-data', 'PATH': '/opt/ros/kinetic/bin:/usr/local/sbin:/usr/local/bin:/usr/sbin:/usr/bin:/sbin:/bin:/snap/bin', 'HOME': '/var/www', 'CMAKE_PREFIX_PATH': '/home/mapping_ws_auto/devel:/opt/ros/kinetic', 'ROS_LOG_FILENAME': '/home/mapping_ws_auto/src/mapcheck/logs/5a6f0a46-c728-11ea-9f36-fa163e744ed0/roslaunch-hecs-x-xlarge-2-linux-20200707132053-18084.log', 'SHLVL': '1', 'HISTSIZE': '10000', 'ROS_HOME': '/home/.ros/', 'ROS_MASTER_URI': 'http://localhost:11311', 'ROS_PYTHON_VERSION': '2', 'PYTHONPATH': '/home/mapping_ws_auto/devel/lib/python2.7/dist-packages:/opt/ros/kinetic/lib/python2.7/dist-packages', 'ROS_ROOT': '/opt/ros/kinetic/share/ros', 'PKG_CONFIG_PATH': '/home/mapping_ws_auto/devel/lib/pkgconfig:/opt/ros/kinetic/lib/pkgconfig:/opt/ros/kinetic/lib/x86_64-linux-gnu/pkgconfig', 'ROS_PACKAGE_PATH': '/home/mapping_ws_auto/src:/opt/ros/kinetic/share', '_': '/home/mapping_ws_auto/devel/lib/example_cpp/mysql', 'XDG_DATA_DIRS': '/usr/local/share:/usr/share:/var/lib/snapd/desktop', 'PWD': '/var/www/html/maptoolapi', 'ROS_ETC_DIR': '/opt/ros/kinetic/etc/ros', 'ROS_VERSION': '1'}]
[roslaunch][INFO] 2020-07-16 13:51:12,425: process[combineLidars-7]: args[[u'/home/mapping_ws_auto/devel/lib/lego_loam/combineLidars', u'__name:=combineLidars']]
[roslaunch][INFO] 2020-07-16 13:51:12,425: ... created process [combineLidars-7]
[roslaunch.pmon][INFO] 2020-07-16 13:51:12,425: ProcessMonitor.register[combineLidars-7]
[roslaunch.pmon][INFO] 2020-07-16 13:51:12,425: ProcessMonitor.register[combineLidars-7] complete
[roslaunch][INFO] 2020-07-16 13:51:12,425: ... registered process [combineLidars-7]
[roslaunch][INFO] 2020-07-16 13:51:12,425: process[combineLidars-7]: starting os process
[roslaunch][INFO] 2020-07-16 13:51:12,425: process[combineLidars-7]: start w/ args [[u'/home/mapping_ws_auto/devel/lib/lego_loam/combineLidars', u'__name:=combineLidars', u'__log:=/home/mapping_ws_auto/src/mapcheck/logs/5a6f0a46-c728-11ea-9f36-fa163e744ed0/combineLidars-7.log']]
[roslaunch][INFO] 2020-07-16 13:51:12,425: process[combineLidars-7]: cwd will be [/home/.ros/]
[roslaunch][INFO] 2020-07-16 13:51:12,427: process[combineLidars-7]: started with pid [18162]
[roslaunch][INFO] 2020-07-16 13:51:12,427: ... successfully launched [combineLidars-7]
[roslaunch][INFO] 2020-07-16 13:51:12,427: ... preparing to launch node of type [lego_loam/featureAssociation]
[roslaunch][INFO] 2020-07-16 13:51:12,427: create_node_process: package[lego_loam] type[featureAssociation] machine[Machine(name[] env_loader[None] address[localhost] ssh_port[22] user[None] assignable[True] timeout[10.0])] master_uri[http://localhost:11311]
[roslaunch][INFO] 2020-07-16 13:51:12,427: process[featureAssociation-8]: env[{'HISTTIMEFORMAT': '%F %T www-data ', 'ROS_DISTRO': 'kinetic', 'ROS_LOG_DIR': '/home/mapping_ws_auto/src/mapcheck/logs', 'ROSLISP_PACKAGE_DIRECTORIES': '/home/mapping_ws_auto/devel/share/common-lisp', 'LD_LIBRARY_PATH': '/home/mapping_ws_auto/devel/lib:/opt/ros/kinetic/lib:/opt/ros/kinetic/lib/x86_64-linux-gnu', 'USER': 'www-data', 'PATH': '/opt/ros/kinetic/bin:/usr/local/sbin:/usr/local/bin:/usr/sbin:/usr/bin:/sbin:/bin:/snap/bin', 'HOME': '/var/www', 'CMAKE_PREFIX_PATH': '/home/mapping_ws_auto/devel:/opt/ros/kinetic', 'ROS_LOG_FILENAME': '/home/mapping_ws_auto/src/mapcheck/logs/5a6f0a46-c728-11ea-9f36-fa163e744ed0/roslaunch-hecs-x-xlarge-2-linux-20200707132053-18084.log', 'SHLVL': '1', 'HISTSIZE': '10000', 'ROS_HOME': '/home/.ros/', 'ROS_MASTER_URI': 'http://localhost:11311', 'ROS_PYTHON_VERSION': '2', 'PYTHONPATH': '/home/mapping_ws_auto/devel/lib/python2.7/dist-packages:/opt/ros/kinetic/lib/python2.7/dist-packages', 'ROS_ROOT': '/opt/ros/kinetic/share/ros', 'PKG_CONFIG_PATH': '/home/mapping_ws_auto/devel/lib/pkgconfig:/opt/ros/kinetic/lib/pkgconfig:/opt/ros/kinetic/lib/x86_64-linux-gnu/pkgconfig', 'ROS_PACKAGE_PATH': '/home/mapping_ws_auto/src:/opt/ros/kinetic/share', '_': '/home/mapping_ws_auto/devel/lib/example_cpp/mysql', 'XDG_DATA_DIRS': '/usr/local/share:/usr/share:/var/lib/snapd/desktop', 'PWD': '/var/www/html/maptoolapi', 'ROS_ETC_DIR': '/opt/ros/kinetic/etc/ros', 'ROS_VERSION': '1'}]
[roslaunch][INFO] 2020-07-16 13:51:12,428: process[featureAssociation-8]: args[[u'/home/mapping_ws_auto/devel/lib/lego_loam/featureAssociation', u'imu/data:=/golfcart/imu/data', u'__name:=featureAssociation']]
[roslaunch][INFO] 2020-07-16 13:51:12,429: ... created process [featureAssociation-8]
[roslaunch.pmon][INFO] 2020-07-16 13:51:12,429: ProcessMonitor.register[featureAssociation-8]
[roslaunch.pmon][INFO] 2020-07-16 13:51:12,429: ProcessMonitor.register[featureAssociation-8] complete
[roslaunch][INFO] 2020-07-16 13:51:12,429: ... registered process [featureAssociation-8]
[roslaunch][INFO] 2020-07-16 13:51:12,429: process[featureAssociation-8]: starting os process
[roslaunch][INFO] 2020-07-16 13:51:12,429: process[featureAssociation-8]: start w/ args [[u'/home/mapping_ws_auto/devel/lib/lego_loam/featureAssociation', u'imu/data:=/golfcart/imu/data', u'__name:=featureAssociation', u'__log:=/home/mapping_ws_auto/src/mapcheck/logs/5a6f0a46-c728-11ea-9f36-fa163e744ed0/featureAssociation-8.log']]
[roslaunch][INFO] 2020-07-16 13:51:12,429: process[featureAssociation-8]: cwd will be [/home/.ros/]
[roslaunch][INFO] 2020-07-16 13:51:12,442: process[featureAssociation-8]: started with pid [18163]
[roslaunch][INFO] 2020-07-16 13:51:12,443: ... successfully launched [featureAssociation-8]
[roslaunch][INFO] 2020-07-16 13:51:12,443: ... preparing to launch node of type [lego_loam/mapOptmization]
[roslaunch][INFO] 2020-07-16 13:51:12,443: create_node_process: package[lego_loam] type[mapOptmization] machine[Machine(name[] env_loader[None] address[localhost] ssh_port[22] user[None] assignable[True] timeout[10.0])] master_uri[http://localhost:11311]
[roslaunch][INFO] 2020-07-16 13:51:12,443: process[mapOptmization-9]: env[{'HISTTIMEFORMAT': '%F %T www-data ', 'ROS_DISTRO': 'kinetic', 'ROS_LOG_DIR': '/home/mapping_ws_auto/src/mapcheck/logs', 'ROSLISP_PACKAGE_DIRECTORIES': '/home/mapping_ws_auto/devel/share/common-lisp', 'LD_LIBRARY_PATH': '/home/mapping_ws_auto/devel/lib:/opt/ros/kinetic/lib:/opt/ros/kinetic/lib/x86_64-linux-gnu', 'USER': 'www-data', 'PATH': '/opt/ros/kinetic/bin:/usr/local/sbin:/usr/local/bin:/usr/sbin:/usr/bin:/sbin:/bin:/snap/bin', 'HOME': '/var/www', 'CMAKE_PREFIX_PATH': '/home/mapping_ws_auto/devel:/opt/ros/kinetic', 'ROS_LOG_FILENAME': '/home/mapping_ws_auto/src/mapcheck/logs/5a6f0a46-c728-11ea-9f36-fa163e744ed0/roslaunch-hecs-x-xlarge-2-linux-20200707132053-18084.log', 'SHLVL': '1', 'HISTSIZE': '10000', 'ROS_HOME': '/home/.ros/', 'ROS_MASTER_URI': 'http://localhost:11311', 'ROS_PYTHON_VERSION': '2', 'PYTHONPATH': '/home/mapping_ws_auto/devel/lib/python2.7/dist-packages:/opt/ros/kinetic/lib/python2.7/dist-packages', 'ROS_ROOT': '/opt/ros/kinetic/share/ros', 'PKG_CONFIG_PATH': '/home/mapping_ws_auto/devel/lib/pkgconfig:/opt/ros/kinetic/lib/pkgconfig:/opt/ros/kinetic/lib/x86_64-linux-gnu/pkgconfig', 'ROS_PACKAGE_PATH': '/home/mapping_ws_auto/src:/opt/ros/kinetic/share', '_': '/home/mapping_ws_auto/devel/lib/example_cpp/mysql', 'XDG_DATA_DIRS': '/usr/local/share:/usr/share:/var/lib/snapd/desktop', 'PWD': '/var/www/html/maptoolapi', 'ROS_ETC_DIR': '/opt/ros/kinetic/etc/ros', 'ROS_VERSION': '1'}]
[roslaunch][INFO] 2020-07-16 13:51:12,444: process[mapOptmization-9]: args[[u'/home/mapping_ws_auto/devel/lib/lego_loam/mapOptmization', u'imu/data:=/golfcart/imu/data', u'gps:=gps', u'__name:=mapOptmization']]
[roslaunch][INFO] 2020-07-16 13:51:12,444: ... created process [mapOptmization-9]
[roslaunch.pmon][INFO] 2020-07-16 13:51:12,444: ProcessMonitor.register[mapOptmization-9]
[roslaunch.pmon][INFO] 2020-07-16 13:51:12,444: ProcessMonitor.register[mapOptmization-9] complete
[roslaunch][INFO] 2020-07-16 13:51:12,444: ... registered process [mapOptmization-9]
[roslaunch][INFO] 2020-07-16 13:51:12,444: process[mapOptmization-9]: starting os process
[roslaunch][INFO] 2020-07-16 13:51:12,445: process[mapOptmization-9]: start w/ args [[u'/home/mapping_ws_auto/devel/lib/lego_loam/mapOptmization', u'imu/data:=/golfcart/imu/data', u'gps:=gps', u'__name:=mapOptmization', u'__log:=/home/mapping_ws_auto/src/mapcheck/logs/5a6f0a46-c728-11ea-9f36-fa163e744ed0/mapOptmization-9.log']]
[roslaunch][INFO] 2020-07-16 13:51:12,445: process[mapOptmization-9]: cwd will be [/home/.ros/]
[roslaunch][INFO] 2020-07-16 13:51:12,454: process[mapOptmization-9]: started with pid [18178]
[roslaunch][INFO] 2020-07-16 13:51:12,455: ... successfully launched [mapOptmization-9]
[roslaunch][INFO] 2020-07-16 13:51:12,455: ... preparing to launch node of type [lego_loam/transformFusion]
[roslaunch][INFO] 2020-07-16 13:51:12,455: create_node_process: package[lego_loam] type[transformFusion] machine[Machine(name[] env_loader[None] address[localhost] ssh_port[22] user[None] assignable[True] timeout[10.0])] master_uri[http://localhost:11311]
[roslaunch][INFO] 2020-07-16 13:51:12,455: process[transformFusion-10]: env[{'HISTTIMEFORMAT': '%F %T www-data ', 'ROS_DISTRO': 'kinetic', 'ROS_LOG_DIR': '/home/mapping_ws_auto/src/mapcheck/logs', 'ROSLISP_PACKAGE_DIRECTORIES': '/home/mapping_ws_auto/devel/share/common-lisp', 'LD_LIBRARY_PATH': '/home/mapping_ws_auto/devel/lib:/opt/ros/kinetic/lib:/opt/ros/kinetic/lib/x86_64-linux-gnu', 'USER': 'www-data', 'PATH': '/opt/ros/kinetic/bin:/usr/local/sbin:/usr/local/bin:/usr/sbin:/usr/bin:/sbin:/bin:/snap/bin', 'HOME': '/var/www', 'CMAKE_PREFIX_PATH': '/home/mapping_ws_auto/devel:/opt/ros/kinetic', 'ROS_LOG_FILENAME': '/home/mapping_ws_auto/src/mapcheck/logs/5a6f0a46-c728-11ea-9f36-fa163e744ed0/roslaunch-hecs-x-xlarge-2-linux-20200707132053-18084.log', 'SHLVL': '1', 'HISTSIZE': '10000', 'ROS_HOME': '/home/.ros/', 'ROS_MASTER_URI': 'http://localhost:11311', 'ROS_PYTHON_VERSION': '2', 'PYTHONPATH': '/home/mapping_ws_auto/devel/lib/python2.7/dist-packages:/opt/ros/kinetic/lib/python2.7/dist-packages', 'ROS_ROOT': '/opt/ros/kinetic/share/ros', 'PKG_CONFIG_PATH': '/home/mapping_ws_auto/devel/lib/pkgconfig:/opt/ros/kinetic/lib/pkgconfig:/opt/ros/kinetic/lib/x86_64-linux-gnu/pkgconfig', 'ROS_PACKAGE_PATH': '/home/mapping_ws_auto/src:/opt/ros/kinetic/share', '_': '/home/mapping_ws_auto/devel/lib/example_cpp/mysql', 'XDG_DATA_DIRS': '/usr/local/share:/usr/share:/var/lib/snapd/desktop', 'PWD': '/var/www/html/maptoolapi', 'ROS_ETC_DIR': '/opt/ros/kinetic/etc/ros', 'ROS_VERSION': '1'}]
[roslaunch][INFO] 2020-07-16 13:51:12,456: process[transformFusion-10]: args[[u'/home/mapping_ws_auto/devel/lib/lego_loam/transformFusion', u'__name:=transformFusion']]
[roslaunch][INFO] 2020-07-16 13:51:12,456: ... created process [transformFusion-10]
[roslaunch.pmon][INFO] 2020-07-16 13:51:12,456: ProcessMonitor.register[transformFusion-10]
[roslaunch.pmon][INFO] 2020-07-16 13:51:12,456: ProcessMonitor.register[transformFusion-10] complete
[roslaunch][INFO] 2020-07-16 13:51:12,456: ... registered process [transformFusion-10]
[roslaunch][INFO] 2020-07-16 13:51:12,456: process[transformFusion-10]: starting os process
[roslaunch][INFO] 2020-07-16 13:51:12,456: process[transformFusion-10]: start w/ args [[u'/home/mapping_ws_auto/devel/lib/lego_loam/transformFusion', u'__name:=transformFusion', u'__log:=/home/mapping_ws_auto/src/mapcheck/logs/5a6f0a46-c728-11ea-9f36-fa163e744ed0/transformFusion-10.log']]
[roslaunch][INFO] 2020-07-16 13:51:12,456: process[transformFusion-10]: cwd will be [/home/.ros/]
[roslaunch][INFO] 2020-07-16 13:51:12,460: process[transformFusion-10]: started with pid [18179]
[roslaunch][INFO] 2020-07-16 13:51:12,461: ... successfully launched [transformFusion-10]
[roslaunch][INFO] 2020-07-16 13:51:12,461: ... preparing to launch node of type [rslidar_pointcloud/cloud_node]
[roslaunch][INFO] 2020-07-16 13:51:12,461: create_node_process: package[rslidar_pointcloud] type[cloud_node] machine[Machine(name[] env_loader[None] address[localhost] ssh_port[22] user[None] assignable[True] timeout[10.0])] master_uri[http://localhost:11311]
[roslaunch][INFO] 2020-07-16 13:51:12,461: process[cloud_node-11]: env[{'HISTTIMEFORMAT': '%F %T www-data ', 'ROS_DISTRO': 'kinetic', 'ROS_LOG_DIR': '/home/mapping_ws_auto/src/mapcheck/logs', 'ROSLISP_PACKAGE_DIRECTORIES': '/home/mapping_ws_auto/devel/share/common-lisp', 'LD_LIBRARY_PATH': '/home/mapping_ws_auto/devel/lib:/opt/ros/kinetic/lib:/opt/ros/kinetic/lib/x86_64-linux-gnu', 'USER': 'www-data', 'PATH': '/opt/ros/kinetic/bin:/usr/local/sbin:/usr/local/bin:/usr/sbin:/usr/bin:/sbin:/bin:/snap/bin', 'HOME': '/var/www', 'CMAKE_PREFIX_PATH': '/home/mapping_ws_auto/devel:/opt/ros/kinetic', 'ROS_LOG_FILENAME': '/home/mapping_ws_auto/src/mapcheck/logs/5a6f0a46-c728-11ea-9f36-fa163e744ed0/roslaunch-hecs-x-xlarge-2-linux-20200707132053-18084.log', 'SHLVL': '1', 'HISTSIZE': '10000', 'ROS_HOME': '/home/.ros/', 'ROS_MASTER_URI': 'http://localhost:11311', 'ROS_PYTHON_VERSION': '2', 'PYTHONPATH': '/home/mapping_ws_auto/devel/lib/python2.7/dist-packages:/opt/ros/kinetic/lib/python2.7/dist-packages', 'ROS_ROOT': '/opt/ros/kinetic/share/ros', 'PKG_CONFIG_PATH': '/home/mapping_ws_auto/devel/lib/pkgconfig:/opt/ros/kinetic/lib/pkgconfig:/opt/ros/kinetic/lib/x86_64-linux-gnu/pkgconfig', 'ROS_PACKAGE_PATH': '/home/mapping_ws_auto/src:/opt/ros/kinetic/share', '_': '/home/mapping_ws_auto/devel/lib/example_cpp/mysql', 'XDG_DATA_DIRS': '/usr/local/share:/usr/share:/var/lib/snapd/desktop', 'PWD': '/var/www/html/maptoolapi', 'ROS_ETC_DIR': '/opt/ros/kinetic/etc/ros', 'ROS_VERSION': '1'}]
[roslaunch][INFO] 2020-07-16 13:51:12,462: process[cloud_node-11]: args[[u'/home/mapping_ws_auto/devel/lib/rslidar_pointcloud/cloud_node', u'rslidar_packets:=/golfcart/top_rs/rslidar_packets', u'rslidar_points:=cc0', u'rslidar_packets_difop:=/golfcart/top_rs/rslidar_packets_difop', u'__name:=cloud_node']]
[roslaunch][INFO] 2020-07-16 13:51:12,462: ... created process [cloud_node-11]
[roslaunch.pmon][INFO] 2020-07-16 13:51:12,462: ProcessMonitor.register[cloud_node-11]
[roslaunch.pmon][INFO] 2020-07-16 13:51:12,462: ProcessMonitor.register[cloud_node-11] complete
[roslaunch][INFO] 2020-07-16 13:51:12,462: ... registered process [cloud_node-11]
[roslaunch][INFO] 2020-07-16 13:51:12,462: process[cloud_node-11]: starting os process
[roslaunch][INFO] 2020-07-16 13:51:12,462: process[cloud_node-11]: start w/ args [[u'/home/mapping_ws_auto/devel/lib/rslidar_pointcloud/cloud_node', u'rslidar_packets:=/golfcart/top_rs/rslidar_packets', u'rslidar_points:=cc0', u'rslidar_packets_difop:=/golfcart/top_rs/rslidar_packets_difop', u'__name:=cloud_node', u'__log:=/home/mapping_ws_auto/src/mapcheck/logs/5a6f0a46-c728-11ea-9f36-fa163e744ed0/cloud_node-11.log']]
[roslaunch][INFO] 2020-07-16 13:51:12,462: process[cloud_node-11]: cwd will be [/home/.ros/]
[roslaunch][INFO] 2020-07-16 13:51:12,471: process[cloud_node-11]: started with pid [18180]
[roslaunch][INFO] 2020-07-16 13:51:12,471: ... successfully launched [cloud_node-11]
[roslaunch][INFO] 2020-07-16 13:51:12,471: ... preparing to launch node of type [rslidar_pointcloud/cloud_node]
[roslaunch][INFO] 2020-07-16 13:51:12,471: create_node_process: package[rslidar_pointcloud] type[cloud_node] machine[Machine(name[] env_loader[None] address[localhost] ssh_port[22] user[None] assignable[True] timeout[10.0])] master_uri[http://localhost:11311]
[roslaunch][INFO] 2020-07-16 13:51:12,472: process[cloud_node1-12]: env[{'HISTTIMEFORMAT': '%F %T www-data ', 'ROS_DISTRO': 'kinetic', 'ROS_LOG_DIR': '/home/mapping_ws_auto/src/mapcheck/logs', 'ROSLISP_PACKAGE_DIRECTORIES': '/home/mapping_ws_auto/devel/share/common-lisp', 'LD_LIBRARY_PATH': '/home/mapping_ws_auto/devel/lib:/opt/ros/kinetic/lib:/opt/ros/kinetic/lib/x86_64-linux-gnu', 'USER': 'www-data', 'PATH': '/opt/ros/kinetic/bin:/usr/local/sbin:/usr/local/bin:/usr/sbin:/usr/bin:/sbin:/bin:/snap/bin', 'HOME': '/var/www', 'CMAKE_PREFIX_PATH': '/home/mapping_ws_auto/devel:/opt/ros/kinetic', 'ROS_LOG_FILENAME': '/home/mapping_ws_auto/src/mapcheck/logs/5a6f0a46-c728-11ea-9f36-fa163e744ed0/roslaunch-hecs-x-xlarge-2-linux-20200707132053-18084.log', 'SHLVL': '1', 'HISTSIZE': '10000', 'ROS_HOME': '/home/.ros/', 'ROS_MASTER_URI': 'http://localhost:11311', 'ROS_PYTHON_VERSION': '2', 'PYTHONPATH': '/home/mapping_ws_auto/devel/lib/python2.7/dist-packages:/opt/ros/kinetic/lib/python2.7/dist-packages', 'ROS_ROOT': '/opt/ros/kinetic/share/ros', 'PKG_CONFIG_PATH': '/home/mapping_ws_auto/devel/lib/pkgconfig:/opt/ros/kinetic/lib/pkgconfig:/opt/ros/kinetic/lib/x86_64-linux-gnu/pkgconfig', 'ROS_PACKAGE_PATH': '/home/mapping_ws_auto/src:/opt/ros/kinetic/share', '_': '/home/mapping_ws_auto/devel/lib/example_cpp/mysql', 'XDG_DATA_DIRS': '/usr/local/share:/usr/share:/var/lib/snapd/desktop', 'PWD': '/var/www/html/maptoolapi', 'ROS_ETC_DIR': '/opt/ros/kinetic/etc/ros', 'ROS_VERSION': '1'}]
[roslaunch][INFO] 2020-07-16 13:51:12,472: process[cloud_node1-12]: args[[u'/home/mapping_ws_auto/devel/lib/rslidar_pointcloud/cloud_node', u'rslidar_packets:=aa1', u'rslidar_points:=cc1', u'rslidar_packets_difop:=bb1', u'__name:=cloud_node1']]
[roslaunch][INFO] 2020-07-16 13:51:12,473: ... created process [cloud_node1-12]
[roslaunch.pmon][INFO] 2020-07-16 13:51:12,473: ProcessMonitor.register[cloud_node1-12]
[roslaunch.pmon][INFO] 2020-07-16 13:51:12,473: ProcessMonitor.register[cloud_node1-12] complete
[roslaunch][INFO] 2020-07-16 13:51:12,473: ... registered process [cloud_node1-12]
[roslaunch][INFO] 2020-07-16 13:51:12,473: process[cloud_node1-12]: starting os process
[roslaunch][INFO] 2020-07-16 13:51:12,473: process[cloud_node1-12]: start w/ args [[u'/home/mapping_ws_auto/devel/lib/rslidar_pointcloud/cloud_node', u'rslidar_packets:=aa1', u'rslidar_points:=cc1', u'rslidar_packets_difop:=bb1', u'__name:=cloud_node1', u'__log:=/home/mapping_ws_auto/src/mapcheck/logs/5a6f0a46-c728-11ea-9f36-fa163e744ed0/cloud_node1-12.log']]
[roslaunch][INFO] 2020-07-16 13:51:12,473: process[cloud_node1-12]: cwd will be [/home/.ros/]
[roslaunch][INFO] 2020-07-16 13:51:12,480: process[cloud_node1-12]: started with pid [18182]
[roslaunch][INFO] 2020-07-16 13:51:12,480: ... successfully launched [cloud_node1-12]
[roslaunch][INFO] 2020-07-16 13:51:12,480: ... preparing to launch node of type [rslidar_pointcloud/cloud_node]
[roslaunch][INFO] 2020-07-16 13:51:12,481: create_node_process: package[rslidar_pointcloud] type[cloud_node] machine[Machine(name[] env_loader[None] address[localhost] ssh_port[22] user[None] assignable[True] timeout[10.0])] master_uri[http://localhost:11311]
[roslaunch][INFO] 2020-07-16 13:51:12,481: process[cloud_node2-13]: env[{'HISTTIMEFORMAT': '%F %T www-data ', 'ROS_DISTRO': 'kinetic', 'ROS_LOG_DIR': '/home/mapping_ws_auto/src/mapcheck/logs', 'ROSLISP_PACKAGE_DIRECTORIES': '/home/mapping_ws_auto/devel/share/common-lisp', 'LD_LIBRARY_PATH': '/home/mapping_ws_auto/devel/lib:/opt/ros/kinetic/lib:/opt/ros/kinetic/lib/x86_64-linux-gnu', 'USER': 'www-data', 'PATH': '/opt/ros/kinetic/bin:/usr/local/sbin:/usr/local/bin:/usr/sbin:/usr/bin:/sbin:/bin:/snap/bin', 'HOME': '/var/www', 'CMAKE_PREFIX_PATH': '/home/mapping_ws_auto/devel:/opt/ros/kinetic', 'ROS_LOG_FILENAME': '/home/mapping_ws_auto/src/mapcheck/logs/5a6f0a46-c728-11ea-9f36-fa163e744ed0/roslaunch-hecs-x-xlarge-2-linux-20200707132053-18084.log', 'SHLVL': '1', 'HISTSIZE': '10000', 'ROS_HOME': '/home/.ros/', 'ROS_MASTER_URI': 'http://localhost:11311', 'ROS_PYTHON_VERSION': '2', 'PYTHONPATH': '/home/mapping_ws_auto/devel/lib/python2.7/dist-packages:/opt/ros/kinetic/lib/python2.7/dist-packages', 'ROS_ROOT': '/opt/ros/kinetic/share/ros', 'PKG_CONFIG_PATH': '/home/mapping_ws_auto/devel/lib/pkgconfig:/opt/ros/kinetic/lib/pkgconfig:/opt/ros/kinetic/lib/x86_64-linux-gnu/pkgconfig', 'ROS_PACKAGE_PATH': '/home/mapping_ws_auto/src:/opt/ros/kinetic/share', '_': '/home/mapping_ws_auto/devel/lib/example_cpp/mysql', 'XDG_DATA_DIRS': '/usr/local/share:/usr/share:/var/lib/snapd/desktop', 'PWD': '/var/www/html/maptoolapi', 'ROS_ETC_DIR': '/opt/ros/kinetic/etc/ros', 'ROS_VERSION': '1'}]
[roslaunch][INFO] 2020-07-16 13:51:12,482: process[cloud_node2-13]: args[[u'/home/mapping_ws_auto/devel/lib/rslidar_pointcloud/cloud_node', u'rslidar_packets:=aa2', u'rslidar_points:=cc2', u'rslidar_packets_difop:=bb2', u'__name:=cloud_node2']]
[roslaunch][INFO] 2020-07-16 13:51:12,482: ... created process [cloud_node2-13]
[roslaunch.pmon][INFO] 2020-07-16 13:51:12,482: ProcessMonitor.register[cloud_node2-13]
[roslaunch.pmon][INFO] 2020-07-16 13:51:12,482: ProcessMonitor.register[cloud_node2-13] complete
[roslaunch][INFO] 2020-07-16 13:51:12,482: ... registered process [cloud_node2-13]
[roslaunch][INFO] 2020-07-16 13:51:12,482: process[cloud_node2-13]: starting os process
[roslaunch][INFO] 2020-07-16 13:51:12,482: process[cloud_node2-13]: start w/ args [[u'/home/mapping_ws_auto/devel/lib/rslidar_pointcloud/cloud_node', u'rslidar_packets:=aa2', u'rslidar_points:=cc2', u'rslidar_packets_difop:=bb2', u'__name:=cloud_node2', u'__log:=/home/mapping_ws_auto/src/mapcheck/logs/5a6f0a46-c728-11ea-9f36-fa163e744ed0/cloud_node2-13.log']]
[roslaunch][INFO] 2020-07-16 13:51:12,482: process[cloud_node2-13]: cwd will be [/home/.ros/]
[roslaunch][INFO] 2020-07-16 13:51:12,484: process[cloud_node2-13]: started with pid [18195]
[roslaunch][INFO] 2020-07-16 13:51:12,484: ... successfully launched [cloud_node2-13]
[roslaunch][INFO] 2020-07-16 13:51:12,484: ... launch_nodes complete
[roslaunch.pmon][INFO] 2020-07-16 13:51:12,484: registrations completed <ProcessMonitor(ProcessMonitor-1, started daemon 139638632924928)>
[roslaunch.parent][INFO] 2020-07-16 13:51:12,485: ... roslaunch parent running, waiting for process exit
[roslaunch][INFO] 2020-07-16 13:51:12,485: spin
[roslaunch][ERROR] 2020-07-16 13:51:12,620: [rviz-3] process has died [pid 18140, exit code -6, cmd /opt/ros/kinetic/lib/rviz/rviz -d /home/mapping_ws_auto/src/av-3dmapping-auto/LeGO-LOAM/launch/test.rviz __name:=rviz __log:=/home/mapping_ws_auto/src/mapcheck/logs/5a6f0a46-c728-11ea-9f36-fa163e744ed0/rviz-3.log].
log file: /home/mapping_ws_auto/src/mapcheck/logs/5a6f0a46-c728-11ea-9f36-fa163e744ed0/rviz-3*.log
[roslaunch.pmon][INFO] 2020-07-16 13:51:12,620: ProcessMonitor.unregister[rviz-3] starting
[roslaunch.pmon][INFO] 2020-07-16 13:51:12,620: ProcessMonitor.unregister[rviz-3] complete
[roslaunch][ERROR] 2020-07-16 13:51:36,569: ================================================================================REQUIRED process [mapOptmization-9] has died!
process has finished cleanly
log file: /home/mapping_ws_auto/src/mapcheck/logs/5a6f0a46-c728-11ea-9f36-fa163e744ed0/mapOptmization-9*.log
Initiating shutdown!
================================================================================
[roslaunch.pmon][INFO] 2020-07-16 13:51:36,670: ProcessMonitor._post_run <ProcessMonitor(ProcessMonitor-1, started daemon 139638632924928)>
[roslaunch.pmon][INFO] 2020-07-16 13:51:36,670: ProcessMonitor._post_run <ProcessMonitor(ProcessMonitor-1, started daemon 139638632924928)>: remaining procs are [<roslaunch.nodeprocess.LocalProcess object at 0x7f00273ed3d0>, <roslaunch.nodeprocess.LocalProcess object at 0x7f00273ed850>, <roslaunch.nodeprocess.LocalProcess object at 0x7f00259c9410>, <roslaunch.nodeprocess.LocalProcess object at 0x7f00259c9350>, <roslaunch.nodeprocess.LocalProcess object at 0x7f00259c95d0>, <roslaunch.nodeprocess.LocalProcess object at 0x7f00259c9250>, <roslaunch.nodeprocess.LocalProcess object at 0x7f00259c9610>, <roslaunch.nodeprocess.LocalProcess object at 0x7f00259c9750>, <roslaunch.nodeprocess.LocalProcess object at 0x7f00259c9510>, <roslaunch.nodeprocess.LocalProcess object at 0x7f00259c9710>, <roslaunch.nodeprocess.LocalProcess object at 0x7f00259c9850>, <roslaunch.nodeprocess.LocalProcess object at 0x7f00259c9a10>, <roslaunch.nodeprocess.LocalProcess object at 0x7f00259c9a50>]
[roslaunch.pmon][INFO] 2020-07-16 13:51:36,670: ProcessMonitor exit: killing cloud_node2-13
[roslaunch][INFO] 2020-07-16 13:51:36,670: [cloud_node2-13] killing on exit
[roslaunch][INFO] 2020-07-16 13:51:36,671: process[cloud_node2-13]: killing os process with pid[18195] pgid[18195]
[roslaunch][INFO] 2020-07-16 13:51:36,671: [cloud_node2-13] sending SIGINT to pgid [18195]
[roslaunch][INFO] 2020-07-16 13:51:36,671: [cloud_node2-13] sent SIGINT to pgid [18195]
[roslaunch.pmon][INFO] 2020-07-16 13:51:36,671: ProcessMonitor exit: killing cloud_node1-12
[roslaunch][INFO] 2020-07-16 13:51:36,671: [cloud_node1-12] killing on exit
[roslaunch.pmon][INFO] 2020-07-16 13:51:36,671: ProcessMonitor exit: killing cloud_node-11
[roslaunch][INFO] 2020-07-16 13:51:36,672: process[cloud_node1-12]: killing os process with pid[18182] pgid[18182]
[roslaunch.pmon][INFO] 2020-07-16 13:51:36,672: ProcessMonitor exit: killing transformFusion-10
[roslaunch][INFO] 2020-07-16 13:51:36,672: [cloud_node-11] killing on exit
[roslaunch][INFO] 2020-07-16 13:51:36,672: [cloud_node1-12] sending SIGINT to pgid [18182]
[roslaunch.pmon][INFO] 2020-07-16 13:51:36,672: ProcessMonitor exit: killing mapOptmization-9
[roslaunch][INFO] 2020-07-16 13:51:36,672: [transformFusion-10] killing on exit
[roslaunch][INFO] 2020-07-16 13:51:36,673: process[cloud_node-11]: killing os process with pid[18180] pgid[18180]
[roslaunch.pmon][INFO] 2020-07-16 13:51:36,673: ProcessMonitor exit: killing featureAssociation-8
[roslaunch][INFO] 2020-07-16 13:51:36,673: [cloud_node1-12] sent SIGINT to pgid [18182]
[roslaunch][INFO] 2020-07-16 13:51:36,673: [mapOptmization-9] killing on exit
[roslaunch.pmon][INFO] 2020-07-16 13:51:36,673: ProcessMonitor exit: killing combineLidars-7
[roslaunch][INFO] 2020-07-16 13:51:36,673: process[transformFusion-10]: killing os process with pid[18179] pgid[18179]
[roslaunch.pmon][INFO] 2020-07-16 13:51:36,674: ProcessMonitor exit: killing imageProjection-6
[roslaunch][INFO] 2020-07-16 13:51:36,674: [cloud_node-11] sending SIGINT to pgid [18180]
[roslaunch][INFO] 2020-07-16 13:51:36,674: [featureAssociation-8] killing on exit
[roslaunch.pmon][INFO] 2020-07-16 13:51:36,674: ProcessMonitor exit: killing base_link_to_camera-5
[roslaunch.pmon][INFO] 2020-07-16 13:51:36,674: ProcessMonitor exit: killing camera_init_to_map-4
[roslaunch.pmon][INFO] 2020-07-16 13:51:36,674: ProcessMonitor exit: killing player-2
[roslaunch][INFO] 2020-07-16 13:51:36,675: [combineLidars-7] killing on exit
[roslaunch][INFO] 2020-07-16 13:51:36,675: [transformFusion-10] sending SIGINT to pgid [18179]
[roslaunch][INFO] 2020-07-16 13:51:36,675: [imageProjection-6] killing on exit
[roslaunch][INFO] 2020-07-16 13:51:36,675: [cloud_node-11] sent SIGINT to pgid [18180]
[roslaunch][INFO] 2020-07-16 13:51:36,675: process[featureAssociation-8]: killing os process with pid[18163] pgid[18163]
[roslaunch][INFO] 2020-07-16 13:51:36,675: [base_link_to_camera-5] killing on exit
[roslaunch][INFO] 2020-07-16 13:51:36,675: [camera_init_to_map-4] killing on exit
[roslaunch][INFO] 2020-07-16 13:51:36,675: [player-2] killing on exit
[roslaunch][INFO] 2020-07-16 13:51:36,675: process[combineLidars-7]: killing os process with pid[18162] pgid[18162]
[roslaunch][INFO] 2020-07-16 13:51:36,676: [transformFusion-10] sent SIGINT to pgid [18179]
[roslaunch][INFO] 2020-07-16 13:51:36,676: process[imageProjection-6]: killing os process with pid[18151] pgid[18151]
[roslaunch][INFO] 2020-07-16 13:51:36,676: [featureAssociation-8] sending SIGINT to pgid [18163]
[roslaunch][INFO] 2020-07-16 13:51:36,676: process[base_link_to_camera-5]: killing os process with pid[18145] pgid[18145]
[roslaunch][INFO] 2020-07-16 13:51:36,676: process[camera_init_to_map-4]: killing os process with pid[18143] pgid[18143]
[roslaunch][INFO] 2020-07-16 13:51:36,676: process[player-2]: killing os process with pid[18135] pgid[18135]
[roslaunch][INFO] 2020-07-16 13:51:36,676: [combineLidars-7] sending SIGINT to pgid [18162]
[roslaunch][INFO] 2020-07-16 13:51:36,677: [imageProjection-6] sending SIGINT to pgid [18151]
[roslaunch][INFO] 2020-07-16 13:51:36,677: [featureAssociation-8] sent SIGINT to pgid [18163]
[roslaunch][INFO] 2020-07-16 13:51:36,677: [base_link_to_camera-5] sending SIGINT to pgid [18145]
[roslaunch][INFO] 2020-07-16 13:51:36,677: [camera_init_to_map-4] sending SIGINT to pgid [18143]
[roslaunch][INFO] 2020-07-16 13:51:36,677: [player-2] sending SIGINT to pgid [18135]
[roslaunch][INFO] 2020-07-16 13:51:36,677: [combineLidars-7] sent SIGINT to pgid [18162]
[roslaunch][INFO] 2020-07-16 13:51:36,677: [imageProjection-6] sent SIGINT to pgid [18151]
[roslaunch][INFO] 2020-07-16 13:51:36,677: [base_link_to_camera-5] sent SIGINT to pgid [18145]
[roslaunch][INFO] 2020-07-16 13:51:36,678: [camera_init_to_map-4] sent SIGINT to pgid [18143]
[roslaunch][INFO] 2020-07-16 13:51:36,678: [player-2] sent SIGINT to pgid [18135]
[roslaunch][INFO] 2020-07-16 13:51:37,287: process[base_link_to_camera-5]: SIGINT killed with return value 0
[roslaunch][INFO] 2020-07-16 13:51:37,288: process[camera_init_to_map-4]: SIGINT killed with return value 0
[roslaunch][INFO] 2020-07-16 13:51:37,387: process[player-2]: SIGINT killed with return value 0
[roslaunch][INFO] 2020-07-16 13:51:37,474: process[cloud_node2-13]: SIGINT killed with return value 0
[roslaunch][INFO] 2020-07-16 13:51:37,478: process[cloud_node1-12]: SIGINT killed with return value 0
[roslaunch][INFO] 2020-07-16 13:51:37,478: process[transformFusion-10]: SIGINT killed with return value 0
[roslaunch][INFO] 2020-07-16 13:51:37,478: process[featureAssociation-8]: SIGINT killed with return value 0
[roslaunch][INFO] 2020-07-16 13:51:37,479: process[imageProjection-6]: SIGINT killed with return value 0
[roslaunch][INFO] 2020-07-16 13:51:37,487: process[combineLidars-7]: SIGINT killed with return value 0
[roslaunch][INFO] 2020-07-16 13:51:37,488: process[cloud_node-11]: SIGINT killed with return value 0
[roslaunch.pmon][INFO] 2020-07-16 13:51:37,488: ProcessMonitor exit: killing rosout-1
[roslaunch][INFO] 2020-07-16 13:51:37,488: [rosout-1] killing on exit
[roslaunch][INFO] 2020-07-16 13:51:37,488: process[rosout-1]: killing os process with pid[18117] pgid[18117]
[roslaunch][INFO] 2020-07-16 13:51:37,488: [rosout-1] sending SIGINT to pgid [18117]
[roslaunch][INFO] 2020-07-16 13:51:37,488: [rosout-1] sent SIGINT to pgid [18117]
[roslaunch][INFO] 2020-07-16 13:51:37,689: process[rosout-1]: SIGINT killed with return value 0
[roslaunch.pmon][INFO] 2020-07-16 13:51:37,689: ProcessMonitor exit: killing master
[roslaunch][INFO] 2020-07-16 13:51:37,689: [master] killing on exit
[roslaunch][INFO] 2020-07-16 13:51:37,689: process[master]: killing os process with pid[18104] pgid[18104]
[roslaunch][INFO] 2020-07-16 13:51:37,689: [master] sending SIGINT to pgid [18104]
[roslaunch][INFO] 2020-07-16 13:51:37,689: [master] sent SIGINT to pgid [18104]
[roslaunch][INFO] 2020-07-16 13:51:37,889: process[master]: SIGINT killed with return value 0
[roslaunch.pmon][INFO] 2020-07-16 13:51:37,890: ProcessMonitor exit: cleaning up data structures and signals
[roslaunch.pmon][INFO] 2020-07-16 13:51:37,890: ProcessMonitor exit: pmon has shutdown
[roslaunch][INFO] 2020-07-16 13:51:37,917: process monitor is done spinning, initiating full shutdown
[roslaunch][INFO] 2020-07-16 13:51:37,917: runner.stop()
[roslaunch][INFO] 2020-07-16 13:51:37,917: shutting down processing monitor...
[roslaunch][INFO] 2020-07-16 13:51:37,917: shutting down processing monitor <ProcessMonitor(ProcessMonitor-1, stopped daemon 139638632924928)>
[roslaunch.pmon][INFO] 2020-07-16 13:51:37,917: ProcessMonitor.shutdown <ProcessMonitor(ProcessMonitor-1, stopped daemon 139638632924928)>
[roslaunch][INFO] 2020-07-16 13:51:37,917: ... shutting down processing monitor complete
[roslaunch][INFO] 2020-07-16 13:51:37,917: done
[roslaunch.pmon][INFO] 2020-07-16 13:51:37,917: ProcessMonitor.shutdown <ProcessMonitor(ProcessMonitor-1, stopped daemon 139638632924928)>
[rospy.core][INFO] 2020-07-16 13:51:37,918: signal_shutdown [atexit]
