[roslaunch][INFO] 2020-07-16 13:49:25,164: Checking log directory for disk usage. This may take awhile.
Press Ctrl-C to interrupt
[roslaunch][INFO] 2020-07-16 13:49:25,166: Done checking log file disk usage. Usage is <1GB.
[roslaunch][INFO] 2020-07-16 13:49:25,166: roslaunch starting with args ['/opt/ros/kinetic/bin/roslaunch', '/home/mapping_ws_auto/src/mapcheck/launch/rosbagcheck.launch', 'rosbag_info:=/var/www/html/maptoolapi/uploads/file_material/20200716/8007458835f0c04ad6886d8093858589/1594878564e73038c962d8164c.bag 6901977315f0fea64e39fd7078585610']
[roslaunch][INFO] 2020-07-16 13:49:25,166: roslaunch env is {'HISTTIMEFORMAT': '%F %T www-data ', 'ROS_DISTRO': 'kinetic', 'ROS_LOG_DIR': '/home/mapping_ws_auto/src/mapcheck/logs', 'ROSLISP_PACKAGE_DIRECTORIES': '/home/mapping_ws_auto/devel/share/common-lisp', 'USER': 'www-data', 'HOME': '/var/www', 'PATH': '/opt/ros/kinetic/bin:/usr/local/sbin:/usr/local/bin:/usr/sbin:/usr/bin:/sbin:/bin:/snap/bin', 'CMAKE_PREFIX_PATH': '/home/mapping_ws_auto/devel:/opt/ros/kinetic', 'LD_LIBRARY_PATH': '/home/mapping_ws_auto/devel/lib:/opt/ros/kinetic/lib:/opt/ros/kinetic/lib/x86_64-linux-gnu', 'ROS_LOG_FILENAME': '/home/mapping_ws_auto/src/mapcheck/logs/0d37da14-c728-11ea-9f36-fa163e744ed0/roslaunch-hecs-x-xlarge-2-linux-20200707132053-17899.log', 'SHLVL': '1', 'HISTSIZE': '10000', 'ROS_HOME': '/home/.ros/', 'ROS_MASTER_URI': 'http://localhost:11311', 'ROS_PYTHON_VERSION': '2', 'PYTHONPATH': '/home/mapping_ws_auto/devel/lib/python2.7/dist-packages:/opt/ros/kinetic/lib/python2.7/dist-packages', 'ROS_ROOT': '/opt/ros/kinetic/share/ros', 'PKG_CONFIG_PATH': '/home/mapping_ws_auto/devel/lib/pkgconfig:/opt/ros/kinetic/lib/pkgconfig:/opt/ros/kinetic/lib/x86_64-linux-gnu/pkgconfig', 'ROS_PACKAGE_PATH': '/home/mapping_ws_auto/src:/opt/ros/kinetic/share', '_': '/opt/ros/kinetic/bin/roslaunch', 'XDG_DATA_DIRS': '/usr/local/share:/usr/share:/var/lib/snapd/desktop', 'PWD': '/var/www/html/maptoolapi', 'ROS_ETC_DIR': '/opt/ros/kinetic/etc/ros', 'ROS_VERSION': '1'}
[roslaunch][INFO] 2020-07-16 13:49:25,166: starting in server mode
[roslaunch.parent][INFO] 2020-07-16 13:49:25,167: starting roslaunch parent run
[roslaunch][INFO] 2020-07-16 13:49:25,167: loading roscore config file /opt/ros/kinetic/etc/ros/roscore.xml
[roslaunch][INFO] 2020-07-16 13:49:25,402: Added core node of type [rosout/rosout] in namespace [/]
[roslaunch.config][INFO] 2020-07-16 13:49:25,402: loading config file /home/mapping_ws_auto/src/mapcheck/launch/rosbagcheck.launch
[roslaunch][INFO] 2020-07-16 13:49:25,402: Added node of type [mapcheck/rosbagcheck] in namespace [/]
[roslaunch][INFO] 2020-07-16 13:49:25,402: ... selected machine [] for node of type [mapcheck/rosbagcheck]
[roslaunch.pmon][INFO] 2020-07-16 13:49:25,403: start_process_monitor: creating ProcessMonitor
[roslaunch.pmon][INFO] 2020-07-16 13:49:25,403: created process monitor <ProcessMonitor(ProcessMonitor-1, initial daemon)>
[roslaunch.pmon][INFO] 2020-07-16 13:49:25,403: start_process_monitor: ProcessMonitor started
[roslaunch.parent][INFO] 2020-07-16 13:49:25,404: starting parent XML-RPC server
[roslaunch.server][INFO] 2020-07-16 13:49:25,404: starting roslaunch XML-RPC server
[roslaunch.server][INFO] 2020-07-16 13:49:25,404: waiting for roslaunch XML-RPC server to initialize
[xmlrpc][INFO] 2020-07-16 13:49:25,404: XML-RPC server binding to 0.0.0.0:0
[xmlrpc][INFO] 2020-07-16 13:49:25,404: Started XML-RPC server [http://hecs-x-xlarge-2-linux-20200707132053:34247/]
[xmlrpc][INFO] 2020-07-16 13:49:25,404: xml rpc node: starting XML-RPC server
[roslaunch][INFO] 2020-07-16 13:49:25,415: started roslaunch server http://hecs-x-xlarge-2-linux-20200707132053:34247/
[roslaunch.parent][INFO] 2020-07-16 13:49:25,415: ... parent XML-RPC server started
[roslaunch][INFO] 2020-07-16 13:49:25,416: master.is_running[http://localhost:11311]
[roslaunch][INFO] 2020-07-16 13:49:25,417: master.is_running[http://localhost:11311]
[roslaunch][INFO] 2020-07-16 13:49:25,418: ROS_MASTER_URI=http://localhost:11311
[roslaunch][INFO] 2020-07-16 13:49:25,420: setting /roslaunch/uris/host_hecs_x_xlarge_2_linux_20200707132053__34247' to http://hecs-x-xlarge-2-linux-20200707132053:34247/
[roslaunch][INFO] 2020-07-16 13:49:25,421: load_parameters starting ...
[roslaunch][INFO] 2020-07-16 13:49:25,423: ... load_parameters complete
[roslaunch][INFO] 2020-07-16 13:49:25,423: launch_nodes: launching local nodes ...
[roslaunch][INFO] 2020-07-16 13:49:25,423: ... preparing to launch node of type [mapcheck/rosbagcheck]
[roslaunch][INFO] 2020-07-16 13:49:25,423: create_node_process: package[mapcheck] type[rosbagcheck] machine[Machine(name[] env_loader[None] address[localhost] ssh_port[22] user[None] assignable[True] timeout[10.0])] master_uri[http://localhost:11311]
[roslaunch][INFO] 2020-07-16 13:49:25,423: process[param_test-1]: env[{'HISTTIMEFORMAT': '%F %T www-data ', 'ROS_DISTRO': 'kinetic', 'ROS_LOG_DIR': '/home/mapping_ws_auto/src/mapcheck/logs', 'ROSLISP_PACKAGE_DIRECTORIES': '/home/mapping_ws_auto/devel/share/common-lisp', 'LD_LIBRARY_PATH': '/home/mapping_ws_auto/devel/lib:/opt/ros/kinetic/lib:/opt/ros/kinetic/lib/x86_64-linux-gnu', 'USER': 'www-data', 'HOME': '/var/www', 'PATH': '/opt/ros/kinetic/bin:/usr/local/sbin:/usr/local/bin:/usr/sbin:/usr/bin:/sbin:/bin:/snap/bin', 'CMAKE_PREFIX_PATH': '/home/mapping_ws_auto/devel:/opt/ros/kinetic', 'ROS_LOG_FILENAME': '/home/mapping_ws_auto/src/mapcheck/logs/0d37da14-c728-11ea-9f36-fa163e744ed0/roslaunch-hecs-x-xlarge-2-linux-20200707132053-17899.log', 'SHLVL': '1', 'HISTSIZE': '10000', 'ROS_HOME': '/home/.ros/', 'ROS_ETC_DIR': '/opt/ros/kinetic/etc/ros', 'ROS_PYTHON_VERSION': '2', 'PYTHONPATH': '/home/mapping_ws_auto/devel/lib/python2.7/dist-packages:/opt/ros/kinetic/lib/python2.7/dist-packages', 'ROS_ROOT': '/opt/ros/kinetic/share/ros', 'PKG_CONFIG_PATH': '/home/mapping_ws_auto/devel/lib/pkgconfig:/opt/ros/kinetic/lib/pkgconfig:/opt/ros/kinetic/lib/x86_64-linux-gnu/pkgconfig', 'ROS_PACKAGE_PATH': '/home/mapping_ws_auto/src:/opt/ros/kinetic/share', '_': '/opt/ros/kinetic/bin/roslaunch', 'XDG_DATA_DIRS': '/usr/local/share:/usr/share:/var/lib/snapd/desktop', 'PWD': '/var/www/html/maptoolapi', 'ROS_MASTER_URI': 'http://localhost:11311', 'ROS_VERSION': '1'}]
[roslaunch][INFO] 2020-07-16 13:49:25,460: process[param_test-1]: args[[u'/home/mapping_ws_auto/devel/lib/mapcheck/rosbagcheck', '/var/www/html/maptoolapi/uploads/file_material/20200716/8007458835f0c04ad6886d8093858589/1594878564e73038c962d8164c.bag', '6901977315f0fea64e39fd7078585610', u'__name:=param_test']]
[roslaunch][INFO] 2020-07-16 13:49:25,460: ... created process [param_test-1]
[roslaunch.pmon][INFO] 2020-07-16 13:49:25,460: ProcessMonitor.register[param_test-1]
[roslaunch.pmon][INFO] 2020-07-16 13:49:25,460: ProcessMonitor.register[param_test-1] complete
[roslaunch][INFO] 2020-07-16 13:49:25,460: ... registered process [param_test-1]
[roslaunch][INFO] 2020-07-16 13:49:25,460: process[param_test-1]: starting os process
[roslaunch][INFO] 2020-07-16 13:49:25,460: process[param_test-1]: start w/ args [[u'/home/mapping_ws_auto/devel/lib/mapcheck/rosbagcheck', '/var/www/html/maptoolapi/uploads/file_material/20200716/8007458835f0c04ad6886d8093858589/1594878564e73038c962d8164c.bag', '6901977315f0fea64e39fd7078585610', u'__name:=param_test', u'__log:=/home/mapping_ws_auto/src/mapcheck/logs/0d37da14-c728-11ea-9f36-fa163e744ed0/param_test-1.log']]
[roslaunch][INFO] 2020-07-16 13:49:25,460: process[param_test-1]: cwd will be [/home/.ros/]
[roslaunch][INFO] 2020-07-16 13:49:25,463: process[param_test-1]: started with pid [17916]
[roslaunch][INFO] 2020-07-16 13:49:25,463: ... successfully launched [param_test-1]
[roslaunch][INFO] 2020-07-16 13:49:25,463: ... launch_nodes complete
[roslaunch.pmon][INFO] 2020-07-16 13:49:25,463: registrations completed <ProcessMonitor(ProcessMonitor-1, started daemon 140541101713152)>
[roslaunch.parent][INFO] 2020-07-16 13:49:25,463: ... roslaunch parent running, waiting for process exit
[roslaunch][INFO] 2020-07-16 13:49:25,463: spin
[roslaunch][INFO] 2020-07-16 13:49:25,504: [param_test-1] process has finished cleanly
log file: /home/mapping_ws_auto/src/mapcheck/logs/0d37da14-c728-11ea-9f36-fa163e744ed0/param_test-1*.log
[roslaunch.pmon][INFO] 2020-07-16 13:49:25,504: ProcessMonitor.unregister[param_test-1] starting
[roslaunch.pmon][INFO] 2020-07-16 13:49:25,504: ProcessMonitor.unregister[param_test-1] complete
[roslaunch][INFO] 2020-07-16 13:49:25,504: all processes on machine have died, roslaunch will exit
[roslaunch.pmon][INFO] 2020-07-16 13:49:25,604: ProcessMonitor._post_run <ProcessMonitor(ProcessMonitor-1, started daemon 140541101713152)>
[roslaunch.pmon][INFO] 2020-07-16 13:49:25,605: ProcessMonitor._post_run <ProcessMonitor(ProcessMonitor-1, started daemon 140541101713152)>: remaining procs are []
[roslaunch.pmon][INFO] 2020-07-16 13:49:25,606: ProcessMonitor exit: cleaning up data structures and signals
[roslaunch.pmon][INFO] 2020-07-16 13:49:25,606: ProcessMonitor exit: pmon has shutdown
[roslaunch][INFO] 2020-07-16 13:49:25,664: process monitor is done spinning, initiating full shutdown
[roslaunch][INFO] 2020-07-16 13:49:25,664: runner.stop()
[roslaunch][INFO] 2020-07-16 13:49:25,664: shutting down processing monitor...
[roslaunch][INFO] 2020-07-16 13:49:25,664: shutting down processing monitor <ProcessMonitor(ProcessMonitor-1, stopped daemon 140541101713152)>
[roslaunch.pmon][INFO] 2020-07-16 13:49:25,664: ProcessMonitor.shutdown <ProcessMonitor(ProcessMonitor-1, stopped daemon 140541101713152)>
[roslaunch][INFO] 2020-07-16 13:49:25,664: ... shutting down processing monitor complete
[roslaunch][INFO] 2020-07-16 13:49:25,664: done
[roslaunch.pmon][INFO] 2020-07-16 13:49:25,664: ProcessMonitor.shutdown <ProcessMonitor(ProcessMonitor-1, stopped daemon 140541101713152)>
[rospy.core][INFO] 2020-07-16 13:49:25,664: signal_shutdown [atexit]
